[0.054s] Invoking command in '/home/legacy/trr_robot_ws/build/control_msgs': CMAKE_PREFIX_PATH=${CMAKE_PREFIX_PATH}:/home/legacy/trr_robot_ws/install/ros2controlcli:/home/legacy/trr_robot_ws/install/ros2_control_test_nodes:/home/legacy/trr_robot_ws/install/robot:/opt/ros/foxy /usr/bin/cmake /home/legacy/trr_robot_ws/src/ros-controls/control_msgs/control_msgs -DAMENT_CMAKE_SYMLINK_INSTALL=1 -DCMAKE_INSTALL_PREFIX=/home/legacy/trr_robot_ws/install/control_msgs
[0.160s] -- The C compiler identification is GNU 9.3.0
[0.263s] -- The CXX compiler identification is GNU 9.3.0
[0.275s] -- Check for working C compiler: /usr/bin/cc
[0.398s] -- Check for working C compiler: /usr/bin/cc -- works
[0.400s] -- Detecting C compiler ABI info
[0.525s] -- Detecting C compiler ABI info - done
[0.547s] -- Detecting C compile features
[0.547s] -- Detecting C compile features - done
[0.552s] -- Check for working CXX compiler: /usr/bin/c++
[0.719s] -- Check for working CXX compiler: /usr/bin/c++ -- works
[0.722s] -- Detecting CXX compiler ABI info
[0.879s] -- Detecting CXX compiler ABI info - done
[0.911s] -- Detecting CXX compile features
[0.912s] -- Detecting CXX compile features - done
[0.918s] -- Found ament_cmake: 0.9.8 (/opt/ros/foxy/share/ament_cmake/cmake)
[0.976s] -- Found PythonInterp: /usr/bin/python3 (found suitable version "3.8.10", minimum required is "3") 
[0.976s] -- Using PYTHON_EXECUTABLE: /usr/bin/python3
[1.311s] -- Override CMake install command with custom implementation using symlinks instead of copying resources
[1.375s] -- Found builtin_interfaces: 1.0.0 (/opt/ros/foxy/share/builtin_interfaces/cmake)
[1.453s] -- Using all available rosidl_typesupport_c: rosidl_typesupport_fastrtps_c;rosidl_typesupport_introspection_c
[1.474s] -- Found rosidl_adapter: 1.2.1 (/opt/ros/foxy/share/rosidl_adapter/cmake)
[1.583s] -- Found OpenSSL: /home/linuxbrew/.linuxbrew/Cellar/openssl@1.1/1.1.1k/lib/libcrypto.so (found version "1.1.1k")  
[1.630s] -- Found FastRTPS: /opt/ros/foxy/include  
[1.746s] -- Using all available rosidl_typesupport_cpp: rosidl_typesupport_fastrtps_cpp;rosidl_typesupport_introspection_cpp
[1.783s] -- Found rosidl_default_generators: 1.0.1 (/opt/ros/foxy/share/rosidl_default_generators/cmake)
[1.797s] -- Found action_msgs: 1.0.0 (/opt/ros/foxy/share/action_msgs/cmake)
[1.841s] -- Found geometry_msgs: 2.0.4 (/opt/ros/foxy/share/geometry_msgs/cmake)
[1.905s] -- Found trajectory_msgs: 2.0.4 (/opt/ros/foxy/share/trajectory_msgs/cmake)
[1.986s] -- Found ament_lint_auto: 0.9.6 (/opt/ros/foxy/share/ament_lint_auto/cmake)
[2.102s] -- Found PythonInterp: /usr/bin/python3 (found version "3.8.10") 
[2.387s] -- Found ament_cmake_ros: 0.9.2 (/opt/ros/foxy/share/ament_cmake_ros/cmake)
[2.720s] -- Using all available rosidl_typesupport_c: rosidl_typesupport_fastrtps_c;rosidl_typesupport_introspection_c
[2.859s] -- Using all available rosidl_typesupport_cpp: rosidl_typesupport_fastrtps_cpp;rosidl_typesupport_introspection_cpp
[2.894s] -- Found PythonInterp: /usr/bin/python3 (found suitable version "3.8.10", minimum required is "3.5") 
[2.896s] -- Found python_cmake_module: 0.8.1 (/opt/ros/foxy/share/python_cmake_module/cmake)
[2.929s] -- Found PythonLibs: /usr/lib/x86_64-linux-gnu/libpython3.8.so (found suitable version "3.8.10", minimum required is "3.5") 
[2.929s] -- Using PYTHON_EXECUTABLE: /usr/bin/python3
[2.929s] -- Using PYTHON_INCLUDE_DIRS: /usr/include/python3.8
[2.929s] -- Using PYTHON_LIBRARIES: /usr/lib/x86_64-linux-gnu/libpython3.8.so
[2.957s] -- Found PythonExtra: .so  
[3.067s] -- Added test 'copyright' to check source files copyright and LICENSE
[3.069s] -- Added test 'lint_cmake' to check CMake code style
[3.071s] -- Added test 'xmllint' to check XML markup files
[3.081s] -- Configuring done
[3.188s] -- Generating done
[3.190s] -- Build files have been written to: /home/legacy/trr_robot_ws/build/control_msgs
