[0.218s] Invoking command in '/home/legacy/trr_robot_ws/build/robot': PYTHONPATH=/home/legacy/trr_robot_ws/install/robot/lib/python3.8/site-packages:${PYTHONPATH} /usr/bin/python3 setup.py develop --prefix /home/legacy/trr_robot_ws/install/robot --uninstall --editable --build-directory /home/legacy/trr_robot_ws/build/robot/build
[0.429s] running develop
[0.572s] Invoked command in '/home/legacy/trr_robot_ws/build/robot' returned '0': PYTHONPATH=/home/legacy/trr_robot_ws/install/robot/lib/python3.8/site-packages:${PYTHONPATH} /usr/bin/python3 setup.py develop --prefix /home/legacy/trr_robot_ws/install/robot --uninstall --editable --build-directory /home/legacy/trr_robot_ws/build/robot/build
[0.574s] Invoking command in '/home/legacy/trr_robot_ws/src/robot': PYTHONPATH=/home/legacy/trr_robot_ws/install/robot/lib/python3.8/site-packages:${PYTHONPATH} /usr/bin/python3 setup.py egg_info --egg-base ../../build/robot build --build-base /home/legacy/trr_robot_ws/build/robot/build install --prefix /home/legacy/trr_robot_ws/install/robot --record /home/legacy/trr_robot_ws/build/robot/install.log --single-version-externally-managed
[0.783s] running egg_info
[0.784s] writing ../../build/robot/robot.egg-info/PKG-INFO
[0.784s] writing dependency_links to ../../build/robot/robot.egg-info/dependency_links.txt
[0.784s] writing entry points to ../../build/robot/robot.egg-info/entry_points.txt
[0.784s] writing requirements to ../../build/robot/robot.egg-info/requires.txt
[0.784s] writing top-level names to ../../build/robot/robot.egg-info/top_level.txt
[0.818s] reading manifest file '../../build/robot/robot.egg-info/SOURCES.txt'
[0.819s] writing manifest file '../../build/robot/robot.egg-info/SOURCES.txt'
[0.819s] running build
[0.820s] running build_py
[0.820s] running install
[0.820s] running install_lib
[0.822s] running install_data
[0.822s] running install_egg_info
[0.824s] removing '/home/legacy/trr_robot_ws/install/robot/lib/python3.8/site-packages/robot-0.0.0-py3.8.egg-info' (and everything under it)
[0.824s] Copying ../../build/robot/robot.egg-info to /home/legacy/trr_robot_ws/install/robot/lib/python3.8/site-packages/robot-0.0.0-py3.8.egg-info
[0.825s] running install_scripts
[0.841s] Installing move_joints_gazebo script to /home/legacy/trr_robot_ws/install/robot/lib/robot
[0.841s] Installing state_publisher script to /home/legacy/trr_robot_ws/install/robot/lib/robot
[0.842s] writing list of installed files to '/home/legacy/trr_robot_ws/build/robot/install.log'
[0.860s] Invoked command in '/home/legacy/trr_robot_ws/src/robot' returned '0': PYTHONPATH=/home/legacy/trr_robot_ws/install/robot/lib/python3.8/site-packages:${PYTHONPATH} /usr/bin/python3 setup.py egg_info --egg-base ../../build/robot build --build-base /home/legacy/trr_robot_ws/build/robot/build install --prefix /home/legacy/trr_robot_ws/install/robot --record /home/legacy/trr_robot_ws/build/robot/install.log --single-version-externally-managed
