[0.490s] Invoking command in '/home/legacy/trr_robot_ws/build/rrbot_description': CMAKE_PREFIX_PATH=/opt/ros/foxy /usr/bin/cmake /home/legacy/trr_robot_ws/src/ros2_control_demos/ros2_control_demo_description/rrbot_description -DAMENT_CMAKE_SYMLINK_INSTALL=1 -DCMAKE_INSTALL_PREFIX=/home/legacy/trr_robot_ws/install/rrbot_description
[0.987s] -- The C compiler identification is GNU 9.3.0
[0.991s] -- The CXX compiler identification is GNU 9.3.0
[0.992s] -- Check for working C compiler: /usr/bin/cc
[0.992s] -- Check for working C compiler: /usr/bin/cc -- works
[0.992s] -- Detecting C compiler ABI info
[1.022s] -- Detecting C compiler ABI info - done
[1.045s] -- Detecting C compile features
[1.045s] -- Detecting C compile features - done
[1.050s] -- Check for working CXX compiler: /usr/bin/c++
[1.194s] -- Check for working CXX compiler: /usr/bin/c++ -- works
[1.197s] -- Detecting CXX compiler ABI info
[1.346s] -- Detecting CXX compiler ABI info - done
[1.378s] -- Detecting CXX compile features
[1.380s] -- Detecting CXX compile features - done
[1.383s] -- Found ament_cmake: 0.9.8 (/opt/ros/foxy/share/ament_cmake/cmake)
[1.427s] -- Found PythonInterp: /usr/bin/python3 (found suitable version "3.8.10", minimum required is "3") 
[1.427s] -- Using PYTHON_EXECUTABLE: /usr/bin/python3
[1.860s] -- Override CMake install command with custom implementation using symlinks instead of copying resources
[2.070s] -- Configuring done
[2.081s] -- Generating done
[2.081s] -- Build files have been written to: /home/legacy/trr_robot_ws/build/rrbot_description
[2.089s] Invoked command in '/home/legacy/trr_robot_ws/build/rrbot_description' returned '0': CMAKE_PREFIX_PATH=/opt/ros/foxy /usr/bin/cmake /home/legacy/trr_robot_ws/src/ros2_control_demos/ros2_control_demo_description/rrbot_description -DAMENT_CMAKE_SYMLINK_INSTALL=1 -DCMAKE_INSTALL_PREFIX=/home/legacy/trr_robot_ws/install/rrbot_description
[2.094s] Invoking command in '/home/legacy/trr_robot_ws/build/rrbot_description': CMAKE_PREFIX_PATH=/opt/ros/foxy /usr/bin/cmake --build /home/legacy/trr_robot_ws/build/rrbot_description -- -j8 -l8
[2.166s] Invoked command in '/home/legacy/trr_robot_ws/build/rrbot_description' returned '0': CMAKE_PREFIX_PATH=/opt/ros/foxy /usr/bin/cmake --build /home/legacy/trr_robot_ws/build/rrbot_description -- -j8 -l8
[2.218s] Invoking command in '/home/legacy/trr_robot_ws/build/rrbot_description': CMAKE_PREFIX_PATH=/opt/ros/foxy /usr/bin/cmake --install /home/legacy/trr_robot_ws/build/rrbot_description
[2.232s] -- Install configuration: ""
[2.234s] -- Execute custom install script
[2.235s] -- Symlinking: /home/legacy/trr_robot_ws/install/rrbot_description/share/rrbot_description/config/rrbot.rviz
[2.258s] -- Symlinking: /home/legacy/trr_robot_ws/install/rrbot_description/share/rrbot_description/gazebo/rrbot.gazebo.xacro
[2.279s] -- Symlinking: /home/legacy/trr_robot_ws/install/rrbot_description/share/rrbot_description/gazebo/rrbot.materials.xacro
[2.295s] -- Symlinking: /home/legacy/trr_robot_ws/install/rrbot_description/share/rrbot_description/meshes/hokuyo.dae
[2.312s] -- Symlinking: /home/legacy/trr_robot_ws/install/rrbot_description/share/rrbot_description/launch/view_robot.launch.py
[2.324s] -- Symlinking: /home/legacy/trr_robot_ws/install/rrbot_description/share/rrbot_description/ros2_control/external_rrbot_force_torque_sensor.ros2_control.xacro
[2.335s] -- Symlinking: /home/legacy/trr_robot_ws/install/rrbot_description/share/rrbot_description/ros2_control/rrbot.ros2_control.xacro
[2.350s] -- Symlinking: /home/legacy/trr_robot_ws/install/rrbot_description/share/rrbot_description/ros2_control/rrbot_modular_actuators.ros2_control.xacro
[2.362s] -- Symlinking: /home/legacy/trr_robot_ws/install/rrbot_description/share/rrbot_description/ros2_control/rrbot_system_multi_interface.ros2_control.xacro
[2.374s] -- Symlinking: /home/legacy/trr_robot_ws/install/rrbot_description/share/rrbot_description/ros2_control/rrbot_system_position_only.ros2_control.xacro
[2.386s] -- Symlinking: /home/legacy/trr_robot_ws/install/rrbot_description/share/rrbot_description/ros2_control/rrbot_system_with_sensor.ros2_control.xacro
[2.399s] -- Symlinking: /home/legacy/trr_robot_ws/install/rrbot_description/share/rrbot_description/urdf/rrbot.urdf.xacro
[2.413s] -- Symlinking: /home/legacy/trr_robot_ws/install/rrbot_description/share/rrbot_description/urdf/rrbot_description.urdf.xacro
[2.425s] -- Symlinking: /home/legacy/trr_robot_ws/install/rrbot_description/share/rrbot_description/urdf/rrbot_modular_actuators.urdf.xacro
[2.438s] -- Symlinking: /home/legacy/trr_robot_ws/install/rrbot_description/share/rrbot_description/urdf/rrbot_system_multi_interface.urdf.xacro
[2.450s] -- Symlinking: /home/legacy/trr_robot_ws/install/rrbot_description/share/rrbot_description/urdf/rrbot_system_position_only.urdf.xacro
[2.461s] -- Symlinking: /home/legacy/trr_robot_ws/install/rrbot_description/share/rrbot_description/urdf/rrbot_system_with_external_sensor.urdf.xacro
[2.473s] -- Symlinking: /home/legacy/trr_robot_ws/install/rrbot_description/share/rrbot_description/urdf/rrbot_system_with_sensor.urdf.xacro
[2.485s] -- Symlinking: /home/legacy/trr_robot_ws/install/rrbot_description/share/rrbot_description/environment/rrbot_description.dsv
[2.497s] -- Symlinking: /home/legacy/trr_robot_ws/install/rrbot_description/share/ament_index/resource_index/package_run_dependencies/rrbot_description
[2.509s] -- Symlinking: /home/legacy/trr_robot_ws/install/rrbot_description/share/ament_index/resource_index/parent_prefix_path/rrbot_description
[2.522s] -- Symlinking: /home/legacy/trr_robot_ws/install/rrbot_description/share/rrbot_description/environment/ament_prefix_path.sh
[2.534s] -- Symlinking: /home/legacy/trr_robot_ws/install/rrbot_description/share/rrbot_description/environment/ament_prefix_path.dsv
[2.546s] -- Symlinking: /home/legacy/trr_robot_ws/install/rrbot_description/share/rrbot_description/environment/path.sh
[2.557s] -- Symlinking: /home/legacy/trr_robot_ws/install/rrbot_description/share/rrbot_description/environment/path.dsv
[2.569s] -- Symlinking: /home/legacy/trr_robot_ws/install/rrbot_description/share/rrbot_description/local_setup.bash
[2.581s] -- Symlinking: /home/legacy/trr_robot_ws/install/rrbot_description/share/rrbot_description/local_setup.sh
[2.592s] -- Symlinking: /home/legacy/trr_robot_ws/install/rrbot_description/share/rrbot_description/local_setup.zsh
[2.604s] -- Symlinking: /home/legacy/trr_robot_ws/install/rrbot_description/share/rrbot_description/local_setup.dsv
[2.616s] -- Symlinking: /home/legacy/trr_robot_ws/install/rrbot_description/share/rrbot_description/package.dsv
[2.628s] -- Symlinking: /home/legacy/trr_robot_ws/install/rrbot_description/share/ament_index/resource_index/packages/rrbot_description
[2.640s] -- Symlinking: /home/legacy/trr_robot_ws/install/rrbot_description/share/rrbot_description/cmake/rrbot_descriptionConfig.cmake
[2.651s] -- Symlinking: /home/legacy/trr_robot_ws/install/rrbot_description/share/rrbot_description/cmake/rrbot_descriptionConfig-version.cmake
[2.663s] -- Symlinking: /home/legacy/trr_robot_ws/install/rrbot_description/share/rrbot_description/package.xml
[2.678s] Invoked command in '/home/legacy/trr_robot_ws/build/rrbot_description' returned '0': CMAKE_PREFIX_PATH=/opt/ros/foxy /usr/bin/cmake --install /home/legacy/trr_robot_ws/build/rrbot_description
