[0.302s] Invoking command in '/home/legacy/trr_robot_ws/src/robot': PYTHONPATH=/home/legacy/trr_robot_ws/install/robot/lib/python3.8/site-packages:${PYTHONPATH} /usr/bin/python3 setup.py egg_info --egg-base ../../build/robot build --build-base /home/legacy/trr_robot_ws/build/robot/build install --prefix /home/legacy/trr_robot_ws/install/robot --record /home/legacy/trr_robot_ws/build/robot/install.log --single-version-externally-managed
[0.565s] running egg_info
[0.566s] writing ../../build/robot/robot.egg-info/PKG-INFO
[0.566s] writing dependency_links to ../../build/robot/robot.egg-info/dependency_links.txt
[0.566s] writing entry points to ../../build/robot/robot.egg-info/entry_points.txt
[0.566s] writing requirements to ../../build/robot/robot.egg-info/requires.txt
[0.567s] writing top-level names to ../../build/robot/robot.egg-info/top_level.txt
[0.613s] reading manifest file '../../build/robot/robot.egg-info/SOURCES.txt'
[0.615s] writing manifest file '../../build/robot/robot.egg-info/SOURCES.txt'
[0.615s] running build
[0.616s] running build_py
[0.616s] running install
[0.618s] running install_lib
[0.619s] running install_data
[0.621s] running install_egg_info
[0.623s] removing '/home/legacy/trr_robot_ws/install/robot/lib/python3.8/site-packages/robot-0.0.0-py3.8.egg-info' (and everything under it)
[0.624s] Copying ../../build/robot/robot.egg-info to /home/legacy/trr_robot_ws/install/robot/lib/python3.8/site-packages/robot-0.0.0-py3.8.egg-info
[0.626s] running install_scripts
[0.651s] Installing state_publisher script to /home/legacy/trr_robot_ws/install/robot/lib/robot
[0.652s] writing list of installed files to '/home/legacy/trr_robot_ws/build/robot/install.log'
[0.666s] Invoked command in '/home/legacy/trr_robot_ws/src/robot' returned '0': PYTHONPATH=/home/legacy/trr_robot_ws/install/robot/lib/python3.8/site-packages:${PYTHONPATH} /usr/bin/python3 setup.py egg_info --egg-base ../../build/robot build --build-base /home/legacy/trr_robot_ws/build/robot/build install --prefix /home/legacy/trr_robot_ws/install/robot --record /home/legacy/trr_robot_ws/build/robot/install.log --single-version-externally-managed
