[0.127s] Invoking command in '/home/legacy/trr_robot_ws/build/diffbot_description': CMAKE_PREFIX_PATH=/opt/ros/foxy /usr/bin/cmake /home/legacy/trr_robot_ws/src/ros2_control_demos/ros2_control_demo_description/diffbot_description -DAMENT_CMAKE_SYMLINK_INSTALL=1 -DCMAKE_INSTALL_PREFIX=/home/legacy/trr_robot_ws/install/diffbot_description
[0.994s] -- The C compiler identification is GNU 9.3.0
[0.994s] -- The CXX compiler identification is GNU 9.3.0
[0.995s] -- Check for working C compiler: /usr/bin/cc
[0.995s] -- Check for working C compiler: /usr/bin/cc -- works
[0.996s] -- Detecting C compiler ABI info
[0.996s] -- Detecting C compiler ABI info - done
[0.996s] -- Detecting C compile features
[0.997s] -- Detecting C compile features - done
[0.997s] -- Check for working CXX compiler: /usr/bin/c++
[0.997s] -- Check for working CXX compiler: /usr/bin/c++ -- works
[0.998s] -- Detecting CXX compiler ABI info
[0.998s] -- Detecting CXX compiler ABI info - done
[1.008s] -- Detecting CXX compile features
[1.008s] -- Detecting CXX compile features - done
[1.009s] -- Found ament_cmake: 0.9.8 (/opt/ros/foxy/share/ament_cmake/cmake)
[1.052s] -- Found PythonInterp: /usr/bin/python3 (found suitable version "3.8.10", minimum required is "3") 
[1.052s] -- Using PYTHON_EXECUTABLE: /usr/bin/python3
[1.531s] -- Override CMake install command with custom implementation using symlinks instead of copying resources
[1.680s] -- Configuring done
[1.683s] -- Generating done
[1.684s] -- Build files have been written to: /home/legacy/trr_robot_ws/build/diffbot_description
[1.690s] Invoked command in '/home/legacy/trr_robot_ws/build/diffbot_description' returned '0': CMAKE_PREFIX_PATH=/opt/ros/foxy /usr/bin/cmake /home/legacy/trr_robot_ws/src/ros2_control_demos/ros2_control_demo_description/diffbot_description -DAMENT_CMAKE_SYMLINK_INSTALL=1 -DCMAKE_INSTALL_PREFIX=/home/legacy/trr_robot_ws/install/diffbot_description
[1.694s] Invoking command in '/home/legacy/trr_robot_ws/build/diffbot_description': CMAKE_PREFIX_PATH=/opt/ros/foxy /usr/bin/cmake --build /home/legacy/trr_robot_ws/build/diffbot_description -- -j8 -l8
[1.771s] Invoked command in '/home/legacy/trr_robot_ws/build/diffbot_description' returned '0': CMAKE_PREFIX_PATH=/opt/ros/foxy /usr/bin/cmake --build /home/legacy/trr_robot_ws/build/diffbot_description -- -j8 -l8
[1.810s] Invoking command in '/home/legacy/trr_robot_ws/build/diffbot_description': CMAKE_PREFIX_PATH=/opt/ros/foxy /usr/bin/cmake --install /home/legacy/trr_robot_ws/build/diffbot_description
[1.825s] -- Install configuration: ""
[1.826s] -- Execute custom install script
[1.827s] -- Symlinking: /home/legacy/trr_robot_ws/install/diffbot_description/share/diffbot_description/config/diffbot.rviz
[1.843s] -- Symlinking: /home/legacy/trr_robot_ws/install/diffbot_description/share/diffbot_description/config/diffbot_view.rviz
[1.859s] -- Symlinking: /home/legacy/trr_robot_ws/install/diffbot_description/share/diffbot_description/gazebo/diffbot.gazebo.xacro
[1.873s] -- Symlinking: /home/legacy/trr_robot_ws/install/diffbot_description/share/diffbot_description/gazebo/diffbot.materials.xacro
[1.889s] -- Symlinking: /home/legacy/trr_robot_ws/install/diffbot_description/share/diffbot_description/launch/view_robot.launch.py
[1.904s] -- Symlinking: /home/legacy/trr_robot_ws/install/diffbot_description/share/diffbot_description/ros2_control/diffbot.ros2_control.xacro
[1.920s] -- Symlinking: /home/legacy/trr_robot_ws/install/diffbot_description/share/diffbot_description/ros2_control/diffbot_system.ros2_control.xacro
[1.934s] -- Symlinking: /home/legacy/trr_robot_ws/install/diffbot_description/share/diffbot_description/urdf/diffbot.urdf.xacro
[1.950s] -- Symlinking: /home/legacy/trr_robot_ws/install/diffbot_description/share/diffbot_description/urdf/diffbot_description.urdf.xacro
[1.966s] -- Symlinking: /home/legacy/trr_robot_ws/install/diffbot_description/share/diffbot_description/urdf/diffbot_system.urdf.xacro
[1.981s] -- Symlinking: /home/legacy/trr_robot_ws/install/diffbot_description/share/ament_index/resource_index/package_run_dependencies/diffbot_description
[1.997s] -- Symlinking: /home/legacy/trr_robot_ws/install/diffbot_description/share/ament_index/resource_index/parent_prefix_path/diffbot_description
[2.014s] -- Symlinking: /home/legacy/trr_robot_ws/install/diffbot_description/share/diffbot_description/environment/ament_prefix_path.sh
[2.056s] -- Symlinking: /home/legacy/trr_robot_ws/install/diffbot_description/share/diffbot_description/environment/ament_prefix_path.dsv
[2.056s] -- Symlinking: /home/legacy/trr_robot_ws/install/diffbot_description/share/diffbot_description/environment/path.sh
[2.063s] -- Symlinking: /home/legacy/trr_robot_ws/install/diffbot_description/share/diffbot_description/environment/path.dsv
[2.079s] -- Symlinking: /home/legacy/trr_robot_ws/install/diffbot_description/share/diffbot_description/local_setup.bash
[2.096s] -- Symlinking: /home/legacy/trr_robot_ws/install/diffbot_description/share/diffbot_description/local_setup.sh
[2.112s] -- Symlinking: /home/legacy/trr_robot_ws/install/diffbot_description/share/diffbot_description/local_setup.zsh
[2.129s] -- Symlinking: /home/legacy/trr_robot_ws/install/diffbot_description/share/diffbot_description/local_setup.dsv
[2.149s] -- Symlinking: /home/legacy/trr_robot_ws/install/diffbot_description/share/diffbot_description/package.dsv
[2.170s] -- Symlinking: /home/legacy/trr_robot_ws/install/diffbot_description/share/ament_index/resource_index/packages/diffbot_description
[2.186s] -- Symlinking: /home/legacy/trr_robot_ws/install/diffbot_description/share/diffbot_description/cmake/diffbot_descriptionConfig.cmake
[2.205s] -- Symlinking: /home/legacy/trr_robot_ws/install/diffbot_description/share/diffbot_description/cmake/diffbot_descriptionConfig-version.cmake
[2.230s] -- Symlinking: /home/legacy/trr_robot_ws/install/diffbot_description/share/diffbot_description/package.xml
[2.255s] Invoked command in '/home/legacy/trr_robot_ws/build/diffbot_description' returned '0': CMAKE_PREFIX_PATH=/opt/ros/foxy /usr/bin/cmake --install /home/legacy/trr_robot_ws/build/diffbot_description
