[0.268s] Invoking command in '/home/legacy/trr_robot_ws/build/robot': PYTHONPATH=/home/legacy/trr_robot_ws/install/robot/lib/python3.8/site-packages:${PYTHONPATH} /usr/bin/python3 setup.py develop --prefix /home/legacy/trr_robot_ws/install/robot --uninstall --editable --build-directory /home/legacy/trr_robot_ws/build/robot/build
[0.523s] running develop
[0.699s] Invoked command in '/home/legacy/trr_robot_ws/build/robot' returned '0': PYTHONPATH=/home/legacy/trr_robot_ws/install/robot/lib/python3.8/site-packages:${PYTHONPATH} /usr/bin/python3 setup.py develop --prefix /home/legacy/trr_robot_ws/install/robot --uninstall --editable --build-directory /home/legacy/trr_robot_ws/build/robot/build
[0.700s] Invoking command in '/home/legacy/trr_robot_ws/src/robot': PYTHONPATH=/home/legacy/trr_robot_ws/install/robot/lib/python3.8/site-packages:${PYTHONPATH} /usr/bin/python3 setup.py egg_info --egg-base ../../build/robot build --build-base /home/legacy/trr_robot_ws/build/robot/build install --prefix /home/legacy/trr_robot_ws/install/robot --record /home/legacy/trr_robot_ws/build/robot/install.log --single-version-externally-managed
[0.934s] running egg_info
[0.934s] writing ../../build/robot/robot.egg-info/PKG-INFO
[0.935s] writing dependency_links to ../../build/robot/robot.egg-info/dependency_links.txt
[0.935s] writing entry points to ../../build/robot/robot.egg-info/entry_points.txt
[0.935s] writing requirements to ../../build/robot/robot.egg-info/requires.txt
[0.935s] writing top-level names to ../../build/robot/robot.egg-info/top_level.txt
[0.973s] reading manifest file '../../build/robot/robot.egg-info/SOURCES.txt'
[0.974s] writing manifest file '../../build/robot/robot.egg-info/SOURCES.txt'
[0.974s] running build
[0.974s] running build_py
[0.975s] running install
[0.975s] running install_lib
[0.977s] running install_data
[0.977s] copying urdf/trr_sw.urdf -> /home/legacy/trr_robot_ws/install/robot/share/robot
[0.978s] running install_egg_info
[0.979s] removing '/home/legacy/trr_robot_ws/install/robot/lib/python3.8/site-packages/robot-0.0.0-py3.8.egg-info' (and everything under it)
[0.980s] Copying ../../build/robot/robot.egg-info to /home/legacy/trr_robot_ws/install/robot/lib/python3.8/site-packages/robot-0.0.0-py3.8.egg-info
[0.981s] running install_scripts
[0.998s] Installing move_joints_gazebo script to /home/legacy/trr_robot_ws/install/robot/lib/robot
[0.998s] Installing state_publisher script to /home/legacy/trr_robot_ws/install/robot/lib/robot
[0.999s] writing list of installed files to '/home/legacy/trr_robot_ws/build/robot/install.log'
[1.018s] Invoked command in '/home/legacy/trr_robot_ws/src/robot' returned '0': PYTHONPATH=/home/legacy/trr_robot_ws/install/robot/lib/python3.8/site-packages:${PYTHONPATH} /usr/bin/python3 setup.py egg_info --egg-base ../../build/robot build --build-base /home/legacy/trr_robot_ws/build/robot/build install --prefix /home/legacy/trr_robot_ws/install/robot --record /home/legacy/trr_robot_ws/build/robot/install.log --single-version-externally-managed
