[0.720s] Invoking command in '/home/legacy/trr_robot_ws/build/robot': PYTHONPATH=/home/legacy/trr_robot_ws/install/robot/lib/python3.8/site-packages:${PYTHONPATH} /usr/bin/python3 setup.py develop --prefix /home/legacy/trr_robot_ws/install/robot --uninstall --editable --build-directory /home/legacy/trr_robot_ws/build/robot/build
[1.122s] running develop
[1.340s] Removing /home/legacy/trr_robot_ws/install/robot/lib/python3.8/site-packages/robot.egg-link (link to .)
[1.376s] Invoked command in '/home/legacy/trr_robot_ws/build/robot' returned '0': PYTHONPATH=/home/legacy/trr_robot_ws/install/robot/lib/python3.8/site-packages:${PYTHONPATH} /usr/bin/python3 setup.py develop --prefix /home/legacy/trr_robot_ws/install/robot --uninstall --editable --build-directory /home/legacy/trr_robot_ws/build/robot/build
[1.378s] Invoking command in '/home/legacy/trr_robot_ws/src/robot': PYTHONPATH=/home/legacy/trr_robot_ws/install/robot/lib/python3.8/site-packages:${PYTHONPATH} /usr/bin/python3 setup.py egg_info --egg-base ../../build/robot build --build-base /home/legacy/trr_robot_ws/build/robot/build install --prefix /home/legacy/trr_robot_ws/install/robot --record /home/legacy/trr_robot_ws/build/robot/install.log --single-version-externally-managed
[1.675s] running egg_info
[1.676s] writing ../../build/robot/robot.egg-info/PKG-INFO
[1.677s] writing dependency_links to ../../build/robot/robot.egg-info/dependency_links.txt
[1.677s] writing entry points to ../../build/robot/robot.egg-info/entry_points.txt
[1.677s] writing requirements to ../../build/robot/robot.egg-info/requires.txt
[1.677s] writing top-level names to ../../build/robot/robot.egg-info/top_level.txt
[1.741s] reading manifest file '../../build/robot/robot.egg-info/SOURCES.txt'
[1.747s] writing manifest file '../../build/robot/robot.egg-info/SOURCES.txt'
[1.747s] running build
[1.747s] running build_py
[1.748s] running install
[1.748s] running install_lib
[1.749s] creating /home/legacy/trr_robot_ws/install/robot/lib/python3.8/site-packages/robot
[1.749s] copying /home/legacy/trr_robot_ws/build/robot/build/lib/robot/__init__.py -> /home/legacy/trr_robot_ws/install/robot/lib/python3.8/site-packages/robot
[1.749s] copying /home/legacy/trr_robot_ws/build/robot/build/lib/robot/move_joints_gazebo.py -> /home/legacy/trr_robot_ws/install/robot/lib/python3.8/site-packages/robot
[1.749s] copying /home/legacy/trr_robot_ws/build/robot/build/lib/robot/state_publisher.py -> /home/legacy/trr_robot_ws/install/robot/lib/python3.8/site-packages/robot
[1.754s] byte-compiling /home/legacy/trr_robot_ws/install/robot/lib/python3.8/site-packages/robot/__init__.py to __init__.cpython-38.pyc
[1.754s] byte-compiling /home/legacy/trr_robot_ws/install/robot/lib/python3.8/site-packages/robot/move_joints_gazebo.py to move_joints_gazebo.cpython-38.pyc
[1.754s] byte-compiling /home/legacy/trr_robot_ws/install/robot/lib/python3.8/site-packages/robot/state_publisher.py to state_publisher.cpython-38.pyc
[1.756s] running install_data
[1.756s] running install_egg_info
[1.761s] Copying ../../build/robot/robot.egg-info to /home/legacy/trr_robot_ws/install/robot/lib/python3.8/site-packages/robot-0.0.0-py3.8.egg-info
[1.761s] running install_scripts
[1.786s] Installing move_joints_gazebo script to /home/legacy/trr_robot_ws/install/robot/lib/robot
[1.786s] Installing state_publisher script to /home/legacy/trr_robot_ws/install/robot/lib/robot
[1.786s] writing list of installed files to '/home/legacy/trr_robot_ws/build/robot/install.log'
[1.812s] Invoked command in '/home/legacy/trr_robot_ws/src/robot' returned '0': PYTHONPATH=/home/legacy/trr_robot_ws/install/robot/lib/python3.8/site-packages:${PYTHONPATH} /usr/bin/python3 setup.py egg_info --egg-base ../../build/robot build --build-base /home/legacy/trr_robot_ws/build/robot/build install --prefix /home/legacy/trr_robot_ws/install/robot --record /home/legacy/trr_robot_ws/build/robot/install.log --single-version-externally-managed
