[0.207s] Invoking command in '/home/legacy/trr_robot_ws/src/robot': PYTHONPATH=/home/legacy/trr_robot_ws/install/robot/lib/python3.8/site-packages:${PYTHONPATH} /usr/bin/python3 setup.py egg_info --egg-base ../../build/robot build --build-base /home/legacy/trr_robot_ws/build/robot/build install --prefix /home/legacy/trr_robot_ws/install/robot --record /home/legacy/trr_robot_ws/build/robot/install.log --single-version-externally-managed
[0.383s] running egg_info
[0.383s] writing ../../build/robot/robot.egg-info/PKG-INFO
[0.383s] writing dependency_links to ../../build/robot/robot.egg-info/dependency_links.txt
[0.384s] writing entry points to ../../build/robot/robot.egg-info/entry_points.txt
[0.384s] writing requirements to ../../build/robot/robot.egg-info/requires.txt
[0.384s] writing top-level names to ../../build/robot/robot.egg-info/top_level.txt
[0.412s] reading manifest file '../../build/robot/robot.egg-info/SOURCES.txt'
[0.413s] writing manifest file '../../build/robot/robot.egg-info/SOURCES.txt'
[0.413s] running build
[0.413s] running build_py
[0.413s] copying robot/state_publisher.py -> /home/legacy/trr_robot_ws/build/robot/build/lib/robot
[0.413s] running install
[0.414s] running install_lib
[0.414s] copying /home/legacy/trr_robot_ws/build/robot/build/lib/robot/state_publisher.py -> /home/legacy/trr_robot_ws/install/robot/lib/python3.8/site-packages/robot
[0.415s] byte-compiling /home/legacy/trr_robot_ws/install/robot/lib/python3.8/site-packages/robot/state_publisher.py to state_publisher.cpython-38.pyc
[0.416s] running install_data
[0.416s] running install_egg_info
[0.418s] removing '/home/legacy/trr_robot_ws/install/robot/lib/python3.8/site-packages/robot-0.0.0-py3.8.egg-info' (and everything under it)
[0.418s] Copying ../../build/robot/robot.egg-info to /home/legacy/trr_robot_ws/install/robot/lib/python3.8/site-packages/robot-0.0.0-py3.8.egg-info
[0.418s] running install_scripts
[0.432s] Installing state_publisher script to /home/legacy/trr_robot_ws/install/robot/lib/robot
[0.432s] writing list of installed files to '/home/legacy/trr_robot_ws/build/robot/install.log'
[0.450s] Invoked command in '/home/legacy/trr_robot_ws/src/robot' returned '0': PYTHONPATH=/home/legacy/trr_robot_ws/install/robot/lib/python3.8/site-packages:${PYTHONPATH} /usr/bin/python3 setup.py egg_info --egg-base ../../build/robot build --build-base /home/legacy/trr_robot_ws/build/robot/build install --prefix /home/legacy/trr_robot_ws/install/robot --record /home/legacy/trr_robot_ws/build/robot/install.log --single-version-externally-managed
