[0.015s] Invoking command in '/home/legacy/trr_robot_ws/build/controller_interface': CMAKE_PREFIX_PATH=/home/legacy/trr_robot_ws/install/hardware_interface:/home/legacy/trr_robot_ws/install/rrbot_description:/home/legacy/trr_robot_ws/install/ros2_control_test_assets:/home/legacy/trr_robot_ws/install/ros2_control_demo_hardware:/home/legacy/trr_robot_ws/install/controller_interface:/home/legacy/trr_robot_ws/install/diffbot_description:/home/legacy/trr_robot_ws/install/controller_manager_msgs:/home/legacy/trr_robot_ws/install/ros2controlcli:/home/legacy/trr_robot_ws/install/ros2_control_test_nodes:/home/legacy/trr_robot_ws/install/robot:/opt/ros/foxy LD_LIBRARY_PATH=/home/legacy/trr_robot_ws/install/hardware_interface/lib:/home/legacy/trr_robot_ws/install/ros2_control_demo_hardware/lib:/home/legacy/trr_robot_ws/install/controller_interface/lib:/home/legacy/trr_robot_ws/install/controller_manager_msgs/lib:/usr/lib/x86_64-linux-gnu/gazebo-11/plugins:/opt/ros/foxy/opt/yaml_cpp_vendor/lib:/opt/ros/foxy/opt/rviz_ogre_vendor/lib:/opt/ros/foxy/lib/x86_64-linux-gnu:/opt/ros/foxy/lib /usr/bin/cmake --build /home/legacy/trr_robot_ws/build/controller_interface -- -j8 -l8
[0.079s] [ 20%] Built target gmock
[0.079s] [ 33%] Built target gmock_main
[0.094s] [ 46%] Built target controller_interface
[0.125s] [ 60%] Built target test_force_torque_sensor
[0.127s] [ 73%] Built target test_imu_sensor
[0.128s] [ 86%] Built target test_semantic_component_interface
[0.144s] [100%] Built target test_controller_with_options
[0.158s] Invoked command in '/home/legacy/trr_robot_ws/build/controller_interface' returned '0': CMAKE_PREFIX_PATH=/home/legacy/trr_robot_ws/install/hardware_interface:/home/legacy/trr_robot_ws/install/rrbot_description:/home/legacy/trr_robot_ws/install/ros2_control_test_assets:/home/legacy/trr_robot_ws/install/ros2_control_demo_hardware:/home/legacy/trr_robot_ws/install/controller_interface:/home/legacy/trr_robot_ws/install/diffbot_description:/home/legacy/trr_robot_ws/install/controller_manager_msgs:/home/legacy/trr_robot_ws/install/ros2controlcli:/home/legacy/trr_robot_ws/install/ros2_control_test_nodes:/home/legacy/trr_robot_ws/install/robot:/opt/ros/foxy LD_LIBRARY_PATH=/home/legacy/trr_robot_ws/install/hardware_interface/lib:/home/legacy/trr_robot_ws/install/ros2_control_demo_hardware/lib:/home/legacy/trr_robot_ws/install/controller_interface/lib:/home/legacy/trr_robot_ws/install/controller_manager_msgs/lib:/usr/lib/x86_64-linux-gnu/gazebo-11/plugins:/opt/ros/foxy/opt/yaml_cpp_vendor/lib:/opt/ros/foxy/opt/rviz_ogre_vendor/lib:/opt/ros/foxy/lib/x86_64-linux-gnu:/opt/ros/foxy/lib /usr/bin/cmake --build /home/legacy/trr_robot_ws/build/controller_interface -- -j8 -l8
[0.205s] Invoking command in '/home/legacy/trr_robot_ws/build/controller_interface': CMAKE_PREFIX_PATH=/home/legacy/trr_robot_ws/install/hardware_interface:/home/legacy/trr_robot_ws/install/rrbot_description:/home/legacy/trr_robot_ws/install/ros2_control_test_assets:/home/legacy/trr_robot_ws/install/ros2_control_demo_hardware:/home/legacy/trr_robot_ws/install/controller_interface:/home/legacy/trr_robot_ws/install/diffbot_description:/home/legacy/trr_robot_ws/install/controller_manager_msgs:/home/legacy/trr_robot_ws/install/ros2controlcli:/home/legacy/trr_robot_ws/install/ros2_control_test_nodes:/home/legacy/trr_robot_ws/install/robot:/opt/ros/foxy LD_LIBRARY_PATH=/home/legacy/trr_robot_ws/install/hardware_interface/lib:/home/legacy/trr_robot_ws/install/ros2_control_demo_hardware/lib:/home/legacy/trr_robot_ws/install/controller_interface/lib:/home/legacy/trr_robot_ws/install/controller_manager_msgs/lib:/usr/lib/x86_64-linux-gnu/gazebo-11/plugins:/opt/ros/foxy/opt/yaml_cpp_vendor/lib:/opt/ros/foxy/opt/rviz_ogre_vendor/lib:/opt/ros/foxy/lib/x86_64-linux-gnu:/opt/ros/foxy/lib /usr/bin/cmake --install /home/legacy/trr_robot_ws/build/controller_interface
[0.214s] -- Install configuration: ""
[0.214s] -- Execute custom install script
[0.215s] -- Up-to-date symlink: /home/legacy/trr_robot_ws/install/controller_interface/include/controller_interface/controller_interface.hpp
[0.215s] -- Up-to-date symlink: /home/legacy/trr_robot_ws/install/controller_interface/include/controller_interface/helpers.hpp
[0.215s] -- Up-to-date symlink: /home/legacy/trr_robot_ws/install/controller_interface/include/controller_interface/visibility_control.h
[0.215s] -- Up-to-date symlink: /home/legacy/trr_robot_ws/install/controller_interface/include/semantic_components/force_torque_sensor.hpp
[0.216s] -- Up-to-date symlink: /home/legacy/trr_robot_ws/install/controller_interface/include/semantic_components/imu_sensor.hpp
[0.216s] -- Up-to-date symlink: /home/legacy/trr_robot_ws/install/controller_interface/include/semantic_components/semantic_component_interface.hpp
[0.216s] -- Up-to-date symlink: /home/legacy/trr_robot_ws/install/controller_interface/lib/libcontroller_interface.so
[0.217s] -- Up-to-date symlink: /home/legacy/trr_robot_ws/install/controller_interface/share/controller_interface/environment/library_path.sh
[0.217s] -- Up-to-date symlink: /home/legacy/trr_robot_ws/install/controller_interface/share/controller_interface/environment/library_path.dsv
[0.217s] -- Up-to-date symlink: /home/legacy/trr_robot_ws/install/controller_interface/share/ament_index/resource_index/package_run_dependencies/controller_interface
[0.217s] -- Up-to-date symlink: /home/legacy/trr_robot_ws/install/controller_interface/share/ament_index/resource_index/parent_prefix_path/controller_interface
[0.218s] -- Up-to-date symlink: /home/legacy/trr_robot_ws/install/controller_interface/share/controller_interface/environment/ament_prefix_path.sh
[0.218s] -- Up-to-date symlink: /home/legacy/trr_robot_ws/install/controller_interface/share/controller_interface/environment/ament_prefix_path.dsv
[0.218s] -- Up-to-date symlink: /home/legacy/trr_robot_ws/install/controller_interface/share/controller_interface/environment/path.sh
[0.219s] -- Up-to-date symlink: /home/legacy/trr_robot_ws/install/controller_interface/share/controller_interface/environment/path.dsv
[0.219s] -- Up-to-date symlink: /home/legacy/trr_robot_ws/install/controller_interface/share/controller_interface/local_setup.bash
[0.219s] -- Up-to-date symlink: /home/legacy/trr_robot_ws/install/controller_interface/share/controller_interface/local_setup.sh
[0.220s] -- Up-to-date symlink: /home/legacy/trr_robot_ws/install/controller_interface/share/controller_interface/local_setup.zsh
[0.220s] -- Up-to-date symlink: /home/legacy/trr_robot_ws/install/controller_interface/share/controller_interface/local_setup.dsv
[0.220s] -- Symlinking: /home/legacy/trr_robot_ws/install/controller_interface/share/controller_interface/package.dsv
[0.231s] -- Up-to-date symlink: /home/legacy/trr_robot_ws/install/controller_interface/share/ament_index/resource_index/packages/controller_interface
[0.232s] -- Up-to-date symlink: /home/legacy/trr_robot_ws/install/controller_interface/share/controller_interface/cmake/ament_cmake_export_dependencies-extras.cmake
[0.232s] -- Up-to-date symlink: /home/legacy/trr_robot_ws/install/controller_interface/share/controller_interface/cmake/ament_cmake_export_include_directories-extras.cmake
[0.233s] -- Up-to-date symlink: /home/legacy/trr_robot_ws/install/controller_interface/share/controller_interface/cmake/ament_cmake_export_libraries-extras.cmake
[0.233s] -- Up-to-date symlink: /home/legacy/trr_robot_ws/install/controller_interface/share/controller_interface/cmake/controller_interfaceConfig.cmake
[0.233s] -- Up-to-date symlink: /home/legacy/trr_robot_ws/install/controller_interface/share/controller_interface/cmake/controller_interfaceConfig-version.cmake
[0.234s] -- Up-to-date symlink: /home/legacy/trr_robot_ws/install/controller_interface/share/controller_interface/package.xml
[0.238s] Invoked command in '/home/legacy/trr_robot_ws/build/controller_interface' returned '0': CMAKE_PREFIX_PATH=/home/legacy/trr_robot_ws/install/hardware_interface:/home/legacy/trr_robot_ws/install/rrbot_description:/home/legacy/trr_robot_ws/install/ros2_control_test_assets:/home/legacy/trr_robot_ws/install/ros2_control_demo_hardware:/home/legacy/trr_robot_ws/install/controller_interface:/home/legacy/trr_robot_ws/install/diffbot_description:/home/legacy/trr_robot_ws/install/controller_manager_msgs:/home/legacy/trr_robot_ws/install/ros2controlcli:/home/legacy/trr_robot_ws/install/ros2_control_test_nodes:/home/legacy/trr_robot_ws/install/robot:/opt/ros/foxy LD_LIBRARY_PATH=/home/legacy/trr_robot_ws/install/hardware_interface/lib:/home/legacy/trr_robot_ws/install/ros2_control_demo_hardware/lib:/home/legacy/trr_robot_ws/install/controller_interface/lib:/home/legacy/trr_robot_ws/install/controller_manager_msgs/lib:/usr/lib/x86_64-linux-gnu/gazebo-11/plugins:/opt/ros/foxy/opt/yaml_cpp_vendor/lib:/opt/ros/foxy/opt/rviz_ogre_vendor/lib:/opt/ros/foxy/lib/x86_64-linux-gnu:/opt/ros/foxy/lib /usr/bin/cmake --install /home/legacy/trr_robot_ws/build/controller_interface
