[0.036s] Invoking command in '/home/legacy/trr_robot_ws/build/diffbot_description': CMAKE_PREFIX_PATH=/opt/ros/foxy /usr/bin/cmake --build /home/legacy/trr_robot_ws/build/diffbot_description -- -j8 -l8
[0.514s] Invoked command in '/home/legacy/trr_robot_ws/build/diffbot_description' returned '0': CMAKE_PREFIX_PATH=/opt/ros/foxy /usr/bin/cmake --build /home/legacy/trr_robot_ws/build/diffbot_description -- -j8 -l8
[0.559s] Invoking command in '/home/legacy/trr_robot_ws/build/diffbot_description': CMAKE_PREFIX_PATH=/opt/ros/foxy /usr/bin/cmake --install /home/legacy/trr_robot_ws/build/diffbot_description
[0.574s] -- Install configuration: ""
[0.575s] -- Execute custom install script
[0.575s] -- Up-to-date symlink: /home/legacy/trr_robot_ws/install/diffbot_description/share/diffbot_description/config/diffbot.rviz
[0.575s] -- Up-to-date symlink: /home/legacy/trr_robot_ws/install/diffbot_description/share/diffbot_description/config/diffbot_view.rviz
[0.575s] -- Up-to-date symlink: /home/legacy/trr_robot_ws/install/diffbot_description/share/diffbot_description/gazebo/diffbot.gazebo.xacro
[0.576s] -- Up-to-date symlink: /home/legacy/trr_robot_ws/install/diffbot_description/share/diffbot_description/gazebo/diffbot.materials.xacro
[0.576s] -- Up-to-date symlink: /home/legacy/trr_robot_ws/install/diffbot_description/share/diffbot_description/launch/view_robot.launch.py
[0.577s] -- Up-to-date symlink: /home/legacy/trr_robot_ws/install/diffbot_description/share/diffbot_description/ros2_control/diffbot.ros2_control.xacro
[0.577s] -- Up-to-date symlink: /home/legacy/trr_robot_ws/install/diffbot_description/share/diffbot_description/ros2_control/diffbot_system.ros2_control.xacro
[0.578s] -- Up-to-date symlink: /home/legacy/trr_robot_ws/install/diffbot_description/share/diffbot_description/urdf/diffbot.urdf.xacro
[0.578s] -- Up-to-date symlink: /home/legacy/trr_robot_ws/install/diffbot_description/share/diffbot_description/urdf/diffbot_description.urdf.xacro
[0.578s] -- Up-to-date symlink: /home/legacy/trr_robot_ws/install/diffbot_description/share/diffbot_description/urdf/diffbot_system.urdf.xacro
[0.579s] -- Up-to-date symlink: /home/legacy/trr_robot_ws/install/diffbot_description/share/ament_index/resource_index/package_run_dependencies/diffbot_description
[0.579s] -- Up-to-date symlink: /home/legacy/trr_robot_ws/install/diffbot_description/share/ament_index/resource_index/parent_prefix_path/diffbot_description
[0.579s] -- Up-to-date symlink: /home/legacy/trr_robot_ws/install/diffbot_description/share/diffbot_description/environment/ament_prefix_path.sh
[0.580s] -- Up-to-date symlink: /home/legacy/trr_robot_ws/install/diffbot_description/share/diffbot_description/environment/ament_prefix_path.dsv
[0.580s] -- Up-to-date symlink: /home/legacy/trr_robot_ws/install/diffbot_description/share/diffbot_description/environment/path.sh
[0.581s] -- Up-to-date symlink: /home/legacy/trr_robot_ws/install/diffbot_description/share/diffbot_description/environment/path.dsv
[0.581s] -- Up-to-date symlink: /home/legacy/trr_robot_ws/install/diffbot_description/share/diffbot_description/local_setup.bash
[0.582s] -- Up-to-date symlink: /home/legacy/trr_robot_ws/install/diffbot_description/share/diffbot_description/local_setup.sh
[0.582s] -- Up-to-date symlink: /home/legacy/trr_robot_ws/install/diffbot_description/share/diffbot_description/local_setup.zsh
[0.583s] -- Up-to-date symlink: /home/legacy/trr_robot_ws/install/diffbot_description/share/diffbot_description/local_setup.dsv
[0.583s] -- Symlinking: /home/legacy/trr_robot_ws/install/diffbot_description/share/diffbot_description/package.dsv
[0.600s] -- Up-to-date symlink: /home/legacy/trr_robot_ws/install/diffbot_description/share/ament_index/resource_index/packages/diffbot_description
[0.600s] -- Up-to-date symlink: /home/legacy/trr_robot_ws/install/diffbot_description/share/diffbot_description/cmake/diffbot_descriptionConfig.cmake
[0.601s] -- Up-to-date symlink: /home/legacy/trr_robot_ws/install/diffbot_description/share/diffbot_description/cmake/diffbot_descriptionConfig-version.cmake
[0.601s] -- Up-to-date symlink: /home/legacy/trr_robot_ws/install/diffbot_description/share/diffbot_description/package.xml
[0.625s] Invoked command in '/home/legacy/trr_robot_ws/build/diffbot_description' returned '0': CMAKE_PREFIX_PATH=/opt/ros/foxy /usr/bin/cmake --install /home/legacy/trr_robot_ws/build/diffbot_description
