[0.208s] Invoking command in '/home/legacy/trr_robot_ws/src/robot': PYTHONPATH=/home/legacy/trr_robot_ws/install/robot/lib/python3.8/site-packages:${PYTHONPATH} /usr/bin/python3 setup.py egg_info --egg-base ../../build/robot build --build-base /home/legacy/trr_robot_ws/build/robot/build install --prefix /home/legacy/trr_robot_ws/install/robot --record /home/legacy/trr_robot_ws/build/robot/install.log --single-version-externally-managed
[0.386s] running egg_info
[0.386s] writing ../../build/robot/robot.egg-info/PKG-INFO
[0.387s] writing dependency_links to ../../build/robot/robot.egg-info/dependency_links.txt
[0.387s] writing entry points to ../../build/robot/robot.egg-info/entry_points.txt
[0.387s] writing requirements to ../../build/robot/robot.egg-info/requires.txt
[0.387s] writing top-level names to ../../build/robot/robot.egg-info/top_level.txt
[0.416s] reading manifest file '../../build/robot/robot.egg-info/SOURCES.txt'
[0.416s] writing manifest file '../../build/robot/robot.egg-info/SOURCES.txt'
[0.416s] running build
[0.416s] running build_py
[0.417s] copying robot/state_publisher.py -> /home/legacy/trr_robot_ws/build/robot/build/lib/robot
[0.417s] running install
[0.417s] running install_lib
[0.418s] copying /home/legacy/trr_robot_ws/build/robot/build/lib/robot/state_publisher.py -> /home/legacy/trr_robot_ws/install/robot/lib/python3.8/site-packages/robot
[0.418s] byte-compiling /home/legacy/trr_robot_ws/install/robot/lib/python3.8/site-packages/robot/state_publisher.py to state_publisher.cpython-38.pyc
[0.420s] running install_data
[0.420s] running install_egg_info
[0.421s] removing '/home/legacy/trr_robot_ws/install/robot/lib/python3.8/site-packages/robot-0.0.0-py3.8.egg-info' (and everything under it)
[0.422s] Copying ../../build/robot/robot.egg-info to /home/legacy/trr_robot_ws/install/robot/lib/python3.8/site-packages/robot-0.0.0-py3.8.egg-info
[0.422s] running install_scripts
[0.436s] Installing state_publisher script to /home/legacy/trr_robot_ws/install/robot/lib/robot
[0.436s] writing list of installed files to '/home/legacy/trr_robot_ws/build/robot/install.log'
[0.454s] Invoked command in '/home/legacy/trr_robot_ws/src/robot' returned '0': PYTHONPATH=/home/legacy/trr_robot_ws/install/robot/lib/python3.8/site-packages:${PYTHONPATH} /usr/bin/python3 setup.py egg_info --egg-base ../../build/robot build --build-base /home/legacy/trr_robot_ws/build/robot/build install --prefix /home/legacy/trr_robot_ws/install/robot --record /home/legacy/trr_robot_ws/build/robot/install.log --single-version-externally-managed
