[0.035s] Invoking command in '/home/legacy/trr_robot_ws/build/hardware_interface': AMENT_PREFIX_PATH=/home/legacy/trr_robot_ws/install/ros2_control_test_assets:${AMENT_PREFIX_PATH} CMAKE_PREFIX_PATH=/home/legacy/trr_robot_ws/install/ros2_control_test_assets:/opt/ros/foxy /usr/bin/cmake /home/legacy/trr_robot_ws/src/ros2_control/hardware_interface -DAMENT_CMAKE_SYMLINK_INSTALL=1 -DCMAKE_INSTALL_PREFIX=/home/legacy/trr_robot_ws/install/hardware_interface
[0.157s] -- The C compiler identification is GNU 9.3.0
[0.266s] -- The CXX compiler identification is GNU 9.3.0
[0.273s] -- Check for working C compiler: /usr/bin/cc
[0.371s] -- Check for working C compiler: /usr/bin/cc -- works
[0.372s] -- Detecting C compiler ABI info
[0.465s] -- Detecting C compiler ABI info - done
[0.485s] -- Detecting C compile features
[0.485s] -- Detecting C compile features - done
[0.489s] -- Check for working CXX compiler: /usr/bin/c++
[0.596s] -- Check for working CXX compiler: /usr/bin/c++ -- works
[0.599s] -- Detecting CXX compiler ABI info
[0.699s] -- Detecting CXX compiler ABI info - done
[0.713s] -- Detecting CXX compile features
[0.714s] -- Detecting CXX compile features - done
[0.716s] -- Found ament_cmake: 0.9.8 (/opt/ros/foxy/share/ament_cmake/cmake)
[0.747s] -- Found PythonInterp: /usr/bin/python3 (found suitable version "3.8.10", minimum required is "3") 
[0.747s] -- Using PYTHON_EXECUTABLE: /usr/bin/python3
[0.959s] -- Override CMake install command with custom implementation using symlinks instead of copying resources
[0.986s] -- Found control_msgs: 2.5.1 (/opt/ros/foxy/share/control_msgs/cmake)
[1.024s] -- Using all available rosidl_typesupport_c: rosidl_typesupport_fastrtps_c;rosidl_typesupport_introspection_c
[1.033s] -- Found rosidl_adapter: 1.2.1 (/opt/ros/foxy/share/rosidl_adapter/cmake)
[1.099s] -- Found OpenSSL: /home/linuxbrew/.linuxbrew/Cellar/openssl@1.1/1.1.1k/lib/libcrypto.so (found version "1.1.1k")  
[1.142s] -- Found FastRTPS: /opt/ros/foxy/include  
[1.254s] -- Using all available rosidl_typesupport_cpp: rosidl_typesupport_fastrtps_cpp;rosidl_typesupport_introspection_cpp
[1.930s] -- Found pluginlib: 2.5.3 (/opt/ros/foxy/share/pluginlib/cmake)
[1.978s] -- Found rclcpp_lifecycle: 2.3.1 (/opt/ros/foxy/share/rclcpp_lifecycle/cmake)
[2.071s] -- Found rmw_implementation_cmake: 1.0.3 (/opt/ros/foxy/share/rmw_implementation_cmake/cmake)
[2.074s] -- Using RMW implementation 'rmw_fastrtps_cpp' as default
[2.076s] -- Looking for pthread.h
[2.175s] -- Looking for pthread.h - found
[2.176s] -- Performing Test CMAKE_HAVE_LIBC_PTHREAD
[2.278s] -- Performing Test CMAKE_HAVE_LIBC_PTHREAD - Failed
[2.278s] -- Looking for pthread_create in pthreads
[2.356s] -- Looking for pthread_create in pthreads - not found
[2.357s] -- Looking for pthread_create in pthread
[2.456s] -- Looking for pthread_create in pthread - found
[2.458s] -- Found Threads: TRUE  
[2.750s] -- Found TinyXML2: /usr/lib/x86_64-linux-gnu/libtinyxml2.so  
[2.756s] -- Found ament_lint_auto: 0.9.6 (/opt/ros/foxy/share/ament_lint_auto/cmake)
[2.862s] -- Found gmock sources under '/opt/ros/foxy/src/gmock_vendor': C++ tests using 'Google Mock' will be built
[2.868s] -- Found ament_cmake_gtest: 0.9.8 (/opt/ros/foxy/share/ament_cmake_gtest/cmake)
[2.870s] -- Found gtest sources under '/opt/ros/foxy/src/gtest_vendor': C++ tests using 'Google Test' will be built
[2.899s] -- Added test 'copyright' to check source files copyright and LICENSE
[2.907s] -- Added test 'cppcheck' to perform static code analysis on C / C++ code
[2.909s] -- Configured cppcheck include dirs: /home/legacy/trr_robot_ws/src/ros2_control/hardware_interface/include
[2.910s] -- Configured cppcheck exclude dirs and/or files: 
[2.915s] -- Added test 'lint_cmake' to check CMake code style
[2.919s] -- Added test 'xmllint' to check XML markup files
[2.938s] -- Configuring done
[3.142s] -- Generating done
[3.150s] -- Build files have been written to: /home/legacy/trr_robot_ws/build/hardware_interface
[3.181s] Invoked command in '/home/legacy/trr_robot_ws/build/hardware_interface' returned '0': AMENT_PREFIX_PATH=/home/legacy/trr_robot_ws/install/ros2_control_test_assets:${AMENT_PREFIX_PATH} CMAKE_PREFIX_PATH=/home/legacy/trr_robot_ws/install/ros2_control_test_assets:/opt/ros/foxy /usr/bin/cmake /home/legacy/trr_robot_ws/src/ros2_control/hardware_interface -DAMENT_CMAKE_SYMLINK_INSTALL=1 -DCMAKE_INSTALL_PREFIX=/home/legacy/trr_robot_ws/install/hardware_interface
[3.184s] Invoking command in '/home/legacy/trr_robot_ws/build/hardware_interface': AMENT_PREFIX_PATH=/home/legacy/trr_robot_ws/install/ros2_control_test_assets:${AMENT_PREFIX_PATH} CMAKE_PREFIX_PATH=/home/legacy/trr_robot_ws/install/ros2_control_test_assets:/opt/ros/foxy /usr/bin/cmake --build /home/legacy/trr_robot_ws/build/hardware_interface -- -j8 -l8
[3.292s] [35m[1mScanning dependencies of target hardware_interface[0m
[3.297s] [35m[1mScanning dependencies of target gmock[0m
[3.298s] [35m[1mScanning dependencies of target gmock_main[0m
[3.346s] [  2%] [32mBuilding CXX object gmock/CMakeFiles/gmock_main.dir/src/gmock_main.cc.o[0m
[3.365s] [  5%] [32mBuilding CXX object CMakeFiles/hardware_interface.dir/src/resource_manager.cpp.o[0m
[3.367s] [  8%] [32mBuilding CXX object CMakeFiles/hardware_interface.dir/src/component_parser.cpp.o[0m
[3.383s] [ 11%] [32mBuilding CXX object CMakeFiles/hardware_interface.dir/src/actuator.cpp.o[0m
[3.386s] [ 14%] [32mBuilding CXX object gmock/CMakeFiles/gmock.dir/opt/ros/foxy/src/gtest_vendor/src/gtest-all.cc.o[0m
[3.387s] [ 17%] [32mBuilding CXX object gmock/CMakeFiles/gmock.dir/src/gmock-all.cc.o[0m
[3.387s] [ 20%] [32mBuilding CXX object CMakeFiles/hardware_interface.dir/src/system.cpp.o[0m
[3.407s] [ 23%] [32mBuilding CXX object CMakeFiles/hardware_interface.dir/src/sensor.cpp.o[0m
[7.151s] [ 26%] [32m[1mLinking CXX static library libgmock_main.a[0m
[7.317s] [ 26%] Built target gmock_main
[14.602s] [ 29%] [32m[1mLinking CXX static library libgmock.a[0m
[14.902s] [ 29%] Built target gmock
[14.977s] [35m[1mScanning dependencies of target test_macros[0m
[15.136s] [ 32%] [32mBuilding CXX object CMakeFiles/test_macros.dir/test/test_macros.cpp.o[0m
[18.190s] [ 35%] [32m[1mLinking CXX executable test_macros[0m
[18.413s] [ 38%] [32m[1mLinking CXX shared library libhardware_interface.so[0m
[18.435s] [ 38%] Built target test_macros
[18.785s] [ 38%] Built target hardware_interface
[18.809s] [35m[1mScanning dependencies of target test_joint_handle[0m
[18.809s] [35m[1mScanning dependencies of target test_component_interfaces[0m
[18.810s] [35m[1mScanning dependencies of target test_component_parser[0m
[18.810s] [35m[1mScanning dependencies of target test_hardware_components[0m
[18.811s] [35m[1mScanning dependencies of target fake_components[0m
[18.813s] [35m[1mScanning dependencies of target test_components[0m
[18.816s] [35m[1mScanning dependencies of target test_generic_system[0m
[18.855s] [35m[1mScanning dependencies of target test_resource_manager[0m
[18.870s] [ 41%] [32mBuilding CXX object CMakeFiles/test_joint_handle.dir/test/test_handle.cpp.o[0m
[18.870s] [ 44%] [32mBuilding CXX object CMakeFiles/test_components.dir/test/test_components/test_actuator.cpp.o[0m
[18.877s] [ 50%] [32mBuilding CXX object CMakeFiles/test_component_parser.dir/test/test_component_parser.cpp.o[0m
[18.877s] [ 50%] [32mBuilding CXX object CMakeFiles/test_generic_system.dir/test/fake_components/test_generic_system.cpp.o[0m
[18.898s] [ 52%] [32mBuilding CXX object CMakeFiles/test_hardware_components.dir/test/test_hardware_components/test_single_joint_actuator.cpp.o[0m
[18.899s] [ 55%] [32mBuilding CXX object CMakeFiles/fake_components.dir/src/fake_components/generic_system.cpp.o[0m
[18.904s] [ 58%] [32mBuilding CXX object CMakeFiles/test_component_interfaces.dir/test/test_component_interfaces.cpp.o[0m
[18.949s] [ 61%] [32mBuilding CXX object CMakeFiles/test_resource_manager.dir/test/test_resource_manager.cpp.o[0m
[20.135s] In file included from [01m[K/home/legacy/trr_robot_ws/src/ros2_control/hardware_interface/src/fake_components/generic_system.cpp:17[m[K:
[20.135s] [01m[K/home/legacy/trr_robot_ws/src/ros2_control/hardware_interface/include/fake_components/generic_system.hpp:102:5:[m[K [01;35m[Kwarning: [m[Kuse of ‘[01m[Kauto[m[K’ in parameter declaration only available with ‘[01m[K-fconcepts[m[K’
[20.135s]   102 |     [01;35m[Kauto[m[K & target_interfaces, bool using_state_interfaces);
[20.135s]       |     [01;35m[K^~~~[m[K
[20.507s] [01m[K/home/legacy/trr_robot_ws/src/ros2_control/hardware_interface/src/fake_components/generic_system.cpp:443:3:[m[K [01;35m[Kwarning: [m[Kuse of ‘[01m[Kauto[m[K’ in parameter declaration only available with ‘[01m[K-fconcepts[m[K’
[20.507s]   443 |   [01;35m[Kauto[m[K & target_interfaces, bool using_state_interfaces)
[20.507s]       |   [01;35m[K^~~~[m[K
[21.988s] [ 64%] [32mBuilding CXX object CMakeFiles/test_components.dir/test/test_components/test_sensor.cpp.o[0m
[22.149s] In file included from [01m[K/opt/ros/foxy/src/gmock_vendor/include/gmock/internal/gmock-internal-utils.h:47[m[K,
[22.149s]                  from [01m[K/opt/ros/foxy/src/gmock_vendor/include/gmock/gmock-actions.h:49[m[K,
[22.149s]                  from [01m[K/opt/ros/foxy/src/gmock_vendor/include/gmock/gmock.h:59[m[K,
[22.149s]                  from [01m[K/home/legacy/trr_robot_ws/src/ros2_control/hardware_interface/test/fake_components/test_generic_system.cpp:17[m[K:
[22.150s] /opt/ros/foxy/src/gtest_vendor/include/gtest/gtest.h: In instantiation of ‘[01m[Ktesting::AssertionResult testing::internal::CmpHelperEQ(const char*, const char*, const T1&, const T2&) [with T1 = int; T2 = long unsigned int][m[K’:
[22.150s] [01m[K/opt/ros/foxy/src/gtest_vendor/include/gtest/gtest.h:1495:23:[m[K   required from ‘[01m[Kstatic testing::AssertionResult testing::internal::EqHelper<lhs_is_null_literal>::Compare(const char*, const char*, const T1&, const T2&) [with T1 = int; T2 = long unsigned int; bool lhs_is_null_literal = false][m[K’
[22.150s] [01m[K/home/legacy/trr_robot_ws/src/ros2_control/hardware_interface/test/fake_components/test_generic_system.cpp:1115:3:[m[K   required from here
[22.150s] [01m[K/opt/ros/foxy/src/gtest_vendor/include/gtest/gtest.h:1467:11:[m[K [01;35m[Kwarning: [m[Kcomparison of integer expressions of different signedness: ‘[01m[Kconst int[m[K’ and ‘[01m[Kconst long unsigned int[m[K’ [[01;35m[K-Wsign-compare[m[K]
[22.151s]  1467 |   if ([01;35m[Klhs == rhs[m[K) {
[22.151s]       |       [01;35m[K~~~~^~~~~~[m[K
[22.151s] [ 67%] [32m[1mLinking CXX executable test_joint_handle[0m
[22.434s] [ 70%] [32mBuilding CXX object CMakeFiles/test_hardware_components.dir/test/test_hardware_components/test_force_torque_sensor.cpp.o[0m
[23.146s] [ 70%] Built target test_joint_handle
[23.230s] [ 73%] [32mBuilding CXX object CMakeFiles/test_hardware_components.dir/test/test_hardware_components/test_two_joint_system.cpp.o[0m
[24.140s] [ 76%] [32m[1mLinking CXX shared library libfake_components.so[0m
[24.733s] [ 76%] Built target fake_components
[24.790s] [ 79%] [32mBuilding CXX object CMakeFiles/test_hardware_components.dir/test/test_hardware_components/test_system_with_command_modes.cpp.o[0m
[26.623s] [ 82%] [32mBuilding CXX object CMakeFiles/test_components.dir/test/test_components/test_system.cpp.o[0m
[26.897s] [ 85%] [32m[1mLinking CXX executable test_resource_manager[0m
[26.926s] [ 88%] [32m[1mLinking CXX executable test_generic_system[0m
[26.979s] [ 91%] [32m[1mLinking CXX executable test_component_interfaces[0m
[27.776s] [ 91%] Built target test_generic_system
[27.803s] [ 91%] Built target test_resource_manager
[27.854s] [ 91%] Built target test_component_interfaces
[27.995s] [ 94%] [32m[1mLinking CXX shared library libtest_hardware_components.so[0m
[28.039s] [ 97%] [32m[1mLinking CXX executable test_component_parser[0m
[28.257s] [ 97%] Built target test_hardware_components
[28.380s] [100%] [32m[1mLinking CXX shared library libtest_components.so[0m
[28.478s] [100%] Built target test_component_parser
[28.546s] [100%] Built target test_components
[28.557s] Invoked command in '/home/legacy/trr_robot_ws/build/hardware_interface' returned '0': AMENT_PREFIX_PATH=/home/legacy/trr_robot_ws/install/ros2_control_test_assets:${AMENT_PREFIX_PATH} CMAKE_PREFIX_PATH=/home/legacy/trr_robot_ws/install/ros2_control_test_assets:/opt/ros/foxy /usr/bin/cmake --build /home/legacy/trr_robot_ws/build/hardware_interface -- -j8 -l8
[28.614s] Invoking command in '/home/legacy/trr_robot_ws/build/hardware_interface': AMENT_PREFIX_PATH=/home/legacy/trr_robot_ws/install/ros2_control_test_assets:${AMENT_PREFIX_PATH} CMAKE_PREFIX_PATH=/home/legacy/trr_robot_ws/install/ros2_control_test_assets:/opt/ros/foxy /usr/bin/cmake --install /home/legacy/trr_robot_ws/build/hardware_interface
[28.622s] -- Install configuration: ""
[28.622s] -- Execute custom install script
[28.623s] -- Symlinking: /home/legacy/trr_robot_ws/install/hardware_interface/share/hardware_interface//fake_components_plugin_description.xml
[28.632s] -- Symlinking: /home/legacy/trr_robot_ws/install/hardware_interface/include/fake_components/generic_system.hpp
[28.641s] -- Symlinking: /home/legacy/trr_robot_ws/install/hardware_interface/include/fake_components/visibility_control.h
[28.650s] -- Symlinking: /home/legacy/trr_robot_ws/install/hardware_interface/include/hardware_interface/actuator.hpp
[28.659s] -- Symlinking: /home/legacy/trr_robot_ws/install/hardware_interface/include/hardware_interface/actuator_interface.hpp
[28.667s] -- Symlinking: /home/legacy/trr_robot_ws/install/hardware_interface/include/hardware_interface/component_parser.hpp
[28.676s] -- Symlinking: /home/legacy/trr_robot_ws/install/hardware_interface/include/hardware_interface/controller_info.hpp
[28.684s] -- Symlinking: /home/legacy/trr_robot_ws/install/hardware_interface/include/hardware_interface/handle.hpp
[28.692s] -- Symlinking: /home/legacy/trr_robot_ws/install/hardware_interface/include/hardware_interface/hardware_info.hpp
[28.701s] -- Symlinking: /home/legacy/trr_robot_ws/install/hardware_interface/include/hardware_interface/loaned_command_interface.hpp
[28.709s] -- Symlinking: /home/legacy/trr_robot_ws/install/hardware_interface/include/hardware_interface/loaned_state_interface.hpp
[28.717s] -- Symlinking: /home/legacy/trr_robot_ws/install/hardware_interface/include/hardware_interface/macros.hpp
[28.726s] -- Symlinking: /home/legacy/trr_robot_ws/install/hardware_interface/include/hardware_interface/resource_manager.hpp
[28.734s] -- Symlinking: /home/legacy/trr_robot_ws/install/hardware_interface/include/hardware_interface/sensor.hpp
[28.742s] -- Symlinking: /home/legacy/trr_robot_ws/install/hardware_interface/include/hardware_interface/sensor_interface.hpp
[28.751s] -- Symlinking: /home/legacy/trr_robot_ws/install/hardware_interface/include/hardware_interface/system.hpp
[28.759s] -- Symlinking: /home/legacy/trr_robot_ws/install/hardware_interface/include/hardware_interface/system_interface.hpp
[28.768s] -- Symlinking: /home/legacy/trr_robot_ws/install/hardware_interface/include/hardware_interface/types/hardware_interface_return_values.hpp
[28.776s] -- Symlinking: /home/legacy/trr_robot_ws/install/hardware_interface/include/hardware_interface/types/hardware_interface_type_values.hpp
[28.785s] -- Symlinking: /home/legacy/trr_robot_ws/install/hardware_interface/include/hardware_interface/types/lifecycle_state_names.hpp
[28.793s] -- Symlinking: /home/legacy/trr_robot_ws/install/hardware_interface/include/hardware_interface/visibility_control.h
[28.801s] -- Symlinking: /home/legacy/trr_robot_ws/install/hardware_interface/lib/libfake_components.so
[28.810s] -- Symlinking: /home/legacy/trr_robot_ws/install/hardware_interface/lib/libhardware_interface.so
[28.818s] -- Symlinking: /home/legacy/trr_robot_ws/install/hardware_interface/lib/libtest_components.so
[28.827s] -- Symlinking: /home/legacy/trr_robot_ws/install/hardware_interface/share/hardware_interface/test/test_components/test_components.xml
[28.835s] -- Symlinking: /home/legacy/trr_robot_ws/install/hardware_interface/lib/libtest_hardware_components.so
[28.844s] -- Symlinking: /home/legacy/trr_robot_ws/install/hardware_interface/share/hardware_interface/test/test_hardware_components/test_hardware_components.xml
[28.852s] -- Symlinking: /home/legacy/trr_robot_ws/install/hardware_interface/share/hardware_interface/environment/library_path.sh
[28.861s] -- Symlinking: /home/legacy/trr_robot_ws/install/hardware_interface/share/hardware_interface/environment/library_path.dsv
[28.869s] -- Symlinking: /home/legacy/trr_robot_ws/install/hardware_interface/share/ament_index/resource_index/package_run_dependencies/hardware_interface
[28.878s] -- Symlinking: /home/legacy/trr_robot_ws/install/hardware_interface/share/ament_index/resource_index/parent_prefix_path/hardware_interface
[28.886s] -- Symlinking: /home/legacy/trr_robot_ws/install/hardware_interface/share/hardware_interface/environment/ament_prefix_path.sh
[28.895s] -- Symlinking: /home/legacy/trr_robot_ws/install/hardware_interface/share/hardware_interface/environment/ament_prefix_path.dsv
[28.904s] -- Symlinking: /home/legacy/trr_robot_ws/install/hardware_interface/share/hardware_interface/environment/path.sh
[28.912s] -- Symlinking: /home/legacy/trr_robot_ws/install/hardware_interface/share/hardware_interface/environment/path.dsv
[28.921s] -- Symlinking: /home/legacy/trr_robot_ws/install/hardware_interface/share/hardware_interface/local_setup.bash
[28.929s] -- Symlinking: /home/legacy/trr_robot_ws/install/hardware_interface/share/hardware_interface/local_setup.sh
[28.937s] -- Symlinking: /home/legacy/trr_robot_ws/install/hardware_interface/share/hardware_interface/local_setup.zsh
[28.946s] -- Symlinking: /home/legacy/trr_robot_ws/install/hardware_interface/share/hardware_interface/local_setup.dsv
[28.954s] -- Symlinking: /home/legacy/trr_robot_ws/install/hardware_interface/share/hardware_interface/package.dsv
[28.963s] -- Symlinking: /home/legacy/trr_robot_ws/install/hardware_interface/share/ament_index/resource_index/packages/hardware_interface
[28.971s] -- Symlinking: /home/legacy/trr_robot_ws/install/hardware_interface/share/ament_index/resource_index/hardware_interface__pluginlib__plugin/hardware_interface
[28.980s] -- Symlinking: /home/legacy/trr_robot_ws/install/hardware_interface/share/hardware_interface/cmake/ament_cmake_export_include_directories-extras.cmake
[28.989s] -- Symlinking: /home/legacy/trr_robot_ws/install/hardware_interface/share/hardware_interface/cmake/ament_cmake_export_libraries-extras.cmake
[28.997s] -- Symlinking: /home/legacy/trr_robot_ws/install/hardware_interface/share/hardware_interface/cmake/ament_cmake_export_dependencies-extras.cmake
[29.006s] -- Symlinking: /home/legacy/trr_robot_ws/install/hardware_interface/share/hardware_interface/cmake/hardware_interfaceConfig.cmake
[29.014s] -- Symlinking: /home/legacy/trr_robot_ws/install/hardware_interface/share/hardware_interface/cmake/hardware_interfaceConfig-version.cmake
[29.022s] -- Symlinking: /home/legacy/trr_robot_ws/install/hardware_interface/share/hardware_interface/package.xml
[29.033s] Invoked command in '/home/legacy/trr_robot_ws/build/hardware_interface' returned '0': AMENT_PREFIX_PATH=/home/legacy/trr_robot_ws/install/ros2_control_test_assets:${AMENT_PREFIX_PATH} CMAKE_PREFIX_PATH=/home/legacy/trr_robot_ws/install/ros2_control_test_assets:/opt/ros/foxy /usr/bin/cmake --install /home/legacy/trr_robot_ws/build/hardware_interface
