[0.015s] Invoking command in '/home/legacy/trr_robot_ws/build/controller_interface': AMENT_PREFIX_PATH=/home/legacy/trr_robot_ws/install/hardware_interface:${AMENT_PREFIX_PATH} CMAKE_PREFIX_PATH=/home/legacy/trr_robot_ws/install/hardware_interface:/opt/ros/foxy LD_LIBRARY_PATH=/home/legacy/trr_robot_ws/install/hardware_interface/lib:${LD_LIBRARY_PATH} /usr/bin/cmake /home/legacy/trr_robot_ws/src/ros2_control/controller_interface -DCMAKE_INSTALL_PREFIX=/home/legacy/trr_robot_ws/install/controller_interface
[0.080s] -- The C compiler identification is GNU 9.3.0
[0.148s] -- The CXX compiler identification is GNU 9.3.0
[0.153s] -- Check for working C compiler: /usr/bin/cc
[0.232s] -- Check for working C compiler: /usr/bin/cc -- works
[0.233s] -- Detecting C compiler ABI info
[0.314s] -- Detecting C compiler ABI info - done
[0.328s] -- Detecting C compile features
[0.328s] -- Detecting C compile features - done
[0.331s] -- Check for working CXX compiler: /usr/bin/c++
[0.425s] -- Check for working CXX compiler: /usr/bin/c++ -- works
[0.427s] -- Detecting CXX compiler ABI info
[0.521s] -- Detecting CXX compiler ABI info - done
[0.536s] -- Detecting CXX compile features
[0.536s] -- Detecting CXX compile features - done
[0.539s] -- Found ament_cmake: 0.9.8 (/opt/ros/foxy/share/ament_cmake/cmake)
[0.566s] -- Found PythonInterp: /usr/bin/python3 (found suitable version "3.8.10", minimum required is "3") 
[0.567s] -- Using PYTHON_EXECUTABLE: /usr/bin/python3
[0.802s] -- Found hardware_interface: 1.2.0 (/home/legacy/trr_robot_ws/install/hardware_interface/share/hardware_interface/cmake)
[0.842s] -- Using all available rosidl_typesupport_c: rosidl_typesupport_fastrtps_c;rosidl_typesupport_introspection_c
[0.850s] -- Found rosidl_adapter: 1.2.1 (/opt/ros/foxy/share/rosidl_adapter/cmake)
[0.917s] -- Found OpenSSL: /home/linuxbrew/.linuxbrew/Cellar/openssl@1.1/1.1.1k/lib/libcrypto.so (found version "1.1.1k")  
[0.953s] -- Found FastRTPS: /opt/ros/foxy/include  
[1.047s] -- Using all available rosidl_typesupport_cpp: rosidl_typesupport_fastrtps_cpp;rosidl_typesupport_introspection_cpp
[1.668s] -- Found rclcpp_lifecycle: 2.3.1 (/opt/ros/foxy/share/rclcpp_lifecycle/cmake)
[1.725s] -- Found rmw_implementation_cmake: 1.0.3 (/opt/ros/foxy/share/rmw_implementation_cmake/cmake)
[1.727s] -- Using RMW implementation 'rmw_fastrtps_cpp' as default
[1.728s] -- Looking for pthread.h
[1.811s] -- Looking for pthread.h - found
[1.811s] -- Performing Test CMAKE_HAVE_LIBC_PTHREAD
[1.897s] -- Performing Test CMAKE_HAVE_LIBC_PTHREAD - Failed
[1.897s] -- Looking for pthread_create in pthreads
[1.971s] -- Looking for pthread_create in pthreads - not found
[1.971s] -- Looking for pthread_create in pthread
[2.091s] -- Looking for pthread_create in pthread - found
[2.093s] -- Found Threads: TRUE  
[2.418s] -- Found ament_cmake_gmock: 0.9.8 (/opt/ros/foxy/share/ament_cmake_gmock/cmake)
[2.420s] -- Found ament_lint_auto: 0.9.6 (/opt/ros/foxy/share/ament_lint_auto/cmake)
[2.425s] -- Found sensor_msgs: 2.0.4 (/opt/ros/foxy/share/sensor_msgs/cmake)
[2.670s] -- Found gmock sources under '/opt/ros/foxy/src/gmock_vendor': C++ tests using 'Google Mock' will be built
[2.677s] -- Found ament_cmake_gtest: 0.9.8 (/opt/ros/foxy/share/ament_cmake_gtest/cmake)
[2.678s] -- Found gtest sources under '/opt/ros/foxy/src/gtest_vendor': C++ tests using 'Google Test' will be built
[2.745s] -- Added test 'copyright' to check source files copyright and LICENSE
[2.748s] -- Added test 'cppcheck' to perform static code analysis on C / C++ code
[2.749s] -- Configured cppcheck include dirs: /home/legacy/trr_robot_ws/src/ros2_control/controller_interface/include
[2.749s] -- Configured cppcheck exclude dirs and/or files: 
[2.750s] -- Added test 'lint_cmake' to check CMake code style
[2.752s] -- Added test 'xmllint' to check XML markup files
[2.760s] -- Configuring done
[2.895s] -- Generating done
[2.899s] -- Build files have been written to: /home/legacy/trr_robot_ws/build/controller_interface
[2.914s] Invoked command in '/home/legacy/trr_robot_ws/build/controller_interface' returned '0': AMENT_PREFIX_PATH=/home/legacy/trr_robot_ws/install/hardware_interface:${AMENT_PREFIX_PATH} CMAKE_PREFIX_PATH=/home/legacy/trr_robot_ws/install/hardware_interface:/opt/ros/foxy LD_LIBRARY_PATH=/home/legacy/trr_robot_ws/install/hardware_interface/lib:${LD_LIBRARY_PATH} /usr/bin/cmake /home/legacy/trr_robot_ws/src/ros2_control/controller_interface -DCMAKE_INSTALL_PREFIX=/home/legacy/trr_robot_ws/install/controller_interface
[2.919s] Invoking command in '/home/legacy/trr_robot_ws/build/controller_interface': AMENT_PREFIX_PATH=/home/legacy/trr_robot_ws/install/hardware_interface:${AMENT_PREFIX_PATH} CMAKE_PREFIX_PATH=/home/legacy/trr_robot_ws/install/hardware_interface:/opt/ros/foxy LD_LIBRARY_PATH=/home/legacy/trr_robot_ws/install/hardware_interface/lib:${LD_LIBRARY_PATH} /usr/bin/cmake --build /home/legacy/trr_robot_ws/build/controller_interface -- -j8 -l8
[2.990s] [35m[1mScanning dependencies of target gmock[0m
[2.990s] [35m[1mScanning dependencies of target gmock_main[0m
[2.991s] [35m[1mScanning dependencies of target controller_interface[0m
[3.035s] [  6%] [32mBuilding CXX object gmock/CMakeFiles/gmock_main.dir/src/gmock_main.cc.o[0m
[3.041s] [ 13%] [32mBuilding CXX object gmock/CMakeFiles/gmock.dir/opt/ros/foxy/src/gtest_vendor/src/gtest-all.cc.o[0m
[3.045s] [ 20%] [32mBuilding CXX object gmock/CMakeFiles/gmock.dir/src/gmock-all.cc.o[0m
[3.160s] [ 26%] [32mBuilding CXX object CMakeFiles/controller_interface.dir/src/controller_interface.cpp.o[0m
[5.197s] [ 33%] [32m[1mLinking CXX static library libgmock_main.a[0m
[5.253s] [ 33%] Built target gmock_main
[5.916s] [ 40%] [32m[1mLinking CXX shared library libcontroller_interface.so[0m
[6.103s] [ 40%] Built target controller_interface
[7.853s] [ 46%] [32m[1mLinking CXX static library libgmock.a[0m
[7.924s] [ 46%] Built target gmock
[7.939s] [35m[1mScanning dependencies of target test_imu_sensor[0m
[7.942s] [35m[1mScanning dependencies of target test_force_torque_sensor[0m
[7.942s] [35m[1mScanning dependencies of target test_controller_with_options[0m
[7.942s] [35m[1mScanning dependencies of target test_semantic_component_interface[0m
[7.976s] [ 53%] [32mBuilding CXX object CMakeFiles/test_force_torque_sensor.dir/test/test_force_torque_sensor.cpp.o[0m
[7.977s] [ 60%] [32mBuilding CXX object CMakeFiles/test_semantic_component_interface.dir/test/test_semantic_component_interface.cpp.o[0m
[7.987s] [ 66%] [32mBuilding CXX object CMakeFiles/test_imu_sensor.dir/test/test_imu_sensor.cpp.o[0m
[8.029s] [ 73%] [32mBuilding CXX object CMakeFiles/test_controller_with_options.dir/test/test_controller_with_options.cpp.o[0m
[9.838s] [ 80%] [32m[1mLinking CXX executable test_force_torque_sensor[0m
[10.150s] [ 80%] Built target test_force_torque_sensor
[10.296s] [ 86%] [32m[1mLinking CXX executable test_imu_sensor[0m
[10.309s] [ 93%] [32m[1mLinking CXX executable test_semantic_component_interface[0m
[10.595s] [ 93%] Built target test_semantic_component_interface
[10.596s] [ 93%] Built target test_imu_sensor
[11.168s] [100%] [32m[1mLinking CXX executable test_controller_with_options[0m
[11.423s] [100%] Built target test_controller_with_options
