[0.036s] Invoking command in '/home/legacy/trr_robot_ws/build/ros2_control_demo_hardware': CMAKE_PREFIX_PATH=/opt/ros/foxy /usr/bin/cmake /home/legacy/trr_robot_ws/src/ros2_control_demos/ros2_control_demo_hardware -DCMAKE_INSTALL_PREFIX=/home/legacy/trr_robot_ws/install/ros2_control_demo_hardware
[0.749s] -- The C compiler identification is GNU 9.3.0
[0.750s] -- The CXX compiler identification is GNU 9.3.0
[0.751s] -- Check for working C compiler: /usr/bin/cc
[0.752s] -- Check for working C compiler: /usr/bin/cc -- works
[0.753s] -- Detecting C compiler ABI info
[0.753s] -- Detecting C compiler ABI info - done
[0.754s] -- Detecting C compile features
[0.754s] -- Detecting C compile features - done
[0.754s] -- Check for working CXX compiler: /usr/bin/c++
[0.754s] -- Check for working CXX compiler: /usr/bin/c++ -- works
[0.754s] -- Detecting CXX compiler ABI info
[0.755s] -- Detecting CXX compiler ABI info - done
[0.755s] -- Detecting CXX compile features
[0.755s] -- Detecting CXX compile features - done
[0.755s] -- Found ament_cmake: 0.9.8 (/opt/ros/foxy/share/ament_cmake/cmake)
[0.756s] -- Found PythonInterp: /usr/bin/python3 (found suitable version "3.8.10", minimum required is "3") 
[0.757s] -- Using PYTHON_EXECUTABLE: /usr/bin/python3
[1.128s] -- Found hardware_interface: 0.8.1 (/opt/ros/foxy/share/hardware_interface/cmake)
[1.216s] -- Using all available rosidl_typesupport_c: rosidl_typesupport_fastrtps_c;rosidl_typesupport_introspection_c
[1.235s] -- Found rosidl_adapter: 1.2.1 (/opt/ros/foxy/share/rosidl_adapter/cmake)
[1.360s] -- Found OpenSSL: /home/linuxbrew/.linuxbrew/Cellar/openssl@1.1/1.1.1k/lib/libcrypto.so (found version "1.1.1k")  
[1.421s] -- Found FastRTPS: /opt/ros/foxy/include  
[1.544s] -- Using all available rosidl_typesupport_cpp: rosidl_typesupport_fastrtps_cpp;rosidl_typesupport_introspection_cpp
[2.155s] -- Found rclcpp: 2.3.1 (/opt/ros/foxy/share/rclcpp/cmake)
[2.197s] -- Found rmw_implementation_cmake: 1.0.3 (/opt/ros/foxy/share/rmw_implementation_cmake/cmake)
[2.198s] -- Using RMW implementation 'rmw_fastrtps_cpp' as default
[2.199s] -- Looking for pthread.h
[2.266s] -- Looking for pthread.h - found
[2.267s] -- Performing Test CMAKE_HAVE_LIBC_PTHREAD
[2.335s] -- Performing Test CMAKE_HAVE_LIBC_PTHREAD - Failed
[2.335s] -- Looking for pthread_create in pthreads
[2.388s] -- Looking for pthread_create in pthreads - not found
[2.388s] -- Looking for pthread_create in pthread
[2.456s] -- Looking for pthread_create in pthread - found
[2.457s] -- Found Threads: TRUE  
[2.599s] -- Found rclcpp_lifecycle: 2.3.1 (/opt/ros/foxy/share/rclcpp_lifecycle/cmake)
[2.641s] -- Found ament_cmake_gtest: 0.9.8 (/opt/ros/foxy/share/ament_cmake_gtest/cmake)
[2.702s] -- Configuring done
[2.726s] -- Generating done
[2.728s] -- Build files have been written to: /home/legacy/trr_robot_ws/build/ros2_control_demo_hardware
[2.735s] Invoked command in '/home/legacy/trr_robot_ws/build/ros2_control_demo_hardware' returned '0': CMAKE_PREFIX_PATH=/opt/ros/foxy /usr/bin/cmake /home/legacy/trr_robot_ws/src/ros2_control_demos/ros2_control_demo_hardware -DCMAKE_INSTALL_PREFIX=/home/legacy/trr_robot_ws/install/ros2_control_demo_hardware
[2.738s] Invoking command in '/home/legacy/trr_robot_ws/build/ros2_control_demo_hardware': CMAKE_PREFIX_PATH=/opt/ros/foxy /usr/bin/cmake --build /home/legacy/trr_robot_ws/build/ros2_control_demo_hardware -- -j8 -l8
[2.777s] [35m[1mScanning dependencies of target ros2_control_demo_hardware[0m
[2.837s] [ 14%] [32mBuilding CXX object CMakeFiles/ros2_control_demo_hardware.dir/src/diffbot_system.cpp.o[0m
[2.841s] [ 28%] [32mBuilding CXX object CMakeFiles/ros2_control_demo_hardware.dir/src/rrbot_system_position_only.cpp.o[0m
[2.841s] [ 42%] [32mBuilding CXX object CMakeFiles/ros2_control_demo_hardware.dir/src/rrbot_system_multi_interface.cpp.o[0m
[2.842s] [ 57%] [32mBuilding CXX object CMakeFiles/ros2_control_demo_hardware.dir/src/external_rrbot_force_torque_sensor.cpp.o[0m
[2.842s] [ 71%] [32mBuilding CXX object CMakeFiles/ros2_control_demo_hardware.dir/src/rrbot_system_with_sensor.cpp.o[0m
[2.843s] [ 85%] [32mBuilding CXX object CMakeFiles/ros2_control_demo_hardware.dir/src/rrbot_actuator.cpp.o[0m
[3.400s] In file included from [01m[K/home/legacy/trr_robot_ws/src/ros2_control_demos/ros2_control_demo_hardware/src/rrbot_system_with_sensor.cpp:19[m[K:
[3.400s] [01m[K/home/legacy/trr_robot_ws/src/ros2_control_demos/ros2_control_demo_hardware/include/ros2_control_demo_hardware/rrbot_system_with_sensor.hpp:34:42:[m[K [01;31m[Kerror: [m[K‘[01m[Knode_interfaces[m[K’ in namespace ‘[01m[Krclcpp_lifecycle[m[K’ does not name a type
[3.400s]    34 | using CallbackReturn = rclcpp_lifecycle::[01;31m[Knode_interfaces[m[K::LifecycleNodeInterface::CallbackReturn;
[3.400s]       |                                          [01;31m[K^~~~~~~~~~~~~~~[m[K
[3.402s] [01m[K/home/legacy/trr_robot_ws/src/ros2_control_demos/ros2_control_demo_hardware/include/ros2_control_demo_hardware/rrbot_system_with_sensor.hpp:44:3:[m[K [01;31m[Kerror: [m[K‘[01m[KCallbackReturn[m[K’ does not name a type
[3.402s]    44 |   [01;31m[KCallbackReturn[m[K on_init(const hardware_interface::HardwareInfo & info) override;
[3.403s]       |   [01;31m[K^~~~~~~~~~~~~~[m[K
[3.405s] [01m[K/home/legacy/trr_robot_ws/src/ros2_control_demos/ros2_control_demo_hardware/include/ros2_control_demo_hardware/rrbot_system_with_sensor.hpp:47:3:[m[K [01;31m[Kerror: [m[K‘[01m[KCallbackReturn[m[K’ does not name a type
[3.405s]    47 |   [01;31m[KCallbackReturn[m[K on_configure(const rclcpp_lifecycle::State & previous_state) override;
[3.405s]       |   [01;31m[K^~~~~~~~~~~~~~[m[K
[3.406s] In file included from [01m[K/home/legacy/trr_robot_ws/src/ros2_control_demos/ros2_control_demo_hardware/src/external_rrbot_force_torque_sensor.cpp:19[m[K:
[3.407s] [01m[K/home/legacy/trr_robot_ws/src/ros2_control_demos/ros2_control_demo_hardware/include/ros2_control_demo_hardware/external_rrbot_force_torque_sensor.hpp:43:3:[m[K [01;31m[Kerror: [m[K‘[01m[KCallbackReturn[m[K’ does not name a type
[3.407s]    43 |   [01;31m[KCallbackReturn[m[K on_init(const hardware_interface::HardwareInfo & info) override;
[3.407s]       |   [01;31m[K^~~~~~~~~~~~~~[m[K
[3.407s] [01m[K/home/legacy/trr_robot_ws/src/ros2_control_demos/ros2_control_demo_hardware/include/ros2_control_demo_hardware/rrbot_system_with_sensor.hpp:56:3:[m[K [01;31m[Kerror: [m[K‘[01m[KCallbackReturn[m[K’ does not name a type
[3.407s]    56 |   [01;31m[KCallbackReturn[m[K on_activate(const rclcpp_lifecycle::State & previous_state) override;
[3.408s]       |   [01;31m[K^~~~~~~~~~~~~~[m[K
[3.409s] [01m[K/home/legacy/trr_robot_ws/src/ros2_control_demos/ros2_control_demo_hardware/include/ros2_control_demo_hardware/external_rrbot_force_torque_sensor.hpp:49:3:[m[K [01;31m[Kerror: [m[K‘[01m[KCallbackReturn[m[K’ does not name a type
[3.410s]    49 |   [01;31m[KCallbackReturn[m[K on_activate(const rclcpp_lifecycle::State & previous_state) override;
[3.410s]       |   [01;31m[K^~~~~~~~~~~~~~[m[K
[3.410s] [01m[K/home/legacy/trr_robot_ws/src/ros2_control_demos/ros2_control_demo_hardware/include/ros2_control_demo_hardware/rrbot_system_with_sensor.hpp:59:3:[m[K [01;31m[Kerror: [m[K‘[01m[KCallbackReturn[m[K’ does not name a type
[3.410s]    59 |   [01;31m[KCallbackReturn[m[K on_deactivate(const rclcpp_lifecycle::State & previous_state) override;
[3.410s]       |   [01;31m[K^~~~~~~~~~~~~~[m[K
[3.412s] [01m[K/home/legacy/trr_robot_ws/src/ros2_control_demos/ros2_control_demo_hardware/include/ros2_control_demo_hardware/external_rrbot_force_torque_sensor.hpp:52:3:[m[K [01;31m[Kerror: [m[K‘[01m[KCallbackReturn[m[K’ does not name a type
[3.413s]    52 |   [01;31m[KCallbackReturn[m[K on_deactivate(const rclcpp_lifecycle::State & previous_state) override;
[3.413s]       |   [01;31m[K^~~~~~~~~~~~~~[m[K
[3.735s] In file included from [01m[K/home/legacy/trr_robot_ws/src/ros2_control_demos/ros2_control_demo_hardware/src/rrbot_actuator.cpp:19[m[K:
[3.736s] [01m[K/home/legacy/trr_robot_ws/src/ros2_control_demos/ros2_control_demo_hardware/include/ros2_control_demo_hardware/rrbot_actuator.hpp:42:3:[m[K [01;31m[Kerror: [m[K‘[01m[KCallbackReturn[m[K’ does not name a type
[3.736s]    42 |   [01;31m[KCallbackReturn[m[K on_init(const hardware_interface::HardwareInfo & info) override;
[3.736s]       |   [01;31m[K^~~~~~~~~~~~~~[m[K
[3.739s] [01m[K/home/legacy/trr_robot_ws/src/ros2_control_demos/ros2_control_demo_hardware/include/ros2_control_demo_hardware/rrbot_actuator.hpp:51:3:[m[K [01;31m[Kerror: [m[K‘[01m[KCallbackReturn[m[K’ does not name a type
[3.739s]    51 |   [01;31m[KCallbackReturn[m[K on_activate(const rclcpp_lifecycle::State & previous_state) override;
[3.740s]       |   [01;31m[K^~~~~~~~~~~~~~[m[K
[3.743s] [01m[K/home/legacy/trr_robot_ws/src/ros2_control_demos/ros2_control_demo_hardware/include/ros2_control_demo_hardware/rrbot_actuator.hpp:54:3:[m[K [01;31m[Kerror: [m[K‘[01m[KCallbackReturn[m[K’ does not name a type
[3.743s]    54 |   [01;31m[KCallbackReturn[m[K on_deactivate(const rclcpp_lifecycle::State & previous_state) override;
[3.744s]       |   [01;31m[K^~~~~~~~~~~~~~[m[K
[3.811s] In file included from [01m[K/home/legacy/trr_robot_ws/src/ros2_control_demos/ros2_control_demo_hardware/src/diffbot_system.cpp:15[m[K:
[3.811s] [01m[K/home/legacy/trr_robot_ws/src/ros2_control_demos/ros2_control_demo_hardware/include/ros2_control_demo_hardware/diffbot_system.hpp:41:18:[m[K [01;31m[Kerror: [m[K‘[01m[KCallbackReturn ros2_control_demo_hardware::DiffBotSystemHardware::on_init(const hardware_interface::HardwareInfo&)[m[K’ marked ‘[01m[Koverride[m[K’, but does not override
[3.811s]    41 |   CallbackReturn [01;31m[Kon_init[m[K(const hardware_interface::HardwareInfo & info) override;
[3.812s]       |                  [01;31m[K^~~~~~~[m[K
[3.812s] [01m[K/home/legacy/trr_robot_ws/src/ros2_control_demos/ros2_control_demo_hardware/include/ros2_control_demo_hardware/diffbot_system.hpp:50:18:[m[K [01;31m[Kerror: [m[K‘[01m[KCallbackReturn ros2_control_demo_hardware::DiffBotSystemHardware::on_activate(const rclcpp_lifecycle::State&)[m[K’ marked ‘[01m[Koverride[m[K’, but does not override
[3.812s]    50 |   CallbackReturn [01;31m[Kon_activate[m[K(const rclcpp_lifecycle::State & previous_state) override;
[3.812s]       |                  [01;31m[K^~~~~~~~~~~[m[K
[3.813s] [01m[K/home/legacy/trr_robot_ws/src/ros2_control_demos/ros2_control_demo_hardware/include/ros2_control_demo_hardware/diffbot_system.hpp:53:18:[m[K [01;31m[Kerror: [m[K‘[01m[KCallbackReturn ros2_control_demo_hardware::DiffBotSystemHardware::on_deactivate(const rclcpp_lifecycle::State&)[m[K’ marked ‘[01m[Koverride[m[K’, but does not override
[3.813s]    53 |   CallbackReturn [01;31m[Kon_deactivate[m[K(const rclcpp_lifecycle::State & previous_state) override;
[3.813s]       |                  [01;31m[K^~~~~~~~~~~~~[m[K
[3.832s] In file included from [01m[K/home/legacy/trr_robot_ws/src/ros2_control_demos/ros2_control_demo_hardware/src/rrbot_system_multi_interface.cpp:15[m[K:
[3.832s] [01m[K/home/legacy/trr_robot_ws/src/ros2_control_demos/ros2_control_demo_hardware/include/ros2_control_demo_hardware/rrbot_system_multi_interface.hpp:42:18:[m[K [01;31m[Kerror: [m[K‘[01m[KCallbackReturn ros2_control_demo_hardware::RRBotSystemMultiInterfaceHardware::on_init(const hardware_interface::HardwareInfo&)[m[K’ marked ‘[01m[Koverride[m[K’, but does not override
[3.832s]    42 |   CallbackReturn [01;31m[Kon_init[m[K(const hardware_interface::HardwareInfo & info) override;
[3.832s]       |                  [01;31m[K^~~~~~~[m[K
[3.832s] In file included from [01m[K/home/legacy/trr_robot_ws/src/ros2_control_demos/ros2_control_demo_hardware/src/rrbot_system_position_only.cpp:15[m[K:
[3.833s] [01m[K/home/legacy/trr_robot_ws/src/ros2_control_demos/ros2_control_demo_hardware/include/ros2_control_demo_hardware/rrbot_system_position_only.hpp:41:18:[m[K [01;31m[Kerror: [m[K‘[01m[KCallbackReturn ros2_control_demo_hardware::RRBotSystemPositionOnlyHardware::on_init(const hardware_interface::HardwareInfo&)[m[K’ marked ‘[01m[Koverride[m[K’, but does not override
[3.833s]    41 |   CallbackReturn [01;31m[Kon_init[m[K(const hardware_interface::HardwareInfo & info) override;
[3.833s]       |                  [01;31m[K^~~~~~~[m[K
[3.833s] [01m[K/home/legacy/trr_robot_ws/src/ros2_control_demos/ros2_control_demo_hardware/include/ros2_control_demo_hardware/rrbot_system_multi_interface.hpp:56:18:[m[K [01;31m[Kerror: [m[K‘[01m[KCallbackReturn ros2_control_demo_hardware::RRBotSystemMultiInterfaceHardware::on_activate(const rclcpp_lifecycle::State&)[m[K’ marked ‘[01m[Koverride[m[K’, but does not override
[3.834s]    56 |   CallbackReturn [01;31m[Kon_activate[m[K(const rclcpp_lifecycle::State & previous_state) override;
[3.834s]       |                  [01;31m[K^~~~~~~~~~~[m[K
[3.834s] [01m[K/home/legacy/trr_robot_ws/src/ros2_control_demos/ros2_control_demo_hardware/include/ros2_control_demo_hardware/rrbot_system_position_only.hpp:44:18:[m[K [01;31m[Kerror: [m[K‘[01m[KCallbackReturn ros2_control_demo_hardware::RRBotSystemPositionOnlyHardware::on_configure(const rclcpp_lifecycle::State&)[m[K’ marked ‘[01m[Koverride[m[K’, but does not override
[3.834s]    44 |   CallbackReturn [01;31m[Kon_configure[m[K(const rclcpp_lifecycle::State & previous_state) override;
[3.834s]       |                  [01;31m[K^~~~~~~~~~~~[m[K
[3.835s] [01m[K/home/legacy/trr_robot_ws/src/ros2_control_demos/ros2_control_demo_hardware/include/ros2_control_demo_hardware/rrbot_system_multi_interface.hpp:59:18:[m[K [01;31m[Kerror: [m[K‘[01m[KCallbackReturn ros2_control_demo_hardware::RRBotSystemMultiInterfaceHardware::on_deactivate(const rclcpp_lifecycle::State&)[m[K’ marked ‘[01m[Koverride[m[K’, but does not override
[3.835s]    59 |   CallbackReturn [01;31m[Kon_deactivate[m[K(const rclcpp_lifecycle::State & previous_state) override;
[3.835s]       |                  [01;31m[K^~~~~~~~~~~~~[m[K
[3.836s] [01m[K/home/legacy/trr_robot_ws/src/ros2_control_demos/ros2_control_demo_hardware/include/ros2_control_demo_hardware/rrbot_system_position_only.hpp:53:18:[m[K [01;31m[Kerror: [m[K‘[01m[KCallbackReturn ros2_control_demo_hardware::RRBotSystemPositionOnlyHardware::on_activate(const rclcpp_lifecycle::State&)[m[K’ marked ‘[01m[Koverride[m[K’, but does not override
[3.836s]    53 |   CallbackReturn [01;31m[Kon_activate[m[K(const rclcpp_lifecycle::State & previous_state) override;
[3.836s]       |                  [01;31m[K^~~~~~~~~~~[m[K
[3.836s] [01m[K/home/legacy/trr_robot_ws/src/ros2_control_demos/ros2_control_demo_hardware/include/ros2_control_demo_hardware/rrbot_system_position_only.hpp:56:18:[m[K [01;31m[Kerror: [m[K‘[01m[KCallbackReturn ros2_control_demo_hardware::RRBotSystemPositionOnlyHardware::on_deactivate(const rclcpp_lifecycle::State&)[m[K’ marked ‘[01m[Koverride[m[K’, but does not override
[3.836s]    56 |   CallbackReturn [01;31m[Kon_deactivate[m[K(const rclcpp_lifecycle::State & previous_state) override;
[3.837s]       |                  [01;31m[K^~~~~~~~~~~~~[m[K
[4.952s] [01m[K/home/legacy/trr_robot_ws/src/ros2_control_demos/ros2_control_demo_hardware/src/rrbot_system_with_sensor.cpp:32:1:[m[K [01;31m[Kerror: [m[K‘[01m[KCallbackReturn[m[K’ does not name a type
[4.952s]    32 | [01;31m[KCallbackReturn[m[K RRBotSystemWithSensorHardware::on_init(const hardware_interface::HardwareInfo & info)
[4.952s]       | [01;31m[K^~~~~~~~~~~~~~[m[K
[4.955s] [01m[K/home/legacy/trr_robot_ws/src/ros2_control_demos/ros2_control_demo_hardware/src/rrbot_system_with_sensor.cpp:92:1:[m[K [01;31m[Kerror: [m[K‘[01m[KCallbackReturn[m[K’ does not name a type
[4.955s]    92 | [01;31m[KCallbackReturn[m[K RRBotSystemWithSensorHardware::on_configure(
[4.955s]       | [01;31m[K^~~~~~~~~~~~~~[m[K
[4.962s] [01m[K/home/legacy/trr_robot_ws/src/ros2_control_demos/ros2_control_demo_hardware/src/rrbot_system_with_sensor.cpp:[m[K In member function ‘[01m[Kvirtual std::vector<hardware_interface::StateInterface> ros2_control_demo_hardware::RRBotSystemWithSensorHardware::export_state_interfaces()[m[K’:
[4.962s] [01m[K/home/legacy/trr_robot_ws/src/ros2_control_demos/ros2_control_demo_hardware/src/rrbot_system_with_sensor.cpp:122:24:[m[K [01;31m[Kerror: [m[K‘[01m[Kinfo_[m[K’ was not declared in this scope
[4.962s]   122 |   for (uint i = 0; i < [01;31m[Kinfo_[m[K.joints.size(); i++)
[4.962s]       |                        [01;31m[K^~~~~[m[K
[4.964s] [01m[K/home/legacy/trr_robot_ws/src/ros2_control_demos/ros2_control_demo_hardware/src/rrbot_system_with_sensor.cpp:129:24:[m[K [01;31m[Kerror: [m[K‘[01m[Kinfo_[m[K’ was not declared in this scope
[4.964s]   129 |   for (uint i = 0; i < [01;31m[Kinfo_[m[K.sensors[0].state_interfaces.size(); i++)
[4.964s]       |                        [01;31m[K^~~~~[m[K
[4.971s] [01m[K/home/legacy/trr_robot_ws/src/ros2_control_demos/ros2_control_demo_hardware/src/rrbot_system_with_sensor.cpp:[m[K In member function ‘[01m[Kvirtual std::vector<hardware_interface::CommandInterface> ros2_control_demo_hardware::RRBotSystemWithSensorHardware::export_command_interfaces()[m[K’:
[4.971s] [01m[K/home/legacy/trr_robot_ws/src/ros2_control_demos/ros2_control_demo_hardware/src/rrbot_system_with_sensor.cpp:142:24:[m[K [01;31m[Kerror: [m[K‘[01m[Kinfo_[m[K’ was not declared in this scope
[4.972s]   142 |   for (uint i = 0; i < [01;31m[Kinfo_[m[K.joints.size(); i++)
[4.972s]       |                        [01;31m[K^~~~~[m[K
[4.975s] [01m[K/home/legacy/trr_robot_ws/src/ros2_control_demos/ros2_control_demo_hardware/src/rrbot_system_with_sensor.cpp:[m[K At global scope:
[4.975s] [01m[K/home/legacy/trr_robot_ws/src/ros2_control_demos/ros2_control_demo_hardware/src/rrbot_system_with_sensor.cpp:151:1:[m[K [01;31m[Kerror: [m[K‘[01m[KCallbackReturn[m[K’ does not name a type
[4.975s]   151 | [01;31m[KCallbackReturn[m[K RRBotSystemWithSensorHardware::on_activate(
[4.975s]       | [01;31m[K^~~~~~~~~~~~~~[m[K
[4.978s] [01m[K/home/legacy/trr_robot_ws/src/ros2_control_demos/ros2_control_demo_hardware/src/rrbot_system_with_sensor.cpp:181:1:[m[K [01;31m[Kerror: [m[K‘[01m[KCallbackReturn[m[K’ does not name a type
[4.978s]   181 | [01;31m[KCallbackReturn[m[K RRBotSystemWithSensorHardware::on_deactivate(
[4.978s]       | [01;31m[K^~~~~~~~~~~~~~[m[K
[4.978s] [01m[K/home/legacy/trr_robot_ws/src/ros2_control_demos/ros2_control_demo_hardware/src/external_rrbot_force_torque_sensor.cpp:32:1:[m[K [01;31m[Kerror: [m[K‘[01m[KCallbackReturn[m[K’ does not name a type
[4.978s]    32 | [01;31m[KCallbackReturn[m[K ExternalRRBotForceTorqueSensorHardware::on_init(
[4.979s]       | [01;31m[K^~~~~~~~~~~~~~[m[K
[4.983s] In file included from [01m[K/opt/ros/foxy/include/rclcpp/client.hpp:40[m[K,
[4.984s]                  from [01m[K/opt/ros/foxy/include/rclcpp/callback_group.hpp:23[m[K,
[4.984s]                  from [01m[K/opt/ros/foxy/include/rclcpp/any_executable.hpp:20[m[K,
[4.984s]                  from [01m[K/opt/ros/foxy/include/rclcpp/memory_strategy.hpp:24[m[K,
[4.984s]                  from [01m[K/opt/ros/foxy/include/rclcpp/memory_strategies.hpp:18[m[K,
[4.985s]                  from [01m[K/opt/ros/foxy/include/rclcpp/executor_options.hpp:20[m[K,
[4.985s]                  from [01m[K/opt/ros/foxy/include/rclcpp/executor.hpp:33[m[K,
[4.985s]                  from [01m[K/opt/ros/foxy/include/rclcpp/executors/multi_threaded_executor.hpp:25[m[K,
[4.985s]                  from [01m[K/opt/ros/foxy/include/rclcpp/executors.hpp:21[m[K,
[4.986s]                  from [01m[K/opt/ros/foxy/include/rclcpp/rclcpp.hpp:146[m[K,
[4.986s]                  from [01m[K/home/legacy/trr_robot_ws/src/ros2_control_demos/ros2_control_demo_hardware/src/rrbot_system_with_sensor.cpp:28[m[K:
[4.986s] [01m[K/home/legacy/trr_robot_ws/src/ros2_control_demos/ros2_control_demo_hardware/src/rrbot_system_with_sensor.cpp:[m[K In member function ‘[01m[Kvirtual hardware_interface::return_type ros2_control_demo_hardware::RRBotSystemWithSensorHardware::read()[m[K’:
[4.986s] [01m[K/home/legacy/trr_robot_ws/src/ros2_control_demos/ros2_control_demo_hardware/src/rrbot_system_with_sensor.cpp:222:29:[m[K [01;31m[Kerror: [m[K‘[01m[Kinfo_[m[K’ was not declared in this scope
[4.986s]   222 |       hw_sensor_states_[i], [01;31m[Kinfo_[m[K.sensors[0].state_interfaces[i].name.c_str());
[4.987s]       |                             [01;31m[K^~~~~[m[K
[4.987s] [01m[K/home/legacy/trr_robot_ws/src/ros2_control_demos/ros2_control_demo_hardware/src/external_rrbot_force_torque_sensor.cpp:[m[K In member function ‘[01m[Kvirtual std::vector<hardware_interface::StateInterface> ros2_control_demo_hardware::ExternalRRBotForceTorqueSensorHardware::export_state_interfaces()[m[K’:
[4.987s] [01m[K/home/legacy/trr_robot_ws/src/ros2_control_demos/ros2_control_demo_hardware/src/external_rrbot_force_torque_sensor.cpp:56:24:[m[K [01;31m[Kerror: [m[K‘[01m[Kinfo_[m[K’ was not declared in this scope
[4.987s]    56 |   for (uint i = 0; i < [01;31m[Kinfo_[m[K.sensors[0].state_interfaces.size(); i++)
[4.987s]       |                        [01;31m[K^~~~~[m[K
[4.988s] [01m[K/home/legacy/trr_robot_ws/src/ros2_control_demos/ros2_control_demo_hardware/src/external_rrbot_force_torque_sensor.cpp:[m[K At global scope:
[4.989s] [01m[K/home/legacy/trr_robot_ws/src/ros2_control_demos/ros2_control_demo_hardware/src/external_rrbot_force_torque_sensor.cpp:65:1:[m[K [01;31m[Kerror: [m[K‘[01m[KCallbackReturn[m[K’ does not name a type
[4.989s]    65 | [01;31m[KCallbackReturn[m[K ExternalRRBotForceTorqueSensorHardware::on_activate(
[4.989s]       | [01;31m[K^~~~~~~~~~~~~~[m[K
[4.992s] [01m[K/home/legacy/trr_robot_ws/src/ros2_control_demos/ros2_control_demo_hardware/src/external_rrbot_force_torque_sensor.cpp:85:1:[m[K [01;31m[Kerror: [m[K‘[01m[KCallbackReturn[m[K’ does not name a type
[4.992s]    85 | [01;31m[KCallbackReturn[m[K ExternalRRBotForceTorqueSensorHardware::on_deactivate(
[4.993s]       | [01;31m[K^~~~~~~~~~~~~~[m[K
[5.559s] In file included from [01m[K/opt/ros/foxy/include/class_loader/class_loader_core.hpp:57[m[K,
[5.559s]                  from [01m[K/opt/ros/foxy/include/class_loader/class_loader.hpp:55[m[K,
[5.559s]                  from [01m[K/opt/ros/foxy/include/pluginlib/class_list_macros.hpp:40[m[K,
[5.559s]                  from [01m[K/home/legacy/trr_robot_ws/src/ros2_control_demos/ros2_control_demo_hardware/src/rrbot_system_with_sensor.cpp:247[m[K:
[5.560s] /opt/ros/foxy/include/class_loader/meta_object.hpp: In instantiation of ‘[01m[KB* class_loader::impl::MetaObject<C, B>::create() const [with C = ros2_control_demo_hardware::RRBotSystemWithSensorHardware; B = hardware_interface::SystemInterface][m[K’:
[5.560s] [01m[K/opt/ros/foxy/include/class_loader/meta_object.hpp:216:7:[m[K   required from here
[5.560s] [01m[K/opt/ros/foxy/include/class_loader/meta_object.hpp:218:12:[m[K [01;31m[Kerror: [m[Kinvalid new-expression of abstract class type ‘[01m[Kros2_control_demo_hardware::RRBotSystemWithSensorHardware[m[K’
[5.560s]   218 |     return [01;31m[Knew C[m[K;
[5.561s]       |            [01;31m[K^~~~~[m[K
[5.561s] In file included from [01m[K/home/legacy/trr_robot_ws/src/ros2_control_demos/ros2_control_demo_hardware/src/rrbot_system_with_sensor.cpp:19[m[K:
[5.561s] [01m[K/home/legacy/trr_robot_ws/src/ros2_control_demos/ros2_control_demo_hardware/include/ros2_control_demo_hardware/rrbot_system_with_sensor.hpp:38:7:[m[K [01;36m[Knote: [m[K  because the following virtual functions are pure within ‘[01m[Kros2_control_demo_hardware::RRBotSystemWithSensorHardware[m[K’:
[5.561s]    38 | class [01;36m[KRRBotSystemWithSensorHardware[m[K : public hardware_interface::SystemInterface
[5.561s]       |       [01;36m[K^~~~~~~~~~~~~~~~~~~~~~~~~~~~~[m[K
[5.562s] In file included from [01m[K/home/legacy/trr_robot_ws/src/ros2_control_demos/ros2_control_demo_hardware/include/ros2_control_demo_hardware/rrbot_system_with_sensor.hpp:28[m[K,
[5.562s]                  from [01m[K/home/legacy/trr_robot_ws/src/ros2_control_demos/ros2_control_demo_hardware/src/rrbot_system_with_sensor.cpp:19[m[K:
[5.562s] [01m[K/opt/ros/foxy/include/hardware_interface/system_interface.hpp:48:23:[m[K [01;36m[Knote: [m[K	‘[01m[Kvirtual hardware_interface::return_type hardware_interface::SystemInterface::configure(const hardware_interface::HardwareInfo&)[m[K’
[5.563s]    48 |   virtual return_type [01;36m[Kconfigure[m[K(const HardwareInfo & system_info) = 0;
[5.563s]       |                       [01;36m[K^~~~~~~~~[m[K
[5.563s] [01m[K/opt/ros/foxy/include/hardware_interface/system_interface.hpp:116:23:[m[K [01;36m[Knote: [m[K	‘[01m[Kvirtual hardware_interface::return_type hardware_interface::SystemInterface::start()[m[K’
[5.563s]   116 |   virtual return_type [01;36m[Kstart[m[K() = 0;
[5.563s]       |                       [01;36m[K^~~~~[m[K
[5.564s] [01m[K/opt/ros/foxy/include/hardware_interface/system_interface.hpp:122:23:[m[K [01;36m[Knote: [m[K	‘[01m[Kvirtual hardware_interface::return_type hardware_interface::SystemInterface::stop()[m[K’
[5.564s]   122 |   virtual return_type [01;36m[Kstop[m[K() = 0;
[5.564s]       |                       [01;36m[K^~~~[m[K
[5.564s] [01m[K/opt/ros/foxy/include/hardware_interface/system_interface.hpp:128:23:[m[K [01;36m[Knote: [m[K	‘[01m[Kvirtual std::string hardware_interface::SystemInterface::get_name() const[m[K’
[5.565s]   128 |   virtual std::string [01;36m[Kget_name[m[K() const = 0;
[5.565s]       |                       [01;36m[K^~~~~~~~[m[K
[5.565s] [01m[K/opt/ros/foxy/include/hardware_interface/system_interface.hpp:134:18:[m[K [01;36m[Knote: [m[K	‘[01m[Kvirtual hardware_interface::status hardware_interface::SystemInterface::get_status() const[m[K’
[5.565s]   134 |   virtual status [01;36m[Kget_status[m[K() const = 0;
[5.565s]       |                  [01;36m[K^~~~~~~~~~[m[K
[5.573s] In file included from [01m[K/opt/ros/foxy/include/class_loader/class_loader_core.hpp:57[m[K,
[5.574s]                  from [01m[K/opt/ros/foxy/include/class_loader/class_loader.hpp:55[m[K,
[5.574s]                  from [01m[K/opt/ros/foxy/include/pluginlib/class_list_macros.hpp:40[m[K,
[5.574s]                  from [01m[K/home/legacy/trr_robot_ws/src/ros2_control_demos/ros2_control_demo_hardware/src/external_rrbot_force_torque_sensor.cpp:127[m[K:
[5.574s] /opt/ros/foxy/include/class_loader/meta_object.hpp: In instantiation of ‘[01m[KB* class_loader::impl::MetaObject<C, B>::create() const [with C = ros2_control_demo_hardware::ExternalRRBotForceTorqueSensorHardware; B = hardware_interface::SensorInterface][m[K’:
[5.575s] [01m[K/opt/ros/foxy/include/class_loader/meta_object.hpp:216:7:[m[K   required from here
[5.575s] [01m[K/opt/ros/foxy/include/class_loader/meta_object.hpp:218:12:[m[K [01;31m[Kerror: [m[Kinvalid new-expression of abstract class type ‘[01m[Kros2_control_demo_hardware::ExternalRRBotForceTorqueSensorHardware[m[K’
[5.575s]   218 |     return [01;31m[Knew C[m[K;
[5.575s]       |            [01;31m[K^~~~~[m[K
[5.575s] In file included from [01m[K/home/legacy/trr_robot_ws/src/ros2_control_demos/ros2_control_demo_hardware/src/external_rrbot_force_torque_sensor.cpp:19[m[K:
[5.576s] [01m[K/home/legacy/trr_robot_ws/src/ros2_control_demos/ros2_control_demo_hardware/include/ros2_control_demo_hardware/external_rrbot_force_torque_sensor.hpp:37:7:[m[K [01;36m[Knote: [m[K  because the following virtual functions are pure within ‘[01m[Kros2_control_demo_hardware::ExternalRRBotForceTorqueSensorHardware[m[K’:
[5.576s]    37 | class [01;36m[KExternalRRBotForceTorqueSensorHardware[m[K : public hardware_interface::SensorInterface
[5.576s]       |       [01;36m[K^~~~~~~~~~~~~~~~~~~~~~~~~~~~~~~~~~~~~~[m[K
[5.576s] In file included from [01m[K/home/legacy/trr_robot_ws/src/ros2_control_demos/ros2_control_demo_hardware/include/ros2_control_demo_hardware/external_rrbot_force_torque_sensor.hpp:28[m[K,
[5.577s]                  from [01m[K/home/legacy/trr_robot_ws/src/ros2_control_demos/ros2_control_demo_hardware/src/external_rrbot_force_torque_sensor.cpp:19[m[K:
[5.577s] [01m[K/opt/ros/foxy/include/hardware_interface/sensor_interface.hpp:47:23:[m[K [01;36m[Knote: [m[K	‘[01m[Kvirtual hardware_interface::return_type hardware_interface::SensorInterface::configure(const hardware_interface::HardwareInfo&)[m[K’
[5.577s]    47 |   virtual return_type [01;36m[Kconfigure[m[K(const HardwareInfo & sensor_info) = 0;
[5.577s]       |                       [01;36m[K^~~~~~~~~[m[K
[5.577s] [01m[K/opt/ros/foxy/include/hardware_interface/sensor_interface.hpp:64:23:[m[K [01;36m[Knote: [m[K	‘[01m[Kvirtual hardware_interface::return_type hardware_interface::SensorInterface::start()[m[K’
[5.578s]    64 |   virtual return_type [01;36m[Kstart[m[K() = 0;
[5.578s]       |                       [01;36m[K^~~~~[m[K
[5.578s] [01m[K/opt/ros/foxy/include/hardware_interface/sensor_interface.hpp:70:23:[m[K [01;36m[Knote: [m[K	‘[01m[Kvirtual hardware_interface::return_type hardware_interface::SensorInterface::stop()[m[K’
[5.578s]    70 |   virtual return_type [01;36m[Kstop[m[K() = 0;
[5.579s]       |                       [01;36m[K^~~~[m[K
[5.579s] [01m[K/opt/ros/foxy/include/hardware_interface/sensor_interface.hpp:76:23:[m[K [01;36m[Knote: [m[K	‘[01m[Kvirtual std::string hardware_interface::SensorInterface::get_name() const[m[K’
[5.579s]    76 |   virtual std::string [01;36m[Kget_name[m[K() const = 0;
[5.579s]       |                       [01;36m[K^~~~~~~~[m[K
[5.579s] [01m[K/opt/ros/foxy/include/hardware_interface/sensor_interface.hpp:82:18:[m[K [01;36m[Knote: [m[K	‘[01m[Kvirtual hardware_interface::status hardware_interface::SensorInterface::get_status() const[m[K’
[5.580s]    82 |   virtual status [01;36m[Kget_status[m[K() const = 0;
[5.580s]       |                  [01;36m[K^~~~~~~~~~[m[K
[5.646s] make[2]: *** [CMakeFiles/ros2_control_demo_hardware.dir/build.make:102: CMakeFiles/ros2_control_demo_hardware.dir/src/rrbot_system_with_sensor.cpp.o] Error 1
[5.646s] make[2]: *** Waiting for unfinished jobs....
[5.659s] make[2]: *** [CMakeFiles/ros2_control_demo_hardware.dir/build.make:128: CMakeFiles/ros2_control_demo_hardware.dir/src/external_rrbot_force_torque_sensor.cpp.o] Error 1
[5.966s] [01m[K/home/legacy/trr_robot_ws/src/ros2_control_demos/ros2_control_demo_hardware/src/diffbot_system.cpp:[m[K In member function ‘[01m[KCallbackReturn ros2_control_demo_hardware::DiffBotSystemHardware::on_init(const hardware_interface::HardwareInfo&)[m[K’:
[5.967s] [01m[K/home/legacy/trr_robot_ws/src/ros2_control_demos/ros2_control_demo_hardware/src/diffbot_system.cpp:34:44:[m[K [01;31m[Kerror: [m[K‘[01m[Kon_init[m[K’ is not a member of ‘[01m[Khardware_interface::SystemInterface[m[K’
[5.967s]    34 |   if (hardware_interface::SystemInterface::[01;31m[Kon_init[m[K(info) != CallbackReturn::SUCCESS)
[5.967s]       |                                            [01;31m[K^~~~~~~[m[K
[5.968s] [01m[K/home/legacy/trr_robot_ws/src/ros2_control_demos/ros2_control_demo_hardware/src/diffbot_system.cpp:39:24:[m[K [01;31m[Kerror: [m[K‘[01m[Kinfo_[m[K’ was not declared in this scope; did you mean ‘[01m[Kinfo[m[K’?
[5.969s]    39 |   hw_start_sec_ = stod([01;31m[Kinfo_[m[K.hardware_parameters["example_param_hw_start_duration_sec"]);
[5.969s]       |                        [01;31m[K^~~~~[m[K
[5.969s]       |                        [32m[Kinfo[m[K
[5.969s] [01m[K/home/legacy/trr_robot_ws/src/ros2_control_demos/ros2_control_demo_hardware/src/diffbot_system.cpp:39:19:[m[K [01;31m[Kerror: [m[K‘[01m[Kstod[m[K’ was not declared in this scope; did you mean ‘[01m[Kstd::__cxx11::stod[m[K’?
[5.970s]    39 |   hw_start_sec_ = [01;31m[Kstod[m[K(info_.hardware_parameters["example_param_hw_start_duration_sec"]);
[5.970s]       |                   [01;31m[K^~~~[m[K
[5.970s]       |                   [32m[Kstd::__cxx11::stod[m[K
[5.970s] In file included from [01m[K/usr/include/c++/9/string:55[m[K,
[5.970s]                  from [01m[K/usr/include/c++/9/stdexcept:39[m[K,
[5.970s]                  from [01m[K/usr/include/c++/9/array:39[m[K,
[5.971s]                  from [01m[K/usr/include/c++/9/tuple:39[m[K,
[5.971s]                  from [01m[K/usr/include/c++/9/bits/unique_ptr.h:37[m[K,
[5.971s]                  from [01m[K/usr/include/c++/9/memory:80[m[K,
[5.971s]                  from [01m[K/home/legacy/trr_robot_ws/src/ros2_control_demos/ros2_control_demo_hardware/include/ros2_control_demo_hardware/diffbot_system.hpp:18[m[K,
[5.971s]                  from [01m[K/home/legacy/trr_robot_ws/src/ros2_control_demos/ros2_control_demo_hardware/src/diffbot_system.cpp:15[m[K:
[5.972s] [01m[K/usr/include/c++/9/bits/basic_string.h:6639:3:[m[K [01;36m[Knote: [m[K‘[01m[Kstd::__cxx11::stod[m[K’ declared here
[5.972s]  6639 |   [01;36m[Kstod[m[K(const wstring& __str, size_t* __idx = 0)
[5.972s]       |   [01;36m[K^~~~[m[K
[5.978s] [01m[K/home/legacy/trr_robot_ws/src/ros2_control_demos/ros2_control_demo_hardware/src/rrbot_actuator.cpp:33:1:[m[K [01;31m[Kerror: [m[K‘[01m[KCallbackReturn[m[K’ does not name a type
[5.979s]    33 | [01;31m[KCallbackReturn[m[K RRBotModularJoint::on_init(const hardware_interface::HardwareInfo & info)
[5.979s]       | [01;31m[K^~~~~~~~~~~~~~[m[K
[5.981s] [01m[K/home/legacy/trr_robot_ws/src/ros2_control_demos/ros2_control_demo_hardware/src/diffbot_system.cpp:[m[K In member function ‘[01m[Kvirtual std::vector<hardware_interface::StateInterface> ros2_control_demo_hardware::DiffBotSystemHardware::export_state_interfaces()[m[K’:
[5.981s] [01m[K/home/legacy/trr_robot_ws/src/ros2_control_demos/ros2_control_demo_hardware/src/diffbot_system.cpp:100:25:[m[K [01;31m[Kerror: [m[K‘[01m[Kinfo_[m[K’ was not declared in this scope
[5.981s]   100 |   for (auto i = 0u; i < [01;31m[Kinfo_[m[K.joints.size(); i++)
[5.982s]       |                         [01;31m[K^~~~~[m[K
[5.984s] [01m[K/home/legacy/trr_robot_ws/src/ros2_control_demos/ros2_control_demo_hardware/src/rrbot_actuator.cpp:[m[K In member function ‘[01m[Kvirtual std::vector<hardware_interface::StateInterface> ros2_control_demo_hardware::RRBotModularJoint::export_state_interfaces()[m[K’:
[5.985s] [01m[K/home/legacy/trr_robot_ws/src/ros2_control_demos/ros2_control_demo_hardware/src/rrbot_actuator.cpp:92:5:[m[K [01;31m[Kerror: [m[K‘[01m[Kinfo_[m[K’ was not declared in this scope
[5.985s]    92 |     [01;31m[Kinfo_[m[K.joints[0].name, hardware_interface::HW_IF_POSITION, &hw_joint_state_));
[5.985s]       |     [01;31m[K^~~~~[m[K
[5.988s] [01m[K/home/legacy/trr_robot_ws/src/ros2_control_demos/ros2_control_demo_hardware/src/diffbot_system.cpp:[m[K In member function ‘[01m[Kvirtual std::vector<hardware_interface::CommandInterface> ros2_control_demo_hardware::DiffBotSystemHardware::export_command_interfaces()[m[K’:
[5.988s] [01m[K/home/legacy/trr_robot_ws/src/ros2_control_demos/ros2_control_demo_hardware/src/diffbot_system.cpp:114:25:[m[K [01;31m[Kerror: [m[K‘[01m[Kinfo_[m[K’ was not declared in this scope
[5.988s]   114 |   for (auto i = 0u; i < [01;31m[Kinfo_[m[K.joints.size(); i++)
[5.988s]       |                         [01;31m[K^~~~~[m[K
[5.991s] [01m[K/home/legacy/trr_robot_ws/src/ros2_control_demos/ros2_control_demo_hardware/src/rrbot_actuator.cpp:[m[K In member function ‘[01m[Kvirtual std::vector<hardware_interface::CommandInterface> ros2_control_demo_hardware::RRBotModularJoint::export_command_interfaces()[m[K’:
[5.991s] [01m[K/home/legacy/trr_robot_ws/src/ros2_control_demos/ros2_control_demo_hardware/src/rrbot_actuator.cpp:102:5:[m[K [01;31m[Kerror: [m[K‘[01m[Kinfo_[m[K’ was not declared in this scope
[5.991s]   102 |     [01;31m[Kinfo_[m[K.joints[0].name, hardware_interface::HW_IF_POSITION, &hw_joint_command_));
[5.992s]       |     [01;31m[K^~~~~[m[K
[5.994s] [01m[K/home/legacy/trr_robot_ws/src/ros2_control_demos/ros2_control_demo_hardware/src/rrbot_actuator.cpp:[m[K At global scope:
[5.994s] [01m[K/home/legacy/trr_robot_ws/src/ros2_control_demos/ros2_control_demo_hardware/src/rrbot_actuator.cpp:107:1:[m[K [01;31m[Kerror: [m[K‘[01m[KCallbackReturn[m[K’ does not name a type
[5.995s]   107 | [01;31m[KCallbackReturn[m[K RRBotModularJoint::on_activate(const rclcpp_lifecycle::State & /*previous_state*/)
[5.995s]       | [01;31m[K^~~~~~~~~~~~~~[m[K
[5.997s] [01m[K/home/legacy/trr_robot_ws/src/ros2_control_demos/ros2_control_demo_hardware/src/rrbot_actuator.cpp:129:1:[m[K [01;31m[Kerror: [m[K‘[01m[KCallbackReturn[m[K’ does not name a type
[5.997s]   129 | [01;31m[KCallbackReturn[m[K RRBotModularJoint::on_deactivate(const rclcpp_lifecycle::State & /*previous_state*/)
[5.997s]       | [01;31m[K^~~~~~~~~~~~~~[m[K
[5.999s] In file included from [01m[K/opt/ros/foxy/include/rclcpp/client.hpp:40[m[K,
[5.999s]                  from [01m[K/opt/ros/foxy/include/rclcpp/callback_group.hpp:23[m[K,
[5.999s]                  from [01m[K/opt/ros/foxy/include/rclcpp/any_executable.hpp:20[m[K,
[5.999s]                  from [01m[K/opt/ros/foxy/include/rclcpp/memory_strategy.hpp:24[m[K,
[6.000s]                  from [01m[K/opt/ros/foxy/include/rclcpp/memory_strategies.hpp:18[m[K,
[6.000s]                  from [01m[K/opt/ros/foxy/include/rclcpp/executor_options.hpp:20[m[K,
[6.000s]                  from [01m[K/opt/ros/foxy/include/rclcpp/executor.hpp:33[m[K,
[6.000s]                  from [01m[K/opt/ros/foxy/include/rclcpp/executors/multi_threaded_executor.hpp:25[m[K,
[6.001s]                  from [01m[K/opt/ros/foxy/include/rclcpp/executors.hpp:21[m[K,
[6.001s]                  from [01m[K/opt/ros/foxy/include/rclcpp/rclcpp.hpp:146[m[K,
[6.001s]                  from [01m[K/home/legacy/trr_robot_ws/src/ros2_control_demos/ros2_control_demo_hardware/src/diffbot_system.cpp:24[m[K:
[6.001s] [01m[K/home/legacy/trr_robot_ws/src/ros2_control_demos/ros2_control_demo_hardware/src/diffbot_system.cpp:[m[K In member function ‘[01m[Kvirtual hardware_interface::return_type ros2_control_demo_hardware::DiffBotSystemHardware::read()[m[K’:
[6.001s] [01m[K/home/legacy/trr_robot_ws/src/ros2_control_demos/ros2_control_demo_hardware/src/diffbot_system.cpp:186:26:[m[K [01;31m[Kerror: [m[K‘[01m[Kinfo_[m[K’ was not declared in this scope
[6.002s]   186 |       hw_velocities_[i], [01;31m[Kinfo_[m[K.joints[i].name.c_str());
[6.002s]       |                          [01;31m[K^~~~~[m[K
[6.002s] In file included from [01m[K/opt/ros/foxy/include/rclcpp/client.hpp:40[m[K,
[6.002s]                  from [01m[K/opt/ros/foxy/include/rclcpp/callback_group.hpp:23[m[K,
[6.002s]                  from [01m[K/opt/ros/foxy/include/rclcpp/any_executable.hpp:20[m[K,
[6.003s]                  from [01m[K/opt/ros/foxy/include/rclcpp/memory_strategy.hpp:24[m[K,
[6.003s]                  from [01m[K/opt/ros/foxy/include/rclcpp/memory_strategies.hpp:18[m[K,
[6.003s]                  from [01m[K/opt/ros/foxy/include/rclcpp/executor_options.hpp:20[m[K,
[6.003s]                  from [01m[K/opt/ros/foxy/include/rclcpp/executor.hpp:33[m[K,
[6.003s]                  from [01m[K/opt/ros/foxy/include/rclcpp/executors/multi_threaded_executor.hpp:25[m[K,
[6.004s]                  from [01m[K/opt/ros/foxy/include/rclcpp/executors.hpp:21[m[K,
[6.004s]                  from [01m[K/opt/ros/foxy/include/rclcpp/rclcpp.hpp:146[m[K,
[6.004s]                  from [01m[K/home/legacy/trr_robot_ws/src/ros2_control_demos/ros2_control_demo_hardware/src/rrbot_actuator.cpp:29[m[K:
[6.004s] [01m[K/home/legacy/trr_robot_ws/src/ros2_control_demos/ros2_control_demo_hardware/src/rrbot_actuator.cpp:[m[K In member function ‘[01m[Kvirtual hardware_interface::return_type ros2_control_demo_hardware::RRBotModularJoint::read()[m[K’:
[6.004s] [01m[K/home/legacy/trr_robot_ws/src/ros2_control_demos/ros2_control_demo_hardware/src/rrbot_actuator.cpp:152:5:[m[K [01;31m[Kerror: [m[K‘[01m[Kinfo_[m[K’ was not declared in this scope
[6.005s]   152 |     [01;31m[Kinfo_[m[K.joints[0].name.c_str());
[6.005s]       |     [01;31m[K^~~~~[m[K
[6.005s] [01m[K/home/legacy/trr_robot_ws/src/ros2_control_demos/ros2_control_demo_hardware/src/diffbot_system.cpp:[m[K In member function ‘[01m[Kvirtual hardware_interface::return_type ros2_control_demo_hardware::DiffBotSystemHardware::write()[m[K’:
[6.005s] [01m[K/home/legacy/trr_robot_ws/src/ros2_control_demos/ros2_control_demo_hardware/src/diffbot_system.cpp:214:7:[m[K [01;31m[Kerror: [m[K‘[01m[Kinfo_[m[K’ was not declared in this scope
[6.006s]   214 |       [01;31m[Kinfo_[m[K.joints[i].name.c_str());
[6.006s]       |       [01;31m[K^~~~~[m[K
[6.006s] [01m[K/home/legacy/trr_robot_ws/src/ros2_control_demos/ros2_control_demo_hardware/src/rrbot_actuator.cpp:[m[K In member function ‘[01m[Kvirtual hardware_interface::return_type ros2_control_demo_hardware::RRBotModularJoint::write()[m[K’:
[6.006s] [01m[K/home/legacy/trr_robot_ws/src/ros2_control_demos/ros2_control_demo_hardware/src/rrbot_actuator.cpp:166:5:[m[K [01;31m[Kerror: [m[K‘[01m[Kinfo_[m[K’ was not declared in this scope
[6.006s]   166 |     [01;31m[Kinfo_[m[K.joints[0].name.c_str());
[6.007s]       |     [01;31m[K^~~~~[m[K
[6.052s] [01m[K/home/legacy/trr_robot_ws/src/ros2_control_demos/ros2_control_demo_hardware/src/rrbot_system_multi_interface.cpp:[m[K In member function ‘[01m[KCallbackReturn ros2_control_demo_hardware::RRBotSystemMultiInterfaceHardware::on_init(const hardware_interface::HardwareInfo&)[m[K’:
[6.053s] [01m[K/home/legacy/trr_robot_ws/src/ros2_control_demos/ros2_control_demo_hardware/src/rrbot_system_multi_interface.cpp:32:44:[m[K [01;31m[Kerror: [m[K‘[01m[Kon_init[m[K’ is not a member of ‘[01m[Khardware_interface::SystemInterface[m[K’
[6.053s]    32 |   if (hardware_interface::SystemInterface::[01;31m[Kon_init[m[K(info) != CallbackReturn::SUCCESS)
[6.053s]       |                                            [01;31m[K^~~~~~~[m[K
[6.054s] [01m[K/home/legacy/trr_robot_ws/src/ros2_control_demos/ros2_control_demo_hardware/src/rrbot_system_multi_interface.cpp:37:24:[m[K [01;31m[Kerror: [m[K‘[01m[Kinfo_[m[K’ was not declared in this scope; did you mean ‘[01m[Kinfo[m[K’?
[6.054s]    37 |   hw_start_sec_ = stod([01;31m[Kinfo_[m[K.hardware_parameters["example_param_hw_start_duration_sec"]);
[6.055s]       |                        [01;31m[K^~~~~[m[K
[6.055s]       |                        [32m[Kinfo[m[K
[6.055s] [01m[K/home/legacy/trr_robot_ws/src/ros2_control_demos/ros2_control_demo_hardware/src/rrbot_system_multi_interface.cpp:37:19:[m[K [01;31m[Kerror: [m[K‘[01m[Kstod[m[K’ was not declared in this scope; did you mean ‘[01m[Kstd::__cxx11::stod[m[K’?
[6.055s]    37 |   hw_start_sec_ = [01;31m[Kstod[m[K(info_.hardware_parameters["example_param_hw_start_duration_sec"]);
[6.056s]       |                   [01;31m[K^~~~[m[K
[6.056s]       |                   [32m[Kstd::__cxx11::stod[m[K
[6.056s] In file included from [01m[K/usr/include/c++/9/string:55[m[K,
[6.056s]                  from [01m[K/usr/include/c++/9/stdexcept:39[m[K,
[6.057s]                  from [01m[K/usr/include/c++/9/array:39[m[K,
[6.057s]                  from [01m[K/usr/include/c++/9/tuple:39[m[K,
[6.057s]                  from [01m[K/usr/include/c++/9/bits/unique_ptr.h:37[m[K,
[6.057s]                  from [01m[K/usr/include/c++/9/memory:80[m[K,
[6.057s]                  from [01m[K/home/legacy/trr_robot_ws/src/ros2_control_demos/ros2_control_demo_hardware/include/ros2_control_demo_hardware/rrbot_system_multi_interface.hpp:19[m[K,
[6.058s]                  from [01m[K/home/legacy/trr_robot_ws/src/ros2_control_demos/ros2_control_demo_hardware/src/rrbot_system_multi_interface.cpp:15[m[K:
[6.058s] [01m[K/usr/include/c++/9/bits/basic_string.h:6639:3:[m[K [01;36m[Knote: [m[K‘[01m[Kstd::__cxx11::stod[m[K’ declared here
[6.058s]  6639 |   [01;36m[Kstod[m[K(const wstring& __str, size_t* __idx = 0)
[6.058s]       |   [01;36m[K^~~~[m[K
[6.060s] [01m[K/home/legacy/trr_robot_ws/src/ros2_control_demos/ros2_control_demo_hardware/src/rrbot_system_position_only.cpp:[m[K In member function ‘[01m[KCallbackReturn ros2_control_demo_hardware::RRBotSystemPositionOnlyHardware::on_init(const hardware_interface::HardwareInfo&)[m[K’:
[6.060s] [01m[K/home/legacy/trr_robot_ws/src/ros2_control_demos/ros2_control_demo_hardware/src/rrbot_system_position_only.cpp:31:44:[m[K [01;31m[Kerror: [m[K‘[01m[Kon_init[m[K’ is not a member of ‘[01m[Khardware_interface::SystemInterface[m[K’
[6.060s]    31 |   if (hardware_interface::SystemInterface::[01;31m[Kon_init[m[K(info) != CallbackReturn::SUCCESS)
[6.060s]       |                                            [01;31m[K^~~~~~~[m[K
[6.062s] [01m[K/home/legacy/trr_robot_ws/src/ros2_control_demos/ros2_control_demo_hardware/src/rrbot_system_position_only.cpp:36:24:[m[K [01;31m[Kerror: [m[K‘[01m[Kinfo_[m[K’ was not declared in this scope; did you mean ‘[01m[Kinfo[m[K’?
[6.062s]    36 |   hw_start_sec_ = stod([01;31m[Kinfo_[m[K.hardware_parameters["example_param_hw_start_duration_sec"]);
[6.062s]       |                        [01;31m[K^~~~~[m[K
[6.062s]       |                        [32m[Kinfo[m[K
[6.063s] [01m[K/home/legacy/trr_robot_ws/src/ros2_control_demos/ros2_control_demo_hardware/src/rrbot_system_position_only.cpp:36:19:[m[K [01;31m[Kerror: [m[K‘[01m[Kstod[m[K’ was not declared in this scope; did you mean ‘[01m[Kstd::__cxx11::stod[m[K’?
[6.063s]    36 |   hw_start_sec_ = [01;31m[Kstod[m[K(info_.hardware_parameters["example_param_hw_start_duration_sec"]);
[6.063s]       |                   [01;31m[K^~~~[m[K
[6.063s]       |                   [32m[Kstd::__cxx11::stod[m[K
[6.063s] In file included from [01m[K/usr/include/c++/9/string:55[m[K,
[6.064s]                  from [01m[K/usr/include/c++/9/stdexcept:39[m[K,
[6.064s]                  from [01m[K/usr/include/c++/9/array:39[m[K,
[6.064s]                  from [01m[K/usr/include/c++/9/tuple:39[m[K,
[6.064s]                  from [01m[K/usr/include/c++/9/bits/unique_ptr.h:37[m[K,
[6.064s]                  from [01m[K/usr/include/c++/9/memory:80[m[K,
[6.065s]                  from [01m[K/home/legacy/trr_robot_ws/src/ros2_control_demos/ros2_control_demo_hardware/include/ros2_control_demo_hardware/rrbot_system_position_only.hpp:18[m[K,
[6.065s]                  from [01m[K/home/legacy/trr_robot_ws/src/ros2_control_demos/ros2_control_demo_hardware/src/rrbot_system_position_only.cpp:15[m[K:
[6.065s] [01m[K/usr/include/c++/9/bits/basic_string.h:6639:3:[m[K [01;36m[Knote: [m[K‘[01m[Kstd::__cxx11::stod[m[K’ declared here
[6.065s]  6639 |   [01;36m[Kstod[m[K(const wstring& __str, size_t* __idx = 0)
[6.065s]       |   [01;36m[K^~~~[m[K
[6.067s] [01m[K/home/legacy/trr_robot_ws/src/ros2_control_demos/ros2_control_demo_hardware/src/rrbot_system_multi_interface.cpp:[m[K In member function ‘[01m[Kvirtual std::vector<hardware_interface::StateInterface> ros2_control_demo_hardware::RRBotSystemMultiInterfaceHardware::export_state_interfaces()[m[K’:
[6.068s] [01m[K/home/legacy/trr_robot_ws/src/ros2_control_demos/ros2_control_demo_hardware/src/rrbot_system_multi_interface.cpp:102:31:[m[K [01;31m[Kerror: [m[K‘[01m[Kinfo_[m[K’ was not declared in this scope
[6.068s]   102 |   for (std::size_t i = 0; i < [01;31m[Kinfo_[m[K.joints.size(); i++)
[6.068s]       |                               [01;31m[K^~~~~[m[K
[6.074s] [01m[K/home/legacy/trr_robot_ws/src/ros2_control_demos/ros2_control_demo_hardware/src/rrbot_system_multi_interface.cpp:[m[K In member function ‘[01m[Kvirtual std::vector<hardware_interface::CommandInterface> ros2_control_demo_hardware::RRBotSystemMultiInterfaceHardware::export_command_interfaces()[m[K’:
[6.074s] [01m[K/home/legacy/trr_robot_ws/src/ros2_control_demos/ros2_control_demo_hardware/src/rrbot_system_multi_interface.cpp:119:31:[m[K [01;31m[Kerror: [m[K‘[01m[Kinfo_[m[K’ was not declared in this scope
[6.074s]   119 |   for (std::size_t i = 0; i < [01;31m[Kinfo_[m[K.joints.size(); i++)
[6.075s]       |                               [01;31m[K^~~~~[m[K
[6.079s] [01m[K/home/legacy/trr_robot_ws/src/ros2_control_demos/ros2_control_demo_hardware/src/rrbot_system_multi_interface.cpp:[m[K In member function ‘[01m[Kvirtual hardware_interface::return_type ros2_control_demo_hardware::RRBotSystemMultiInterfaceHardware::prepare_command_mode_switch(const std::vector<std::__cxx11::basic_string<char> >&, const std::vector<std::__cxx11::basic_string<char> >&)[m[K’:
[6.079s] [01m[K/home/legacy/trr_robot_ws/src/ros2_control_demos/ros2_control_demo_hardware/src/rrbot_system_multi_interface.cpp:141:33:[m[K [01;31m[Kerror: [m[K‘[01m[Kinfo_[m[K’ was not declared in this scope
[6.079s]   141 |     for (std::size_t i = 0; i < [01;31m[Kinfo_[m[K.joints.size(); i++)
[6.079s]       |                                 [01;31m[K^~~~~[m[K
[6.079s] [01m[K/home/legacy/trr_robot_ws/src/ros2_control_demos/ros2_control_demo_hardware/src/rrbot_system_position_only.cpp:[m[K In member function ‘[01m[Kvirtual std::vector<hardware_interface::StateInterface> ros2_control_demo_hardware::RRBotSystemPositionOnlyHardware::export_state_interfaces()[m[K’:
[6.080s] [01m[K/home/legacy/trr_robot_ws/src/ros2_control_demos/ros2_control_demo_hardware/src/rrbot_system_position_only.cpp:116:24:[m[K [01;31m[Kerror: [m[K‘[01m[Kinfo_[m[K’ was not declared in this scope
[6.080s]   116 |   for (uint i = 0; i < [01;31m[Kinfo_[m[K.joints.size(); i++)
[6.080s]       |                        [01;31m[K^~~~~[m[K
[6.081s] [01m[K/home/legacy/trr_robot_ws/src/ros2_control_demos/ros2_control_demo_hardware/src/rrbot_system_multi_interface.cpp:158:27:[m[K [01;31m[Kerror: [m[K‘[01m[Kinfo_[m[K’ was not declared in this scope
[6.081s]   158 |   if (new_modes.size() != [01;31m[Kinfo_[m[K.joints.size())
[6.081s]       |                           [01;31m[K^~~~~[m[K
[6.084s] [01m[K/home/legacy/trr_robot_ws/src/ros2_control_demos/ros2_control_demo_hardware/src/rrbot_system_multi_interface.cpp:173:33:[m[K [01;31m[Kerror: [m[K‘[01m[Kinfo_[m[K’ was not declared in this scope
[6.084s]   173 |     for (std::size_t i = 0; i < [01;31m[Kinfo_[m[K.joints.size(); i++)
[6.084s]       |                                 [01;31m[K^~~~~[m[K
[6.087s] [01m[K/home/legacy/trr_robot_ws/src/ros2_control_demos/ros2_control_demo_hardware/src/rrbot_system_multi_interface.cpp:184:31:[m[K [01;31m[Kerror: [m[K‘[01m[Kinfo_[m[K’ was not declared in this scope
[6.087s]   184 |   for (std::size_t i = 0; i < [01;31m[Kinfo_[m[K.joints.size(); i++)
[6.087s]       |                               [01;31m[K^~~~~[m[K
[6.087s] [01m[K/home/legacy/trr_robot_ws/src/ros2_control_demos/ros2_control_demo_hardware/src/rrbot_system_position_only.cpp:[m[K In member function ‘[01m[Kvirtual std::vector<hardware_interface::CommandInterface> ros2_control_demo_hardware::RRBotSystemPositionOnlyHardware::export_command_interfaces()[m[K’:
[6.087s] [01m[K/home/legacy/trr_robot_ws/src/ros2_control_demos/ros2_control_demo_hardware/src/rrbot_system_position_only.cpp:129:24:[m[K [01;31m[Kerror: [m[K‘[01m[Kinfo_[m[K’ was not declared in this scope
[6.088s]   129 |   for (uint i = 0; i < [01;31m[Kinfo_[m[K.joints.size(); i++)
[6.088s]       |                        [01;31m[K^~~~~[m[K
[6.516s] In file included from [01m[K/opt/ros/foxy/include/class_loader/class_loader_core.hpp:57[m[K,
[6.516s]                  from [01m[K/opt/ros/foxy/include/class_loader/class_loader.hpp:55[m[K,
[6.516s]                  from [01m[K/opt/ros/foxy/include/pluginlib/class_list_macros.hpp:40[m[K,
[6.517s]                  from [01m[K/home/legacy/trr_robot_ws/src/ros2_control_demos/ros2_control_demo_hardware/src/diffbot_system.cpp:223[m[K:
[6.517s] /opt/ros/foxy/include/class_loader/meta_object.hpp: In instantiation of ‘[01m[KB* class_loader::impl::MetaObject<C, B>::create() const [with C = ros2_control_demo_hardware::DiffBotSystemHardware; B = hardware_interface::SystemInterface][m[K’:
[6.517s] [01m[K/opt/ros/foxy/include/class_loader/meta_object.hpp:216:7:[m[K   required from here
[6.517s] [01m[K/opt/ros/foxy/include/class_loader/meta_object.hpp:218:12:[m[K [01;31m[Kerror: [m[Kinvalid new-expression of abstract class type ‘[01m[Kros2_control_demo_hardware::DiffBotSystemHardware[m[K’
[6.517s]   218 |     return [01;31m[Knew C[m[K;
[6.518s]       |            [01;31m[K^~~~~[m[K
[6.518s] In file included from [01m[K/home/legacy/trr_robot_ws/src/ros2_control_demos/ros2_control_demo_hardware/src/diffbot_system.cpp:15[m[K:
[6.518s] [01m[K/home/legacy/trr_robot_ws/src/ros2_control_demos/ros2_control_demo_hardware/include/ros2_control_demo_hardware/diffbot_system.hpp:35:7:[m[K [01;36m[Knote: [m[K  because the following virtual functions are pure within ‘[01m[Kros2_control_demo_hardware::DiffBotSystemHardware[m[K’:
[6.518s]    35 | class [01;36m[KDiffBotSystemHardware[m[K : public hardware_interface::SystemInterface
[6.518s]       |       [01;36m[K^~~~~~~~~~~~~~~~~~~~~[m[K
[6.519s] In file included from [01m[K/home/legacy/trr_robot_ws/src/ros2_control_demos/ros2_control_demo_hardware/include/ros2_control_demo_hardware/diffbot_system.hpp:24[m[K,
[6.519s]                  from [01m[K/home/legacy/trr_robot_ws/src/ros2_control_demos/ros2_control_demo_hardware/src/diffbot_system.cpp:15[m[K:
[6.519s] [01m[K/opt/ros/foxy/include/hardware_interface/system_interface.hpp:48:23:[m[K [01;36m[Knote: [m[K	‘[01m[Kvirtual hardware_interface::return_type hardware_interface::SystemInterface::configure(const hardware_interface::HardwareInfo&)[m[K’
[6.519s]    48 |   virtual return_type [01;36m[Kconfigure[m[K(const HardwareInfo & system_info) = 0;
[6.519s]       |                       [01;36m[K^~~~~~~~~[m[K
[6.519s] [01m[K/opt/ros/foxy/include/hardware_interface/system_interface.hpp:116:23:[m[K [01;36m[Knote: [m[K	‘[01m[Kvirtual hardware_interface::return_type hardware_interface::SystemInterface::start()[m[K’
[6.520s]   116 |   virtual return_type [01;36m[Kstart[m[K() = 0;
[6.520s]       |                       [01;36m[K^~~~~[m[K
[6.520s] [01m[K/opt/ros/foxy/include/hardware_interface/system_interface.hpp:122:23:[m[K [01;36m[Knote: [m[K	‘[01m[Kvirtual hardware_interface::return_type hardware_interface::SystemInterface::stop()[m[K’
[6.520s]   122 |   virtual return_type [01;36m[Kstop[m[K() = 0;
[6.520s]       |                       [01;36m[K^~~~[m[K
[6.521s] [01m[K/opt/ros/foxy/include/hardware_interface/system_interface.hpp:128:23:[m[K [01;36m[Knote: [m[K	‘[01m[Kvirtual std::string hardware_interface::SystemInterface::get_name() const[m[K’
[6.521s]   128 |   virtual std::string [01;36m[Kget_name[m[K() const = 0;
[6.521s]       |                       [01;36m[K^~~~~~~~[m[K
[6.521s] [01m[K/opt/ros/foxy/include/hardware_interface/system_interface.hpp:134:18:[m[K [01;36m[Knote: [m[K	‘[01m[Kvirtual hardware_interface::status hardware_interface::SystemInterface::get_status() const[m[K’
[6.521s]   134 |   virtual status [01;36m[Kget_status[m[K() const = 0;
[6.522s]       |                  [01;36m[K^~~~~~~~~~[m[K
[6.529s] In file included from [01m[K/opt/ros/foxy/include/class_loader/class_loader_core.hpp:57[m[K,
[6.530s]                  from [01m[K/opt/ros/foxy/include/class_loader/class_loader.hpp:55[m[K,
[6.530s]                  from [01m[K/opt/ros/foxy/include/pluginlib/class_list_macros.hpp:40[m[K,
[6.530s]                  from [01m[K/home/legacy/trr_robot_ws/src/ros2_control_demos/ros2_control_demo_hardware/src/rrbot_actuator.cpp:175[m[K:
[6.530s] /opt/ros/foxy/include/class_loader/meta_object.hpp: In instantiation of ‘[01m[KB* class_loader::impl::MetaObject<C, B>::create() const [with C = ros2_control_demo_hardware::RRBotModularJoint; B = hardware_interface::ActuatorInterface][m[K’:
[6.531s] [01m[K/opt/ros/foxy/include/class_loader/meta_object.hpp:216:7:[m[K   required from here
[6.531s] [01m[K/opt/ros/foxy/include/class_loader/meta_object.hpp:218:12:[m[K [01;31m[Kerror: [m[Kinvalid new-expression of abstract class type ‘[01m[Kros2_control_demo_hardware::RRBotModularJoint[m[K’
[6.531s]   218 |     return [01;31m[Knew C[m[K;
[6.531s]       |            [01;31m[K^~~~~[m[K
[6.531s] In file included from [01m[K/home/legacy/trr_robot_ws/src/ros2_control_demos/ros2_control_demo_hardware/src/rrbot_actuator.cpp:19[m[K:
[6.532s] [01m[K/home/legacy/trr_robot_ws/src/ros2_control_demos/ros2_control_demo_hardware/include/ros2_control_demo_hardware/rrbot_actuator.hpp:36:7:[m[K [01;36m[Knote: [m[K  because the following virtual functions are pure within ‘[01m[Kros2_control_demo_hardware::RRBotModularJoint[m[K’:
[6.532s]    36 | class [01;36m[KRRBotModularJoint[m[K : public hardware_interface::ActuatorInterface
[6.532s]       |       [01;36m[K^~~~~~~~~~~~~~~~~[m[K
[6.532s] In file included from [01m[K/home/legacy/trr_robot_ws/src/ros2_control_demos/ros2_control_demo_hardware/include/ros2_control_demo_hardware/rrbot_actuator.hpp:26[m[K,
[6.532s]                  from [01m[K/home/legacy/trr_robot_ws/src/ros2_control_demos/ros2_control_demo_hardware/src/rrbot_actuator.cpp:19[m[K:
[6.532s] [01m[K/opt/ros/foxy/include/hardware_interface/actuator_interface.hpp:46:23:[m[K [01;36m[Knote: [m[K	‘[01m[Kvirtual hardware_interface::return_type hardware_interface::ActuatorInterface::configure(const hardware_interface::HardwareInfo&)[m[K’
[6.533s]    46 |   virtual return_type [01;36m[Kconfigure[m[K(const HardwareInfo & actuator_info) = 0;
[6.533s]       |                       [01;36m[K^~~~~~~~~[m[K
[6.533s] [01m[K/opt/ros/foxy/include/hardware_interface/actuator_interface.hpp:113:23:[m[K [01;36m[Knote: [m[K	‘[01m[Kvirtual hardware_interface::return_type hardware_interface::ActuatorInterface::start()[m[K’
[6.533s]   113 |   virtual return_type [01;36m[Kstart[m[K() = 0;
[6.533s]       |                       [01;36m[K^~~~~[m[K
[6.534s] [01m[K/opt/ros/foxy/include/hardware_interface/actuator_interface.hpp:119:23:[m[K [01;36m[Knote: [m[K	‘[01m[Kvirtual hardware_interface::return_type hardware_interface::ActuatorInterface::stop()[m[K’
[6.534s]   119 |   virtual return_type [01;36m[Kstop[m[K() = 0;
[6.534s]       |                       [01;36m[K^~~~[m[K
[6.534s] [01m[K/opt/ros/foxy/include/hardware_interface/actuator_interface.hpp:125:23:[m[K [01;36m[Knote: [m[K	‘[01m[Kvirtual std::string hardware_interface::ActuatorInterface::get_name() const[m[K’
[6.534s]   125 |   virtual std::string [01;36m[Kget_name[m[K() const = 0;
[6.535s]       |                       [01;36m[K^~~~~~~~[m[K
[6.535s] [01m[K/opt/ros/foxy/include/hardware_interface/actuator_interface.hpp:131:18:[m[K [01;36m[Knote: [m[K	‘[01m[Kvirtual hardware_interface::status hardware_interface::ActuatorInterface::get_status() const[m[K’
[6.535s]   131 |   virtual status [01;36m[Kget_status[m[K() const = 0;
[6.535s]       |                  [01;36m[K^~~~~~~~~~[m[K
[6.597s] make[2]: *** [CMakeFiles/ros2_control_demo_hardware.dir/build.make:63: CMakeFiles/ros2_control_demo_hardware.dir/src/diffbot_system.cpp.o] Error 1
[6.605s] make[2]: *** [CMakeFiles/ros2_control_demo_hardware.dir/build.make:115: CMakeFiles/ros2_control_demo_hardware.dir/src/rrbot_actuator.cpp.o] Error 1
[6.618s] In file included from [01m[K/opt/ros/foxy/include/class_loader/class_loader_core.hpp:57[m[K,
[6.618s]                  from [01m[K/opt/ros/foxy/include/class_loader/class_loader.hpp:55[m[K,
[6.618s]                  from [01m[K/opt/ros/foxy/include/pluginlib/class_list_macros.hpp:40[m[K,
[6.618s]                  from [01m[K/home/legacy/trr_robot_ws/src/ros2_control_demos/ros2_control_demo_hardware/src/rrbot_system_position_only.cpp:218[m[K:
[6.618s] /opt/ros/foxy/include/class_loader/meta_object.hpp: In instantiation of ‘[01m[KB* class_loader::impl::MetaObject<C, B>::create() const [with C = ros2_control_demo_hardware::RRBotSystemPositionOnlyHardware; B = hardware_interface::SystemInterface][m[K’:
[6.618s] [01m[K/opt/ros/foxy/include/class_loader/meta_object.hpp:216:7:[m[K   required from here
[6.619s] [01m[K/opt/ros/foxy/include/class_loader/meta_object.hpp:218:12:[m[K [01;31m[Kerror: [m[Kinvalid new-expression of abstract class type ‘[01m[Kros2_control_demo_hardware::RRBotSystemPositionOnlyHardware[m[K’
[6.619s]   218 |     return [01;31m[Knew C[m[K;
[6.619s]       |            [01;31m[K^~~~~[m[K
[6.619s] In file included from [01m[K/home/legacy/trr_robot_ws/src/ros2_control_demos/ros2_control_demo_hardware/src/rrbot_system_position_only.cpp:15[m[K:
[6.619s] [01m[K/home/legacy/trr_robot_ws/src/ros2_control_demos/ros2_control_demo_hardware/include/ros2_control_demo_hardware/rrbot_system_position_only.hpp:35:7:[m[K [01;36m[Knote: [m[K  because the following virtual functions are pure within ‘[01m[Kros2_control_demo_hardware::RRBotSystemPositionOnlyHardware[m[K’:
[6.619s]    35 | class [01;36m[KRRBotSystemPositionOnlyHardware[m[K : public hardware_interface::SystemInterface
[6.620s]       |       [01;36m[K^~~~~~~~~~~~~~~~~~~~~~~~~~~~~~~[m[K
[6.620s] In file included from [01m[K/home/legacy/trr_robot_ws/src/ros2_control_demos/ros2_control_demo_hardware/include/ros2_control_demo_hardware/rrbot_system_position_only.hpp:24[m[K,
[6.620s]                  from [01m[K/home/legacy/trr_robot_ws/src/ros2_control_demos/ros2_control_demo_hardware/src/rrbot_system_position_only.cpp:15[m[K:
[6.620s] [01m[K/opt/ros/foxy/include/hardware_interface/system_interface.hpp:48:23:[m[K [01;36m[Knote: [m[K	‘[01m[Kvirtual hardware_interface::return_type hardware_interface::SystemInterface::configure(const hardware_interface::HardwareInfo&)[m[K’
[6.620s]    48 |   virtual return_type [01;36m[Kconfigure[m[K(const HardwareInfo & system_info) = 0;
[6.620s]       |                       [01;36m[K^~~~~~~~~[m[K
[6.620s] [01m[K/opt/ros/foxy/include/hardware_interface/system_interface.hpp:116:23:[m[K [01;36m[Knote: [m[K	‘[01m[Kvirtual hardware_interface::return_type hardware_interface::SystemInterface::start()[m[K’
[6.621s]   116 |   virtual return_type [01;36m[Kstart[m[K() = 0;
[6.621s]       |                       [01;36m[K^~~~~[m[K
[6.621s] [01m[K/opt/ros/foxy/include/hardware_interface/system_interface.hpp:122:23:[m[K [01;36m[Knote: [m[K	‘[01m[Kvirtual hardware_interface::return_type hardware_interface::SystemInterface::stop()[m[K’
[6.621s]   122 |   virtual return_type [01;36m[Kstop[m[K() = 0;
[6.621s]       |                       [01;36m[K^~~~[m[K
[6.621s] [01m[K/opt/ros/foxy/include/hardware_interface/system_interface.hpp:128:23:[m[K [01;36m[Knote: [m[K	‘[01m[Kvirtual std::string hardware_interface::SystemInterface::get_name() const[m[K’
[6.621s]   128 |   virtual std::string [01;36m[Kget_name[m[K() const = 0;
[6.622s]       |                       [01;36m[K^~~~~~~~[m[K
[6.622s] [01m[K/opt/ros/foxy/include/hardware_interface/system_interface.hpp:134:18:[m[K [01;36m[Knote: [m[K	‘[01m[Kvirtual hardware_interface::status hardware_interface::SystemInterface::get_status() const[m[K’
[6.622s]   134 |   virtual status [01;36m[Kget_status[m[K() const = 0;
[6.622s]       |                  [01;36m[K^~~~~~~~~~[m[K
[6.623s] In file included from [01m[K/opt/ros/foxy/include/class_loader/class_loader_core.hpp:57[m[K,
[6.623s]                  from [01m[K/opt/ros/foxy/include/class_loader/class_loader.hpp:55[m[K,
[6.624s]                  from [01m[K/opt/ros/foxy/include/pluginlib/class_list_macros.hpp:40[m[K,
[6.624s]                  from [01m[K/home/legacy/trr_robot_ws/src/ros2_control_demos/ros2_control_demo_hardware/src/rrbot_system_multi_interface.cpp:321[m[K:
[6.624s] /opt/ros/foxy/include/class_loader/meta_object.hpp: In instantiation of ‘[01m[KB* class_loader::impl::MetaObject<C, B>::create() const [with C = ros2_control_demo_hardware::RRBotSystemMultiInterfaceHardware; B = hardware_interface::SystemInterface][m[K’:
[6.624s] [01m[K/opt/ros/foxy/include/class_loader/meta_object.hpp:216:7:[m[K   required from here
[6.624s] [01m[K/opt/ros/foxy/include/class_loader/meta_object.hpp:218:12:[m[K [01;31m[Kerror: [m[Kinvalid new-expression of abstract class type ‘[01m[Kros2_control_demo_hardware::RRBotSystemMultiInterfaceHardware[m[K’
[6.624s]   218 |     return [01;31m[Knew C[m[K;
[6.624s]       |            [01;31m[K^~~~~[m[K
[6.624s] In file included from [01m[K/home/legacy/trr_robot_ws/src/ros2_control_demos/ros2_control_demo_hardware/src/rrbot_system_multi_interface.cpp:15[m[K:
[6.625s] [01m[K/home/legacy/trr_robot_ws/src/ros2_control_demos/ros2_control_demo_hardware/include/ros2_control_demo_hardware/rrbot_system_multi_interface.hpp:36:7:[m[K [01;36m[Knote: [m[K  because the following virtual functions are pure within ‘[01m[Kros2_control_demo_hardware::RRBotSystemMultiInterfaceHardware[m[K’:
[6.625s]    36 | class [01;36m[KRRBotSystemMultiInterfaceHardware[m[K : public hardware_interface::SystemInterface
[6.625s]       |       [01;36m[K^~~~~~~~~~~~~~~~~~~~~~~~~~~~~~~~~[m[K
[6.625s] In file included from [01m[K/home/legacy/trr_robot_ws/src/ros2_control_demos/ros2_control_demo_hardware/include/ros2_control_demo_hardware/rrbot_system_multi_interface.hpp:25[m[K,
[6.625s]                  from [01m[K/home/legacy/trr_robot_ws/src/ros2_control_demos/ros2_control_demo_hardware/src/rrbot_system_multi_interface.cpp:15[m[K:
[6.625s] [01m[K/opt/ros/foxy/include/hardware_interface/system_interface.hpp:48:23:[m[K [01;36m[Knote: [m[K	‘[01m[Kvirtual hardware_interface::return_type hardware_interface::SystemInterface::configure(const hardware_interface::HardwareInfo&)[m[K’
[6.625s]    48 |   virtual return_type [01;36m[Kconfigure[m[K(const HardwareInfo & system_info) = 0;
[6.625s]       |                       [01;36m[K^~~~~~~~~[m[K
[6.626s] [01m[K/opt/ros/foxy/include/hardware_interface/system_interface.hpp:116:23:[m[K [01;36m[Knote: [m[K	‘[01m[Kvirtual hardware_interface::return_type hardware_interface::SystemInterface::start()[m[K’
[6.626s]   116 |   virtual return_type [01;36m[Kstart[m[K() = 0;
[6.626s]       |                       [01;36m[K^~~~~[m[K
[6.626s] [01m[K/opt/ros/foxy/include/hardware_interface/system_interface.hpp:122:23:[m[K [01;36m[Knote: [m[K	‘[01m[Kvirtual hardware_interface::return_type hardware_interface::SystemInterface::stop()[m[K’
[6.626s]   122 |   virtual return_type [01;36m[Kstop[m[K() = 0;
[6.626s]       |                       [01;36m[K^~~~[m[K
[6.626s] [01m[K/opt/ros/foxy/include/hardware_interface/system_interface.hpp:128:23:[m[K [01;36m[Knote: [m[K	‘[01m[Kvirtual std::string hardware_interface::SystemInterface::get_name() const[m[K’
[6.626s]   128 |   virtual std::string [01;36m[Kget_name[m[K() const = 0;
[6.627s]       |                       [01;36m[K^~~~~~~~[m[K
[6.627s] [01m[K/opt/ros/foxy/include/hardware_interface/system_interface.hpp:134:18:[m[K [01;36m[Knote: [m[K	‘[01m[Kvirtual hardware_interface::status hardware_interface::SystemInterface::get_status() const[m[K’
[6.627s]   134 |   virtual status [01;36m[Kget_status[m[K() const = 0;
[6.627s]       |                  [01;36m[K^~~~~~~~~~[m[K
[6.682s] make[2]: *** [CMakeFiles/ros2_control_demo_hardware.dir/build.make:76: CMakeFiles/ros2_control_demo_hardware.dir/src/rrbot_system_position_only.cpp.o] Error 1
[6.687s] make[2]: *** [CMakeFiles/ros2_control_demo_hardware.dir/build.make:89: CMakeFiles/ros2_control_demo_hardware.dir/src/rrbot_system_multi_interface.cpp.o] Error 1
[6.687s] make[1]: *** [CMakeFiles/Makefile2:78: CMakeFiles/ros2_control_demo_hardware.dir/all] Error 2
[6.687s] make: *** [Makefile:141: all] Error 2
[6.689s] Invoked command in '/home/legacy/trr_robot_ws/build/ros2_control_demo_hardware' returned '2': CMAKE_PREFIX_PATH=/opt/ros/foxy /usr/bin/cmake --build /home/legacy/trr_robot_ws/build/ros2_control_demo_hardware -- -j8 -l8
