[0.050s] Invoking command in '/home/legacy/trr_robot_ws/build/diffbot_description': CMAKE_PREFIX_PATH=${CMAKE_PREFIX_PATH}:/home/legacy/trr_robot_ws/install/ros2controlcli:/home/legacy/trr_robot_ws/install/ros2_control_test_nodes:/home/legacy/trr_robot_ws/install/robot:/opt/ros/foxy /usr/bin/cmake /home/legacy/trr_robot_ws/src/ros2_control_demos/ros2_control_demo_description/diffbot_description -DCMAKE_INSTALL_PREFIX=/home/legacy/trr_robot_ws/install/diffbot_description
[0.715s] -- Found ament_cmake: 0.9.8 (/opt/ros/foxy/share/ament_cmake/cmake)
[0.715s] -- Using PYTHON_EXECUTABLE: /usr/bin/python3
[0.716s] -- Override CMake install command with custom implementation using symlinks instead of copying resources
[0.716s] -- Configuring done
[0.716s] -- Generating done
[0.716s] -- Build files have been written to: /home/legacy/trr_robot_ws/build/diffbot_description
[0.717s] Invoked command in '/home/legacy/trr_robot_ws/build/diffbot_description' returned '0': CMAKE_PREFIX_PATH=${CMAKE_PREFIX_PATH}:/home/legacy/trr_robot_ws/install/ros2controlcli:/home/legacy/trr_robot_ws/install/ros2_control_test_nodes:/home/legacy/trr_robot_ws/install/robot:/opt/ros/foxy /usr/bin/cmake /home/legacy/trr_robot_ws/src/ros2_control_demos/ros2_control_demo_description/diffbot_description -DCMAKE_INSTALL_PREFIX=/home/legacy/trr_robot_ws/install/diffbot_description
[0.720s] Invoking command in '/home/legacy/trr_robot_ws/build/diffbot_description': CMAKE_PREFIX_PATH=${CMAKE_PREFIX_PATH}:/home/legacy/trr_robot_ws/install/ros2controlcli:/home/legacy/trr_robot_ws/install/ros2_control_test_nodes:/home/legacy/trr_robot_ws/install/robot:/opt/ros/foxy /usr/bin/cmake --build /home/legacy/trr_robot_ws/build/diffbot_description -- -j8 -l8
[0.789s] Invoked command in '/home/legacy/trr_robot_ws/build/diffbot_description' returned '0': CMAKE_PREFIX_PATH=${CMAKE_PREFIX_PATH}:/home/legacy/trr_robot_ws/install/ros2controlcli:/home/legacy/trr_robot_ws/install/ros2_control_test_nodes:/home/legacy/trr_robot_ws/install/robot:/opt/ros/foxy /usr/bin/cmake --build /home/legacy/trr_robot_ws/build/diffbot_description -- -j8 -l8
[0.850s] Invoking command in '/home/legacy/trr_robot_ws/build/diffbot_description': CMAKE_PREFIX_PATH=${CMAKE_PREFIX_PATH}:/home/legacy/trr_robot_ws/install/ros2controlcli:/home/legacy/trr_robot_ws/install/ros2_control_test_nodes:/home/legacy/trr_robot_ws/install/robot:/opt/ros/foxy /usr/bin/cmake --install /home/legacy/trr_robot_ws/build/diffbot_description
[0.865s] -- Install configuration: ""
[0.866s] -- Execute custom install script
[0.867s] -- Up-to-date symlink: /home/legacy/trr_robot_ws/install/diffbot_description/share/diffbot_description/config/diffbot.rviz
[0.867s] -- Up-to-date symlink: /home/legacy/trr_robot_ws/install/diffbot_description/share/diffbot_description/config/diffbot_view.rviz
[0.868s] -- Up-to-date symlink: /home/legacy/trr_robot_ws/install/diffbot_description/share/diffbot_description/gazebo/diffbot.gazebo.xacro
[0.868s] -- Up-to-date symlink: /home/legacy/trr_robot_ws/install/diffbot_description/share/diffbot_description/gazebo/diffbot.materials.xacro
[0.868s] -- Up-to-date symlink: /home/legacy/trr_robot_ws/install/diffbot_description/share/diffbot_description/launch/view_robot.launch.py
[0.869s] -- Up-to-date symlink: /home/legacy/trr_robot_ws/install/diffbot_description/share/diffbot_description/ros2_control/diffbot.ros2_control.xacro
[0.869s] -- Up-to-date symlink: /home/legacy/trr_robot_ws/install/diffbot_description/share/diffbot_description/ros2_control/diffbot_system.ros2_control.xacro
[0.870s] -- Up-to-date symlink: /home/legacy/trr_robot_ws/install/diffbot_description/share/diffbot_description/urdf/diffbot.urdf.xacro
[0.870s] -- Up-to-date symlink: /home/legacy/trr_robot_ws/install/diffbot_description/share/diffbot_description/urdf/diffbot_description.urdf.xacro
[0.870s] -- Up-to-date symlink: /home/legacy/trr_robot_ws/install/diffbot_description/share/diffbot_description/urdf/diffbot_system.urdf.xacro
[0.871s] -- Up-to-date symlink: /home/legacy/trr_robot_ws/install/diffbot_description/share/ament_index/resource_index/package_run_dependencies/diffbot_description
[0.871s] -- Up-to-date symlink: /home/legacy/trr_robot_ws/install/diffbot_description/share/ament_index/resource_index/parent_prefix_path/diffbot_description
[0.872s] -- Up-to-date symlink: /home/legacy/trr_robot_ws/install/diffbot_description/share/diffbot_description/environment/ament_prefix_path.sh
[0.872s] -- Up-to-date symlink: /home/legacy/trr_robot_ws/install/diffbot_description/share/diffbot_description/environment/ament_prefix_path.dsv
[0.872s] -- Up-to-date symlink: /home/legacy/trr_robot_ws/install/diffbot_description/share/diffbot_description/environment/path.sh
[0.873s] -- Up-to-date symlink: /home/legacy/trr_robot_ws/install/diffbot_description/share/diffbot_description/environment/path.dsv
[0.873s] -- Up-to-date symlink: /home/legacy/trr_robot_ws/install/diffbot_description/share/diffbot_description/local_setup.bash
[0.874s] -- Up-to-date symlink: /home/legacy/trr_robot_ws/install/diffbot_description/share/diffbot_description/local_setup.sh
[0.875s] -- Up-to-date symlink: /home/legacy/trr_robot_ws/install/diffbot_description/share/diffbot_description/local_setup.zsh
[0.875s] -- Up-to-date symlink: /home/legacy/trr_robot_ws/install/diffbot_description/share/diffbot_description/local_setup.dsv
[0.876s] -- Symlinking: /home/legacy/trr_robot_ws/install/diffbot_description/share/diffbot_description/package.dsv
[0.892s] -- Up-to-date symlink: /home/legacy/trr_robot_ws/install/diffbot_description/share/ament_index/resource_index/packages/diffbot_description
[0.892s] -- Up-to-date symlink: /home/legacy/trr_robot_ws/install/diffbot_description/share/diffbot_description/cmake/diffbot_descriptionConfig.cmake
[0.893s] -- Up-to-date symlink: /home/legacy/trr_robot_ws/install/diffbot_description/share/diffbot_description/cmake/diffbot_descriptionConfig-version.cmake
[0.894s] -- Up-to-date symlink: /home/legacy/trr_robot_ws/install/diffbot_description/share/diffbot_description/package.xml
[0.898s] Invoked command in '/home/legacy/trr_robot_ws/build/diffbot_description' returned '0': CMAKE_PREFIX_PATH=${CMAKE_PREFIX_PATH}:/home/legacy/trr_robot_ws/install/ros2controlcli:/home/legacy/trr_robot_ws/install/ros2_control_test_nodes:/home/legacy/trr_robot_ws/install/robot:/opt/ros/foxy /usr/bin/cmake --install /home/legacy/trr_robot_ws/build/diffbot_description
