[0.220s] Invoking command in '/home/legacy/trr_robot_ws/src/robot': PYTHONPATH=/home/legacy/trr_robot_ws/install/robot/lib/python3.8/site-packages:${PYTHONPATH} /usr/bin/python3 setup.py egg_info --egg-base ../../build/robot build --build-base /home/legacy/trr_robot_ws/build/robot/build install --prefix /home/legacy/trr_robot_ws/install/robot --record /home/legacy/trr_robot_ws/build/robot/install.log --single-version-externally-managed
[0.416s] running egg_info
[0.416s] writing ../../build/robot/robot.egg-info/PKG-INFO
[0.416s] writing dependency_links to ../../build/robot/robot.egg-info/dependency_links.txt
[0.416s] writing entry points to ../../build/robot/robot.egg-info/entry_points.txt
[0.417s] writing requirements to ../../build/robot/robot.egg-info/requires.txt
[0.417s] writing top-level names to ../../build/robot/robot.egg-info/top_level.txt
[0.450s] reading manifest file '../../build/robot/robot.egg-info/SOURCES.txt'
[0.450s] writing manifest file '../../build/robot/robot.egg-info/SOURCES.txt'
[0.450s] running build
[0.451s] running build_py
[0.451s] running install
[0.451s] running install_lib
[0.452s] running install_data
[0.453s] running install_egg_info
[0.454s] removing '/home/legacy/trr_robot_ws/install/robot/lib/python3.8/site-packages/robot-0.0.0-py3.8.egg-info' (and everything under it)
[0.454s] Copying ../../build/robot/robot.egg-info to /home/legacy/trr_robot_ws/install/robot/lib/python3.8/site-packages/robot-0.0.0-py3.8.egg-info
[0.455s] running install_scripts
[0.471s] Installing state_publisher script to /home/legacy/trr_robot_ws/install/robot/lib/robot
[0.471s] writing list of installed files to '/home/legacy/trr_robot_ws/build/robot/install.log'
[0.490s] Invoked command in '/home/legacy/trr_robot_ws/src/robot' returned '0': PYTHONPATH=/home/legacy/trr_robot_ws/install/robot/lib/python3.8/site-packages:${PYTHONPATH} /usr/bin/python3 setup.py egg_info --egg-base ../../build/robot build --build-base /home/legacy/trr_robot_ws/build/robot/build install --prefix /home/legacy/trr_robot_ws/install/robot --record /home/legacy/trr_robot_ws/build/robot/install.log --single-version-externally-managed
