[0.040s] Invoking command in '/home/legacy/trr_robot_ws/build/diffbot_description': CMAKE_PREFIX_PATH=/opt/ros/foxy /usr/bin/cmake /home/legacy/trr_robot_ws/src/ros2_control_demos/ros2_control_demo_description/diffbot_description -DCMAKE_INSTALL_PREFIX=/home/legacy/trr_robot_ws/install/diffbot_description
[0.741s] -- The C compiler identification is GNU 9.3.0
[0.741s] -- The CXX compiler identification is GNU 9.3.0
[0.741s] -- Check for working C compiler: /usr/bin/cc
[0.742s] -- Check for working C compiler: /usr/bin/cc -- works
[0.742s] -- Detecting C compiler ABI info
[0.743s] -- Detecting C compiler ABI info - done
[0.745s] -- Detecting C compile features
[0.745s] -- Detecting C compile features - done
[0.746s] -- Check for working CXX compiler: /usr/bin/c++
[0.747s] -- Check for working CXX compiler: /usr/bin/c++ -- works
[0.751s] -- Detecting CXX compiler ABI info
[0.753s] -- Detecting CXX compiler ABI info - done
[0.755s] -- Detecting CXX compile features
[0.758s] -- Detecting CXX compile features - done
[0.759s] -- Found ament_cmake: 0.9.8 (/opt/ros/foxy/share/ament_cmake/cmake)
[0.770s] -- Found PythonInterp: /usr/bin/python3 (found suitable version "3.8.10", minimum required is "3") 
[0.770s] -- Using PYTHON_EXECUTABLE: /usr/bin/python3
[1.257s] -- Configuring done
[1.261s] -- Generating done
[1.262s] -- Build files have been written to: /home/legacy/trr_robot_ws/build/diffbot_description
[1.268s] Invoked command in '/home/legacy/trr_robot_ws/build/diffbot_description' returned '0': CMAKE_PREFIX_PATH=/opt/ros/foxy /usr/bin/cmake /home/legacy/trr_robot_ws/src/ros2_control_demos/ros2_control_demo_description/diffbot_description -DCMAKE_INSTALL_PREFIX=/home/legacy/trr_robot_ws/install/diffbot_description
[1.275s] Invoking command in '/home/legacy/trr_robot_ws/build/diffbot_description': CMAKE_PREFIX_PATH=/opt/ros/foxy /usr/bin/cmake --build /home/legacy/trr_robot_ws/build/diffbot_description -- -j8 -l8
[1.352s] Invoked command in '/home/legacy/trr_robot_ws/build/diffbot_description' returned '0': CMAKE_PREFIX_PATH=/opt/ros/foxy /usr/bin/cmake --build /home/legacy/trr_robot_ws/build/diffbot_description -- -j8 -l8
[1.406s] Invoking command in '/home/legacy/trr_robot_ws/build/diffbot_description': CMAKE_PREFIX_PATH=/opt/ros/foxy /usr/bin/cmake --install /home/legacy/trr_robot_ws/build/diffbot_description
[1.418s] -- Install configuration: ""
[1.418s] -- Installing: /home/legacy/trr_robot_ws/install/diffbot_description/share/diffbot_description/config
[1.419s] -- Installing: /home/legacy/trr_robot_ws/install/diffbot_description/share/diffbot_description/config/diffbot_view.rviz
[1.419s] -- Installing: /home/legacy/trr_robot_ws/install/diffbot_description/share/diffbot_description/config/diffbot.rviz
[1.420s] -- Installing: /home/legacy/trr_robot_ws/install/diffbot_description/share/diffbot_description/gazebo
[1.420s] -- Installing: /home/legacy/trr_robot_ws/install/diffbot_description/share/diffbot_description/gazebo/diffbot.materials.xacro
[1.420s] -- Installing: /home/legacy/trr_robot_ws/install/diffbot_description/share/diffbot_description/gazebo/diffbot.gazebo.xacro
[1.420s] -- Installing: /home/legacy/trr_robot_ws/install/diffbot_description/share/diffbot_description/launch
[1.421s] -- Installing: /home/legacy/trr_robot_ws/install/diffbot_description/share/diffbot_description/launch/view_robot.launch.py
[1.421s] -- Installing: /home/legacy/trr_robot_ws/install/diffbot_description/share/diffbot_description/ros2_control
[1.421s] -- Installing: /home/legacy/trr_robot_ws/install/diffbot_description/share/diffbot_description/ros2_control/diffbot.ros2_control.xacro
[1.421s] -- Installing: /home/legacy/trr_robot_ws/install/diffbot_description/share/diffbot_description/ros2_control/diffbot_system.ros2_control.xacro
[1.421s] -- Installing: /home/legacy/trr_robot_ws/install/diffbot_description/share/diffbot_description/urdf
[1.422s] -- Installing: /home/legacy/trr_robot_ws/install/diffbot_description/share/diffbot_description/urdf/diffbot.urdf.xacro
[1.422s] -- Installing: /home/legacy/trr_robot_ws/install/diffbot_description/share/diffbot_description/urdf/diffbot_system.urdf.xacro
[1.422s] -- Installing: /home/legacy/trr_robot_ws/install/diffbot_description/share/diffbot_description/urdf/diffbot_description.urdf.xacro
[1.423s] -- Installing: /home/legacy/trr_robot_ws/install/diffbot_description/share/ament_index/resource_index/package_run_dependencies/diffbot_description
[1.423s] -- Installing: /home/legacy/trr_robot_ws/install/diffbot_description/share/ament_index/resource_index/parent_prefix_path/diffbot_description
[1.423s] -- Installing: /home/legacy/trr_robot_ws/install/diffbot_description/share/diffbot_description/environment/ament_prefix_path.sh
[1.423s] -- Installing: /home/legacy/trr_robot_ws/install/diffbot_description/share/diffbot_description/environment/ament_prefix_path.dsv
[1.424s] -- Installing: /home/legacy/trr_robot_ws/install/diffbot_description/share/diffbot_description/environment/path.sh
[1.424s] -- Installing: /home/legacy/trr_robot_ws/install/diffbot_description/share/diffbot_description/environment/path.dsv
[1.424s] -- Installing: /home/legacy/trr_robot_ws/install/diffbot_description/share/diffbot_description/local_setup.bash
[1.424s] -- Installing: /home/legacy/trr_robot_ws/install/diffbot_description/share/diffbot_description/local_setup.sh
[1.425s] -- Installing: /home/legacy/trr_robot_ws/install/diffbot_description/share/diffbot_description/local_setup.zsh
[1.425s] -- Installing: /home/legacy/trr_robot_ws/install/diffbot_description/share/diffbot_description/local_setup.dsv
[1.425s] -- Installing: /home/legacy/trr_robot_ws/install/diffbot_description/share/diffbot_description/package.dsv
[1.425s] -- Installing: /home/legacy/trr_robot_ws/install/diffbot_description/share/ament_index/resource_index/packages/diffbot_description
[1.426s] -- Installing: /home/legacy/trr_robot_ws/install/diffbot_description/share/diffbot_description/cmake/diffbot_descriptionConfig.cmake
[1.426s] -- Installing: /home/legacy/trr_robot_ws/install/diffbot_description/share/diffbot_description/cmake/diffbot_descriptionConfig-version.cmake
[1.427s] -- Installing: /home/legacy/trr_robot_ws/install/diffbot_description/share/diffbot_description/package.xml
[1.431s] Invoked command in '/home/legacy/trr_robot_ws/build/diffbot_description' returned '0': CMAKE_PREFIX_PATH=/opt/ros/foxy /usr/bin/cmake --install /home/legacy/trr_robot_ws/build/diffbot_description
