[0.265s] Invoking command in '/home/legacy/trr_robot_ws/build/robot': PYTHONPATH=/home/legacy/trr_robot_ws/install/robot/lib/python3.8/site-packages:${PYTHONPATH} /usr/bin/python3 setup.py develop --prefix /home/legacy/trr_robot_ws/install/robot --uninstall --editable --build-directory /home/legacy/trr_robot_ws/build/robot/build
[0.463s] running develop
[0.579s] Removing /home/legacy/trr_robot_ws/install/robot/lib/python3.8/site-packages/robot.egg-link (link to .)
[0.596s] Invoked command in '/home/legacy/trr_robot_ws/build/robot' returned '0': PYTHONPATH=/home/legacy/trr_robot_ws/install/robot/lib/python3.8/site-packages:${PYTHONPATH} /usr/bin/python3 setup.py develop --prefix /home/legacy/trr_robot_ws/install/robot --uninstall --editable --build-directory /home/legacy/trr_robot_ws/build/robot/build
[0.597s] Invoking command in '/home/legacy/trr_robot_ws/src/robot': PYTHONPATH=/home/legacy/trr_robot_ws/install/robot/lib/python3.8/site-packages:${PYTHONPATH} /usr/bin/python3 setup.py egg_info --egg-base ../../build/robot build --build-base /home/legacy/trr_robot_ws/build/robot/build install --prefix /home/legacy/trr_robot_ws/install/robot --record /home/legacy/trr_robot_ws/build/robot/install.log --single-version-externally-managed
[0.784s] running egg_info
[0.784s] writing ../../build/robot/robot.egg-info/PKG-INFO
[0.784s] writing dependency_links to ../../build/robot/robot.egg-info/dependency_links.txt
[0.784s] writing entry points to ../../build/robot/robot.egg-info/entry_points.txt
[0.785s] writing requirements to ../../build/robot/robot.egg-info/requires.txt
[0.785s] writing top-level names to ../../build/robot/robot.egg-info/top_level.txt
[0.814s] reading manifest file '../../build/robot/robot.egg-info/SOURCES.txt'
[0.815s] writing manifest file '../../build/robot/robot.egg-info/SOURCES.txt'
[0.815s] running build
[0.816s] running build_py
[0.816s] creating /home/legacy/trr_robot_ws/build/robot/build
[0.816s] creating /home/legacy/trr_robot_ws/build/robot/build/lib
[0.816s] creating /home/legacy/trr_robot_ws/build/robot/build/lib/robot
[0.816s] copying robot/__init__.py -> /home/legacy/trr_robot_ws/build/robot/build/lib/robot
[0.816s] copying robot/move_joints_gazebo.py -> /home/legacy/trr_robot_ws/build/robot/build/lib/robot
[0.816s] copying robot/state_publisher.py -> /home/legacy/trr_robot_ws/build/robot/build/lib/robot
[0.816s] running install
[0.817s] running install_lib
[0.817s] creating /home/legacy/trr_robot_ws/install/robot/lib/python3.8/site-packages/robot
[0.818s] copying /home/legacy/trr_robot_ws/build/robot/build/lib/robot/__init__.py -> /home/legacy/trr_robot_ws/install/robot/lib/python3.8/site-packages/robot
[0.818s] copying /home/legacy/trr_robot_ws/build/robot/build/lib/robot/move_joints_gazebo.py -> /home/legacy/trr_robot_ws/install/robot/lib/python3.8/site-packages/robot
[0.818s] copying /home/legacy/trr_robot_ws/build/robot/build/lib/robot/state_publisher.py -> /home/legacy/trr_robot_ws/install/robot/lib/python3.8/site-packages/robot
[0.818s] byte-compiling /home/legacy/trr_robot_ws/install/robot/lib/python3.8/site-packages/robot/__init__.py to __init__.cpython-38.pyc
[0.819s] byte-compiling /home/legacy/trr_robot_ws/install/robot/lib/python3.8/site-packages/robot/move_joints_gazebo.py to move_joints_gazebo.cpython-38.pyc
[0.820s] byte-compiling /home/legacy/trr_robot_ws/install/robot/lib/python3.8/site-packages/robot/state_publisher.py to state_publisher.cpython-38.pyc
[0.820s] running install_data
[0.821s] running install_egg_info
[0.822s] Copying ../../build/robot/robot.egg-info to /home/legacy/trr_robot_ws/install/robot/lib/python3.8/site-packages/robot-0.0.0-py3.8.egg-info
[0.823s] running install_scripts
[0.837s] Installing move_joints_gazebo script to /home/legacy/trr_robot_ws/install/robot/lib/robot
[0.837s] Installing state_publisher script to /home/legacy/trr_robot_ws/install/robot/lib/robot
[0.838s] writing list of installed files to '/home/legacy/trr_robot_ws/build/robot/install.log'
[0.855s] Invoked command in '/home/legacy/trr_robot_ws/src/robot' returned '0': PYTHONPATH=/home/legacy/trr_robot_ws/install/robot/lib/python3.8/site-packages:${PYTHONPATH} /usr/bin/python3 setup.py egg_info --egg-base ../../build/robot build --build-base /home/legacy/trr_robot_ws/build/robot/build install --prefix /home/legacy/trr_robot_ws/install/robot --record /home/legacy/trr_robot_ws/build/robot/install.log --single-version-externally-managed
