[0.213s] Invoking command in '/home/legacy/trr_robot_ws/src/robot': PYTHONPATH=/home/legacy/trr_robot_ws/install/robot/lib/python3.8/site-packages:${PYTHONPATH} /usr/bin/python3 setup.py egg_info --egg-base ../../build/robot build --build-base /home/legacy/trr_robot_ws/build/robot/build install --prefix /home/legacy/trr_robot_ws/install/robot --record /home/legacy/trr_robot_ws/build/robot/install.log --single-version-externally-managed
[0.402s] running egg_info
[0.403s] writing ../../build/robot/robot.egg-info/PKG-INFO
[0.403s] writing dependency_links to ../../build/robot/robot.egg-info/dependency_links.txt
[0.403s] writing entry points to ../../build/robot/robot.egg-info/entry_points.txt
[0.403s] writing requirements to ../../build/robot/robot.egg-info/requires.txt
[0.403s] writing top-level names to ../../build/robot/robot.egg-info/top_level.txt
[0.434s] reading manifest file '../../build/robot/robot.egg-info/SOURCES.txt'
[0.435s] writing manifest file '../../build/robot/robot.egg-info/SOURCES.txt'
[0.435s] running build
[0.435s] running build_py
[0.435s] running install
[0.436s] running install_lib
[0.437s] running install_data
[0.438s] copying launch/gazebo_robot.launch.py -> /home/legacy/trr_robot_ws/install/robot/share/robot
[0.438s] running install_egg_info
[0.439s] removing '/home/legacy/trr_robot_ws/install/robot/lib/python3.8/site-packages/robot-0.0.0-py3.8.egg-info' (and everything under it)
[0.440s] Copying ../../build/robot/robot.egg-info to /home/legacy/trr_robot_ws/install/robot/lib/python3.8/site-packages/robot-0.0.0-py3.8.egg-info
[0.440s] running install_scripts
[0.455s] Installing state_publisher script to /home/legacy/trr_robot_ws/install/robot/lib/robot
[0.455s] writing list of installed files to '/home/legacy/trr_robot_ws/build/robot/install.log'
[0.472s] Invoked command in '/home/legacy/trr_robot_ws/src/robot' returned '0': PYTHONPATH=/home/legacy/trr_robot_ws/install/robot/lib/python3.8/site-packages:${PYTHONPATH} /usr/bin/python3 setup.py egg_info --egg-base ../../build/robot build --build-base /home/legacy/trr_robot_ws/build/robot/build install --prefix /home/legacy/trr_robot_ws/install/robot --record /home/legacy/trr_robot_ws/build/robot/install.log --single-version-externally-managed
