[0.220s] Invoking command in '/home/legacy/trr_robot_ws/build/robot': PYTHONPATH=/home/legacy/trr_robot_ws/install/robot/lib/python3.8/site-packages:${PYTHONPATH} /usr/bin/python3 setup.py develop --prefix /home/legacy/trr_robot_ws/install/robot --uninstall --editable --build-directory /home/legacy/trr_robot_ws/build/robot/build
[0.430s] running develop
[0.574s] Invoked command in '/home/legacy/trr_robot_ws/build/robot' returned '0': PYTHONPATH=/home/legacy/trr_robot_ws/install/robot/lib/python3.8/site-packages:${PYTHONPATH} /usr/bin/python3 setup.py develop --prefix /home/legacy/trr_robot_ws/install/robot --uninstall --editable --build-directory /home/legacy/trr_robot_ws/build/robot/build
[0.575s] Invoking command in '/home/legacy/trr_robot_ws/src/robot': PYTHONPATH=/home/legacy/trr_robot_ws/install/robot/lib/python3.8/site-packages:${PYTHONPATH} /usr/bin/python3 setup.py egg_info --egg-base ../../build/robot build --build-base /home/legacy/trr_robot_ws/build/robot/build install --prefix /home/legacy/trr_robot_ws/install/robot --record /home/legacy/trr_robot_ws/build/robot/install.log --single-version-externally-managed
[0.771s] running egg_info
[0.771s] writing ../../build/robot/robot.egg-info/PKG-INFO
[0.771s] writing dependency_links to ../../build/robot/robot.egg-info/dependency_links.txt
[0.772s] writing entry points to ../../build/robot/robot.egg-info/entry_points.txt
[0.772s] writing requirements to ../../build/robot/robot.egg-info/requires.txt
[0.772s] writing top-level names to ../../build/robot/robot.egg-info/top_level.txt
[0.803s] reading manifest file '../../build/robot/robot.egg-info/SOURCES.txt'
[0.804s] writing manifest file '../../build/robot/robot.egg-info/SOURCES.txt'
[0.804s] running build
[0.804s] running build_py
[0.804s] running install
[0.805s] running install_lib
[0.806s] running install_data
[0.806s] copying launch/display.launch.py -> /home/legacy/trr_robot_ws/install/robot/share/robot
[0.807s] running install_egg_info
[0.808s] removing '/home/legacy/trr_robot_ws/install/robot/lib/python3.8/site-packages/robot-0.0.0-py3.8.egg-info' (and everything under it)
[0.808s] Copying ../../build/robot/robot.egg-info to /home/legacy/trr_robot_ws/install/robot/lib/python3.8/site-packages/robot-0.0.0-py3.8.egg-info
[0.809s] running install_scripts
[0.824s] Installing move_joints_gazebo script to /home/legacy/trr_robot_ws/install/robot/lib/robot
[0.824s] Installing state_publisher script to /home/legacy/trr_robot_ws/install/robot/lib/robot
[0.824s] writing list of installed files to '/home/legacy/trr_robot_ws/build/robot/install.log'
[0.841s] Invoked command in '/home/legacy/trr_robot_ws/src/robot' returned '0': PYTHONPATH=/home/legacy/trr_robot_ws/install/robot/lib/python3.8/site-packages:${PYTHONPATH} /usr/bin/python3 setup.py egg_info --egg-base ../../build/robot build --build-base /home/legacy/trr_robot_ws/build/robot/build install --prefix /home/legacy/trr_robot_ws/install/robot --record /home/legacy/trr_robot_ws/build/robot/install.log --single-version-externally-managed
