-- Found ament_cmake: 0.9.8 (/opt/ros/foxy/share/ament_cmake/cmake)
-- Using PYTHON_EXECUTABLE: /usr/bin/python3
-- Override CMake install command with custom implementation using symlinks instead of copying resources
-- Found hardware_interface: 1.2.0 (/home/legacy/trr_robot_ws/install/hardware_interface/share/hardware_interface/cmake)
-- Using all available rosidl_typesupport_c: rosidl_typesupport_fastrtps_c;rosidl_typesupport_introspection_c
-- Found rosidl_adapter: 1.2.1 (/opt/ros/foxy/share/rosidl_adapter/cmake)
-- Using all available rosidl_typesupport_cpp: rosidl_typesupport_fastrtps_cpp;rosidl_typesupport_introspection_cpp
-- Found rclcpp: 2.3.1 (/opt/ros/foxy/share/rclcpp/cmake)
-- Found rmw_implementation_cmake: 1.0.3 (/opt/ros/foxy/share/rmw_implementation_cmake/cmake)
-- Using RMW implementation 'rmw_fastrtps_cpp' as default
-- Found rclcpp_lifecycle: 2.3.1 (/opt/ros/foxy/share/rclcpp_lifecycle/cmake)
-- Found ament_cmake_gtest: 0.9.8 (/opt/ros/foxy/share/ament_cmake_gtest/cmake)
-- Configuring done
-- Generating done
-- Build files have been written to: /home/legacy/trr_robot_ws/build/ros2_control_demo_hardware
[35m[1mScanning dependencies of target ros2_control_demo_hardware[0m
[ 14%] [32mBuilding CXX object CMakeFiles/ros2_control_demo_hardware.dir/src/diffbot_system.cpp.o[0m
[ 28%] [32mBuilding CXX object CMakeFiles/ros2_control_demo_hardware.dir/src/rrbot_system_multi_interface.cpp.o[0m
[ 42%] [32mBuilding CXX object CMakeFiles/ros2_control_demo_hardware.dir/src/rrbot_system_with_sensor.cpp.o[0m
[ 57%] [32mBuilding CXX object CMakeFiles/ros2_control_demo_hardware.dir/src/rrbot_system_position_only.cpp.o[0m
[ 71%] [32mBuilding CXX object CMakeFiles/ros2_control_demo_hardware.dir/src/rrbot_actuator.cpp.o[0m
[ 85%] [32mBuilding CXX object CMakeFiles/ros2_control_demo_hardware.dir/src/external_rrbot_force_torque_sensor.cpp.o[0m
[100%] [32m[1mLinking CXX shared library libros2_control_demo_hardware.so[0m
[100%] Built target ros2_control_demo_hardware
