[0.252s] Invoking command in '/home/legacy/trr_robot_ws/src/robot': PYTHONPATH=/home/legacy/trr_robot_ws/install/robot/lib/python3.8/site-packages:${PYTHONPATH} /usr/bin/python3 setup.py egg_info --egg-base ../../build/robot build --build-base /home/legacy/trr_robot_ws/build/robot/build install --prefix /home/legacy/trr_robot_ws/install/robot --record /home/legacy/trr_robot_ws/build/robot/install.log --single-version-externally-managed
[0.476s] running egg_info
[0.477s] writing ../../build/robot/robot.egg-info/PKG-INFO
[0.477s] writing dependency_links to ../../build/robot/robot.egg-info/dependency_links.txt
[0.477s] writing entry points to ../../build/robot/robot.egg-info/entry_points.txt
[0.477s] writing requirements to ../../build/robot/robot.egg-info/requires.txt
[0.477s] writing top-level names to ../../build/robot/robot.egg-info/top_level.txt
[0.514s] reading manifest file '../../build/robot/robot.egg-info/SOURCES.txt'
[0.515s] writing manifest file '../../build/robot/robot.egg-info/SOURCES.txt'
[0.515s] running build
[0.515s] running build_py
[0.515s] copying robot/state_publisher.py -> /home/legacy/trr_robot_ws/build/robot/build/lib/robot
[0.515s] running install
[0.516s] running install_lib
[0.517s] copying /home/legacy/trr_robot_ws/build/robot/build/lib/robot/state_publisher.py -> /home/legacy/trr_robot_ws/install/robot/lib/python3.8/site-packages/robot
[0.517s] byte-compiling /home/legacy/trr_robot_ws/install/robot/lib/python3.8/site-packages/robot/state_publisher.py to state_publisher.cpython-38.pyc
[0.520s] running install_data
[0.520s] copying urdf/trr_sw.urdf -> /home/legacy/trr_robot_ws/install/robot/share/robot
[0.521s] running install_egg_info
[0.522s] removing '/home/legacy/trr_robot_ws/install/robot/lib/python3.8/site-packages/robot-0.0.0-py3.8.egg-info' (and everything under it)
[0.522s] Copying ../../build/robot/robot.egg-info to /home/legacy/trr_robot_ws/install/robot/lib/python3.8/site-packages/robot-0.0.0-py3.8.egg-info
[0.523s] running install_scripts
[0.541s] Installing move_joints_gazebo script to /home/legacy/trr_robot_ws/install/robot/lib/robot
[0.541s] Installing state_publisher script to /home/legacy/trr_robot_ws/install/robot/lib/robot
[0.541s] writing list of installed files to '/home/legacy/trr_robot_ws/build/robot/install.log'
[0.560s] Invoked command in '/home/legacy/trr_robot_ws/src/robot' returned '0': PYTHONPATH=/home/legacy/trr_robot_ws/install/robot/lib/python3.8/site-packages:${PYTHONPATH} /usr/bin/python3 setup.py egg_info --egg-base ../../build/robot build --build-base /home/legacy/trr_robot_ws/build/robot/build install --prefix /home/legacy/trr_robot_ws/install/robot --record /home/legacy/trr_robot_ws/build/robot/install.log --single-version-externally-managed
