[0.200s] Invoking command in '/home/legacy/trr_robot_ws/src/robot': PYTHONPATH=/home/legacy/trr_robot_ws/install/robot/lib/python3.8/site-packages:${PYTHONPATH} /usr/bin/python3 setup.py egg_info --egg-base ../../build/robot build --build-base /home/legacy/trr_robot_ws/build/robot/build install --prefix /home/legacy/trr_robot_ws/install/robot --record /home/legacy/trr_robot_ws/build/robot/install.log --single-version-externally-managed
[0.375s] running egg_info
[0.375s] creating ../../build/robot/robot.egg-info
[0.375s] writing ../../build/robot/robot.egg-info/PKG-INFO
[0.375s] writing dependency_links to ../../build/robot/robot.egg-info/dependency_links.txt
[0.375s] writing entry points to ../../build/robot/robot.egg-info/entry_points.txt
[0.376s] writing requirements to ../../build/robot/robot.egg-info/requires.txt
[0.376s] writing top-level names to ../../build/robot/robot.egg-info/top_level.txt
[0.377s] writing manifest file '../../build/robot/robot.egg-info/SOURCES.txt'
[0.403s] reading manifest file '../../build/robot/robot.egg-info/SOURCES.txt'
[0.403s] writing manifest file '../../build/robot/robot.egg-info/SOURCES.txt'
[0.403s] running build
[0.403s] running build_py
[0.404s] creating /home/legacy/trr_robot_ws/build/robot/build
[0.404s] creating /home/legacy/trr_robot_ws/build/robot/build/lib
[0.404s] creating /home/legacy/trr_robot_ws/build/robot/build/lib/robot
[0.404s] copying robot/__init__.py -> /home/legacy/trr_robot_ws/build/robot/build/lib/robot
[0.404s] running install
[0.404s] running install_lib
[0.405s] creating /home/legacy/trr_robot_ws/install/robot/lib/python3.8/site-packages/robot
[0.405s] copying /home/legacy/trr_robot_ws/build/robot/build/lib/robot/__init__.py -> /home/legacy/trr_robot_ws/install/robot/lib/python3.8/site-packages/robot
[0.405s] byte-compiling /home/legacy/trr_robot_ws/install/robot/lib/python3.8/site-packages/robot/__init__.py to __init__.cpython-38.pyc
[0.406s] running install_data
[0.407s] creating /home/legacy/trr_robot_ws/install/robot/share/ament_index
[0.407s] creating /home/legacy/trr_robot_ws/install/robot/share/ament_index/resource_index
[0.407s] creating /home/legacy/trr_robot_ws/install/robot/share/ament_index/resource_index/packages
[0.407s] copying resource/robot -> /home/legacy/trr_robot_ws/install/robot/share/ament_index/resource_index/packages
[0.407s] copying package.xml -> /home/legacy/trr_robot_ws/install/robot/share/robot
[0.407s] running install_egg_info
[0.408s] Copying ../../build/robot/robot.egg-info to /home/legacy/trr_robot_ws/install/robot/lib/python3.8/site-packages/robot-0.0.0-py3.8.egg-info
[0.409s] running install_scripts
[0.422s] writing list of installed files to '/home/legacy/trr_robot_ws/build/robot/install.log'
[0.439s] Invoked command in '/home/legacy/trr_robot_ws/src/robot' returned '0': PYTHONPATH=/home/legacy/trr_robot_ws/install/robot/lib/python3.8/site-packages:${PYTHONPATH} /usr/bin/python3 setup.py egg_info --egg-base ../../build/robot build --build-base /home/legacy/trr_robot_ws/build/robot/build install --prefix /home/legacy/trr_robot_ws/install/robot --record /home/legacy/trr_robot_ws/build/robot/install.log --single-version-externally-managed
