[0.233s] Invoking command in '/home/legacy/trr_robot_ws/build/robot': PYTHONPATH=/home/legacy/trr_robot_ws/install/robot/lib/python3.8/site-packages:${PYTHONPATH} /usr/bin/python3 setup.py develop --prefix /home/legacy/trr_robot_ws/install/robot --uninstall --editable --build-directory /home/legacy/trr_robot_ws/build/robot/build
[0.455s] running develop
[0.608s] Invoked command in '/home/legacy/trr_robot_ws/build/robot' returned '0': PYTHONPATH=/home/legacy/trr_robot_ws/install/robot/lib/python3.8/site-packages:${PYTHONPATH} /usr/bin/python3 setup.py develop --prefix /home/legacy/trr_robot_ws/install/robot --uninstall --editable --build-directory /home/legacy/trr_robot_ws/build/robot/build
[0.609s] Invoking command in '/home/legacy/trr_robot_ws/src/robot': PYTHONPATH=/home/legacy/trr_robot_ws/install/robot/lib/python3.8/site-packages:${PYTHONPATH} /usr/bin/python3 setup.py egg_info --egg-base ../../build/robot build --build-base /home/legacy/trr_robot_ws/build/robot/build install --prefix /home/legacy/trr_robot_ws/install/robot --record /home/legacy/trr_robot_ws/build/robot/install.log --single-version-externally-managed
[0.816s] running egg_info
[0.816s] writing ../../build/robot/robot.egg-info/PKG-INFO
[0.816s] writing dependency_links to ../../build/robot/robot.egg-info/dependency_links.txt
[0.816s] writing entry points to ../../build/robot/robot.egg-info/entry_points.txt
[0.817s] writing requirements to ../../build/robot/robot.egg-info/requires.txt
[0.817s] writing top-level names to ../../build/robot/robot.egg-info/top_level.txt
[0.850s] reading manifest file '../../build/robot/robot.egg-info/SOURCES.txt'
[0.851s] writing manifest file '../../build/robot/robot.egg-info/SOURCES.txt'
[0.852s] running build
[0.852s] running build_py
[0.852s] running install
[0.853s] running install_lib
[0.854s] running install_data
[0.854s] copying launch/control_robot.launch.py -> /home/legacy/trr_robot_ws/install/robot/share/robot
[0.855s] running install_egg_info
[0.856s] removing '/home/legacy/trr_robot_ws/install/robot/lib/python3.8/site-packages/robot-0.0.0-py3.8.egg-info' (and everything under it)
[0.856s] Copying ../../build/robot/robot.egg-info to /home/legacy/trr_robot_ws/install/robot/lib/python3.8/site-packages/robot-0.0.0-py3.8.egg-info
[0.857s] running install_scripts
[0.873s] Installing move_joints_gazebo script to /home/legacy/trr_robot_ws/install/robot/lib/robot
[0.873s] Installing state_publisher script to /home/legacy/trr_robot_ws/install/robot/lib/robot
[0.873s] writing list of installed files to '/home/legacy/trr_robot_ws/build/robot/install.log'
[0.890s] Invoked command in '/home/legacy/trr_robot_ws/src/robot' returned '0': PYTHONPATH=/home/legacy/trr_robot_ws/install/robot/lib/python3.8/site-packages:${PYTHONPATH} /usr/bin/python3 setup.py egg_info --egg-base ../../build/robot build --build-base /home/legacy/trr_robot_ws/build/robot/build install --prefix /home/legacy/trr_robot_ws/install/robot --record /home/legacy/trr_robot_ws/build/robot/install.log --single-version-externally-managed
