[0.220s] Invoking command in '/home/legacy/trr_robot_ws/build/robot': PYTHONPATH=/home/legacy/trr_robot_ws/install/robot/lib/python3.8/site-packages:${PYTHONPATH} /usr/bin/python3 setup.py develop --prefix /home/legacy/trr_robot_ws/install/robot --uninstall --editable --build-directory /home/legacy/trr_robot_ws/build/robot/build
[0.431s] running develop
[0.576s] Invoked command in '/home/legacy/trr_robot_ws/build/robot' returned '0': PYTHONPATH=/home/legacy/trr_robot_ws/install/robot/lib/python3.8/site-packages:${PYTHONPATH} /usr/bin/python3 setup.py develop --prefix /home/legacy/trr_robot_ws/install/robot --uninstall --editable --build-directory /home/legacy/trr_robot_ws/build/robot/build
[0.577s] Invoking command in '/home/legacy/trr_robot_ws/src/robot': PYTHONPATH=/home/legacy/trr_robot_ws/install/robot/lib/python3.8/site-packages:${PYTHONPATH} /usr/bin/python3 setup.py egg_info --egg-base ../../build/robot build --build-base /home/legacy/trr_robot_ws/build/robot/build install --prefix /home/legacy/trr_robot_ws/install/robot --record /home/legacy/trr_robot_ws/build/robot/install.log --single-version-externally-managed
[0.779s] running egg_info
[0.780s] writing ../../build/robot/robot.egg-info/PKG-INFO
[0.780s] writing dependency_links to ../../build/robot/robot.egg-info/dependency_links.txt
[0.780s] writing entry points to ../../build/robot/robot.egg-info/entry_points.txt
[0.780s] writing requirements to ../../build/robot/robot.egg-info/requires.txt
[0.780s] writing top-level names to ../../build/robot/robot.egg-info/top_level.txt
[0.813s] reading manifest file '../../build/robot/robot.egg-info/SOURCES.txt'
[0.814s] writing manifest file '../../build/robot/robot.egg-info/SOURCES.txt'
[0.814s] running build
[0.814s] running build_py
[0.814s] running install
[0.815s] running install_lib
[0.816s] running install_data
[0.817s] copying launch/control_robot.launch.py -> /home/legacy/trr_robot_ws/install/robot/share/robot
[0.817s] copying launch/gazebo_robot.launch.py -> /home/legacy/trr_robot_ws/install/robot/share/robot
[0.817s] running install_egg_info
[0.819s] removing '/home/legacy/trr_robot_ws/install/robot/lib/python3.8/site-packages/robot-0.0.0-py3.8.egg-info' (and everything under it)
[0.819s] Copying ../../build/robot/robot.egg-info to /home/legacy/trr_robot_ws/install/robot/lib/python3.8/site-packages/robot-0.0.0-py3.8.egg-info
[0.819s] running install_scripts
[0.835s] Installing move_joints_gazebo script to /home/legacy/trr_robot_ws/install/robot/lib/robot
[0.835s] Installing state_publisher script to /home/legacy/trr_robot_ws/install/robot/lib/robot
[0.836s] writing list of installed files to '/home/legacy/trr_robot_ws/build/robot/install.log'
[0.852s] Invoked command in '/home/legacy/trr_robot_ws/src/robot' returned '0': PYTHONPATH=/home/legacy/trr_robot_ws/install/robot/lib/python3.8/site-packages:${PYTHONPATH} /usr/bin/python3 setup.py egg_info --egg-base ../../build/robot build --build-base /home/legacy/trr_robot_ws/build/robot/build install --prefix /home/legacy/trr_robot_ws/install/robot --record /home/legacy/trr_robot_ws/build/robot/install.log --single-version-externally-managed
