running develop
running egg_info
writing ../../build/robot/robot.egg-info/PKG-INFO
writing dependency_links to ../../build/robot/robot.egg-info/dependency_links.txt
writing entry points to ../../build/robot/robot.egg-info/entry_points.txt
writing requirements to ../../build/robot/robot.egg-info/requires.txt
writing top-level names to ../../build/robot/robot.egg-info/top_level.txt
reading manifest file '../../build/robot/robot.egg-info/SOURCES.txt'
writing manifest file '../../build/robot/robot.egg-info/SOURCES.txt'
running build
running build_py
copying robot/move_joints_gazebo.py -> /home/legacy/trr_robot_ws/build/robot/build/lib/robot
running install
running install_lib
copying /home/legacy/trr_robot_ws/build/robot/build/lib/robot/move_joints_gazebo.py -> /home/legacy/trr_robot_ws/install/robot/lib/python3.8/site-packages/robot
byte-compiling /home/legacy/trr_robot_ws/install/robot/lib/python3.8/site-packages/robot/move_joints_gazebo.py to move_joints_gazebo.cpython-38.pyc
running install_data
copying launch/control_robot.launch.py -> /home/legacy/trr_robot_ws/install/robot/share/robot
copying launch/gazebo_robot.launch.py -> /home/legacy/trr_robot_ws/install/robot/share/robot
running install_egg_info
removing '/home/legacy/trr_robot_ws/install/robot/lib/python3.8/site-packages/robot-0.0.0-py3.8.egg-info' (and everything under it)
Copying ../../build/robot/robot.egg-info to /home/legacy/trr_robot_ws/install/robot/lib/python3.8/site-packages/robot-0.0.0-py3.8.egg-info
running install_scripts
Installing move_joints_gazebo script to /home/legacy/trr_robot_ws/install/robot/lib/robot
Installing state_publisher script to /home/legacy/trr_robot_ws/install/robot/lib/robot
writing list of installed files to '/home/legacy/trr_robot_ws/build/robot/install.log'
