[0.209s] Invoking command in '/home/legacy/trr_robot_ws/build/robot': PYTHONPATH=/home/legacy/trr_robot_ws/install/robot/lib/python3.8/site-packages:${PYTHONPATH} /usr/bin/python3 setup.py develop --prefix /home/legacy/trr_robot_ws/install/robot --uninstall --editable --build-directory /home/legacy/trr_robot_ws/build/robot/build
[0.402s] running develop
[0.538s] Invoked command in '/home/legacy/trr_robot_ws/build/robot' returned '0': PYTHONPATH=/home/legacy/trr_robot_ws/install/robot/lib/python3.8/site-packages:${PYTHONPATH} /usr/bin/python3 setup.py develop --prefix /home/legacy/trr_robot_ws/install/robot --uninstall --editable --build-directory /home/legacy/trr_robot_ws/build/robot/build
[0.539s] Invoking command in '/home/legacy/trr_robot_ws/src/robot': PYTHONPATH=/home/legacy/trr_robot_ws/install/robot/lib/python3.8/site-packages:${PYTHONPATH} /usr/bin/python3 setup.py egg_info --egg-base ../../build/robot build --build-base /home/legacy/trr_robot_ws/build/robot/build install --prefix /home/legacy/trr_robot_ws/install/robot --record /home/legacy/trr_robot_ws/build/robot/install.log --single-version-externally-managed
[0.719s] running egg_info
[0.719s] writing ../../build/robot/robot.egg-info/PKG-INFO
[0.719s] writing dependency_links to ../../build/robot/robot.egg-info/dependency_links.txt
[0.719s] writing entry points to ../../build/robot/robot.egg-info/entry_points.txt
[0.719s] writing requirements to ../../build/robot/robot.egg-info/requires.txt
[0.719s] writing top-level names to ../../build/robot/robot.egg-info/top_level.txt
[0.748s] reading manifest file '../../build/robot/robot.egg-info/SOURCES.txt'
[0.748s] writing manifest file '../../build/robot/robot.egg-info/SOURCES.txt'
[0.748s] running build
[0.749s] running build_py
[0.749s] copying robot/move_joints_gazebo.py -> /home/legacy/trr_robot_ws/build/robot/build/lib/robot
[0.749s] running install
[0.749s] running install_lib
[0.750s] copying /home/legacy/trr_robot_ws/build/robot/build/lib/robot/move_joints_gazebo.py -> /home/legacy/trr_robot_ws/install/robot/lib/python3.8/site-packages/robot
[0.751s] byte-compiling /home/legacy/trr_robot_ws/install/robot/lib/python3.8/site-packages/robot/move_joints_gazebo.py to move_joints_gazebo.cpython-38.pyc
[0.752s] running install_data
[0.752s] copying launch/control_robot.launch.py -> /home/legacy/trr_robot_ws/install/robot/share/robot
[0.752s] copying launch/gazebo_robot.launch.py -> /home/legacy/trr_robot_ws/install/robot/share/robot
[0.752s] running install_egg_info
[0.754s] removing '/home/legacy/trr_robot_ws/install/robot/lib/python3.8/site-packages/robot-0.0.0-py3.8.egg-info' (and everything under it)
[0.754s] Copying ../../build/robot/robot.egg-info to /home/legacy/trr_robot_ws/install/robot/lib/python3.8/site-packages/robot-0.0.0-py3.8.egg-info
[0.754s] running install_scripts
[0.768s] Installing move_joints_gazebo script to /home/legacy/trr_robot_ws/install/robot/lib/robot
[0.768s] Installing state_publisher script to /home/legacy/trr_robot_ws/install/robot/lib/robot
[0.768s] writing list of installed files to '/home/legacy/trr_robot_ws/build/robot/install.log'
[0.784s] Invoked command in '/home/legacy/trr_robot_ws/src/robot' returned '0': PYTHONPATH=/home/legacy/trr_robot_ws/install/robot/lib/python3.8/site-packages:${PYTHONPATH} /usr/bin/python3 setup.py egg_info --egg-base ../../build/robot build --build-base /home/legacy/trr_robot_ws/build/robot/build install --prefix /home/legacy/trr_robot_ws/install/robot --record /home/legacy/trr_robot_ws/build/robot/install.log --single-version-externally-managed
