[0.264s] Invoking command in '/home/legacy/trr_robot_ws/src/robot': PYTHONPATH=/home/legacy/trr_robot_ws/install/robot/lib/python3.8/site-packages:${PYTHONPATH} /usr/bin/python3 setup.py egg_info --egg-base ../../build/robot build --build-base /home/legacy/trr_robot_ws/build/robot/build install --prefix /home/legacy/trr_robot_ws/install/robot --record /home/legacy/trr_robot_ws/build/robot/install.log --single-version-externally-managed
[0.499s] running egg_info
[0.500s] writing ../../build/robot/robot.egg-info/PKG-INFO
[0.500s] writing dependency_links to ../../build/robot/robot.egg-info/dependency_links.txt
[0.500s] writing entry points to ../../build/robot/robot.egg-info/entry_points.txt
[0.500s] writing requirements to ../../build/robot/robot.egg-info/requires.txt
[0.500s] writing top-level names to ../../build/robot/robot.egg-info/top_level.txt
[0.538s] reading manifest file '../../build/robot/robot.egg-info/SOURCES.txt'
[0.539s] writing manifest file '../../build/robot/robot.egg-info/SOURCES.txt'
[0.539s] running build
[0.540s] running build_py
[0.540s] copying robot/move_joints_gazebo.py -> /home/legacy/trr_robot_ws/build/robot/build/lib/robot
[0.540s] running install
[0.540s] running install_lib
[0.542s] copying /home/legacy/trr_robot_ws/build/robot/build/lib/robot/move_joints_gazebo.py -> /home/legacy/trr_robot_ws/install/robot/lib/python3.8/site-packages/robot
[0.542s] byte-compiling /home/legacy/trr_robot_ws/install/robot/lib/python3.8/site-packages/robot/move_joints_gazebo.py to move_joints_gazebo.cpython-38.pyc
[0.544s] running install_data
[0.545s] running install_egg_info
[0.546s] removing '/home/legacy/trr_robot_ws/install/robot/lib/python3.8/site-packages/robot-0.0.0-py3.8.egg-info' (and everything under it)
[0.547s] Copying ../../build/robot/robot.egg-info to /home/legacy/trr_robot_ws/install/robot/lib/python3.8/site-packages/robot-0.0.0-py3.8.egg-info
[0.548s] running install_scripts
[0.566s] Installing move_joints_gazebo script to /home/legacy/trr_robot_ws/install/robot/lib/robot
[0.566s] Installing state_publisher script to /home/legacy/trr_robot_ws/install/robot/lib/robot
[0.566s] writing list of installed files to '/home/legacy/trr_robot_ws/build/robot/install.log'
[0.587s] Invoked command in '/home/legacy/trr_robot_ws/src/robot' returned '0': PYTHONPATH=/home/legacy/trr_robot_ws/install/robot/lib/python3.8/site-packages:${PYTHONPATH} /usr/bin/python3 setup.py egg_info --egg-base ../../build/robot build --build-base /home/legacy/trr_robot_ws/build/robot/build install --prefix /home/legacy/trr_robot_ws/install/robot --record /home/legacy/trr_robot_ws/build/robot/install.log --single-version-externally-managed
