[0.232s] Invoking command in '/home/legacy/trr_robot_ws/src/robot': PYTHONPATH=/home/legacy/trr_robot_ws/install/robot/lib/python3.8/site-packages:${PYTHONPATH} /usr/bin/python3 setup.py egg_info --egg-base ../../build/robot build --build-base /home/legacy/trr_robot_ws/build/robot/build install --prefix /home/legacy/trr_robot_ws/install/robot --record /home/legacy/trr_robot_ws/build/robot/install.log --single-version-externally-managed
[0.433s] running egg_info
[0.433s] writing ../../build/robot/robot.egg-info/PKG-INFO
[0.433s] writing dependency_links to ../../build/robot/robot.egg-info/dependency_links.txt
[0.434s] writing entry points to ../../build/robot/robot.egg-info/entry_points.txt
[0.434s] writing requirements to ../../build/robot/robot.egg-info/requires.txt
[0.434s] writing top-level names to ../../build/robot/robot.egg-info/top_level.txt
[0.466s] reading manifest file '../../build/robot/robot.egg-info/SOURCES.txt'
[0.467s] writing manifest file '../../build/robot/robot.egg-info/SOURCES.txt'
[0.467s] running build
[0.467s] running build_py
[0.468s] running install
[0.468s] running install_lib
[0.470s] running install_data
[0.470s] running install_egg_info
[0.472s] removing '/home/legacy/trr_robot_ws/install/robot/lib/python3.8/site-packages/robot-0.0.0-py3.8.egg-info' (and everything under it)
[0.472s] Copying ../../build/robot/robot.egg-info to /home/legacy/trr_robot_ws/install/robot/lib/python3.8/site-packages/robot-0.0.0-py3.8.egg-info
[0.473s] running install_scripts
[0.488s] Installing move_joints_gazebo script to /home/legacy/trr_robot_ws/install/robot/lib/robot
[0.488s] Installing state_publisher script to /home/legacy/trr_robot_ws/install/robot/lib/robot
[0.488s] writing list of installed files to '/home/legacy/trr_robot_ws/build/robot/install.log'
[0.507s] Invoked command in '/home/legacy/trr_robot_ws/src/robot' returned '0': PYTHONPATH=/home/legacy/trr_robot_ws/install/robot/lib/python3.8/site-packages:${PYTHONPATH} /usr/bin/python3 setup.py egg_info --egg-base ../../build/robot build --build-base /home/legacy/trr_robot_ws/build/robot/build install --prefix /home/legacy/trr_robot_ws/install/robot --record /home/legacy/trr_robot_ws/build/robot/install.log --single-version-externally-managed
