[0.026s] Invoking command in '/home/legacy/trr_robot_ws/build/hardware_interface': AMENT_PREFIX_PATH=/home/legacy/trr_robot_ws/install/ros2_control_test_assets:${AMENT_PREFIX_PATH} CMAKE_PREFIX_PATH=/home/legacy/trr_robot_ws/install/ros2_control_test_assets:/opt/ros/foxy /usr/bin/cmake /home/legacy/trr_robot_ws/src/ros2_control/hardware_interface -DCMAKE_INSTALL_PREFIX=/home/legacy/trr_robot_ws/install/hardware_interface
[0.051s] -- Found ament_cmake: 0.9.8 (/opt/ros/foxy/share/ament_cmake/cmake)
[0.103s] -- Using PYTHON_EXECUTABLE: /usr/bin/python3
[0.436s] -- Override CMake install command with custom implementation using symlinks instead of copying resources
[0.448s] -- Found control_msgs: 2.5.1 (/opt/ros/foxy/share/control_msgs/cmake)
[0.491s] -- Using all available rosidl_typesupport_c: rosidl_typesupport_fastrtps_c;rosidl_typesupport_introspection_c
[0.498s] -- Found rosidl_adapter: 1.2.1 (/opt/ros/foxy/share/rosidl_adapter/cmake)
[0.697s] -- Using all available rosidl_typesupport_cpp: rosidl_typesupport_fastrtps_cpp;rosidl_typesupport_introspection_cpp
[1.365s] -- Found pluginlib: 2.5.3 (/opt/ros/foxy/share/pluginlib/cmake)
[1.394s] -- Found rclcpp_lifecycle: 2.3.1 (/opt/ros/foxy/share/rclcpp_lifecycle/cmake)
[1.440s] -- Found rmw_implementation_cmake: 1.0.3 (/opt/ros/foxy/share/rmw_implementation_cmake/cmake)
[1.442s] -- Using RMW implementation 'rmw_fastrtps_cpp' as default
[1.670s] -- Found ament_lint_auto: 0.9.6 (/opt/ros/foxy/share/ament_lint_auto/cmake)
[1.747s] -- Found gmock sources under '/opt/ros/foxy/src/gmock_vendor': C++ tests using 'Google Mock' will be built
[1.750s] -- Found ament_cmake_gtest: 0.9.8 (/opt/ros/foxy/share/ament_cmake_gtest/cmake)
[1.751s] -- Found gtest sources under '/opt/ros/foxy/src/gtest_vendor': C++ tests using 'Google Test' will be built
[1.770s] -- Added test 'copyright' to check source files copyright and LICENSE
[1.773s] -- Added test 'cppcheck' to perform static code analysis on C / C++ code
[1.774s] -- Configured cppcheck include dirs: /home/legacy/trr_robot_ws/src/ros2_control/hardware_interface/include
[1.774s] -- Configured cppcheck exclude dirs and/or files: 
[1.776s] -- Added test 'lint_cmake' to check CMake code style
[1.777s] -- Added test 'xmllint' to check XML markup files
[1.784s] -- Configuring done
[1.859s] -- Generating done
[1.863s] -- Build files have been written to: /home/legacy/trr_robot_ws/build/hardware_interface
[1.874s] Invoked command in '/home/legacy/trr_robot_ws/build/hardware_interface' returned '0': AMENT_PREFIX_PATH=/home/legacy/trr_robot_ws/install/ros2_control_test_assets:${AMENT_PREFIX_PATH} CMAKE_PREFIX_PATH=/home/legacy/trr_robot_ws/install/ros2_control_test_assets:/opt/ros/foxy /usr/bin/cmake /home/legacy/trr_robot_ws/src/ros2_control/hardware_interface -DCMAKE_INSTALL_PREFIX=/home/legacy/trr_robot_ws/install/hardware_interface
[1.877s] Invoking command in '/home/legacy/trr_robot_ws/build/hardware_interface': AMENT_PREFIX_PATH=/home/legacy/trr_robot_ws/install/ros2_control_test_assets:${AMENT_PREFIX_PATH} CMAKE_PREFIX_PATH=/home/legacy/trr_robot_ws/install/ros2_control_test_assets:/opt/ros/foxy /usr/bin/cmake --build /home/legacy/trr_robot_ws/build/hardware_interface -- -j8 -l8
[1.942s] [  8%] Built target gmock
[1.945s] [ 14%] Built target gmock_main
[1.952s] [ 32%] Built target hardware_interface
[1.990s] [ 38%] Built target test_macros
[2.015s] [ 44%] Built target test_joint_handle
[2.019s] [ 50%] Built target fake_components
[2.021s] [ 55%] Built target test_component_interfaces
[2.026s] [ 61%] Built target test_component_parser
[2.031s] [ 73%] Built target test_components
[2.032s] [ 79%] Built target test_generic_system
[2.035s] [ 94%] Built target test_hardware_components
[2.045s] [100%] Built target test_resource_manager
[2.056s] Invoked command in '/home/legacy/trr_robot_ws/build/hardware_interface' returned '0': AMENT_PREFIX_PATH=/home/legacy/trr_robot_ws/install/ros2_control_test_assets:${AMENT_PREFIX_PATH} CMAKE_PREFIX_PATH=/home/legacy/trr_robot_ws/install/ros2_control_test_assets:/opt/ros/foxy /usr/bin/cmake --build /home/legacy/trr_robot_ws/build/hardware_interface -- -j8 -l8
[2.119s] Invoking command in '/home/legacy/trr_robot_ws/build/hardware_interface': AMENT_PREFIX_PATH=/home/legacy/trr_robot_ws/install/ros2_control_test_assets:${AMENT_PREFIX_PATH} CMAKE_PREFIX_PATH=/home/legacy/trr_robot_ws/install/ros2_control_test_assets:/opt/ros/foxy /usr/bin/cmake --install /home/legacy/trr_robot_ws/build/hardware_interface
[2.127s] -- Install configuration: ""
[2.128s] -- Execute custom install script
[2.128s] -- Up-to-date symlink: /home/legacy/trr_robot_ws/install/hardware_interface/share/hardware_interface//fake_components_plugin_description.xml
[2.129s] -- Up-to-date symlink: /home/legacy/trr_robot_ws/install/hardware_interface/include/fake_components/generic_system.hpp
[2.129s] -- Up-to-date symlink: /home/legacy/trr_robot_ws/install/hardware_interface/include/fake_components/visibility_control.h
[2.129s] -- Up-to-date symlink: /home/legacy/trr_robot_ws/install/hardware_interface/include/hardware_interface/actuator.hpp
[2.129s] -- Up-to-date symlink: /home/legacy/trr_robot_ws/install/hardware_interface/include/hardware_interface/actuator_interface.hpp
[2.129s] -- Up-to-date symlink: /home/legacy/trr_robot_ws/install/hardware_interface/include/hardware_interface/component_parser.hpp
[2.130s] -- Up-to-date symlink: /home/legacy/trr_robot_ws/install/hardware_interface/include/hardware_interface/controller_info.hpp
[2.130s] -- Up-to-date symlink: /home/legacy/trr_robot_ws/install/hardware_interface/include/hardware_interface/handle.hpp
[2.130s] -- Up-to-date symlink: /home/legacy/trr_robot_ws/install/hardware_interface/include/hardware_interface/hardware_info.hpp
[2.130s] -- Up-to-date symlink: /home/legacy/trr_robot_ws/install/hardware_interface/include/hardware_interface/loaned_command_interface.hpp
[2.130s] -- Up-to-date symlink: /home/legacy/trr_robot_ws/install/hardware_interface/include/hardware_interface/loaned_state_interface.hpp
[2.130s] -- Up-to-date symlink: /home/legacy/trr_robot_ws/install/hardware_interface/include/hardware_interface/macros.hpp
[2.131s] -- Up-to-date symlink: /home/legacy/trr_robot_ws/install/hardware_interface/include/hardware_interface/resource_manager.hpp
[2.131s] -- Up-to-date symlink: /home/legacy/trr_robot_ws/install/hardware_interface/include/hardware_interface/sensor.hpp
[2.131s] -- Up-to-date symlink: /home/legacy/trr_robot_ws/install/hardware_interface/include/hardware_interface/sensor_interface.hpp
[2.131s] -- Up-to-date symlink: /home/legacy/trr_robot_ws/install/hardware_interface/include/hardware_interface/system.hpp
[2.131s] -- Up-to-date symlink: /home/legacy/trr_robot_ws/install/hardware_interface/include/hardware_interface/system_interface.hpp
[2.132s] -- Up-to-date symlink: /home/legacy/trr_robot_ws/install/hardware_interface/include/hardware_interface/types/hardware_interface_return_values.hpp
[2.132s] -- Up-to-date symlink: /home/legacy/trr_robot_ws/install/hardware_interface/include/hardware_interface/types/hardware_interface_type_values.hpp
[2.132s] -- Up-to-date symlink: /home/legacy/trr_robot_ws/install/hardware_interface/include/hardware_interface/types/lifecycle_state_names.hpp
[2.132s] -- Up-to-date symlink: /home/legacy/trr_robot_ws/install/hardware_interface/include/hardware_interface/visibility_control.h
[2.132s] -- Up-to-date symlink: /home/legacy/trr_robot_ws/install/hardware_interface/lib/libfake_components.so
[2.133s] -- Up-to-date symlink: /home/legacy/trr_robot_ws/install/hardware_interface/lib/libhardware_interface.so
[2.133s] -- Up-to-date symlink: /home/legacy/trr_robot_ws/install/hardware_interface/lib/libtest_components.so
[2.134s] -- Up-to-date symlink: /home/legacy/trr_robot_ws/install/hardware_interface/share/hardware_interface/test/test_components/test_components.xml
[2.134s] -- Up-to-date symlink: /home/legacy/trr_robot_ws/install/hardware_interface/lib/libtest_hardware_components.so
[2.134s] -- Up-to-date symlink: /home/legacy/trr_robot_ws/install/hardware_interface/share/hardware_interface/test/test_hardware_components/test_hardware_components.xml
[2.134s] -- Up-to-date symlink: /home/legacy/trr_robot_ws/install/hardware_interface/share/hardware_interface/environment/library_path.sh
[2.135s] -- Up-to-date symlink: /home/legacy/trr_robot_ws/install/hardware_interface/share/hardware_interface/environment/library_path.dsv
[2.135s] -- Up-to-date symlink: /home/legacy/trr_robot_ws/install/hardware_interface/share/ament_index/resource_index/package_run_dependencies/hardware_interface
[2.135s] -- Up-to-date symlink: /home/legacy/trr_robot_ws/install/hardware_interface/share/ament_index/resource_index/parent_prefix_path/hardware_interface
[2.136s] -- Up-to-date symlink: /home/legacy/trr_robot_ws/install/hardware_interface/share/hardware_interface/environment/ament_prefix_path.sh
[2.136s] -- Up-to-date symlink: /home/legacy/trr_robot_ws/install/hardware_interface/share/hardware_interface/environment/ament_prefix_path.dsv
[2.136s] -- Up-to-date symlink: /home/legacy/trr_robot_ws/install/hardware_interface/share/hardware_interface/environment/path.sh
[2.136s] -- Up-to-date symlink: /home/legacy/trr_robot_ws/install/hardware_interface/share/hardware_interface/environment/path.dsv
[2.137s] -- Up-to-date symlink: /home/legacy/trr_robot_ws/install/hardware_interface/share/hardware_interface/local_setup.bash
[2.137s] -- Up-to-date symlink: /home/legacy/trr_robot_ws/install/hardware_interface/share/hardware_interface/local_setup.sh
[2.137s] -- Up-to-date symlink: /home/legacy/trr_robot_ws/install/hardware_interface/share/hardware_interface/local_setup.zsh
[2.137s] -- Up-to-date symlink: /home/legacy/trr_robot_ws/install/hardware_interface/share/hardware_interface/local_setup.dsv
[2.138s] -- Symlinking: /home/legacy/trr_robot_ws/install/hardware_interface/share/hardware_interface/package.dsv
[2.146s] -- Up-to-date symlink: /home/legacy/trr_robot_ws/install/hardware_interface/share/ament_index/resource_index/packages/hardware_interface
[2.147s] -- Up-to-date symlink: /home/legacy/trr_robot_ws/install/hardware_interface/share/ament_index/resource_index/hardware_interface__pluginlib__plugin/hardware_interface
[2.147s] -- Up-to-date symlink: /home/legacy/trr_robot_ws/install/hardware_interface/share/hardware_interface/cmake/ament_cmake_export_include_directories-extras.cmake
[2.147s] -- Up-to-date symlink: /home/legacy/trr_robot_ws/install/hardware_interface/share/hardware_interface/cmake/ament_cmake_export_libraries-extras.cmake
[2.147s] -- Up-to-date symlink: /home/legacy/trr_robot_ws/install/hardware_interface/share/hardware_interface/cmake/ament_cmake_export_dependencies-extras.cmake
[2.148s] -- Up-to-date symlink: /home/legacy/trr_robot_ws/install/hardware_interface/share/hardware_interface/cmake/hardware_interfaceConfig.cmake
[2.148s] -- Up-to-date symlink: /home/legacy/trr_robot_ws/install/hardware_interface/share/hardware_interface/cmake/hardware_interfaceConfig-version.cmake
[2.148s] -- Up-to-date symlink: /home/legacy/trr_robot_ws/install/hardware_interface/share/hardware_interface/package.xml
[2.151s] Invoked command in '/home/legacy/trr_robot_ws/build/hardware_interface' returned '0': AMENT_PREFIX_PATH=/home/legacy/trr_robot_ws/install/ros2_control_test_assets:${AMENT_PREFIX_PATH} CMAKE_PREFIX_PATH=/home/legacy/trr_robot_ws/install/ros2_control_test_assets:/opt/ros/foxy /usr/bin/cmake --install /home/legacy/trr_robot_ws/build/hardware_interface
