[  1%] [34m[1mGenerating C code for ROS interfaces[0m
[35m[1mScanning dependencies of target controller_manager_msgs__cpp[0m
[  1%] [34m[1mGenerating C++ code for ROS interfaces[0m
[  1%] Built target controller_manager_msgs__cpp
[  2%] [34m[1mGenerating C++ type support dispatch for ROS interfaces[0m
[  3%] [34m[1mGenerating C++ type support for eProsima Fast-RTPS[0m
[  3%] [34m[1mGenerating C++ introspection for ROS interfaces[0m
[35m[1mScanning dependencies of target controller_manager_msgs__rosidl_generator_c[0m
[  4%] [32mBuilding C object CMakeFiles/controller_manager_msgs__rosidl_generator_c.dir/rosidl_generator_c/controller_manager_msgs/srv/detail/configure_controller__functions.c.o[0m
[  4%] [32mBuilding C object CMakeFiles/controller_manager_msgs__rosidl_generator_c.dir/rosidl_generator_c/controller_manager_msgs/msg/detail/controller_state__functions.c.o[0m
[  5%] [32mBuilding C object CMakeFiles/controller_manager_msgs__rosidl_generator_c.dir/rosidl_generator_c/controller_manager_msgs/msg/detail/hardware_component_state__functions.c.o[0m
[  6%] [32mBuilding C object CMakeFiles/controller_manager_msgs__rosidl_generator_c.dir/rosidl_generator_c/controller_manager_msgs/srv/detail/configure_start_controller__functions.c.o[0m
[  5%] [32mBuilding C object CMakeFiles/controller_manager_msgs__rosidl_generator_c.dir/rosidl_generator_c/controller_manager_msgs/msg/detail/hardware_interface__functions.c.o[0m
[  7%] [32mBuilding C object CMakeFiles/controller_manager_msgs__rosidl_generator_c.dir/rosidl_generator_c/controller_manager_msgs/srv/detail/list_controllers__functions.c.o[0m
[  8%] [32mBuilding C object CMakeFiles/controller_manager_msgs__rosidl_generator_c.dir/rosidl_generator_c/controller_manager_msgs/srv/detail/list_hardware_components__functions.c.o[0m
[  8%] [32mBuilding C object CMakeFiles/controller_manager_msgs__rosidl_generator_c.dir/rosidl_generator_c/controller_manager_msgs/srv/detail/list_controller_types__functions.c.o[0m
[  9%] [32mBuilding C object CMakeFiles/controller_manager_msgs__rosidl_generator_c.dir/rosidl_generator_c/controller_manager_msgs/srv/detail/list_hardware_interfaces__functions.c.o[0m
[  9%] [32mBuilding C object CMakeFiles/controller_manager_msgs__rosidl_generator_c.dir/rosidl_generator_c/controller_manager_msgs/srv/detail/load_configure_controller__functions.c.o[0m
[ 11%] [32mBuilding C object CMakeFiles/controller_manager_msgs__rosidl_generator_c.dir/rosidl_generator_c/controller_manager_msgs/srv/detail/load_start_controller__functions.c.o[0m
[ 11%] [32mBuilding C object CMakeFiles/controller_manager_msgs__rosidl_generator_c.dir/rosidl_generator_c/controller_manager_msgs/srv/detail/load_controller__functions.c.o[0m
[ 11%] [32mBuilding C object CMakeFiles/controller_manager_msgs__rosidl_generator_c.dir/rosidl_generator_c/controller_manager_msgs/srv/detail/reload_controller_libraries__functions.c.o[0m
[ 12%] [32mBuilding C object CMakeFiles/controller_manager_msgs__rosidl_generator_c.dir/rosidl_generator_c/controller_manager_msgs/srv/detail/set_hardware_component_state__functions.c.o[0m
[ 13%] [32mBuilding C object CMakeFiles/controller_manager_msgs__rosidl_generator_c.dir/rosidl_generator_c/controller_manager_msgs/srv/detail/switch_controller__functions.c.o[0m
[ 13%] [32mBuilding C object CMakeFiles/controller_manager_msgs__rosidl_generator_c.dir/rosidl_generator_c/controller_manager_msgs/srv/detail/unload_controller__functions.c.o[0m
[ 14%] [32m[1mLinking C shared library libcontroller_manager_msgs__rosidl_generator_c.so[0m
[ 14%] Built target controller_manager_msgs__rosidl_generator_c
[ 15%] [34m[1mGenerating C introspection for ROS interfaces[0m
[ 16%] [34m[1mGenerating C type support dispatch for ROS interfaces[0m
[35m[1mScanning dependencies of target controller_manager_msgs__rosidl_typesupport_cpp[0m
[ 19%] [32mBuilding CXX object CMakeFiles/controller_manager_msgs__rosidl_typesupport_cpp.dir/rosidl_typesupport_cpp/controller_manager_msgs/srv/configure_controller__type_support.cpp.o[0m
[ 19%] [32mBuilding CXX object CMakeFiles/controller_manager_msgs__rosidl_typesupport_cpp.dir/rosidl_typesupport_cpp/controller_manager_msgs/msg/hardware_interface__type_support.cpp.o[0m
[ 19%] [32mBuilding CXX object CMakeFiles/controller_manager_msgs__rosidl_typesupport_cpp.dir/rosidl_typesupport_cpp/controller_manager_msgs/msg/controller_state__type_support.cpp.o[0m
[ 19%] [32mBuilding CXX object CMakeFiles/controller_manager_msgs__rosidl_typesupport_cpp.dir/rosidl_typesupport_cpp/controller_manager_msgs/msg/hardware_component_state__type_support.cpp.o[0m
[ 19%] [32mBuilding CXX object CMakeFiles/controller_manager_msgs__rosidl_typesupport_cpp.dir/rosidl_typesupport_cpp/controller_manager_msgs/srv/configure_start_controller__type_support.cpp.o[0m
[ 20%] [32mBuilding CXX object CMakeFiles/controller_manager_msgs__rosidl_typesupport_cpp.dir/rosidl_typesupport_cpp/controller_manager_msgs/srv/list_controller_types__type_support.cpp.o[0m
[ 21%] [32mBuilding CXX object CMakeFiles/controller_manager_msgs__rosidl_typesupport_cpp.dir/rosidl_typesupport_cpp/controller_manager_msgs/srv/list_controllers__type_support.cpp.o[0m
[ 21%] [32mBuilding CXX object CMakeFiles/controller_manager_msgs__rosidl_typesupport_cpp.dir/rosidl_typesupport_cpp/controller_manager_msgs/srv/list_hardware_components__type_support.cpp.o[0m
[35m[1mScanning dependencies of target controller_manager_msgs__rosidl_typesupport_c[0m
[35m[1mScanning dependencies of target controller_manager_msgs__rosidl_typesupport_introspection_cpp[0m
[ 21%] [32mBuilding CXX object CMakeFiles/controller_manager_msgs__rosidl_typesupport_c.dir/rosidl_typesupport_c/controller_manager_msgs/msg/controller_state__type_support.cpp.o[0m
[ 22%] [32mBuilding CXX object CMakeFiles/controller_manager_msgs__rosidl_typesupport_introspection_cpp.dir/rosidl_typesupport_introspection_cpp/controller_manager_msgs/msg/detail/controller_state__type_support.cpp.o[0m
[ 23%] [32mBuilding CXX object CMakeFiles/controller_manager_msgs__rosidl_typesupport_c.dir/rosidl_typesupport_c/controller_manager_msgs/msg/hardware_component_state__type_support.cpp.o[0m
[ 24%] [32mBuilding CXX object CMakeFiles/controller_manager_msgs__rosidl_typesupport_c.dir/rosidl_typesupport_c/controller_manager_msgs/msg/hardware_interface__type_support.cpp.o[0m
[ 24%] [32mBuilding CXX object CMakeFiles/controller_manager_msgs__rosidl_typesupport_c.dir/rosidl_typesupport_c/controller_manager_msgs/srv/configure_controller__type_support.cpp.o[0m
[ 25%] [32mBuilding CXX object CMakeFiles/controller_manager_msgs__rosidl_typesupport_c.dir/rosidl_typesupport_c/controller_manager_msgs/srv/configure_start_controller__type_support.cpp.o[0m
[ 26%] [32mBuilding CXX object CMakeFiles/controller_manager_msgs__rosidl_typesupport_c.dir/rosidl_typesupport_c/controller_manager_msgs/srv/list_controllers__type_support.cpp.o[0m
[ 26%] [32mBuilding CXX object CMakeFiles/controller_manager_msgs__rosidl_typesupport_c.dir/rosidl_typesupport_c/controller_manager_msgs/srv/list_controller_types__type_support.cpp.o[0m
[ 27%] [32mBuilding CXX object CMakeFiles/controller_manager_msgs__rosidl_typesupport_c.dir/rosidl_typesupport_c/controller_manager_msgs/srv/list_hardware_components__type_support.cpp.o[0m
[ 28%] [32mBuilding CXX object CMakeFiles/controller_manager_msgs__rosidl_typesupport_c.dir/rosidl_typesupport_c/controller_manager_msgs/srv/list_hardware_interfaces__type_support.cpp.o[0m
[ 29%] [32mBuilding CXX object CMakeFiles/controller_manager_msgs__rosidl_typesupport_cpp.dir/rosidl_typesupport_cpp/controller_manager_msgs/srv/list_hardware_interfaces__type_support.cpp.o[0m
[ 30%] [32mBuilding CXX object CMakeFiles/controller_manager_msgs__rosidl_typesupport_cpp.dir/rosidl_typesupport_cpp/controller_manager_msgs/srv/load_configure_controller__type_support.cpp.o[0m
[ 30%] [32mBuilding CXX object CMakeFiles/controller_manager_msgs__rosidl_typesupport_cpp.dir/rosidl_typesupport_cpp/controller_manager_msgs/srv/load_controller__type_support.cpp.o[0m
[ 30%] [32mBuilding CXX object CMakeFiles/controller_manager_msgs__rosidl_typesupport_c.dir/rosidl_typesupport_c/controller_manager_msgs/srv/load_configure_controller__type_support.cpp.o[0m
[ 31%] [32mBuilding CXX object CMakeFiles/controller_manager_msgs__rosidl_typesupport_c.dir/rosidl_typesupport_c/controller_manager_msgs/srv/load_controller__type_support.cpp.o[0m
[ 32%] [32mBuilding CXX object CMakeFiles/controller_manager_msgs__rosidl_typesupport_c.dir/rosidl_typesupport_c/controller_manager_msgs/srv/load_start_controller__type_support.cpp.o[0m
[ 32%] [32mBuilding CXX object CMakeFiles/controller_manager_msgs__rosidl_typesupport_c.dir/rosidl_typesupport_c/controller_manager_msgs/srv/reload_controller_libraries__type_support.cpp.o[0m
[ 33%] [32mBuilding CXX object CMakeFiles/controller_manager_msgs__rosidl_typesupport_c.dir/rosidl_typesupport_c/controller_manager_msgs/srv/set_hardware_component_state__type_support.cpp.o[0m
[ 34%] [32mBuilding CXX object CMakeFiles/controller_manager_msgs__rosidl_typesupport_introspection_cpp.dir/rosidl_typesupport_introspection_cpp/controller_manager_msgs/msg/detail/hardware_component_state__type_support.cpp.o[0m
[ 35%] [32mBuilding CXX object CMakeFiles/controller_manager_msgs__rosidl_typesupport_c.dir/rosidl_typesupport_c/controller_manager_msgs/srv/switch_controller__type_support.cpp.o[0m
[ 35%] [32mBuilding CXX object CMakeFiles/controller_manager_msgs__rosidl_typesupport_c.dir/rosidl_typesupport_c/controller_manager_msgs/srv/unload_controller__type_support.cpp.o[0m
[ 35%] [32mBuilding CXX object CMakeFiles/controller_manager_msgs__rosidl_typesupport_introspection_cpp.dir/rosidl_typesupport_introspection_cpp/controller_manager_msgs/msg/detail/hardware_interface__type_support.cpp.o[0m
[ 36%] [32m[1mLinking CXX shared library libcontroller_manager_msgs__rosidl_typesupport_c.so[0m
[ 36%] Built target controller_manager_msgs__rosidl_typesupport_c
[ 37%] [32mBuilding CXX object CMakeFiles/controller_manager_msgs__rosidl_typesupport_introspection_cpp.dir/rosidl_typesupport_introspection_cpp/controller_manager_msgs/srv/detail/configure_controller__type_support.cpp.o[0m
[35m[1mScanning dependencies of target controller_manager_msgs__rosidl_typesupport_fastrtps_cpp[0m
[ 38%] [32mBuilding CXX object CMakeFiles/controller_manager_msgs__rosidl_typesupport_cpp.dir/rosidl_typesupport_cpp/controller_manager_msgs/srv/load_start_controller__type_support.cpp.o[0m
[ 39%] [32mBuilding CXX object CMakeFiles/controller_manager_msgs__rosidl_typesupport_introspection_cpp.dir/rosidl_typesupport_introspection_cpp/controller_manager_msgs/srv/detail/configure_start_controller__type_support.cpp.o[0m
[ 40%] [32mBuilding CXX object CMakeFiles/controller_manager_msgs__rosidl_typesupport_cpp.dir/rosidl_typesupport_cpp/controller_manager_msgs/srv/reload_controller_libraries__type_support.cpp.o[0m
[ 41%] [32mBuilding CXX object CMakeFiles/controller_manager_msgs__rosidl_typesupport_fastrtps_cpp.dir/rosidl_typesupport_fastrtps_cpp/controller_manager_msgs/msg/detail/dds_fastrtps/controller_state__type_support.cpp.o[0m
[ 41%] [32mBuilding CXX object CMakeFiles/controller_manager_msgs__rosidl_typesupport_introspection_cpp.dir/rosidl_typesupport_introspection_cpp/controller_manager_msgs/srv/detail/list_controllers__type_support.cpp.o[0m
[ 41%] [32mBuilding CXX object CMakeFiles/controller_manager_msgs__rosidl_typesupport_fastrtps_cpp.dir/rosidl_typesupport_fastrtps_cpp/controller_manager_msgs/msg/detail/dds_fastrtps/hardware_component_state__type_support.cpp.o[0m
[35m[1mScanning dependencies of target controller_manager_msgs__rosidl_typesupport_introspection_c[0m
[ 42%] [32mBuilding C object CMakeFiles/controller_manager_msgs__rosidl_typesupport_introspection_c.dir/rosidl_typesupport_introspection_c/controller_manager_msgs/msg/detail/controller_state__type_support.c.o[0m
[ 43%] [32mBuilding CXX object CMakeFiles/controller_manager_msgs__rosidl_typesupport_fastrtps_cpp.dir/rosidl_typesupport_fastrtps_cpp/controller_manager_msgs/msg/detail/dds_fastrtps/hardware_interface__type_support.cpp.o[0m
[ 43%] [32mBuilding C object CMakeFiles/controller_manager_msgs__rosidl_typesupport_introspection_c.dir/rosidl_typesupport_introspection_c/controller_manager_msgs/msg/detail/hardware_component_state__type_support.c.o[0m
[ 44%] [32mBuilding C object CMakeFiles/controller_manager_msgs__rosidl_typesupport_introspection_c.dir/rosidl_typesupport_introspection_c/controller_manager_msgs/msg/detail/hardware_interface__type_support.c.o[0m
[ 45%] [32mBuilding C object CMakeFiles/controller_manager_msgs__rosidl_typesupport_introspection_c.dir/rosidl_typesupport_introspection_c/controller_manager_msgs/srv/detail/configure_controller__type_support.c.o[0m
[ 45%] [32mBuilding CXX object CMakeFiles/controller_manager_msgs__rosidl_typesupport_cpp.dir/rosidl_typesupport_cpp/controller_manager_msgs/srv/set_hardware_component_state__type_support.cpp.o[0m
[ 45%] [32mBuilding C object CMakeFiles/controller_manager_msgs__rosidl_typesupport_introspection_c.dir/rosidl_typesupport_introspection_c/controller_manager_msgs/srv/detail/configure_start_controller__type_support.c.o[0m
[ 46%] [32mBuilding CXX object CMakeFiles/controller_manager_msgs__rosidl_typesupport_cpp.dir/rosidl_typesupport_cpp/controller_manager_msgs/srv/switch_controller__type_support.cpp.o[0m
[ 47%] [32mBuilding CXX object CMakeFiles/controller_manager_msgs__rosidl_typesupport_introspection_cpp.dir/rosidl_typesupport_introspection_cpp/controller_manager_msgs/srv/detail/list_controller_types__type_support.cpp.o[0m
[ 48%] [32mBuilding C object CMakeFiles/controller_manager_msgs__rosidl_typesupport_introspection_c.dir/rosidl_typesupport_introspection_c/controller_manager_msgs/srv/detail/list_controllers__type_support.c.o[0m
[ 49%] [32mBuilding C object CMakeFiles/controller_manager_msgs__rosidl_typesupport_introspection_c.dir/rosidl_typesupport_introspection_c/controller_manager_msgs/srv/detail/list_controller_types__type_support.c.o[0m
[ 49%] [32mBuilding C object CMakeFiles/controller_manager_msgs__rosidl_typesupport_introspection_c.dir/rosidl_typesupport_introspection_c/controller_manager_msgs/srv/detail/list_hardware_components__type_support.c.o[0m
[ 50%] [32mBuilding C object CMakeFiles/controller_manager_msgs__rosidl_typesupport_introspection_c.dir/rosidl_typesupport_introspection_c/controller_manager_msgs/srv/detail/list_hardware_interfaces__type_support.c.o[0m
[ 51%] [32mBuilding CXX object CMakeFiles/controller_manager_msgs__rosidl_typesupport_introspection_cpp.dir/rosidl_typesupport_introspection_cpp/controller_manager_msgs/srv/detail/list_hardware_components__type_support.cpp.o[0m
[ 52%] [32mBuilding CXX object CMakeFiles/controller_manager_msgs__rosidl_typesupport_fastrtps_cpp.dir/rosidl_typesupport_fastrtps_cpp/controller_manager_msgs/srv/detail/dds_fastrtps/configure_controller__type_support.cpp.o[0m
[ 53%] [32mBuilding C object CMakeFiles/controller_manager_msgs__rosidl_typesupport_introspection_c.dir/rosidl_typesupport_introspection_c/controller_manager_msgs/srv/detail/load_configure_controller__type_support.c.o[0m
[ 53%] [32mBuilding C object CMakeFiles/controller_manager_msgs__rosidl_typesupport_introspection_c.dir/rosidl_typesupport_introspection_c/controller_manager_msgs/srv/detail/load_controller__type_support.c.o[0m
[ 54%] [32mBuilding C object CMakeFiles/controller_manager_msgs__rosidl_typesupport_introspection_c.dir/rosidl_typesupport_introspection_c/controller_manager_msgs/srv/detail/load_start_controller__type_support.c.o[0m
[ 54%] [32mBuilding CXX object CMakeFiles/controller_manager_msgs__rosidl_typesupport_fastrtps_cpp.dir/rosidl_typesupport_fastrtps_cpp/controller_manager_msgs/srv/detail/dds_fastrtps/configure_start_controller__type_support.cpp.o[0m
[ 55%] [32mBuilding C object CMakeFiles/controller_manager_msgs__rosidl_typesupport_introspection_c.dir/rosidl_typesupport_introspection_c/controller_manager_msgs/srv/detail/reload_controller_libraries__type_support.c.o[0m
[ 56%] [32mBuilding CXX object CMakeFiles/controller_manager_msgs__rosidl_typesupport_cpp.dir/rosidl_typesupport_cpp/controller_manager_msgs/srv/unload_controller__type_support.cpp.o[0m
[ 56%] [32mBuilding C object CMakeFiles/controller_manager_msgs__rosidl_typesupport_introspection_c.dir/rosidl_typesupport_introspection_c/controller_manager_msgs/srv/detail/set_hardware_component_state__type_support.c.o[0m
[ 57%] [32mBuilding C object CMakeFiles/controller_manager_msgs__rosidl_typesupport_introspection_c.dir/rosidl_typesupport_introspection_c/controller_manager_msgs/srv/detail/switch_controller__type_support.c.o[0m
[ 58%] [32mBuilding CXX object CMakeFiles/controller_manager_msgs__rosidl_typesupport_fastrtps_cpp.dir/rosidl_typesupport_fastrtps_cpp/controller_manager_msgs/srv/detail/dds_fastrtps/list_controllers__type_support.cpp.o[0m
[ 59%] [32mBuilding C object CMakeFiles/controller_manager_msgs__rosidl_typesupport_introspection_c.dir/rosidl_typesupport_introspection_c/controller_manager_msgs/srv/detail/unload_controller__type_support.c.o[0m
[ 60%] [32mBuilding CXX object CMakeFiles/controller_manager_msgs__rosidl_typesupport_fastrtps_cpp.dir/rosidl_typesupport_fastrtps_cpp/controller_manager_msgs/srv/detail/dds_fastrtps/list_controller_types__type_support.cpp.o[0m
[ 60%] [32mBuilding CXX object CMakeFiles/controller_manager_msgs__rosidl_typesupport_introspection_cpp.dir/rosidl_typesupport_introspection_cpp/controller_manager_msgs/srv/detail/list_hardware_interfaces__type_support.cpp.o[0m
[ 60%] [32m[1mLinking C shared library libcontroller_manager_msgs__rosidl_typesupport_introspection_c.so[0m
[ 60%] Built target controller_manager_msgs__rosidl_typesupport_introspection_c
[ 61%] [32mBuilding CXX object CMakeFiles/controller_manager_msgs__rosidl_typesupport_introspection_cpp.dir/rosidl_typesupport_introspection_cpp/controller_manager_msgs/srv/detail/load_configure_controller__type_support.cpp.o[0m
[ 62%] [32mBuilding CXX object CMakeFiles/controller_manager_msgs__rosidl_typesupport_introspection_cpp.dir/rosidl_typesupport_introspection_cpp/controller_manager_msgs/srv/detail/load_controller__type_support.cpp.o[0m
[ 62%] [32m[1mLinking CXX shared library libcontroller_manager_msgs__rosidl_typesupport_cpp.so[0m
[ 62%] [32mBuilding CXX object CMakeFiles/controller_manager_msgs__rosidl_typesupport_fastrtps_cpp.dir/rosidl_typesupport_fastrtps_cpp/controller_manager_msgs/srv/detail/dds_fastrtps/list_hardware_components__type_support.cpp.o[0m
[ 62%] Built target controller_manager_msgs__rosidl_typesupport_cpp
[ 63%] [32mBuilding CXX object CMakeFiles/controller_manager_msgs__rosidl_typesupport_fastrtps_cpp.dir/rosidl_typesupport_fastrtps_cpp/controller_manager_msgs/srv/detail/dds_fastrtps/list_hardware_interfaces__type_support.cpp.o[0m
[ 63%] [32mBuilding CXX object CMakeFiles/controller_manager_msgs__rosidl_typesupport_introspection_cpp.dir/rosidl_typesupport_introspection_cpp/controller_manager_msgs/srv/detail/load_start_controller__type_support.cpp.o[0m
[ 64%] [32mBuilding CXX object CMakeFiles/controller_manager_msgs__rosidl_typesupport_introspection_cpp.dir/rosidl_typesupport_introspection_cpp/controller_manager_msgs/srv/detail/reload_controller_libraries__type_support.cpp.o[0m
[ 65%] [32mBuilding CXX object CMakeFiles/controller_manager_msgs__rosidl_typesupport_fastrtps_cpp.dir/rosidl_typesupport_fastrtps_cpp/controller_manager_msgs/srv/detail/dds_fastrtps/load_configure_controller__type_support.cpp.o[0m
[ 65%] [32mBuilding CXX object CMakeFiles/controller_manager_msgs__rosidl_typesupport_fastrtps_cpp.dir/rosidl_typesupport_fastrtps_cpp/controller_manager_msgs/srv/detail/dds_fastrtps/load_controller__type_support.cpp.o[0m
[ 66%] [32mBuilding CXX object CMakeFiles/controller_manager_msgs__rosidl_typesupport_fastrtps_cpp.dir/rosidl_typesupport_fastrtps_cpp/controller_manager_msgs/srv/detail/dds_fastrtps/load_start_controller__type_support.cpp.o[0m
[ 67%] [32mBuilding CXX object CMakeFiles/controller_manager_msgs__rosidl_typesupport_introspection_cpp.dir/rosidl_typesupport_introspection_cpp/controller_manager_msgs/srv/detail/set_hardware_component_state__type_support.cpp.o[0m
[ 67%] [32mBuilding CXX object CMakeFiles/controller_manager_msgs__rosidl_typesupport_introspection_cpp.dir/rosidl_typesupport_introspection_cpp/controller_manager_msgs/srv/detail/switch_controller__type_support.cpp.o[0m
[ 68%] [32mBuilding CXX object CMakeFiles/controller_manager_msgs__rosidl_typesupport_introspection_cpp.dir/rosidl_typesupport_introspection_cpp/controller_manager_msgs/srv/detail/unload_controller__type_support.cpp.o[0m
[ 69%] [32mBuilding CXX object CMakeFiles/controller_manager_msgs__rosidl_typesupport_fastrtps_cpp.dir/rosidl_typesupport_fastrtps_cpp/controller_manager_msgs/srv/detail/dds_fastrtps/reload_controller_libraries__type_support.cpp.o[0m
[ 69%] [32mBuilding CXX object CMakeFiles/controller_manager_msgs__rosidl_typesupport_fastrtps_cpp.dir/rosidl_typesupport_fastrtps_cpp/controller_manager_msgs/srv/detail/dds_fastrtps/set_hardware_component_state__type_support.cpp.o[0m
[ 70%] [32mBuilding CXX object CMakeFiles/controller_manager_msgs__rosidl_typesupport_fastrtps_cpp.dir/rosidl_typesupport_fastrtps_cpp/controller_manager_msgs/srv/detail/dds_fastrtps/switch_controller__type_support.cpp.o[0m
[ 71%] [32mBuilding CXX object CMakeFiles/controller_manager_msgs__rosidl_typesupport_fastrtps_cpp.dir/rosidl_typesupport_fastrtps_cpp/controller_manager_msgs/srv/detail/dds_fastrtps/unload_controller__type_support.cpp.o[0m
[ 72%] [32m[1mLinking CXX shared library libcontroller_manager_msgs__rosidl_typesupport_introspection_cpp.so[0m
[ 72%] Built target controller_manager_msgs__rosidl_typesupport_introspection_cpp
[ 72%] [32m[1mLinking CXX shared library libcontroller_manager_msgs__rosidl_typesupport_fastrtps_cpp.so[0m
[ 72%] Built target controller_manager_msgs__rosidl_typesupport_fastrtps_cpp
[ 73%] [34m[1mGenerating C type support for eProsima Fast-RTPS[0m
[35m[1mScanning dependencies of target controller_manager_msgs__rosidl_typesupport_fastrtps_c[0m
[ 73%] [32mBuilding CXX object CMakeFiles/controller_manager_msgs__rosidl_typesupport_fastrtps_c.dir/rosidl_typesupport_fastrtps_c/controller_manager_msgs/msg/detail/controller_state__type_support_c.cpp.o[0m
[ 74%] [32mBuilding CXX object CMakeFiles/controller_manager_msgs__rosidl_typesupport_fastrtps_c.dir/rosidl_typesupport_fastrtps_c/controller_manager_msgs/msg/detail/hardware_interface__type_support_c.cpp.o[0m
[ 75%] [32mBuilding CXX object CMakeFiles/controller_manager_msgs__rosidl_typesupport_fastrtps_c.dir/rosidl_typesupport_fastrtps_c/controller_manager_msgs/srv/detail/configure_start_controller__type_support_c.cpp.o[0m
[ 76%] [32mBuilding CXX object CMakeFiles/controller_manager_msgs__rosidl_typesupport_fastrtps_c.dir/rosidl_typesupport_fastrtps_c/controller_manager_msgs/srv/detail/list_controllers__type_support_c.cpp.o[0m
[ 76%] [32mBuilding CXX object CMakeFiles/controller_manager_msgs__rosidl_typesupport_fastrtps_c.dir/rosidl_typesupport_fastrtps_c/controller_manager_msgs/srv/detail/configure_controller__type_support_c.cpp.o[0m
[ 77%] [32mBuilding CXX object CMakeFiles/controller_manager_msgs__rosidl_typesupport_fastrtps_c.dir/rosidl_typesupport_fastrtps_c/controller_manager_msgs/srv/detail/list_hardware_components__type_support_c.cpp.o[0m
[ 78%] [32mBuilding CXX object CMakeFiles/controller_manager_msgs__rosidl_typesupport_fastrtps_c.dir/rosidl_typesupport_fastrtps_c/controller_manager_msgs/msg/detail/hardware_component_state__type_support_c.cpp.o[0m
[ 78%] [32mBuilding CXX object CMakeFiles/controller_manager_msgs__rosidl_typesupport_fastrtps_c.dir/rosidl_typesupport_fastrtps_c/controller_manager_msgs/srv/detail/list_controller_types__type_support_c.cpp.o[0m
[ 79%] [32mBuilding CXX object CMakeFiles/controller_manager_msgs__rosidl_typesupport_fastrtps_c.dir/rosidl_typesupport_fastrtps_c/controller_manager_msgs/srv/detail/load_controller__type_support_c.cpp.o[0m
[ 79%] [32mBuilding CXX object CMakeFiles/controller_manager_msgs__rosidl_typesupport_fastrtps_c.dir/rosidl_typesupport_fastrtps_c/controller_manager_msgs/srv/detail/load_configure_controller__type_support_c.cpp.o[0m
[ 80%] [32mBuilding CXX object CMakeFiles/controller_manager_msgs__rosidl_typesupport_fastrtps_c.dir/rosidl_typesupport_fastrtps_c/controller_manager_msgs/srv/detail/load_start_controller__type_support_c.cpp.o[0m
[ 81%] [32mBuilding CXX object CMakeFiles/controller_manager_msgs__rosidl_typesupport_fastrtps_c.dir/rosidl_typesupport_fastrtps_c/controller_manager_msgs/srv/detail/list_hardware_interfaces__type_support_c.cpp.o[0m
[ 81%] [32mBuilding CXX object CMakeFiles/controller_manager_msgs__rosidl_typesupport_fastrtps_c.dir/rosidl_typesupport_fastrtps_c/controller_manager_msgs/srv/detail/reload_controller_libraries__type_support_c.cpp.o[0m
[ 82%] [32mBuilding CXX object CMakeFiles/controller_manager_msgs__rosidl_typesupport_fastrtps_c.dir/rosidl_typesupport_fastrtps_c/controller_manager_msgs/srv/detail/set_hardware_component_state__type_support_c.cpp.o[0m
[ 83%] [32mBuilding CXX object CMakeFiles/controller_manager_msgs__rosidl_typesupport_fastrtps_c.dir/rosidl_typesupport_fastrtps_c/controller_manager_msgs/srv/detail/switch_controller__type_support_c.cpp.o[0m
[ 83%] [32mBuilding CXX object CMakeFiles/controller_manager_msgs__rosidl_typesupport_fastrtps_c.dir/rosidl_typesupport_fastrtps_c/controller_manager_msgs/srv/detail/unload_controller__type_support_c.cpp.o[0m
[ 84%] [32m[1mLinking CXX shared library libcontroller_manager_msgs__rosidl_typesupport_fastrtps_c.so[0m
[ 84%] Built target controller_manager_msgs__rosidl_typesupport_fastrtps_c
[35m[1mScanning dependencies of target controller_manager_msgs[0m
[ 84%] Built target controller_manager_msgs
[35m[1mScanning dependencies of target controller_manager_msgs__py[0m
[ 85%] [34m[1mGenerating Python code for ROS interfaces[0m
[ 85%] Built target controller_manager_msgs__py
[35m[1mScanning dependencies of target controller_manager_msgs__python[0m
[ 87%] [32mBuilding C object CMakeFiles/controller_manager_msgs__python.dir/rosidl_generator_py/controller_manager_msgs/msg/_hardware_interface_s.c.o[0m
[ 87%] [32mBuilding C object CMakeFiles/controller_manager_msgs__python.dir/rosidl_generator_py/controller_manager_msgs/msg/_hardware_component_state_s.c.o[0m
[ 87%] [32mBuilding C object CMakeFiles/controller_manager_msgs__python.dir/rosidl_generator_py/controller_manager_msgs/msg/_controller_state_s.c.o[0m
[ 89%] [32mBuilding C object CMakeFiles/controller_manager_msgs__python.dir/rosidl_generator_py/controller_manager_msgs/srv/_list_controllers_s.c.o[0m
[ 89%] [32mBuilding C object CMakeFiles/controller_manager_msgs__python.dir/rosidl_generator_py/controller_manager_msgs/srv/_list_controller_types_s.c.o[0m
[ 89%] [32mBuilding C object CMakeFiles/controller_manager_msgs__python.dir/rosidl_generator_py/controller_manager_msgs/srv/_configure_controller_s.c.o[0m
[ 89%] [32mBuilding C object CMakeFiles/controller_manager_msgs__python.dir/rosidl_generator_py/controller_manager_msgs/srv/_configure_start_controller_s.c.o[0m
[ 90%] [32mBuilding C object CMakeFiles/controller_manager_msgs__python.dir/rosidl_generator_py/controller_manager_msgs/srv/_list_hardware_components_s.c.o[0m
[ 91%] [32mBuilding C object CMakeFiles/controller_manager_msgs__python.dir/rosidl_generator_py/controller_manager_msgs/srv/_list_hardware_interfaces_s.c.o[0m
[ 91%] [32mBuilding C object CMakeFiles/controller_manager_msgs__python.dir/rosidl_generator_py/controller_manager_msgs/srv/_load_configure_controller_s.c.o[0m
[ 92%] [32mBuilding C object CMakeFiles/controller_manager_msgs__python.dir/rosidl_generator_py/controller_manager_msgs/srv/_load_start_controller_s.c.o[0m
[ 93%] [32mBuilding C object CMakeFiles/controller_manager_msgs__python.dir/rosidl_generator_py/controller_manager_msgs/srv/_load_controller_s.c.o[0m
[ 93%] [32mBuilding C object CMakeFiles/controller_manager_msgs__python.dir/rosidl_generator_py/controller_manager_msgs/srv/_reload_controller_libraries_s.c.o[0m
[ 94%] [32mBuilding C object CMakeFiles/controller_manager_msgs__python.dir/rosidl_generator_py/controller_manager_msgs/srv/_set_hardware_component_state_s.c.o[0m
[ 95%] [32mBuilding C object CMakeFiles/controller_manager_msgs__python.dir/rosidl_generator_py/controller_manager_msgs/srv/_switch_controller_s.c.o[0m
[ 95%] [32mBuilding C object CMakeFiles/controller_manager_msgs__python.dir/rosidl_generator_py/controller_manager_msgs/srv/_unload_controller_s.c.o[0m
[ 96%] [32m[1mLinking C shared library rosidl_generator_py/controller_manager_msgs/libcontroller_manager_msgs__python.so[0m
[ 96%] Built target controller_manager_msgs__python
[35m[1mScanning dependencies of target controller_manager_msgs__rosidl_typesupport_introspection_c__pyext[0m
[35m[1mScanning dependencies of target controller_manager_msgs__rosidl_typesupport_c__pyext[0m
[35m[1mScanning dependencies of target controller_manager_msgs__rosidl_typesupport_fastrtps_c__pyext[0m
[ 97%] [32mBuilding C object CMakeFiles/controller_manager_msgs__rosidl_typesupport_introspection_c__pyext.dir/rosidl_generator_py/controller_manager_msgs/_controller_manager_msgs_s.ep.rosidl_typesupport_introspection_c.c.o[0m
[ 98%] [32mBuilding C object CMakeFiles/controller_manager_msgs__rosidl_typesupport_c__pyext.dir/rosidl_generator_py/controller_manager_msgs/_controller_manager_msgs_s.ep.rosidl_typesupport_c.c.o[0m
[ 99%] [32mBuilding C object CMakeFiles/controller_manager_msgs__rosidl_typesupport_fastrtps_c__pyext.dir/rosidl_generator_py/controller_manager_msgs/_controller_manager_msgs_s.ep.rosidl_typesupport_fastrtps_c.c.o[0m
[ 99%] [32m[1mLinking C shared library rosidl_generator_py/controller_manager_msgs/controller_manager_msgs_s__rosidl_typesupport_c.cpython-38-x86_64-linux-gnu.so[0m
[100%] [32m[1mLinking C shared library rosidl_generator_py/controller_manager_msgs/controller_manager_msgs_s__rosidl_typesupport_introspection_c.cpython-38-x86_64-linux-gnu.so[0m
[100%] [32m[1mLinking CXX shared library rosidl_generator_py/controller_manager_msgs/controller_manager_msgs_s__rosidl_typesupport_fastrtps_c.cpython-38-x86_64-linux-gnu.so[0m
[100%] Built target controller_manager_msgs__rosidl_typesupport_c__pyext
[100%] Built target controller_manager_msgs__rosidl_typesupport_introspection_c__pyext
[100%] Built target controller_manager_msgs__rosidl_typesupport_fastrtps_c__pyext
