[0.289s] DEBUG:colcon:Command line arguments: ['/usr/bin/colcon', 'build']
[0.289s] DEBUG:colcon:Parsed command line arguments: Namespace(ament_cmake_args=None, base_paths=['.'], build_base='build', catkin_cmake_args=None, catkin_skip_building_tests=False, cmake_args=None, cmake_clean_cache=False, cmake_clean_first=False, cmake_force_configure=False, cmake_target=None, cmake_target_skip_unavailable=False, continue_on_error=False, event_handlers=None, executor='parallel', ignore_user_meta=False, install_base='install', log_base=None, log_level=None, main=<bound method BuildVerb.main of <colcon_core.verb.build.BuildVerb object at 0x7f5ee470c880>>, merge_install=False, metas=['./colcon.meta'], mixin=None, mixin_files=None, mixin_verb=('build',), packages_above=None, packages_above_and_dependencies=None, packages_above_depth=None, packages_end=None, packages_ignore=None, packages_ignore_regex=None, packages_select=None, packages_select_build_failed=False, packages_select_by_dep=None, packages_select_regex=None, packages_select_test_failures=False, packages_skip=None, packages_skip_build_finished=False, packages_skip_by_dep=None, packages_skip_regex=None, packages_skip_test_passed=False, packages_skip_up_to=None, packages_start=None, packages_up_to=None, packages_up_to_regex=None, parallel_workers=8, paths=None, symlink_install=False, test_result_base=None, verb_extension=<colcon_core.verb.build.BuildVerb object at 0x7f5ee470c880>, verb_name='build', verb_parser=<colcon_mixin.mixin.mixin_argument.MixinArgumentDecorator object at 0x7f5ee47aeca0>)
[0.294s] Level 1:colcon.colcon_core.package_discovery:discover_packages(colcon_meta) check parameters
[0.294s] Level 1:colcon.colcon_core.package_discovery:discover_packages(recursive) check parameters
[0.294s] Level 1:colcon.colcon_core.package_discovery:discover_packages(ignore) check parameters
[0.294s] Level 1:colcon.colcon_core.package_discovery:discover_packages(path) check parameters
[0.294s] Level 1:colcon.colcon_core.package_discovery:discover_packages(colcon_meta) discover
[0.294s] Level 1:colcon.colcon_core.package_discovery:discover_packages(recursive) discover
[0.294s] INFO:colcon.colcon_core.package_discovery:Crawling recursively for packages in '/home/legacy/trr_robot_ws'
[0.294s] Level 1:colcon.colcon_core.package_identification:_identify(.) by extensions ['ignore', 'ignore_ament_install']
[0.294s] Level 1:colcon.colcon_core.package_identification:_identify(.) by extension 'ignore'
[0.294s] Level 1:colcon.colcon_core.package_identification:_identify(.) by extension 'ignore_ament_install'
[0.294s] Level 1:colcon.colcon_core.package_identification:_identify(.) by extensions ['colcon_pkg']
[0.294s] Level 1:colcon.colcon_core.package_identification:_identify(.) by extension 'colcon_pkg'
[0.294s] Level 1:colcon.colcon_core.package_identification:_identify(.) by extensions ['colcon_meta']
[0.294s] Level 1:colcon.colcon_core.package_identification:_identify(.) by extension 'colcon_meta'
[0.294s] Level 1:colcon.colcon_core.package_identification:_identify(.) by extensions ['ros']
[0.294s] Level 1:colcon.colcon_core.package_identification:_identify(.) by extension 'ros'
[0.305s] Level 1:colcon.colcon_core.package_identification:_identify(.) by extensions ['cmake', 'python']
[0.305s] Level 1:colcon.colcon_core.package_identification:_identify(.) by extension 'cmake'
[0.305s] Level 1:colcon.colcon_core.package_identification:_identify(.) by extension 'python'
[0.305s] Level 1:colcon.colcon_core.package_identification:_identify(.) by extensions ['python_setup_py']
[0.305s] Level 1:colcon.colcon_core.package_identification:_identify(.) by extension 'python_setup_py'
[0.305s] Level 1:colcon.colcon_core.package_identification:_identify(build) by extensions ['ignore', 'ignore_ament_install']
[0.305s] Level 1:colcon.colcon_core.package_identification:_identify(build) by extension 'ignore'
[0.305s] Level 1:colcon.colcon_core.package_identification:_identify(build) ignored
[0.305s] Level 1:colcon.colcon_core.package_identification:_identify(install) by extensions ['ignore', 'ignore_ament_install']
[0.305s] Level 1:colcon.colcon_core.package_identification:_identify(install) by extension 'ignore'
[0.305s] Level 1:colcon.colcon_core.package_identification:_identify(install) ignored
[0.305s] Level 1:colcon.colcon_core.package_identification:_identify(log) by extensions ['ignore', 'ignore_ament_install']
[0.306s] Level 1:colcon.colcon_core.package_identification:_identify(log) by extension 'ignore'
[0.306s] Level 1:colcon.colcon_core.package_identification:_identify(log) ignored
[0.306s] Level 1:colcon.colcon_core.package_identification:_identify(src) by extensions ['ignore', 'ignore_ament_install']
[0.306s] Level 1:colcon.colcon_core.package_identification:_identify(src) by extension 'ignore'
[0.306s] Level 1:colcon.colcon_core.package_identification:_identify(src) by extension 'ignore_ament_install'
[0.306s] Level 1:colcon.colcon_core.package_identification:_identify(src) by extensions ['colcon_pkg']
[0.306s] Level 1:colcon.colcon_core.package_identification:_identify(src) by extension 'colcon_pkg'
[0.306s] Level 1:colcon.colcon_core.package_identification:_identify(src) by extensions ['colcon_meta']
[0.306s] Level 1:colcon.colcon_core.package_identification:_identify(src) by extension 'colcon_meta'
[0.306s] Level 1:colcon.colcon_core.package_identification:_identify(src) by extensions ['ros']
[0.306s] Level 1:colcon.colcon_core.package_identification:_identify(src) by extension 'ros'
[0.306s] Level 1:colcon.colcon_core.package_identification:_identify(src) by extensions ['cmake', 'python']
[0.306s] Level 1:colcon.colcon_core.package_identification:_identify(src) by extension 'cmake'
[0.306s] Level 1:colcon.colcon_core.package_identification:_identify(src) by extension 'python'
[0.306s] Level 1:colcon.colcon_core.package_identification:_identify(src) by extensions ['python_setup_py']
[0.306s] Level 1:colcon.colcon_core.package_identification:_identify(src) by extension 'python_setup_py'
[0.306s] Level 1:colcon.colcon_core.package_identification:_identify(src/robot) by extensions ['ignore', 'ignore_ament_install']
[0.306s] Level 1:colcon.colcon_core.package_identification:_identify(src/robot) by extension 'ignore'
[0.306s] Level 1:colcon.colcon_core.package_identification:_identify(src/robot) by extension 'ignore_ament_install'
[0.307s] Level 1:colcon.colcon_core.package_identification:_identify(src/robot) by extensions ['colcon_pkg']
[0.307s] Level 1:colcon.colcon_core.package_identification:_identify(src/robot) by extension 'colcon_pkg'
[0.307s] Level 1:colcon.colcon_core.package_identification:_identify(src/robot) by extensions ['colcon_meta']
[0.307s] Level 1:colcon.colcon_core.package_identification:_identify(src/robot) by extension 'colcon_meta'
[0.307s] Level 1:colcon.colcon_core.package_identification:_identify(src/robot) by extensions ['ros']
[0.307s] Level 1:colcon.colcon_core.package_identification:_identify(src/robot) by extension 'ros'
[0.309s] DEBUG:colcon.colcon_core.package_identification:Package 'src/robot' with type 'ros.ament_python' and name 'robot'
[0.309s] Level 1:colcon.colcon_core.package_identification:_identify(src/ros2_control_demos) by extensions ['ignore', 'ignore_ament_install']
[0.309s] Level 1:colcon.colcon_core.package_identification:_identify(src/ros2_control_demos) by extension 'ignore'
[0.309s] Level 1:colcon.colcon_core.package_identification:_identify(src/ros2_control_demos) by extension 'ignore_ament_install'
[0.309s] Level 1:colcon.colcon_core.package_identification:_identify(src/ros2_control_demos) by extensions ['colcon_pkg']
[0.309s] Level 1:colcon.colcon_core.package_identification:_identify(src/ros2_control_demos) by extension 'colcon_pkg'
[0.309s] Level 1:colcon.colcon_core.package_identification:_identify(src/ros2_control_demos) by extensions ['colcon_meta']
[0.309s] Level 1:colcon.colcon_core.package_identification:_identify(src/ros2_control_demos) by extension 'colcon_meta'
[0.309s] Level 1:colcon.colcon_core.package_identification:_identify(src/ros2_control_demos) by extensions ['ros']
[0.309s] Level 1:colcon.colcon_core.package_identification:_identify(src/ros2_control_demos) by extension 'ros'
[0.310s] Level 1:colcon.colcon_core.package_identification:_identify(src/ros2_control_demos) by extensions ['cmake', 'python']
[0.310s] Level 1:colcon.colcon_core.package_identification:_identify(src/ros2_control_demos) by extension 'cmake'
[0.310s] Level 1:colcon.colcon_core.package_identification:_identify(src/ros2_control_demos) by extension 'python'
[0.310s] Level 1:colcon.colcon_core.package_identification:_identify(src/ros2_control_demos) by extensions ['python_setup_py']
[0.310s] Level 1:colcon.colcon_core.package_identification:_identify(src/ros2_control_demos) by extension 'python_setup_py'
[0.310s] Level 1:colcon.colcon_core.package_identification:_identify(src/ros2_control_demos/doc) by extensions ['ignore', 'ignore_ament_install']
[0.310s] Level 1:colcon.colcon_core.package_identification:_identify(src/ros2_control_demos/doc) by extension 'ignore'
[0.310s] Level 1:colcon.colcon_core.package_identification:_identify(src/ros2_control_demos/doc) by extension 'ignore_ament_install'
[0.310s] Level 1:colcon.colcon_core.package_identification:_identify(src/ros2_control_demos/doc) by extensions ['colcon_pkg']
[0.310s] Level 1:colcon.colcon_core.package_identification:_identify(src/ros2_control_demos/doc) by extension 'colcon_pkg'
[0.310s] Level 1:colcon.colcon_core.package_identification:_identify(src/ros2_control_demos/doc) by extensions ['colcon_meta']
[0.310s] Level 1:colcon.colcon_core.package_identification:_identify(src/ros2_control_demos/doc) by extension 'colcon_meta'
[0.310s] Level 1:colcon.colcon_core.package_identification:_identify(src/ros2_control_demos/doc) by extensions ['ros']
[0.310s] Level 1:colcon.colcon_core.package_identification:_identify(src/ros2_control_demos/doc) by extension 'ros'
[0.310s] Level 1:colcon.colcon_core.package_identification:_identify(src/ros2_control_demos/doc) by extensions ['cmake', 'python']
[0.310s] Level 1:colcon.colcon_core.package_identification:_identify(src/ros2_control_demos/doc) by extension 'cmake'
[0.310s] Level 1:colcon.colcon_core.package_identification:_identify(src/ros2_control_demos/doc) by extension 'python'
[0.310s] Level 1:colcon.colcon_core.package_identification:_identify(src/ros2_control_demos/doc) by extensions ['python_setup_py']
[0.310s] Level 1:colcon.colcon_core.package_identification:_identify(src/ros2_control_demos/doc) by extension 'python_setup_py'
[0.310s] Level 1:colcon.colcon_core.package_identification:_identify(src/ros2_control_demos/ros2_control_demo_bringup) by extensions ['ignore', 'ignore_ament_install']
[0.311s] Level 1:colcon.colcon_core.package_identification:_identify(src/ros2_control_demos/ros2_control_demo_bringup) by extension 'ignore'
[0.311s] Level 1:colcon.colcon_core.package_identification:_identify(src/ros2_control_demos/ros2_control_demo_bringup) by extension 'ignore_ament_install'
[0.311s] Level 1:colcon.colcon_core.package_identification:_identify(src/ros2_control_demos/ros2_control_demo_bringup) by extensions ['colcon_pkg']
[0.311s] Level 1:colcon.colcon_core.package_identification:_identify(src/ros2_control_demos/ros2_control_demo_bringup) by extension 'colcon_pkg'
[0.311s] Level 1:colcon.colcon_core.package_identification:_identify(src/ros2_control_demos/ros2_control_demo_bringup) by extensions ['colcon_meta']
[0.311s] Level 1:colcon.colcon_core.package_identification:_identify(src/ros2_control_demos/ros2_control_demo_bringup) by extension 'colcon_meta'
[0.311s] Level 1:colcon.colcon_core.package_identification:_identify(src/ros2_control_demos/ros2_control_demo_bringup) by extensions ['ros']
[0.311s] Level 1:colcon.colcon_core.package_identification:_identify(src/ros2_control_demos/ros2_control_demo_bringup) by extension 'ros'
[0.311s] DEBUG:colcon.colcon_core.package_identification:Package 'src/ros2_control_demos/ros2_control_demo_bringup' with type 'ros.ament_cmake' and name 'ros2_control_demo_bringup'
[0.311s] Level 1:colcon.colcon_core.package_identification:_identify(src/ros2_control_demos/ros2_control_demo_description) by extensions ['ignore', 'ignore_ament_install']
[0.312s] Level 1:colcon.colcon_core.package_identification:_identify(src/ros2_control_demos/ros2_control_demo_description) by extension 'ignore'
[0.312s] Level 1:colcon.colcon_core.package_identification:_identify(src/ros2_control_demos/ros2_control_demo_description) by extension 'ignore_ament_install'
[0.312s] Level 1:colcon.colcon_core.package_identification:_identify(src/ros2_control_demos/ros2_control_demo_description) by extensions ['colcon_pkg']
[0.312s] Level 1:colcon.colcon_core.package_identification:_identify(src/ros2_control_demos/ros2_control_demo_description) by extension 'colcon_pkg'
[0.312s] Level 1:colcon.colcon_core.package_identification:_identify(src/ros2_control_demos/ros2_control_demo_description) by extensions ['colcon_meta']
[0.312s] Level 1:colcon.colcon_core.package_identification:_identify(src/ros2_control_demos/ros2_control_demo_description) by extension 'colcon_meta'
[0.312s] Level 1:colcon.colcon_core.package_identification:_identify(src/ros2_control_demos/ros2_control_demo_description) by extensions ['ros']
[0.312s] Level 1:colcon.colcon_core.package_identification:_identify(src/ros2_control_demos/ros2_control_demo_description) by extension 'ros'
[0.312s] Level 1:colcon.colcon_core.package_identification:_identify(src/ros2_control_demos/ros2_control_demo_description) by extensions ['cmake', 'python']
[0.312s] Level 1:colcon.colcon_core.package_identification:_identify(src/ros2_control_demos/ros2_control_demo_description) by extension 'cmake'
[0.312s] Level 1:colcon.colcon_core.package_identification:_identify(src/ros2_control_demos/ros2_control_demo_description) by extension 'python'
[0.312s] Level 1:colcon.colcon_core.package_identification:_identify(src/ros2_control_demos/ros2_control_demo_description) by extensions ['python_setup_py']
[0.312s] Level 1:colcon.colcon_core.package_identification:_identify(src/ros2_control_demos/ros2_control_demo_description) by extension 'python_setup_py'
[0.312s] Level 1:colcon.colcon_core.package_identification:_identify(src/ros2_control_demos/ros2_control_demo_description/diffbot_description) by extensions ['ignore', 'ignore_ament_install']
[0.312s] Level 1:colcon.colcon_core.package_identification:_identify(src/ros2_control_demos/ros2_control_demo_description/diffbot_description) by extension 'ignore'
[0.312s] Level 1:colcon.colcon_core.package_identification:_identify(src/ros2_control_demos/ros2_control_demo_description/diffbot_description) by extension 'ignore_ament_install'
[0.312s] Level 1:colcon.colcon_core.package_identification:_identify(src/ros2_control_demos/ros2_control_demo_description/diffbot_description) by extensions ['colcon_pkg']
[0.312s] Level 1:colcon.colcon_core.package_identification:_identify(src/ros2_control_demos/ros2_control_demo_description/diffbot_description) by extension 'colcon_pkg'
[0.312s] Level 1:colcon.colcon_core.package_identification:_identify(src/ros2_control_demos/ros2_control_demo_description/diffbot_description) by extensions ['colcon_meta']
[0.312s] Level 1:colcon.colcon_core.package_identification:_identify(src/ros2_control_demos/ros2_control_demo_description/diffbot_description) by extension 'colcon_meta'
[0.313s] Level 1:colcon.colcon_core.package_identification:_identify(src/ros2_control_demos/ros2_control_demo_description/diffbot_description) by extensions ['ros']
[0.313s] Level 1:colcon.colcon_core.package_identification:_identify(src/ros2_control_demos/ros2_control_demo_description/diffbot_description) by extension 'ros'
[0.313s] DEBUG:colcon.colcon_core.package_identification:Package 'src/ros2_control_demos/ros2_control_demo_description/diffbot_description' with type 'ros.ament_cmake' and name 'diffbot_description'
[0.313s] Level 1:colcon.colcon_core.package_identification:_identify(src/ros2_control_demos/ros2_control_demo_description/rrbot_description) by extensions ['ignore', 'ignore_ament_install']
[0.313s] Level 1:colcon.colcon_core.package_identification:_identify(src/ros2_control_demos/ros2_control_demo_description/rrbot_description) by extension 'ignore'
[0.313s] Level 1:colcon.colcon_core.package_identification:_identify(src/ros2_control_demos/ros2_control_demo_description/rrbot_description) by extension 'ignore_ament_install'
[0.313s] Level 1:colcon.colcon_core.package_identification:_identify(src/ros2_control_demos/ros2_control_demo_description/rrbot_description) by extensions ['colcon_pkg']
[0.313s] Level 1:colcon.colcon_core.package_identification:_identify(src/ros2_control_demos/ros2_control_demo_description/rrbot_description) by extension 'colcon_pkg'
[0.313s] Level 1:colcon.colcon_core.package_identification:_identify(src/ros2_control_demos/ros2_control_demo_description/rrbot_description) by extensions ['colcon_meta']
[0.313s] Level 1:colcon.colcon_core.package_identification:_identify(src/ros2_control_demos/ros2_control_demo_description/rrbot_description) by extension 'colcon_meta'
[0.314s] Level 1:colcon.colcon_core.package_identification:_identify(src/ros2_control_demos/ros2_control_demo_description/rrbot_description) by extensions ['ros']
[0.314s] Level 1:colcon.colcon_core.package_identification:_identify(src/ros2_control_demos/ros2_control_demo_description/rrbot_description) by extension 'ros'
[0.314s] DEBUG:colcon.colcon_core.package_identification:Package 'src/ros2_control_demos/ros2_control_demo_description/rrbot_description' with type 'ros.ament_cmake' and name 'rrbot_description'
[0.314s] Level 1:colcon.colcon_core.package_identification:_identify(src/ros2_control_demos/ros2_control_demo_hardware) by extensions ['ignore', 'ignore_ament_install']
[0.314s] Level 1:colcon.colcon_core.package_identification:_identify(src/ros2_control_demos/ros2_control_demo_hardware) by extension 'ignore'
[0.314s] Level 1:colcon.colcon_core.package_identification:_identify(src/ros2_control_demos/ros2_control_demo_hardware) by extension 'ignore_ament_install'
[0.314s] Level 1:colcon.colcon_core.package_identification:_identify(src/ros2_control_demos/ros2_control_demo_hardware) by extensions ['colcon_pkg']
[0.314s] Level 1:colcon.colcon_core.package_identification:_identify(src/ros2_control_demos/ros2_control_demo_hardware) by extension 'colcon_pkg'
[0.314s] Level 1:colcon.colcon_core.package_identification:_identify(src/ros2_control_demos/ros2_control_demo_hardware) by extensions ['colcon_meta']
[0.314s] Level 1:colcon.colcon_core.package_identification:_identify(src/ros2_control_demos/ros2_control_demo_hardware) by extension 'colcon_meta'
[0.314s] Level 1:colcon.colcon_core.package_identification:_identify(src/ros2_control_demos/ros2_control_demo_hardware) by extensions ['ros']
[0.314s] Level 1:colcon.colcon_core.package_identification:_identify(src/ros2_control_demos/ros2_control_demo_hardware) by extension 'ros'
[0.315s] DEBUG:colcon.colcon_core.package_identification:Package 'src/ros2_control_demos/ros2_control_demo_hardware' with type 'ros.ament_cmake' and name 'ros2_control_demo_hardware'
[0.315s] Level 1:colcon.colcon_core.package_identification:_identify(src/ros2_control_demos/ros2_control_demos) by extensions ['ignore', 'ignore_ament_install']
[0.315s] Level 1:colcon.colcon_core.package_identification:_identify(src/ros2_control_demos/ros2_control_demos) by extension 'ignore'
[0.315s] Level 1:colcon.colcon_core.package_identification:_identify(src/ros2_control_demos/ros2_control_demos) by extension 'ignore_ament_install'
[0.315s] Level 1:colcon.colcon_core.package_identification:_identify(src/ros2_control_demos/ros2_control_demos) by extensions ['colcon_pkg']
[0.315s] Level 1:colcon.colcon_core.package_identification:_identify(src/ros2_control_demos/ros2_control_demos) by extension 'colcon_pkg'
[0.316s] Level 1:colcon.colcon_core.package_identification:_identify(src/ros2_control_demos/ros2_control_demos) by extensions ['colcon_meta']
[0.316s] Level 1:colcon.colcon_core.package_identification:_identify(src/ros2_control_demos/ros2_control_demos) by extension 'colcon_meta'
[0.316s] Level 1:colcon.colcon_core.package_identification:_identify(src/ros2_control_demos/ros2_control_demos) by extensions ['ros']
[0.316s] Level 1:colcon.colcon_core.package_identification:_identify(src/ros2_control_demos/ros2_control_demos) by extension 'ros'
[0.316s] DEBUG:colcon.colcon_core.package_identification:Package 'src/ros2_control_demos/ros2_control_demos' with type 'ros.ament_cmake' and name 'ros2_control_demos'
[0.316s] Level 1:colcon.colcon_core.package_identification:_identify(src/ros2_control_demos/ros2_control_test_nodes) by extensions ['ignore', 'ignore_ament_install']
[0.316s] Level 1:colcon.colcon_core.package_identification:_identify(src/ros2_control_demos/ros2_control_test_nodes) by extension 'ignore'
[0.316s] Level 1:colcon.colcon_core.package_identification:_identify(src/ros2_control_demos/ros2_control_test_nodes) by extension 'ignore_ament_install'
[0.316s] Level 1:colcon.colcon_core.package_identification:_identify(src/ros2_control_demos/ros2_control_test_nodes) by extensions ['colcon_pkg']
[0.316s] Level 1:colcon.colcon_core.package_identification:_identify(src/ros2_control_demos/ros2_control_test_nodes) by extension 'colcon_pkg'
[0.316s] Level 1:colcon.colcon_core.package_identification:_identify(src/ros2_control_demos/ros2_control_test_nodes) by extensions ['colcon_meta']
[0.316s] Level 1:colcon.colcon_core.package_identification:_identify(src/ros2_control_demos/ros2_control_test_nodes) by extension 'colcon_meta'
[0.317s] Level 1:colcon.colcon_core.package_identification:_identify(src/ros2_control_demos/ros2_control_test_nodes) by extensions ['ros']
[0.317s] Level 1:colcon.colcon_core.package_identification:_identify(src/ros2_control_demos/ros2_control_test_nodes) by extension 'ros'
[0.317s] DEBUG:colcon.colcon_core.package_identification:Package 'src/ros2_control_demos/ros2_control_test_nodes' with type 'ros.ament_python' and name 'ros2_control_test_nodes'
[0.317s] Level 1:colcon.colcon_core.package_discovery:discover_packages(recursive) using defaults
[0.317s] Level 1:colcon.colcon_core.package_discovery:discover_packages(ignore) discover
[0.317s] Level 1:colcon.colcon_core.package_discovery:discover_packages(ignore) using defaults
[0.317s] Level 1:colcon.colcon_core.package_discovery:discover_packages(path) discover
[0.317s] Level 1:colcon.colcon_core.package_discovery:discover_packages(path) using defaults
[0.336s] Level 5:colcon.colcon_core.verb:set package 'diffbot_description' build argument 'cmake_args' from command line to 'None'
[0.336s] Level 5:colcon.colcon_core.verb:set package 'diffbot_description' build argument 'cmake_target' from command line to 'None'
[0.336s] Level 5:colcon.colcon_core.verb:set package 'diffbot_description' build argument 'cmake_target_skip_unavailable' from command line to 'False'
[0.336s] Level 5:colcon.colcon_core.verb:set package 'diffbot_description' build argument 'cmake_clean_cache' from command line to 'False'
[0.336s] Level 5:colcon.colcon_core.verb:set package 'diffbot_description' build argument 'cmake_clean_first' from command line to 'False'
[0.336s] Level 5:colcon.colcon_core.verb:set package 'diffbot_description' build argument 'cmake_force_configure' from command line to 'False'
[0.336s] Level 5:colcon.colcon_core.verb:set package 'diffbot_description' build argument 'ament_cmake_args' from command line to 'None'
[0.336s] Level 5:colcon.colcon_core.verb:set package 'diffbot_description' build argument 'catkin_cmake_args' from command line to 'None'
[0.336s] Level 5:colcon.colcon_core.verb:set package 'diffbot_description' build argument 'catkin_skip_building_tests' from command line to 'False'
[0.336s] DEBUG:colcon.colcon_core.verb:Building package 'diffbot_description' with the following arguments: {'ament_cmake_args': None, 'build_base': '/home/legacy/trr_robot_ws/build/diffbot_description', 'catkin_cmake_args': None, 'catkin_skip_building_tests': False, 'cmake_args': None, 'cmake_clean_cache': False, 'cmake_clean_first': False, 'cmake_force_configure': False, 'cmake_target': None, 'cmake_target_skip_unavailable': False, 'install_base': '/home/legacy/trr_robot_ws/install/diffbot_description', 'merge_install': False, 'path': '/home/legacy/trr_robot_ws/src/ros2_control_demos/ros2_control_demo_description/diffbot_description', 'symlink_install': False, 'test_result_base': None}
[0.338s] Level 5:colcon.colcon_core.verb:set package 'robot' build argument 'cmake_args' from command line to 'None'
[0.338s] Level 5:colcon.colcon_core.verb:set package 'robot' build argument 'cmake_target' from command line to 'None'
[0.338s] Level 5:colcon.colcon_core.verb:set package 'robot' build argument 'cmake_target_skip_unavailable' from command line to 'False'
[0.338s] Level 5:colcon.colcon_core.verb:set package 'robot' build argument 'cmake_clean_cache' from command line to 'False'
[0.338s] Level 5:colcon.colcon_core.verb:set package 'robot' build argument 'cmake_clean_first' from command line to 'False'
[0.338s] Level 5:colcon.colcon_core.verb:set package 'robot' build argument 'cmake_force_configure' from command line to 'False'
[0.338s] Level 5:colcon.colcon_core.verb:set package 'robot' build argument 'ament_cmake_args' from command line to 'None'
[0.338s] Level 5:colcon.colcon_core.verb:set package 'robot' build argument 'catkin_cmake_args' from command line to 'None'
[0.338s] Level 5:colcon.colcon_core.verb:set package 'robot' build argument 'catkin_skip_building_tests' from command line to 'False'
[0.338s] DEBUG:colcon.colcon_core.verb:Building package 'robot' with the following arguments: {'ament_cmake_args': None, 'build_base': '/home/legacy/trr_robot_ws/build/robot', 'catkin_cmake_args': None, 'catkin_skip_building_tests': False, 'cmake_args': None, 'cmake_clean_cache': False, 'cmake_clean_first': False, 'cmake_force_configure': False, 'cmake_target': None, 'cmake_target_skip_unavailable': False, 'install_base': '/home/legacy/trr_robot_ws/install/robot', 'merge_install': False, 'path': '/home/legacy/trr_robot_ws/src/robot', 'symlink_install': False, 'test_result_base': None}
[0.340s] Level 5:colcon.colcon_core.verb:set package 'ros2_control_demo_hardware' build argument 'cmake_args' from command line to 'None'
[0.340s] Level 5:colcon.colcon_core.verb:set package 'ros2_control_demo_hardware' build argument 'cmake_target' from command line to 'None'
[0.340s] Level 5:colcon.colcon_core.verb:set package 'ros2_control_demo_hardware' build argument 'cmake_target_skip_unavailable' from command line to 'False'
[0.340s] Level 5:colcon.colcon_core.verb:set package 'ros2_control_demo_hardware' build argument 'cmake_clean_cache' from command line to 'False'
[0.341s] Level 5:colcon.colcon_core.verb:set package 'ros2_control_demo_hardware' build argument 'cmake_clean_first' from command line to 'False'
[0.341s] Level 5:colcon.colcon_core.verb:set package 'ros2_control_demo_hardware' build argument 'cmake_force_configure' from command line to 'False'
[0.341s] Level 5:colcon.colcon_core.verb:set package 'ros2_control_demo_hardware' build argument 'ament_cmake_args' from command line to 'None'
[0.341s] Level 5:colcon.colcon_core.verb:set package 'ros2_control_demo_hardware' build argument 'catkin_cmake_args' from command line to 'None'
[0.341s] Level 5:colcon.colcon_core.verb:set package 'ros2_control_demo_hardware' build argument 'catkin_skip_building_tests' from command line to 'False'
[0.341s] DEBUG:colcon.colcon_core.verb:Building package 'ros2_control_demo_hardware' with the following arguments: {'ament_cmake_args': None, 'build_base': '/home/legacy/trr_robot_ws/build/ros2_control_demo_hardware', 'catkin_cmake_args': None, 'catkin_skip_building_tests': False, 'cmake_args': None, 'cmake_clean_cache': False, 'cmake_clean_first': False, 'cmake_force_configure': False, 'cmake_target': None, 'cmake_target_skip_unavailable': False, 'install_base': '/home/legacy/trr_robot_ws/install/ros2_control_demo_hardware', 'merge_install': False, 'path': '/home/legacy/trr_robot_ws/src/ros2_control_demos/ros2_control_demo_hardware', 'symlink_install': False, 'test_result_base': None}
[0.343s] Level 5:colcon.colcon_core.verb:set package 'ros2_control_test_nodes' build argument 'cmake_args' from command line to 'None'
[0.343s] Level 5:colcon.colcon_core.verb:set package 'ros2_control_test_nodes' build argument 'cmake_target' from command line to 'None'
[0.343s] Level 5:colcon.colcon_core.verb:set package 'ros2_control_test_nodes' build argument 'cmake_target_skip_unavailable' from command line to 'False'
[0.343s] Level 5:colcon.colcon_core.verb:set package 'ros2_control_test_nodes' build argument 'cmake_clean_cache' from command line to 'False'
[0.343s] Level 5:colcon.colcon_core.verb:set package 'ros2_control_test_nodes' build argument 'cmake_clean_first' from command line to 'False'
[0.343s] Level 5:colcon.colcon_core.verb:set package 'ros2_control_test_nodes' build argument 'cmake_force_configure' from command line to 'False'
[0.343s] Level 5:colcon.colcon_core.verb:set package 'ros2_control_test_nodes' build argument 'ament_cmake_args' from command line to 'None'
[0.343s] Level 5:colcon.colcon_core.verb:set package 'ros2_control_test_nodes' build argument 'catkin_cmake_args' from command line to 'None'
[0.343s] Level 5:colcon.colcon_core.verb:set package 'ros2_control_test_nodes' build argument 'catkin_skip_building_tests' from command line to 'False'
[0.343s] DEBUG:colcon.colcon_core.verb:Building package 'ros2_control_test_nodes' with the following arguments: {'ament_cmake_args': None, 'build_base': '/home/legacy/trr_robot_ws/build/ros2_control_test_nodes', 'catkin_cmake_args': None, 'catkin_skip_building_tests': False, 'cmake_args': None, 'cmake_clean_cache': False, 'cmake_clean_first': False, 'cmake_force_configure': False, 'cmake_target': None, 'cmake_target_skip_unavailable': False, 'install_base': '/home/legacy/trr_robot_ws/install/ros2_control_test_nodes', 'merge_install': False, 'path': '/home/legacy/trr_robot_ws/src/ros2_control_demos/ros2_control_test_nodes', 'symlink_install': False, 'test_result_base': None}
[0.345s] Level 5:colcon.colcon_core.verb:set package 'rrbot_description' build argument 'cmake_args' from command line to 'None'
[0.345s] Level 5:colcon.colcon_core.verb:set package 'rrbot_description' build argument 'cmake_target' from command line to 'None'
[0.345s] Level 5:colcon.colcon_core.verb:set package 'rrbot_description' build argument 'cmake_target_skip_unavailable' from command line to 'False'
[0.345s] Level 5:colcon.colcon_core.verb:set package 'rrbot_description' build argument 'cmake_clean_cache' from command line to 'False'
[0.345s] Level 5:colcon.colcon_core.verb:set package 'rrbot_description' build argument 'cmake_clean_first' from command line to 'False'
[0.345s] Level 5:colcon.colcon_core.verb:set package 'rrbot_description' build argument 'cmake_force_configure' from command line to 'False'
[0.345s] Level 5:colcon.colcon_core.verb:set package 'rrbot_description' build argument 'ament_cmake_args' from command line to 'None'
[0.345s] Level 5:colcon.colcon_core.verb:set package 'rrbot_description' build argument 'catkin_cmake_args' from command line to 'None'
[0.345s] Level 5:colcon.colcon_core.verb:set package 'rrbot_description' build argument 'catkin_skip_building_tests' from command line to 'False'
[0.345s] DEBUG:colcon.colcon_core.verb:Building package 'rrbot_description' with the following arguments: {'ament_cmake_args': None, 'build_base': '/home/legacy/trr_robot_ws/build/rrbot_description', 'catkin_cmake_args': None, 'catkin_skip_building_tests': False, 'cmake_args': None, 'cmake_clean_cache': False, 'cmake_clean_first': False, 'cmake_force_configure': False, 'cmake_target': None, 'cmake_target_skip_unavailable': False, 'install_base': '/home/legacy/trr_robot_ws/install/rrbot_description', 'merge_install': False, 'path': '/home/legacy/trr_robot_ws/src/ros2_control_demos/ros2_control_demo_description/rrbot_description', 'symlink_install': False, 'test_result_base': None}
[0.347s] Level 5:colcon.colcon_core.verb:set package 'ros2_control_demo_bringup' build argument 'cmake_args' from command line to 'None'
[0.348s] Level 5:colcon.colcon_core.verb:set package 'ros2_control_demo_bringup' build argument 'cmake_target' from command line to 'None'
[0.348s] Level 5:colcon.colcon_core.verb:set package 'ros2_control_demo_bringup' build argument 'cmake_target_skip_unavailable' from command line to 'False'
[0.348s] Level 5:colcon.colcon_core.verb:set package 'ros2_control_demo_bringup' build argument 'cmake_clean_cache' from command line to 'False'
[0.348s] Level 5:colcon.colcon_core.verb:set package 'ros2_control_demo_bringup' build argument 'cmake_clean_first' from command line to 'False'
[0.348s] Level 5:colcon.colcon_core.verb:set package 'ros2_control_demo_bringup' build argument 'cmake_force_configure' from command line to 'False'
[0.348s] Level 5:colcon.colcon_core.verb:set package 'ros2_control_demo_bringup' build argument 'ament_cmake_args' from command line to 'None'
[0.348s] Level 5:colcon.colcon_core.verb:set package 'ros2_control_demo_bringup' build argument 'catkin_cmake_args' from command line to 'None'
[0.348s] Level 5:colcon.colcon_core.verb:set package 'ros2_control_demo_bringup' build argument 'catkin_skip_building_tests' from command line to 'False'
[0.348s] DEBUG:colcon.colcon_core.verb:Building package 'ros2_control_demo_bringup' with the following arguments: {'ament_cmake_args': None, 'build_base': '/home/legacy/trr_robot_ws/build/ros2_control_demo_bringup', 'catkin_cmake_args': None, 'catkin_skip_building_tests': False, 'cmake_args': None, 'cmake_clean_cache': False, 'cmake_clean_first': False, 'cmake_force_configure': False, 'cmake_target': None, 'cmake_target_skip_unavailable': False, 'install_base': '/home/legacy/trr_robot_ws/install/ros2_control_demo_bringup', 'merge_install': False, 'path': '/home/legacy/trr_robot_ws/src/ros2_control_demos/ros2_control_demo_bringup', 'symlink_install': False, 'test_result_base': None}
[0.350s] Level 5:colcon.colcon_core.verb:set package 'ros2_control_demos' build argument 'cmake_args' from command line to 'None'
[0.350s] Level 5:colcon.colcon_core.verb:set package 'ros2_control_demos' build argument 'cmake_target' from command line to 'None'
[0.350s] Level 5:colcon.colcon_core.verb:set package 'ros2_control_demos' build argument 'cmake_target_skip_unavailable' from command line to 'False'
[0.350s] Level 5:colcon.colcon_core.verb:set package 'ros2_control_demos' build argument 'cmake_clean_cache' from command line to 'False'
[0.350s] Level 5:colcon.colcon_core.verb:set package 'ros2_control_demos' build argument 'cmake_clean_first' from command line to 'False'
[0.350s] Level 5:colcon.colcon_core.verb:set package 'ros2_control_demos' build argument 'cmake_force_configure' from command line to 'False'
[0.350s] Level 5:colcon.colcon_core.verb:set package 'ros2_control_demos' build argument 'ament_cmake_args' from command line to 'None'
[0.350s] Level 5:colcon.colcon_core.verb:set package 'ros2_control_demos' build argument 'catkin_cmake_args' from command line to 'None'
[0.350s] Level 5:colcon.colcon_core.verb:set package 'ros2_control_demos' build argument 'catkin_skip_building_tests' from command line to 'False'
[0.350s] DEBUG:colcon.colcon_core.verb:Building package 'ros2_control_demos' with the following arguments: {'ament_cmake_args': None, 'build_base': '/home/legacy/trr_robot_ws/build/ros2_control_demos', 'catkin_cmake_args': None, 'catkin_skip_building_tests': False, 'cmake_args': None, 'cmake_clean_cache': False, 'cmake_clean_first': False, 'cmake_force_configure': False, 'cmake_target': None, 'cmake_target_skip_unavailable': False, 'install_base': '/home/legacy/trr_robot_ws/install/ros2_control_demos', 'merge_install': False, 'path': '/home/legacy/trr_robot_ws/src/ros2_control_demos/ros2_control_demos', 'symlink_install': False, 'test_result_base': None}
[0.350s] INFO:colcon.colcon_core.executor:Executing jobs using 'parallel' executor
[0.352s] DEBUG:colcon.colcon_parallel_executor.executor.parallel:run_until_complete
[0.352s] INFO:colcon.colcon_ros.task.ament_cmake.build:Building ROS package in '/home/legacy/trr_robot_ws/src/ros2_control_demos/ros2_control_demo_description/diffbot_description' with build type 'ament_cmake'
[0.353s] INFO:colcon.colcon_cmake.task.cmake.build:Building CMake package in '/home/legacy/trr_robot_ws/src/ros2_control_demos/ros2_control_demo_description/diffbot_description'
[0.356s] INFO:colcon.colcon_core.plugin_system:Skipping extension 'colcon_core.shell.bat': Not used on non-Windows systems
[0.356s] INFO:colcon.colcon_core.shell:Skip shell extension 'powershell' for command environment: Not usable outside of PowerShell
[0.356s] DEBUG:colcon.colcon_core.shell:Skip shell extension 'dsv' for command environment
[0.358s] DEBUG:colcon.colcon_core.shell:Ignoring prefix path '/opt/ros/foxy'
[0.360s] INFO:colcon.colcon_ros.task.ament_cmake.build:Building ROS package in '/home/legacy/trr_robot_ws/src/ros2_control_demos/ros2_control_demo_hardware' with build type 'ament_cmake'
[0.361s] INFO:colcon.colcon_cmake.task.cmake.build:Building CMake package in '/home/legacy/trr_robot_ws/src/ros2_control_demos/ros2_control_demo_hardware'
[0.362s] INFO:colcon.colcon_core.shell:Skip shell extension 'powershell' for command environment: Not usable outside of PowerShell
[0.362s] DEBUG:colcon.colcon_core.shell:Skip shell extension 'dsv' for command environment
[0.364s] DEBUG:colcon.colcon_core.shell:Ignoring prefix path '/opt/ros/foxy'
[0.366s] INFO:colcon.colcon_ros.task.ament_python.build:Building ROS package in '/home/legacy/trr_robot_ws/src/ros2_control_demos/ros2_control_test_nodes' with build type 'ament_python'
[0.367s] Level 1:colcon.colcon_core.shell:create_environment_hook('ros2_control_test_nodes', 'ament_prefix_path')
[0.367s] INFO:colcon.colcon_core.shell:Creating environment hook '/home/legacy/trr_robot_ws/install/ros2_control_test_nodes/share/ros2_control_test_nodes/hook/ament_prefix_path.ps1'
[0.369s] INFO:colcon.colcon_core.shell:Creating environment descriptor '/home/legacy/trr_robot_ws/install/ros2_control_test_nodes/share/ros2_control_test_nodes/hook/ament_prefix_path.dsv'
[0.369s] INFO:colcon.colcon_core.shell:Creating environment hook '/home/legacy/trr_robot_ws/install/ros2_control_test_nodes/share/ros2_control_test_nodes/hook/ament_prefix_path.sh'
[0.371s] INFO:colcon.colcon_core.shell:Skip shell extension 'powershell' for command environment: Not usable outside of PowerShell
[0.371s] DEBUG:colcon.colcon_core.shell:Skip shell extension 'dsv' for command environment
[0.372s] DEBUG:colcon.colcon_core.shell:Ignoring prefix path '/opt/ros/foxy'
[0.374s] INFO:colcon.colcon_ros.task.ament_cmake.build:Building ROS package in '/home/legacy/trr_robot_ws/src/ros2_control_demos/ros2_control_demo_description/rrbot_description' with build type 'ament_cmake'
[0.374s] INFO:colcon.colcon_cmake.task.cmake.build:Building CMake package in '/home/legacy/trr_robot_ws/src/ros2_control_demos/ros2_control_demo_description/rrbot_description'
[0.375s] INFO:colcon.colcon_core.shell:Skip shell extension 'powershell' for command environment: Not usable outside of PowerShell
[0.375s] DEBUG:colcon.colcon_core.shell:Skip shell extension 'dsv' for command environment
[0.377s] DEBUG:colcon.colcon_core.shell:Ignoring prefix path '/opt/ros/foxy'
[0.380s] INFO:colcon.colcon_ros.task.ament_python.build:Building ROS package in '/home/legacy/trr_robot_ws/src/robot' with build type 'ament_python'
[0.380s] Level 1:colcon.colcon_core.shell:create_environment_hook('robot', 'ament_prefix_path')
[0.381s] INFO:colcon.colcon_core.shell:Creating environment hook '/home/legacy/trr_robot_ws/install/robot/share/robot/hook/ament_prefix_path.ps1'
[0.382s] INFO:colcon.colcon_core.shell:Creating environment descriptor '/home/legacy/trr_robot_ws/install/robot/share/robot/hook/ament_prefix_path.dsv'
[0.382s] INFO:colcon.colcon_core.shell:Creating environment hook '/home/legacy/trr_robot_ws/install/robot/share/robot/hook/ament_prefix_path.sh'
[0.383s] INFO:colcon.colcon_core.shell:Skip shell extension 'powershell' for command environment: Not usable outside of PowerShell
[0.383s] DEBUG:colcon.colcon_core.shell:Skip shell extension 'dsv' for command environment
[0.385s] DEBUG:colcon.colcon_core.shell:Ignoring prefix path '/opt/ros/foxy'
[0.394s] DEBUG:colcon.colcon_core.event_handler.log_command:Invoking command in '/home/legacy/trr_robot_ws/build/diffbot_description': CMAKE_PREFIX_PATH=/opt/ros/foxy /usr/bin/cmake /home/legacy/trr_robot_ws/src/ros2_control_demos/ros2_control_demo_description/diffbot_description -DCMAKE_INSTALL_PREFIX=/home/legacy/trr_robot_ws/install/diffbot_description
[0.399s] DEBUG:colcon.colcon_core.event_handler.log_command:Invoking command in '/home/legacy/trr_robot_ws/build/ros2_control_demo_hardware': CMAKE_PREFIX_PATH=/opt/ros/foxy /usr/bin/cmake /home/legacy/trr_robot_ws/src/ros2_control_demos/ros2_control_demo_hardware -DCMAKE_INSTALL_PREFIX=/home/legacy/trr_robot_ws/install/ros2_control_demo_hardware
[0.702s] INFO:colcon.colcon_core.task.python.build:Building Python package in '/home/legacy/trr_robot_ws/src/ros2_control_demos/ros2_control_test_nodes'
[0.703s] INFO:colcon.colcon_core.shell:Skip shell extension 'powershell' for command environment: Not usable outside of PowerShell
[0.704s] DEBUG:colcon.colcon_core.shell:Skip shell extension 'dsv' for command environment
[0.705s] DEBUG:colcon.colcon_core.shell:Ignoring prefix path '/opt/ros/foxy'
[0.719s] DEBUG:colcon.colcon_core.event_handler.log_command:Invoking command in '/home/legacy/trr_robot_ws/build/rrbot_description': CMAKE_PREFIX_PATH=/opt/ros/foxy /usr/bin/cmake /home/legacy/trr_robot_ws/src/ros2_control_demos/ros2_control_demo_description/rrbot_description -DCMAKE_INSTALL_PREFIX=/home/legacy/trr_robot_ws/install/rrbot_description
[1.081s] INFO:colcon.colcon_core.task.python.build:Building Python package in '/home/legacy/trr_robot_ws/src/robot'
[1.082s] INFO:colcon.colcon_core.shell:Skip shell extension 'powershell' for command environment: Not usable outside of PowerShell
[1.083s] DEBUG:colcon.colcon_core.shell:Skip shell extension 'dsv' for command environment
[1.086s] DEBUG:colcon.colcon_core.shell:Ignoring prefix path '/opt/ros/foxy'
[1.122s] DEBUG:colcon.colcon_core.event_handler.log_command:Invoking command in '/home/legacy/trr_robot_ws/src/ros2_control_demos/ros2_control_test_nodes': PYTHONPATH=/home/legacy/trr_robot_ws/install/ros2_control_test_nodes/lib/python3.8/site-packages:${PYTHONPATH} /usr/bin/python3 setup.py egg_info --egg-base ../../../build/ros2_control_test_nodes build --build-base /home/legacy/trr_robot_ws/build/ros2_control_test_nodes/build install --prefix /home/legacy/trr_robot_ws/install/ros2_control_test_nodes --record /home/legacy/trr_robot_ws/build/ros2_control_test_nodes/install.log --single-version-externally-managed
[1.123s] DEBUG:colcon.colcon_core.event_handler.log_command:Invoking command in '/home/legacy/trr_robot_ws/build/robot': PYTHONPATH=/home/legacy/trr_robot_ws/install/robot/lib/python3.8/site-packages:${PYTHONPATH} /usr/bin/python3 setup.py develop --prefix /home/legacy/trr_robot_ws/install/robot --uninstall --editable --build-directory /home/legacy/trr_robot_ws/build/robot/build
[1.622s] DEBUG:colcon.colcon_core.event_handler.log_command:Invoked command in '/home/legacy/trr_robot_ws/build/diffbot_description' returned '0': CMAKE_PREFIX_PATH=/opt/ros/foxy /usr/bin/cmake /home/legacy/trr_robot_ws/src/ros2_control_demos/ros2_control_demo_description/diffbot_description -DCMAKE_INSTALL_PREFIX=/home/legacy/trr_robot_ws/install/diffbot_description
[1.630s] DEBUG:colcon.colcon_core.event_handler.log_command:Invoking command in '/home/legacy/trr_robot_ws/build/diffbot_description': CMAKE_PREFIX_PATH=/opt/ros/foxy /usr/bin/cmake --build /home/legacy/trr_robot_ws/build/diffbot_description -- -j8 -l8
[1.681s] DEBUG:colcon.colcon_core.event_handler.log_command:Invoked command in '/home/legacy/trr_robot_ws/src/ros2_control_demos/ros2_control_test_nodes' returned '0': PYTHONPATH=/home/legacy/trr_robot_ws/install/ros2_control_test_nodes/lib/python3.8/site-packages:${PYTHONPATH} /usr/bin/python3 setup.py egg_info --egg-base ../../../build/ros2_control_test_nodes build --build-base /home/legacy/trr_robot_ws/build/ros2_control_test_nodes/build install --prefix /home/legacy/trr_robot_ws/install/ros2_control_test_nodes --record /home/legacy/trr_robot_ws/build/ros2_control_test_nodes/install.log --single-version-externally-managed
[1.688s] Level 1:colcon.colcon_core.environment:checking '/home/legacy/trr_robot_ws/install/ros2_control_test_nodes' for CMake module files
[1.689s] Level 1:colcon.colcon_core.environment:checking '/home/legacy/trr_robot_ws/install/ros2_control_test_nodes' for CMake config files
[1.691s] Level 1:colcon.colcon_core.environment:checking '/home/legacy/trr_robot_ws/install/ros2_control_test_nodes/lib'
[1.691s] Level 1:colcon.colcon_core.environment:checking '/home/legacy/trr_robot_ws/install/ros2_control_test_nodes/bin'
[1.691s] Level 1:colcon.colcon_core.environment:checking '/home/legacy/trr_robot_ws/install/ros2_control_test_nodes/lib/pkgconfig/ros2_control_test_nodes.pc'
[1.691s] Level 1:colcon.colcon_core.environment:checking '/home/legacy/trr_robot_ws/install/ros2_control_test_nodes/lib/python3.8/site-packages'
[1.691s] Level 1:colcon.colcon_core.shell:create_environment_hook('ros2_control_test_nodes', 'pythonpath')
[1.693s] INFO:colcon.colcon_core.shell:Creating environment hook '/home/legacy/trr_robot_ws/install/ros2_control_test_nodes/share/ros2_control_test_nodes/hook/pythonpath.ps1'
[1.694s] INFO:colcon.colcon_core.shell:Creating environment descriptor '/home/legacy/trr_robot_ws/install/ros2_control_test_nodes/share/ros2_control_test_nodes/hook/pythonpath.dsv'
[1.694s] INFO:colcon.colcon_core.shell:Creating environment hook '/home/legacy/trr_robot_ws/install/ros2_control_test_nodes/share/ros2_control_test_nodes/hook/pythonpath.sh'
[1.695s] Level 1:colcon.colcon_core.environment:create_environment_scripts_only(ros2_control_test_nodes)
[1.696s] INFO:colcon.colcon_core.shell:Creating package script '/home/legacy/trr_robot_ws/install/ros2_control_test_nodes/share/ros2_control_test_nodes/package.ps1'
[1.698s] INFO:colcon.colcon_core.shell:Creating package descriptor '/home/legacy/trr_robot_ws/install/ros2_control_test_nodes/share/ros2_control_test_nodes/package.dsv'
[1.699s] INFO:colcon.colcon_core.shell:Creating package script '/home/legacy/trr_robot_ws/install/ros2_control_test_nodes/share/ros2_control_test_nodes/package.sh'
[1.701s] INFO:colcon.colcon_core.shell:Creating package script '/home/legacy/trr_robot_ws/install/ros2_control_test_nodes/share/ros2_control_test_nodes/package.bash'
[1.702s] INFO:colcon.colcon_core.shell:Creating package script '/home/legacy/trr_robot_ws/install/ros2_control_test_nodes/share/ros2_control_test_nodes/package.zsh'
[1.703s] Level 1:colcon.colcon_core.environment:create_file_with_runtime_dependencies(/home/legacy/trr_robot_ws/install/ros2_control_test_nodes/share/colcon-core/packages/ros2_control_test_nodes)
[1.706s] DEBUG:colcon.colcon_core.event_handler.log_command:Invoked command in '/home/legacy/trr_robot_ws/build/diffbot_description' returned '0': CMAKE_PREFIX_PATH=/opt/ros/foxy /usr/bin/cmake --build /home/legacy/trr_robot_ws/build/diffbot_description -- -j8 -l8
[1.760s] DEBUG:colcon.colcon_core.event_handler.log_command:Invoking command in '/home/legacy/trr_robot_ws/build/diffbot_description': CMAKE_PREFIX_PATH=/opt/ros/foxy /usr/bin/cmake --install /home/legacy/trr_robot_ws/build/diffbot_description
[1.781s] Level 1:colcon.colcon_core.environment:create_environment_scripts_only(diffbot_description)
[1.783s] Level 1:colcon.colcon_core.environment:checking '/home/legacy/trr_robot_ws/install/diffbot_description' for CMake module files
[1.785s] DEBUG:colcon.colcon_core.event_handler.log_command:Invoked command in '/home/legacy/trr_robot_ws/build/diffbot_description' returned '0': CMAKE_PREFIX_PATH=/opt/ros/foxy /usr/bin/cmake --install /home/legacy/trr_robot_ws/build/diffbot_description
[1.786s] Level 1:colcon.colcon_core.environment:checking '/home/legacy/trr_robot_ws/install/diffbot_description' for CMake config files
[1.786s] Level 1:colcon.colcon_core.shell:create_environment_hook('diffbot_description', 'cmake_prefix_path')
[1.787s] INFO:colcon.colcon_core.shell:Creating environment hook '/home/legacy/trr_robot_ws/install/diffbot_description/share/diffbot_description/hook/cmake_prefix_path.ps1'
[1.788s] INFO:colcon.colcon_core.shell:Creating environment descriptor '/home/legacy/trr_robot_ws/install/diffbot_description/share/diffbot_description/hook/cmake_prefix_path.dsv'
[1.789s] INFO:colcon.colcon_core.shell:Creating environment hook '/home/legacy/trr_robot_ws/install/diffbot_description/share/diffbot_description/hook/cmake_prefix_path.sh'
[1.790s] Level 1:colcon.colcon_core.environment:checking '/home/legacy/trr_robot_ws/install/diffbot_description/bin'
[1.790s] Level 1:colcon.colcon_core.environment:checking '/home/legacy/trr_robot_ws/install/diffbot_description/lib/pkgconfig/diffbot_description.pc'
[1.790s] Level 1:colcon.colcon_core.environment:checking '/home/legacy/trr_robot_ws/install/diffbot_description/lib/python3.8/site-packages'
[1.792s] INFO:colcon.colcon_core.shell:Creating package script '/home/legacy/trr_robot_ws/install/diffbot_description/share/diffbot_description/package.ps1'
[1.793s] INFO:colcon.colcon_core.shell:Creating package descriptor '/home/legacy/trr_robot_ws/install/diffbot_description/share/diffbot_description/package.dsv'
[1.793s] INFO:colcon.colcon_core.shell:Creating package script '/home/legacy/trr_robot_ws/install/diffbot_description/share/diffbot_description/package.sh'
[1.794s] INFO:colcon.colcon_core.shell:Creating package script '/home/legacy/trr_robot_ws/install/diffbot_description/share/diffbot_description/package.bash'
[1.795s] INFO:colcon.colcon_core.shell:Creating package script '/home/legacy/trr_robot_ws/install/diffbot_description/share/diffbot_description/package.zsh'
[1.795s] Level 1:colcon.colcon_core.environment:create_file_with_runtime_dependencies(/home/legacy/trr_robot_ws/install/diffbot_description/share/colcon-core/packages/diffbot_description)
[1.825s] DEBUG:colcon.colcon_core.event_handler.log_command:Invoked command in '/home/legacy/trr_robot_ws/build/robot' returned '0': PYTHONPATH=/home/legacy/trr_robot_ws/install/robot/lib/python3.8/site-packages:${PYTHONPATH} /usr/bin/python3 setup.py develop --prefix /home/legacy/trr_robot_ws/install/robot --uninstall --editable --build-directory /home/legacy/trr_robot_ws/build/robot/build
[1.827s] DEBUG:colcon.colcon_core.event_handler.log_command:Invoking command in '/home/legacy/trr_robot_ws/src/robot': PYTHONPATH=/home/legacy/trr_robot_ws/install/robot/lib/python3.8/site-packages:${PYTHONPATH} /usr/bin/python3 setup.py egg_info --egg-base ../../build/robot build --build-base /home/legacy/trr_robot_ws/build/robot/build install --prefix /home/legacy/trr_robot_ws/install/robot --record /home/legacy/trr_robot_ws/build/robot/install.log --single-version-externally-managed
[1.830s] Level 1:colcon.colcon_core.environment:create_environment_scripts_only(diffbot_description)
[1.832s] Level 1:colcon.colcon_core.environment:checking '/home/legacy/trr_robot_ws/install/diffbot_description' for CMake module files
[1.833s] Level 1:colcon.colcon_core.environment:checking '/home/legacy/trr_robot_ws/install/diffbot_description' for CMake config files
[1.833s] Level 1:colcon.colcon_core.shell:create_environment_hook('diffbot_description', 'cmake_prefix_path')
[1.834s] INFO:colcon.colcon_core.shell:Creating environment hook '/home/legacy/trr_robot_ws/install/diffbot_description/share/diffbot_description/hook/cmake_prefix_path.ps1'
[1.835s] INFO:colcon.colcon_core.shell:Creating environment descriptor '/home/legacy/trr_robot_ws/install/diffbot_description/share/diffbot_description/hook/cmake_prefix_path.dsv'
[1.836s] INFO:colcon.colcon_core.shell:Creating environment hook '/home/legacy/trr_robot_ws/install/diffbot_description/share/diffbot_description/hook/cmake_prefix_path.sh'
[1.837s] Level 1:colcon.colcon_core.environment:checking '/home/legacy/trr_robot_ws/install/diffbot_description/bin'
[1.837s] Level 1:colcon.colcon_core.environment:checking '/home/legacy/trr_robot_ws/install/diffbot_description/lib/pkgconfig/diffbot_description.pc'
[1.837s] Level 1:colcon.colcon_core.environment:checking '/home/legacy/trr_robot_ws/install/diffbot_description/lib/python3.8/site-packages'
[1.838s] INFO:colcon.colcon_core.shell:Creating package script '/home/legacy/trr_robot_ws/install/diffbot_description/share/diffbot_description/package.ps1'
[1.839s] INFO:colcon.colcon_core.shell:Creating package descriptor '/home/legacy/trr_robot_ws/install/diffbot_description/share/diffbot_description/package.dsv'
[1.840s] INFO:colcon.colcon_core.shell:Creating package script '/home/legacy/trr_robot_ws/install/diffbot_description/share/diffbot_description/package.sh'
[1.841s] INFO:colcon.colcon_core.shell:Creating package script '/home/legacy/trr_robot_ws/install/diffbot_description/share/diffbot_description/package.bash'
[1.841s] INFO:colcon.colcon_core.shell:Creating package script '/home/legacy/trr_robot_ws/install/diffbot_description/share/diffbot_description/package.zsh'
[1.842s] Level 1:colcon.colcon_core.environment:create_file_with_runtime_dependencies(/home/legacy/trr_robot_ws/install/diffbot_description/share/colcon-core/packages/diffbot_description)
[2.034s] DEBUG:colcon.colcon_core.event_handler.log_command:Invoked command in '/home/legacy/trr_robot_ws/build/rrbot_description' returned '0': CMAKE_PREFIX_PATH=/opt/ros/foxy /usr/bin/cmake /home/legacy/trr_robot_ws/src/ros2_control_demos/ros2_control_demo_description/rrbot_description -DCMAKE_INSTALL_PREFIX=/home/legacy/trr_robot_ws/install/rrbot_description
[2.038s] DEBUG:colcon.colcon_core.event_handler.log_command:Invoking command in '/home/legacy/trr_robot_ws/build/rrbot_description': CMAKE_PREFIX_PATH=/opt/ros/foxy /usr/bin/cmake --build /home/legacy/trr_robot_ws/build/rrbot_description -- -j8 -l8
[2.090s] DEBUG:colcon.colcon_core.event_handler.log_command:Invoked command in '/home/legacy/trr_robot_ws/build/rrbot_description' returned '0': CMAKE_PREFIX_PATH=/opt/ros/foxy /usr/bin/cmake --build /home/legacy/trr_robot_ws/build/rrbot_description -- -j8 -l8
[2.118s] DEBUG:colcon.colcon_core.event_handler.log_command:Invoking command in '/home/legacy/trr_robot_ws/build/rrbot_description': CMAKE_PREFIX_PATH=/opt/ros/foxy /usr/bin/cmake --install /home/legacy/trr_robot_ws/build/rrbot_description
[2.137s] Level 1:colcon.colcon_core.environment:create_environment_scripts_only(rrbot_description)
[2.139s] Level 1:colcon.colcon_core.environment:checking '/home/legacy/trr_robot_ws/install/rrbot_description' for CMake module files
[2.139s] DEBUG:colcon.colcon_core.event_handler.log_command:Invoked command in '/home/legacy/trr_robot_ws/build/rrbot_description' returned '0': CMAKE_PREFIX_PATH=/opt/ros/foxy /usr/bin/cmake --install /home/legacy/trr_robot_ws/build/rrbot_description
[2.140s] Level 1:colcon.colcon_core.environment:checking '/home/legacy/trr_robot_ws/install/rrbot_description' for CMake config files
[2.140s] Level 1:colcon.colcon_core.shell:create_environment_hook('rrbot_description', 'cmake_prefix_path')
[2.141s] INFO:colcon.colcon_core.shell:Creating environment hook '/home/legacy/trr_robot_ws/install/rrbot_description/share/rrbot_description/hook/cmake_prefix_path.ps1'
[2.142s] INFO:colcon.colcon_core.shell:Creating environment descriptor '/home/legacy/trr_robot_ws/install/rrbot_description/share/rrbot_description/hook/cmake_prefix_path.dsv'
[2.142s] INFO:colcon.colcon_core.shell:Creating environment hook '/home/legacy/trr_robot_ws/install/rrbot_description/share/rrbot_description/hook/cmake_prefix_path.sh'
[2.143s] Level 1:colcon.colcon_core.environment:checking '/home/legacy/trr_robot_ws/install/rrbot_description/bin'
[2.143s] Level 1:colcon.colcon_core.environment:checking '/home/legacy/trr_robot_ws/install/rrbot_description/lib/pkgconfig/rrbot_description.pc'
[2.143s] Level 1:colcon.colcon_core.environment:checking '/home/legacy/trr_robot_ws/install/rrbot_description/lib/python3.8/site-packages'
[2.144s] INFO:colcon.colcon_core.shell:Creating package script '/home/legacy/trr_robot_ws/install/rrbot_description/share/rrbot_description/package.ps1'
[2.144s] INFO:colcon.colcon_core.shell:Creating package descriptor '/home/legacy/trr_robot_ws/install/rrbot_description/share/rrbot_description/package.dsv'
[2.145s] INFO:colcon.colcon_core.shell:Creating package script '/home/legacy/trr_robot_ws/install/rrbot_description/share/rrbot_description/package.sh'
[2.145s] INFO:colcon.colcon_core.shell:Creating package script '/home/legacy/trr_robot_ws/install/rrbot_description/share/rrbot_description/package.bash'
[2.146s] INFO:colcon.colcon_core.shell:Creating package script '/home/legacy/trr_robot_ws/install/rrbot_description/share/rrbot_description/package.zsh'
[2.146s] Level 1:colcon.colcon_core.environment:create_file_with_runtime_dependencies(/home/legacy/trr_robot_ws/install/rrbot_description/share/colcon-core/packages/rrbot_description)
[2.174s] Level 1:colcon.colcon_core.environment:create_environment_scripts_only(rrbot_description)
[2.176s] Level 1:colcon.colcon_core.environment:checking '/home/legacy/trr_robot_ws/install/rrbot_description' for CMake module files
[2.177s] Level 1:colcon.colcon_core.environment:checking '/home/legacy/trr_robot_ws/install/rrbot_description' for CMake config files
[2.178s] Level 1:colcon.colcon_core.shell:create_environment_hook('rrbot_description', 'cmake_prefix_path')
[2.179s] INFO:colcon.colcon_core.shell:Creating environment hook '/home/legacy/trr_robot_ws/install/rrbot_description/share/rrbot_description/hook/cmake_prefix_path.ps1'
[2.180s] INFO:colcon.colcon_core.shell:Creating environment descriptor '/home/legacy/trr_robot_ws/install/rrbot_description/share/rrbot_description/hook/cmake_prefix_path.dsv'
[2.181s] INFO:colcon.colcon_core.shell:Creating environment hook '/home/legacy/trr_robot_ws/install/rrbot_description/share/rrbot_description/hook/cmake_prefix_path.sh'
[2.182s] Level 1:colcon.colcon_core.environment:checking '/home/legacy/trr_robot_ws/install/rrbot_description/bin'
[2.182s] Level 1:colcon.colcon_core.environment:checking '/home/legacy/trr_robot_ws/install/rrbot_description/lib/pkgconfig/rrbot_description.pc'
[2.182s] Level 1:colcon.colcon_core.environment:checking '/home/legacy/trr_robot_ws/install/rrbot_description/lib/python3.8/site-packages'
[2.183s] INFO:colcon.colcon_core.shell:Creating package script '/home/legacy/trr_robot_ws/install/rrbot_description/share/rrbot_description/package.ps1'
[2.184s] INFO:colcon.colcon_core.shell:Creating package descriptor '/home/legacy/trr_robot_ws/install/rrbot_description/share/rrbot_description/package.dsv'
[2.184s] INFO:colcon.colcon_core.shell:Creating package script '/home/legacy/trr_robot_ws/install/rrbot_description/share/rrbot_description/package.sh'
[2.185s] INFO:colcon.colcon_core.shell:Creating package script '/home/legacy/trr_robot_ws/install/rrbot_description/share/rrbot_description/package.bash'
[2.185s] INFO:colcon.colcon_core.shell:Creating package script '/home/legacy/trr_robot_ws/install/rrbot_description/share/rrbot_description/package.zsh'
[2.186s] Level 1:colcon.colcon_core.environment:create_file_with_runtime_dependencies(/home/legacy/trr_robot_ws/install/rrbot_description/share/colcon-core/packages/rrbot_description)
[2.226s] Level 1:colcon.colcon_core.environment:checking '/home/legacy/trr_robot_ws/install/robot' for CMake module files
[2.227s] DEBUG:colcon.colcon_core.event_handler.log_command:Invoked command in '/home/legacy/trr_robot_ws/src/robot' returned '0': PYTHONPATH=/home/legacy/trr_robot_ws/install/robot/lib/python3.8/site-packages:${PYTHONPATH} /usr/bin/python3 setup.py egg_info --egg-base ../../build/robot build --build-base /home/legacy/trr_robot_ws/build/robot/build install --prefix /home/legacy/trr_robot_ws/install/robot --record /home/legacy/trr_robot_ws/build/robot/install.log --single-version-externally-managed
[2.227s] Level 1:colcon.colcon_core.environment:checking '/home/legacy/trr_robot_ws/install/robot' for CMake config files
[2.228s] Level 1:colcon.colcon_core.environment:checking '/home/legacy/trr_robot_ws/install/robot/lib'
[2.228s] Level 1:colcon.colcon_core.environment:checking '/home/legacy/trr_robot_ws/install/robot/bin'
[2.228s] Level 1:colcon.colcon_core.environment:checking '/home/legacy/trr_robot_ws/install/robot/lib/pkgconfig/robot.pc'
[2.228s] Level 1:colcon.colcon_core.environment:checking '/home/legacy/trr_robot_ws/install/robot/lib/python3.8/site-packages'
[2.228s] Level 1:colcon.colcon_core.shell:create_environment_hook('robot', 'pythonpath')
[2.229s] INFO:colcon.colcon_core.shell:Creating environment hook '/home/legacy/trr_robot_ws/install/robot/share/robot/hook/pythonpath.ps1'
[2.229s] INFO:colcon.colcon_core.shell:Creating environment descriptor '/home/legacy/trr_robot_ws/install/robot/share/robot/hook/pythonpath.dsv'
[2.230s] INFO:colcon.colcon_core.shell:Creating environment hook '/home/legacy/trr_robot_ws/install/robot/share/robot/hook/pythonpath.sh'
[2.230s] Level 1:colcon.colcon_core.environment:create_environment_scripts_only(robot)
[2.231s] INFO:colcon.colcon_core.shell:Creating package script '/home/legacy/trr_robot_ws/install/robot/share/robot/package.ps1'
[2.231s] INFO:colcon.colcon_core.shell:Creating package descriptor '/home/legacy/trr_robot_ws/install/robot/share/robot/package.dsv'
[2.232s] INFO:colcon.colcon_core.shell:Creating package script '/home/legacy/trr_robot_ws/install/robot/share/robot/package.sh'
[2.232s] INFO:colcon.colcon_core.shell:Creating package script '/home/legacy/trr_robot_ws/install/robot/share/robot/package.bash'
[2.232s] INFO:colcon.colcon_core.shell:Creating package script '/home/legacy/trr_robot_ws/install/robot/share/robot/package.zsh'
[2.233s] Level 1:colcon.colcon_core.environment:create_file_with_runtime_dependencies(/home/legacy/trr_robot_ws/install/robot/share/colcon-core/packages/robot)
[3.099s] DEBUG:colcon.colcon_core.event_handler.log_command:Invoked command in '/home/legacy/trr_robot_ws/build/ros2_control_demo_hardware' returned '0': CMAKE_PREFIX_PATH=/opt/ros/foxy /usr/bin/cmake /home/legacy/trr_robot_ws/src/ros2_control_demos/ros2_control_demo_hardware -DCMAKE_INSTALL_PREFIX=/home/legacy/trr_robot_ws/install/ros2_control_demo_hardware
[3.101s] DEBUG:colcon.colcon_core.event_handler.log_command:Invoking command in '/home/legacy/trr_robot_ws/build/ros2_control_demo_hardware': CMAKE_PREFIX_PATH=/opt/ros/foxy /usr/bin/cmake --build /home/legacy/trr_robot_ws/build/ros2_control_demo_hardware -- -j8 -l8
[7.052s] DEBUG:colcon.colcon_core.event_handler.log_command:Invoked command in '/home/legacy/trr_robot_ws/build/ros2_control_demo_hardware' returned '2': CMAKE_PREFIX_PATH=/opt/ros/foxy /usr/bin/cmake --build /home/legacy/trr_robot_ws/build/ros2_control_demo_hardware -- -j8 -l8
[7.082s] Level 1:colcon.colcon_core.environment:create_environment_scripts_only(ros2_control_demo_hardware)
[7.083s] Level 1:colcon.colcon_core.environment:checking '/home/legacy/trr_robot_ws/install/ros2_control_demo_hardware' for CMake module files
[7.083s] Level 1:colcon.colcon_core.environment:checking '/home/legacy/trr_robot_ws/install/ros2_control_demo_hardware' for CMake config files
[7.083s] Level 1:colcon.colcon_core.environment:checking '/home/legacy/trr_robot_ws/install/ros2_control_demo_hardware/bin'
[7.083s] Level 1:colcon.colcon_core.environment:checking '/home/legacy/trr_robot_ws/install/ros2_control_demo_hardware/lib/pkgconfig/ros2_control_demo_hardware.pc'
[7.083s] Level 1:colcon.colcon_core.environment:checking '/home/legacy/trr_robot_ws/install/ros2_control_demo_hardware/lib/python3.8/site-packages'
[7.084s] INFO:colcon.colcon_core.shell:Creating package script '/home/legacy/trr_robot_ws/install/ros2_control_demo_hardware/share/ros2_control_demo_hardware/package.ps1'
[7.084s] INFO:colcon.colcon_core.shell:Creating package descriptor '/home/legacy/trr_robot_ws/install/ros2_control_demo_hardware/share/ros2_control_demo_hardware/package.dsv'
[7.085s] INFO:colcon.colcon_core.shell:Creating package script '/home/legacy/trr_robot_ws/install/ros2_control_demo_hardware/share/ros2_control_demo_hardware/package.sh'
[7.085s] INFO:colcon.colcon_core.shell:Creating package script '/home/legacy/trr_robot_ws/install/ros2_control_demo_hardware/share/ros2_control_demo_hardware/package.bash'
[7.085s] INFO:colcon.colcon_core.shell:Creating package script '/home/legacy/trr_robot_ws/install/ros2_control_demo_hardware/share/ros2_control_demo_hardware/package.zsh'
[7.086s] Level 1:colcon.colcon_core.environment:create_file_with_runtime_dependencies(/home/legacy/trr_robot_ws/install/ros2_control_demo_hardware/share/colcon-core/packages/ros2_control_demo_hardware)
[7.096s] DEBUG:colcon.colcon_parallel_executor.executor.parallel:closing loop
[7.096s] DEBUG:colcon.colcon_parallel_executor.executor.parallel:loop closed
[7.097s] DEBUG:colcon.colcon_parallel_executor.executor.parallel:run_until_complete finished with '2'
[7.097s] DEBUG:colcon.colcon_core.event_reactor:joining thread
[7.103s] INFO:colcon.colcon_core.plugin_system:Skipping extension 'colcon_notification.desktop_notification.terminal_notifier': Not used on non-Darwin systems
[7.103s] INFO:colcon.colcon_core.plugin_system:Skipping extension 'colcon_notification.desktop_notification.win32': Not used on non-Windows systems
[7.103s] INFO:colcon.colcon_notification.desktop_notification:Sending desktop notification using 'notify2'
[7.118s] DEBUG:colcon.colcon_core.event_reactor:joined thread
[7.119s] INFO:colcon.colcon_core.shell:Creating prefix script '/home/legacy/trr_robot_ws/install/local_setup.ps1'
[7.120s] INFO:colcon.colcon_core.shell:Creating prefix util module '/home/legacy/trr_robot_ws/install/_local_setup_util_ps1.py'
[7.121s] INFO:colcon.colcon_core.shell:Creating prefix chain script '/home/legacy/trr_robot_ws/install/setup.ps1'
[7.124s] INFO:colcon.colcon_core.shell:Creating prefix script '/home/legacy/trr_robot_ws/install/local_setup.sh'
[7.124s] INFO:colcon.colcon_core.shell:Creating prefix util module '/home/legacy/trr_robot_ws/install/_local_setup_util_sh.py'
[7.125s] INFO:colcon.colcon_core.shell:Creating prefix chain script '/home/legacy/trr_robot_ws/install/setup.sh'
[7.128s] INFO:colcon.colcon_core.shell:Creating prefix script '/home/legacy/trr_robot_ws/install/local_setup.bash'
[7.128s] INFO:colcon.colcon_core.shell:Creating prefix chain script '/home/legacy/trr_robot_ws/install/setup.bash'
[7.130s] INFO:colcon.colcon_core.shell:Creating prefix script '/home/legacy/trr_robot_ws/install/local_setup.zsh'
[7.131s] INFO:colcon.colcon_core.shell:Creating prefix chain script '/home/legacy/trr_robot_ws/install/setup.zsh'
