[0.010s] Invoking command in '/home/legacy/trr_robot_ws/build/hardware_interface': AMENT_PREFIX_PATH=/home/legacy/trr_robot_ws/install/ros2_control_test_assets:${AMENT_PREFIX_PATH} CMAKE_PREFIX_PATH=/home/legacy/trr_robot_ws/install/ros2_control_test_assets:/opt/ros/foxy /usr/bin/cmake /home/legacy/trr_robot_ws/src/ros2_control/hardware_interface -DCMAKE_INSTALL_PREFIX=/home/legacy/trr_robot_ws/install/hardware_interface
[0.025s] -- Found ament_cmake: 0.9.8 (/opt/ros/foxy/share/ament_cmake/cmake)
[0.050s] -- Using PYTHON_EXECUTABLE: /usr/bin/python3
[0.307s] -- Found control_msgs: 2.5.1 (/opt/ros/foxy/share/control_msgs/cmake)
[0.348s] -- Using all available rosidl_typesupport_c: rosidl_typesupport_fastrtps_c;rosidl_typesupport_introspection_c
[0.355s] -- Found rosidl_adapter: 1.2.1 (/opt/ros/foxy/share/rosidl_adapter/cmake)
[0.418s] -- Found OpenSSL: /home/linuxbrew/.linuxbrew/Cellar/openssl@1.1/1.1.1k/lib/libcrypto.so (found version "1.1.1k")  
[0.451s] -- Found FastRTPS: /opt/ros/foxy/include  
[0.539s] -- Using all available rosidl_typesupport_cpp: rosidl_typesupport_fastrtps_cpp;rosidl_typesupport_introspection_cpp
[1.005s] -- Found pluginlib: 2.5.3 (/opt/ros/foxy/share/pluginlib/cmake)
[1.037s] -- Found rclcpp_lifecycle: 2.3.1 (/opt/ros/foxy/share/rclcpp_lifecycle/cmake)
[1.095s] -- Found rmw_implementation_cmake: 1.0.3 (/opt/ros/foxy/share/rmw_implementation_cmake/cmake)
[1.098s] -- Using RMW implementation 'rmw_fastrtps_cpp' as default
[1.099s] -- Looking for pthread.h
[1.167s] -- Looking for pthread.h - found
[1.167s] -- Performing Test CMAKE_HAVE_LIBC_PTHREAD
[1.243s] -- Performing Test CMAKE_HAVE_LIBC_PTHREAD - Failed
[1.243s] -- Looking for pthread_create in pthreads
[1.295s] -- Looking for pthread_create in pthreads - not found
[1.296s] -- Looking for pthread_create in pthread
[1.363s] -- Looking for pthread_create in pthread - found
[1.364s] -- Found Threads: TRUE  
[1.559s] -- Found TinyXML2: /usr/lib/x86_64-linux-gnu/libtinyxml2.so  
[1.562s] -- Found ament_lint_auto: 0.9.6 (/opt/ros/foxy/share/ament_lint_auto/cmake)
[1.638s] -- Found gmock sources under '/opt/ros/foxy/src/gmock_vendor': C++ tests using 'Google Mock' will be built
[1.644s] -- Found ament_cmake_gtest: 0.9.8 (/opt/ros/foxy/share/ament_cmake_gtest/cmake)
[1.646s] -- Found gtest sources under '/opt/ros/foxy/src/gtest_vendor': C++ tests using 'Google Test' will be built
[1.658s] -- Added test 'copyright' to check source files copyright and LICENSE
[1.661s] -- Added test 'cppcheck' to perform static code analysis on C / C++ code
[1.662s] -- Configured cppcheck include dirs: /home/legacy/trr_robot_ws/src/ros2_control/hardware_interface/include
[1.662s] -- Configured cppcheck exclude dirs and/or files: 
[1.663s] -- Added test 'lint_cmake' to check CMake code style
[1.664s] -- Added test 'xmllint' to check XML markup files
[1.669s] -- Configuring done
[1.725s] -- Generating done
[1.727s] -- Build files have been written to: /home/legacy/trr_robot_ws/build/hardware_interface
[1.738s] Invoked command in '/home/legacy/trr_robot_ws/build/hardware_interface' returned '0': AMENT_PREFIX_PATH=/home/legacy/trr_robot_ws/install/ros2_control_test_assets:${AMENT_PREFIX_PATH} CMAKE_PREFIX_PATH=/home/legacy/trr_robot_ws/install/ros2_control_test_assets:/opt/ros/foxy /usr/bin/cmake /home/legacy/trr_robot_ws/src/ros2_control/hardware_interface -DCMAKE_INSTALL_PREFIX=/home/legacy/trr_robot_ws/install/hardware_interface
[1.739s] Invoking command in '/home/legacy/trr_robot_ws/build/hardware_interface': AMENT_PREFIX_PATH=/home/legacy/trr_robot_ws/install/ros2_control_test_assets:${AMENT_PREFIX_PATH} CMAKE_PREFIX_PATH=/home/legacy/trr_robot_ws/install/ros2_control_test_assets:/opt/ros/foxy /usr/bin/cmake --build /home/legacy/trr_robot_ws/build/hardware_interface -- -j8 -l8
[1.779s] [35m[1mScanning dependencies of target gmock_main[0m
[1.779s] [35m[1mScanning dependencies of target gmock[0m
[1.779s] [35m[1mScanning dependencies of target hardware_interface[0m
[1.814s] [  2%] [32mBuilding CXX object gmock/CMakeFiles/gmock_main.dir/src/gmock_main.cc.o[0m
[1.825s] [  5%] [32mBuilding CXX object gmock/CMakeFiles/gmock.dir/opt/ros/foxy/src/gtest_vendor/src/gtest-all.cc.o[0m
[1.826s] [  8%] [32mBuilding CXX object gmock/CMakeFiles/gmock.dir/src/gmock-all.cc.o[0m
[1.841s] [ 11%] [32mBuilding CXX object CMakeFiles/hardware_interface.dir/src/actuator.cpp.o[0m
[1.844s] [ 14%] [32mBuilding CXX object CMakeFiles/hardware_interface.dir/src/resource_manager.cpp.o[0m
[1.844s] [ 17%] [32mBuilding CXX object CMakeFiles/hardware_interface.dir/src/sensor.cpp.o[0m
[1.845s] [ 20%] [32mBuilding CXX object CMakeFiles/hardware_interface.dir/src/component_parser.cpp.o[0m
[1.850s] [ 23%] [32mBuilding CXX object CMakeFiles/hardware_interface.dir/src/system.cpp.o[0m
[3.923s] [ 26%] [32m[1mLinking CXX static library libgmock_main.a[0m
[3.990s] [ 26%] Built target gmock_main
[7.185s] [ 29%] [32m[1mLinking CXX static library libgmock.a[0m
[7.256s] [ 29%] Built target gmock
[7.267s] [35m[1mScanning dependencies of target test_macros[0m
[7.287s] [ 32%] [32mBuilding CXX object CMakeFiles/test_macros.dir/test/test_macros.cpp.o[0m
[8.366s] [ 35%] [32m[1mLinking CXX executable test_macros[0m
[8.556s] [ 35%] Built target test_macros
[8.658s] [ 38%] [32m[1mLinking CXX shared library libhardware_interface.so[0m
[9.026s] [ 38%] Built target hardware_interface
[9.049s] [35m[1mScanning dependencies of target test_component_interfaces[0m
[9.049s] [35m[1mScanning dependencies of target test_component_parser[0m
[9.050s] [35m[1mScanning dependencies of target test_joint_handle[0m
[9.050s] [35m[1mScanning dependencies of target fake_components[0m
[9.051s] [35m[1mScanning dependencies of target test_generic_system[0m
[9.051s] [35m[1mScanning dependencies of target test_components[0m
[9.051s] [35m[1mScanning dependencies of target test_hardware_components[0m
[9.051s] [35m[1mScanning dependencies of target test_resource_manager[0m
[9.110s] [ 41%] [32mBuilding CXX object CMakeFiles/test_components.dir/test/test_components/test_actuator.cpp.o[0m
[9.112s] [ 44%] [32mBuilding CXX object CMakeFiles/test_joint_handle.dir/test/test_handle.cpp.o[0m
[9.114s] [ 47%] [32mBuilding CXX object CMakeFiles/test_hardware_components.dir/test/test_hardware_components/test_single_joint_actuator.cpp.o[0m
[9.115s] [ 50%] [32mBuilding CXX object CMakeFiles/test_component_parser.dir/test/test_component_parser.cpp.o[0m
[9.116s] [ 52%] [32mBuilding CXX object CMakeFiles/test_generic_system.dir/test/fake_components/test_generic_system.cpp.o[0m
[9.120s] [ 55%] [32mBuilding CXX object CMakeFiles/fake_components.dir/src/fake_components/generic_system.cpp.o[0m
[9.135s] [ 58%] [32mBuilding CXX object CMakeFiles/test_component_interfaces.dir/test/test_component_interfaces.cpp.o[0m
[9.137s] [ 61%] [32mBuilding CXX object CMakeFiles/test_resource_manager.dir/test/test_resource_manager.cpp.o[0m
[10.213s] In file included from [01m[K/home/legacy/trr_robot_ws/src/ros2_control/hardware_interface/src/fake_components/generic_system.cpp:17[m[K:
[10.213s] [01m[K/home/legacy/trr_robot_ws/src/ros2_control/hardware_interface/include/fake_components/generic_system.hpp:102:5:[m[K [01;35m[Kwarning: [m[Kuse of ‘[01m[Kauto[m[K’ in parameter declaration only available with ‘[01m[K-fconcepts[m[K’
[10.214s]   102 |     [01;35m[Kauto[m[K & target_interfaces, bool using_state_interfaces);
[10.214s]       |     [01;35m[K^~~~[m[K
[10.591s] [01m[K/home/legacy/trr_robot_ws/src/ros2_control/hardware_interface/src/fake_components/generic_system.cpp:443:3:[m[K [01;35m[Kwarning: [m[Kuse of ‘[01m[Kauto[m[K’ in parameter declaration only available with ‘[01m[K-fconcepts[m[K’
[10.592s]   443 |   [01;35m[Kauto[m[K & target_interfaces, bool using_state_interfaces)
[10.592s]       |   [01;35m[K^~~~[m[K
[12.058s] [ 64%] [32m[1mLinking CXX executable test_joint_handle[0m
[12.113s] [ 67%] [32mBuilding CXX object CMakeFiles/test_components.dir/test/test_components/test_sensor.cpp.o[0m
[12.156s] In file included from [01m[K/opt/ros/foxy/src/gmock_vendor/include/gmock/internal/gmock-internal-utils.h:47[m[K,
[12.157s]                  from [01m[K/opt/ros/foxy/src/gmock_vendor/include/gmock/gmock-actions.h:49[m[K,
[12.157s]                  from [01m[K/opt/ros/foxy/src/gmock_vendor/include/gmock/gmock.h:59[m[K,
[12.157s]                  from [01m[K/home/legacy/trr_robot_ws/src/ros2_control/hardware_interface/test/fake_components/test_generic_system.cpp:17[m[K:
[12.157s] /opt/ros/foxy/src/gtest_vendor/include/gtest/gtest.h: In instantiation of ‘[01m[Ktesting::AssertionResult testing::internal::CmpHelperEQ(const char*, const char*, const T1&, const T2&) [with T1 = int; T2 = long unsigned int][m[K’:
[12.158s] [01m[K/opt/ros/foxy/src/gtest_vendor/include/gtest/gtest.h:1495:23:[m[K   required from ‘[01m[Kstatic testing::AssertionResult testing::internal::EqHelper<lhs_is_null_literal>::Compare(const char*, const char*, const T1&, const T2&) [with T1 = int; T2 = long unsigned int; bool lhs_is_null_literal = false][m[K’
[12.158s] [01m[K/home/legacy/trr_robot_ws/src/ros2_control/hardware_interface/test/fake_components/test_generic_system.cpp:1115:3:[m[K   required from here
[12.158s] [01m[K/opt/ros/foxy/src/gtest_vendor/include/gtest/gtest.h:1467:11:[m[K [01;35m[Kwarning: [m[Kcomparison of integer expressions of different signedness: ‘[01m[Kconst int[m[K’ and ‘[01m[Kconst long unsigned int[m[K’ [[01;35m[K-Wsign-compare[m[K]
[12.158s]  1467 |   if ([01;35m[Klhs == rhs[m[K) {
[12.159s]       |       [01;35m[K~~~~^~~~~~[m[K
[12.210s] [ 70%] [32mBuilding CXX object CMakeFiles/test_hardware_components.dir/test/test_hardware_components/test_force_torque_sensor.cpp.o[0m
[12.654s] [ 70%] Built target test_joint_handle
[12.677s] [ 73%] [32mBuilding CXX object CMakeFiles/test_hardware_components.dir/test/test_hardware_components/test_two_joint_system.cpp.o[0m
[13.547s] [ 76%] [32m[1mLinking CXX shared library libfake_components.so[0m
[13.992s] [ 76%] Built target fake_components
[14.029s] [ 79%] [32mBuilding CXX object CMakeFiles/test_hardware_components.dir/test/test_hardware_components/test_system_with_command_modes.cpp.o[0m
[14.969s] [ 82%] [32mBuilding CXX object CMakeFiles/test_components.dir/test/test_components/test_system.cpp.o[0m
[15.034s] [ 85%] [32m[1mLinking CXX executable test_resource_manager[0m
[15.285s] [ 88%] [32m[1mLinking CXX executable test_generic_system[0m
[15.589s] [ 91%] [32m[1mLinking CXX executable test_component_interfaces[0m
[15.817s] [ 91%] Built target test_resource_manager
[16.055s] [ 91%] Built target test_generic_system
[16.270s] [ 91%] Built target test_component_interfaces
[16.668s] [ 94%] [32m[1mLinking CXX shared library libtest_hardware_components.so[0m
[16.702s] [ 97%] [32m[1mLinking CXX executable test_component_parser[0m
[16.857s] [100%] [32m[1mLinking CXX shared library libtest_components.so[0m
[16.943s] [100%] Built target test_hardware_components
[17.057s] [100%] Built target test_components
[17.134s] [100%] Built target test_component_parser
[17.144s] Invoked command in '/home/legacy/trr_robot_ws/build/hardware_interface' returned '0': AMENT_PREFIX_PATH=/home/legacy/trr_robot_ws/install/ros2_control_test_assets:${AMENT_PREFIX_PATH} CMAKE_PREFIX_PATH=/home/legacy/trr_robot_ws/install/ros2_control_test_assets:/opt/ros/foxy /usr/bin/cmake --build /home/legacy/trr_robot_ws/build/hardware_interface -- -j8 -l8
[17.206s] Invoking command in '/home/legacy/trr_robot_ws/build/hardware_interface': AMENT_PREFIX_PATH=/home/legacy/trr_robot_ws/install/ros2_control_test_assets:${AMENT_PREFIX_PATH} CMAKE_PREFIX_PATH=/home/legacy/trr_robot_ws/install/ros2_control_test_assets:/opt/ros/foxy /usr/bin/cmake --install /home/legacy/trr_robot_ws/build/hardware_interface
[17.214s] -- Install configuration: ""
[17.214s] -- Installing: /home/legacy/trr_robot_ws/install/hardware_interface/share/hardware_interface/fake_components_plugin_description.xml
[17.214s] -- Installing: /home/legacy/trr_robot_ws/install/hardware_interface/include
[17.215s] -- Installing: /home/legacy/trr_robot_ws/install/hardware_interface/include/fake_components
[17.215s] -- Installing: /home/legacy/trr_robot_ws/install/hardware_interface/include/fake_components/generic_system.hpp
[17.215s] -- Installing: /home/legacy/trr_robot_ws/install/hardware_interface/include/fake_components/visibility_control.h
[17.215s] -- Installing: /home/legacy/trr_robot_ws/install/hardware_interface/include/hardware_interface
[17.215s] -- Installing: /home/legacy/trr_robot_ws/install/hardware_interface/include/hardware_interface/sensor_interface.hpp
[17.215s] -- Installing: /home/legacy/trr_robot_ws/install/hardware_interface/include/hardware_interface/handle.hpp
[17.215s] -- Installing: /home/legacy/trr_robot_ws/install/hardware_interface/include/hardware_interface/controller_info.hpp
[17.215s] -- Installing: /home/legacy/trr_robot_ws/install/hardware_interface/include/hardware_interface/component_parser.hpp
[17.215s] -- Installing: /home/legacy/trr_robot_ws/install/hardware_interface/include/hardware_interface/system_interface.hpp
[17.215s] -- Installing: /home/legacy/trr_robot_ws/install/hardware_interface/include/hardware_interface/macros.hpp
[17.215s] -- Installing: /home/legacy/trr_robot_ws/install/hardware_interface/include/hardware_interface/actuator.hpp
[17.216s] -- Installing: /home/legacy/trr_robot_ws/install/hardware_interface/include/hardware_interface/system.hpp
[17.216s] -- Installing: /home/legacy/trr_robot_ws/install/hardware_interface/include/hardware_interface/hardware_info.hpp
[17.216s] -- Installing: /home/legacy/trr_robot_ws/install/hardware_interface/include/hardware_interface/resource_manager.hpp
[17.216s] -- Installing: /home/legacy/trr_robot_ws/install/hardware_interface/include/hardware_interface/actuator_interface.hpp
[17.216s] -- Installing: /home/legacy/trr_robot_ws/install/hardware_interface/include/hardware_interface/loaned_state_interface.hpp
[17.216s] -- Installing: /home/legacy/trr_robot_ws/install/hardware_interface/include/hardware_interface/sensor.hpp
[17.216s] -- Installing: /home/legacy/trr_robot_ws/install/hardware_interface/include/hardware_interface/types
[17.216s] -- Installing: /home/legacy/trr_robot_ws/install/hardware_interface/include/hardware_interface/types/lifecycle_state_names.hpp
[17.216s] -- Installing: /home/legacy/trr_robot_ws/install/hardware_interface/include/hardware_interface/types/hardware_interface_return_values.hpp
[17.216s] -- Installing: /home/legacy/trr_robot_ws/install/hardware_interface/include/hardware_interface/types/hardware_interface_type_values.hpp
[17.216s] -- Installing: /home/legacy/trr_robot_ws/install/hardware_interface/include/hardware_interface/visibility_control.h
[17.216s] -- Installing: /home/legacy/trr_robot_ws/install/hardware_interface/include/hardware_interface/loaned_command_interface.hpp
[17.216s] -- Installing: /home/legacy/trr_robot_ws/install/hardware_interface/lib/libfake_components.so
[17.217s] -- Set runtime path of "/home/legacy/trr_robot_ws/install/hardware_interface/lib/libfake_components.so" to ""
[17.217s] -- Installing: /home/legacy/trr_robot_ws/install/hardware_interface/lib/libhardware_interface.so
[17.220s] -- Set runtime path of "/home/legacy/trr_robot_ws/install/hardware_interface/lib/libhardware_interface.so" to ""
[17.221s] -- Installing: /home/legacy/trr_robot_ws/install/hardware_interface/lib/libtest_components.so
[17.221s] -- Set runtime path of "/home/legacy/trr_robot_ws/install/hardware_interface/lib/libtest_components.so" to ""
[17.222s] -- Installing: /home/legacy/trr_robot_ws/install/hardware_interface/share/hardware_interface/test/test_components/test_components.xml
[17.222s] -- Installing: /home/legacy/trr_robot_ws/install/hardware_interface/lib/libtest_hardware_components.so
[17.223s] -- Set runtime path of "/home/legacy/trr_robot_ws/install/hardware_interface/lib/libtest_hardware_components.so" to ""
[17.223s] -- Installing: /home/legacy/trr_robot_ws/install/hardware_interface/share/hardware_interface/test/test_hardware_components/test_hardware_components.xml
[17.223s] -- Installing: /home/legacy/trr_robot_ws/install/hardware_interface/share/hardware_interface/environment/library_path.sh
[17.223s] -- Installing: /home/legacy/trr_robot_ws/install/hardware_interface/share/hardware_interface/environment/library_path.dsv
[17.223s] -- Installing: /home/legacy/trr_robot_ws/install/hardware_interface/share/ament_index/resource_index/package_run_dependencies/hardware_interface
[17.223s] -- Installing: /home/legacy/trr_robot_ws/install/hardware_interface/share/ament_index/resource_index/parent_prefix_path/hardware_interface
[17.224s] -- Installing: /home/legacy/trr_robot_ws/install/hardware_interface/share/hardware_interface/environment/ament_prefix_path.sh
[17.224s] -- Installing: /home/legacy/trr_robot_ws/install/hardware_interface/share/hardware_interface/environment/ament_prefix_path.dsv
[17.224s] -- Installing: /home/legacy/trr_robot_ws/install/hardware_interface/share/hardware_interface/environment/path.sh
[17.224s] -- Installing: /home/legacy/trr_robot_ws/install/hardware_interface/share/hardware_interface/environment/path.dsv
[17.224s] -- Installing: /home/legacy/trr_robot_ws/install/hardware_interface/share/hardware_interface/local_setup.bash
[17.224s] -- Installing: /home/legacy/trr_robot_ws/install/hardware_interface/share/hardware_interface/local_setup.sh
[17.224s] -- Installing: /home/legacy/trr_robot_ws/install/hardware_interface/share/hardware_interface/local_setup.zsh
[17.224s] -- Installing: /home/legacy/trr_robot_ws/install/hardware_interface/share/hardware_interface/local_setup.dsv
[17.224s] -- Installing: /home/legacy/trr_robot_ws/install/hardware_interface/share/hardware_interface/package.dsv
[17.225s] -- Installing: /home/legacy/trr_robot_ws/install/hardware_interface/share/ament_index/resource_index/packages/hardware_interface
[17.225s] -- Installing: /home/legacy/trr_robot_ws/install/hardware_interface/share/ament_index/resource_index/hardware_interface__pluginlib__plugin/hardware_interface
[17.225s] -- Installing: /home/legacy/trr_robot_ws/install/hardware_interface/share/hardware_interface/cmake/ament_cmake_export_include_directories-extras.cmake
[17.225s] -- Installing: /home/legacy/trr_robot_ws/install/hardware_interface/share/hardware_interface/cmake/ament_cmake_export_libraries-extras.cmake
[17.225s] -- Installing: /home/legacy/trr_robot_ws/install/hardware_interface/share/hardware_interface/cmake/ament_cmake_export_dependencies-extras.cmake
[17.225s] -- Installing: /home/legacy/trr_robot_ws/install/hardware_interface/share/hardware_interface/cmake/hardware_interfaceConfig.cmake
[17.225s] -- Installing: /home/legacy/trr_robot_ws/install/hardware_interface/share/hardware_interface/cmake/hardware_interfaceConfig-version.cmake
[17.226s] -- Installing: /home/legacy/trr_robot_ws/install/hardware_interface/share/hardware_interface/package.xml
[17.229s] Invoked command in '/home/legacy/trr_robot_ws/build/hardware_interface' returned '0': AMENT_PREFIX_PATH=/home/legacy/trr_robot_ws/install/ros2_control_test_assets:${AMENT_PREFIX_PATH} CMAKE_PREFIX_PATH=/home/legacy/trr_robot_ws/install/ros2_control_test_assets:/opt/ros/foxy /usr/bin/cmake --install /home/legacy/trr_robot_ws/build/hardware_interface
