[0.122s] Invoking command in '/home/legacy/trr_robot_ws/build/controller_manager_msgs': CMAKE_PREFIX_PATH=/opt/ros/foxy /usr/bin/cmake /home/legacy/trr_robot_ws/src/ros2_control/controller_manager_msgs -DAMENT_CMAKE_SYMLINK_INSTALL=1 -DCMAKE_INSTALL_PREFIX=/home/legacy/trr_robot_ws/install/controller_manager_msgs
[0.995s] -- The C compiler identification is GNU 9.3.0
[0.997s] -- The CXX compiler identification is GNU 9.3.0
[0.998s] -- Check for working C compiler: /usr/bin/cc
[0.998s] -- Check for working C compiler: /usr/bin/cc -- works
[0.998s] -- Detecting C compiler ABI info
[0.999s] -- Detecting C compiler ABI info - done
[0.999s] -- Detecting C compile features
[0.999s] -- Detecting C compile features - done
[0.999s] -- Check for working CXX compiler: /usr/bin/c++
[1.000s] -- Check for working CXX compiler: /usr/bin/c++ -- works
[1.001s] -- Detecting CXX compiler ABI info
[1.001s] -- Detecting CXX compiler ABI info - done
[1.002s] -- Detecting CXX compile features
[1.002s] -- Detecting CXX compile features - done
[1.003s] -- Found ament_cmake: 0.9.8 (/opt/ros/foxy/share/ament_cmake/cmake)
[1.017s] -- Found PythonInterp: /usr/bin/python3 (found suitable version "3.8.10", minimum required is "3") 
[1.018s] -- Using PYTHON_EXECUTABLE: /usr/bin/python3
[1.480s] -- Override CMake install command with custom implementation using symlinks instead of copying resources
[1.539s] -- Found builtin_interfaces: 1.0.0 (/opt/ros/foxy/share/builtin_interfaces/cmake)
[1.613s] -- Using all available rosidl_typesupport_c: rosidl_typesupport_fastrtps_c;rosidl_typesupport_introspection_c
[1.632s] -- Found rosidl_adapter: 1.2.1 (/opt/ros/foxy/share/rosidl_adapter/cmake)
[1.771s] -- Found OpenSSL: /home/linuxbrew/.linuxbrew/Cellar/openssl@1.1/1.1.1k/lib/libcrypto.so (found version "1.1.1k")  
[1.844s] -- Found FastRTPS: /opt/ros/foxy/include  
[2.034s] -- Using all available rosidl_typesupport_cpp: rosidl_typesupport_fastrtps_cpp;rosidl_typesupport_introspection_cpp
[2.107s] -- Found lifecycle_msgs: 1.0.0 (/opt/ros/foxy/share/lifecycle_msgs/cmake)
[2.136s] -- Found rosidl_default_generators: 1.0.1 (/opt/ros/foxy/share/rosidl_default_generators/cmake)
[2.157s] -- Found ament_lint_auto: 0.9.6 (/opt/ros/foxy/share/ament_lint_auto/cmake)
[2.344s] -- Found PythonInterp: /usr/bin/python3 (found version "3.8.10") 
[2.618s] -- Found ament_cmake_ros: 0.9.2 (/opt/ros/foxy/share/ament_cmake_ros/cmake)
[2.812s] -- Using all available rosidl_typesupport_c: rosidl_typesupport_fastrtps_c;rosidl_typesupport_introspection_c
[2.859s] -- Using all available rosidl_typesupport_cpp: rosidl_typesupport_fastrtps_cpp;rosidl_typesupport_introspection_cpp
[2.889s] -- Found PythonInterp: /usr/bin/python3 (found suitable version "3.8.10", minimum required is "3.5") 
[2.890s] -- Found python_cmake_module: 0.8.1 (/opt/ros/foxy/share/python_cmake_module/cmake)
[2.922s] -- Found PythonLibs: /usr/lib/x86_64-linux-gnu/libpython3.8.so (found suitable version "3.8.10", minimum required is "3.5") 
[2.923s] -- Using PYTHON_EXECUTABLE: /usr/bin/python3
[2.923s] -- Using PYTHON_INCLUDE_DIRS: /usr/include/python3.8
[2.923s] -- Using PYTHON_LIBRARIES: /usr/lib/x86_64-linux-gnu/libpython3.8.so
[2.946s] -- Found PythonExtra: .so  
[3.025s] -- Added test 'copyright' to check source files copyright and LICENSE
[3.027s] -- Added test 'lint_cmake' to check CMake code style
[3.029s] -- Added test 'xmllint' to check XML markup files
[3.039s] -- Configuring done
[3.133s] -- Generating done
[3.136s] -- Build files have been written to: /home/legacy/trr_robot_ws/build/controller_manager_msgs
[3.147s] Invoked command in '/home/legacy/trr_robot_ws/build/controller_manager_msgs' returned '0': CMAKE_PREFIX_PATH=/opt/ros/foxy /usr/bin/cmake /home/legacy/trr_robot_ws/src/ros2_control/controller_manager_msgs -DAMENT_CMAKE_SYMLINK_INSTALL=1 -DCMAKE_INSTALL_PREFIX=/home/legacy/trr_robot_ws/install/controller_manager_msgs
[3.150s] Invoking command in '/home/legacy/trr_robot_ws/build/controller_manager_msgs': CMAKE_PREFIX_PATH=/opt/ros/foxy /usr/bin/cmake --build /home/legacy/trr_robot_ws/build/controller_manager_msgs -- -j8 -l8
[3.203s] [  1%] [34m[1mGenerating C code for ROS interfaces[0m
[3.203s] [35m[1mScanning dependencies of target controller_manager_msgs__cpp[0m
[3.218s] [  1%] [34m[1mGenerating C++ code for ROS interfaces[0m
[5.373s] [35m[1mScanning dependencies of target controller_manager_msgs__rosidl_generator_c[0m
[5.422s] [  1%] [32mBuilding C object CMakeFiles/controller_manager_msgs__rosidl_generator_c.dir/rosidl_generator_c/controller_manager_msgs/msg/detail/controller_state__functions.c.o[0m
[5.423s] [  2%] [32mBuilding C object CMakeFiles/controller_manager_msgs__rosidl_generator_c.dir/rosidl_generator_c/controller_manager_msgs/msg/detail/hardware_component_state__functions.c.o[0m
[5.443s] [  3%] [32mBuilding C object CMakeFiles/controller_manager_msgs__rosidl_generator_c.dir/rosidl_generator_c/controller_manager_msgs/msg/detail/hardware_interface__functions.c.o[0m
[5.460s] [  3%] [32mBuilding C object CMakeFiles/controller_manager_msgs__rosidl_generator_c.dir/rosidl_generator_c/controller_manager_msgs/srv/detail/configure_controller__functions.c.o[0m
[5.470s] [  4%] [32mBuilding C object CMakeFiles/controller_manager_msgs__rosidl_generator_c.dir/rosidl_generator_c/controller_manager_msgs/srv/detail/configure_start_controller__functions.c.o[0m
[5.482s] [  4%] Built target controller_manager_msgs__cpp
[5.509s] [  4%] [32mBuilding C object CMakeFiles/controller_manager_msgs__rosidl_generator_c.dir/rosidl_generator_c/controller_manager_msgs/srv/detail/list_controller_types__functions.c.o[0m
[5.511s] [  5%] [32mBuilding C object CMakeFiles/controller_manager_msgs__rosidl_generator_c.dir/rosidl_generator_c/controller_manager_msgs/srv/detail/list_controllers__functions.c.o[0m
[5.583s] [  6%] [32mBuilding C object CMakeFiles/controller_manager_msgs__rosidl_generator_c.dir/rosidl_generator_c/controller_manager_msgs/srv/detail/list_hardware_components__functions.c.o[0m
[5.584s] [  7%] [34m[1mGenerating C++ type support dispatch for ROS interfaces[0m
[5.693s] [  8%] [32mBuilding C object CMakeFiles/controller_manager_msgs__rosidl_generator_c.dir/rosidl_generator_c/controller_manager_msgs/srv/detail/load_configure_controller__functions.c.o[0m
[5.695s] [  8%] [32mBuilding C object CMakeFiles/controller_manager_msgs__rosidl_generator_c.dir/rosidl_generator_c/controller_manager_msgs/srv/detail/list_hardware_interfaces__functions.c.o[0m
[5.712s] [  9%] [34m[1mGenerating C++ type support for eProsima Fast-RTPS[0m
[5.738s] [ 10%] [32mBuilding C object CMakeFiles/controller_manager_msgs__rosidl_generator_c.dir/rosidl_generator_c/controller_manager_msgs/srv/detail/load_controller__functions.c.o[0m
[5.748s] [ 11%] [32mBuilding C object CMakeFiles/controller_manager_msgs__rosidl_generator_c.dir/rosidl_generator_c/controller_manager_msgs/srv/detail/load_start_controller__functions.c.o[0m
[5.767s] [ 11%] [34m[1mGenerating C++ introspection for ROS interfaces[0m
[5.849s] [ 11%] [32mBuilding C object CMakeFiles/controller_manager_msgs__rosidl_generator_c.dir/rosidl_generator_c/controller_manager_msgs/srv/detail/reload_controller_libraries__functions.c.o[0m
[6.006s] [ 12%] [32mBuilding C object CMakeFiles/controller_manager_msgs__rosidl_generator_c.dir/rosidl_generator_c/controller_manager_msgs/srv/detail/set_hardware_component_state__functions.c.o[0m
[6.029s] [ 12%] [32mBuilding C object CMakeFiles/controller_manager_msgs__rosidl_generator_c.dir/rosidl_generator_c/controller_manager_msgs/srv/detail/unload_controller__functions.c.o[0m
[6.057s] [ 13%] [32mBuilding C object CMakeFiles/controller_manager_msgs__rosidl_generator_c.dir/rosidl_generator_c/controller_manager_msgs/srv/detail/switch_controller__functions.c.o[0m
[6.309s] [ 14%] [32m[1mLinking C shared library libcontroller_manager_msgs__rosidl_generator_c.so[0m
[6.579s] [ 14%] Built target controller_manager_msgs__rosidl_generator_c
[6.685s] [ 15%] [34m[1mGenerating C type support dispatch for ROS interfaces[0m
[6.701s] [ 16%] [34m[1mGenerating C introspection for ROS interfaces[0m
[10.033s] [35m[1mScanning dependencies of target controller_manager_msgs__rosidl_typesupport_cpp[0m
[10.087s] [ 16%] [32mBuilding CXX object CMakeFiles/controller_manager_msgs__rosidl_typesupport_cpp.dir/rosidl_typesupport_cpp/controller_manager_msgs/msg/hardware_component_state__type_support.cpp.o[0m
[10.113s] [ 17%] [32mBuilding CXX object CMakeFiles/controller_manager_msgs__rosidl_typesupport_cpp.dir/rosidl_typesupport_cpp/controller_manager_msgs/msg/controller_state__type_support.cpp.o[0m
[10.127s] [ 18%] [32mBuilding CXX object CMakeFiles/controller_manager_msgs__rosidl_typesupport_cpp.dir/rosidl_typesupport_cpp/controller_manager_msgs/srv/configure_controller__type_support.cpp.o[0m
[10.132s] [ 19%] [32mBuilding CXX object CMakeFiles/controller_manager_msgs__rosidl_typesupport_cpp.dir/rosidl_typesupport_cpp/controller_manager_msgs/msg/hardware_interface__type_support.cpp.o[0m
[11.003s] [35m[1mScanning dependencies of target controller_manager_msgs__rosidl_typesupport_c[0m
[11.122s] [ 19%] [32mBuilding CXX object CMakeFiles/controller_manager_msgs__rosidl_typesupport_c.dir/rosidl_typesupport_c/controller_manager_msgs/msg/controller_state__type_support.cpp.o[0m
[11.203s] [ 20%] [32mBuilding CXX object CMakeFiles/controller_manager_msgs__rosidl_typesupport_c.dir/rosidl_typesupport_c/controller_manager_msgs/msg/hardware_component_state__type_support.cpp.o[0m
[11.217s] [ 20%] [32mBuilding CXX object CMakeFiles/controller_manager_msgs__rosidl_typesupport_cpp.dir/rosidl_typesupport_cpp/controller_manager_msgs/srv/configure_start_controller__type_support.cpp.o[0m
[11.277s] [ 21%] [32mBuilding CXX object CMakeFiles/controller_manager_msgs__rosidl_typesupport_c.dir/rosidl_typesupport_c/controller_manager_msgs/msg/hardware_interface__type_support.cpp.o[0m
[11.427s] [ 22%] [32mBuilding CXX object CMakeFiles/controller_manager_msgs__rosidl_typesupport_cpp.dir/rosidl_typesupport_cpp/controller_manager_msgs/srv/list_controllers__type_support.cpp.o[0m
[11.475s] [ 22%] [32mBuilding CXX object CMakeFiles/controller_manager_msgs__rosidl_typesupport_c.dir/rosidl_typesupport_c/controller_manager_msgs/srv/configure_controller__type_support.cpp.o[0m
[11.513s] [ 23%] [32mBuilding CXX object CMakeFiles/controller_manager_msgs__rosidl_typesupport_c.dir/rosidl_typesupport_c/controller_manager_msgs/srv/configure_start_controller__type_support.cpp.o[0m
[11.647s] [ 24%] [32mBuilding CXX object CMakeFiles/controller_manager_msgs__rosidl_typesupport_cpp.dir/rosidl_typesupport_cpp/controller_manager_msgs/srv/list_controller_types__type_support.cpp.o[0m
[11.649s] [ 25%] [32mBuilding CXX object CMakeFiles/controller_manager_msgs__rosidl_typesupport_c.dir/rosidl_typesupport_c/controller_manager_msgs/srv/list_controllers__type_support.cpp.o[0m
[11.770s] [ 25%] [32mBuilding CXX object CMakeFiles/controller_manager_msgs__rosidl_typesupport_c.dir/rosidl_typesupport_c/controller_manager_msgs/srv/list_controller_types__type_support.cpp.o[0m
[11.978s] [ 26%] [32mBuilding CXX object CMakeFiles/controller_manager_msgs__rosidl_typesupport_c.dir/rosidl_typesupport_c/controller_manager_msgs/srv/list_hardware_components__type_support.cpp.o[0m
[12.013s] [ 27%] [32mBuilding CXX object CMakeFiles/controller_manager_msgs__rosidl_typesupport_c.dir/rosidl_typesupport_c/controller_manager_msgs/srv/list_hardware_interfaces__type_support.cpp.o[0m
[12.163s] [ 27%] [32mBuilding CXX object CMakeFiles/controller_manager_msgs__rosidl_typesupport_cpp.dir/rosidl_typesupport_cpp/controller_manager_msgs/srv/list_hardware_components__type_support.cpp.o[0m
[12.222s] [ 27%] [32mBuilding CXX object CMakeFiles/controller_manager_msgs__rosidl_typesupport_c.dir/rosidl_typesupport_c/controller_manager_msgs/srv/load_configure_controller__type_support.cpp.o[0m
[12.417s] [ 28%] [32mBuilding CXX object CMakeFiles/controller_manager_msgs__rosidl_typesupport_c.dir/rosidl_typesupport_c/controller_manager_msgs/srv/load_controller__type_support.cpp.o[0m
[12.420s] [ 29%] [32mBuilding CXX object CMakeFiles/controller_manager_msgs__rosidl_typesupport_cpp.dir/rosidl_typesupport_cpp/controller_manager_msgs/srv/list_hardware_interfaces__type_support.cpp.o[0m
[12.498s] [35m[1mScanning dependencies of target controller_manager_msgs__rosidl_typesupport_fastrtps_cpp[0m
[12.506s] [ 30%] [32mBuilding CXX object CMakeFiles/controller_manager_msgs__rosidl_typesupport_c.dir/rosidl_typesupport_c/controller_manager_msgs/srv/load_start_controller__type_support.cpp.o[0m
[12.561s] [ 31%] [32mBuilding CXX object CMakeFiles/controller_manager_msgs__rosidl_typesupport_cpp.dir/rosidl_typesupport_cpp/controller_manager_msgs/srv/load_configure_controller__type_support.cpp.o[0m
[12.675s] [35m[1mScanning dependencies of target controller_manager_msgs__rosidl_typesupport_introspection_cpp[0m
[12.688s] [ 32%] [32mBuilding CXX object CMakeFiles/controller_manager_msgs__rosidl_typesupport_fastrtps_cpp.dir/rosidl_typesupport_fastrtps_cpp/controller_manager_msgs/msg/detail/dds_fastrtps/controller_state__type_support.cpp.o[0m
[12.749s] [ 32%] [32mBuilding CXX object CMakeFiles/controller_manager_msgs__rosidl_typesupport_c.dir/rosidl_typesupport_c/controller_manager_msgs/srv/reload_controller_libraries__type_support.cpp.o[0m
[12.765s] [ 32%] [32mBuilding CXX object CMakeFiles/controller_manager_msgs__rosidl_typesupport_cpp.dir/rosidl_typesupport_cpp/controller_manager_msgs/srv/load_controller__type_support.cpp.o[0m
[12.816s] [ 33%] [32mBuilding CXX object CMakeFiles/controller_manager_msgs__rosidl_typesupport_introspection_cpp.dir/rosidl_typesupport_introspection_cpp/controller_manager_msgs/msg/detail/controller_state__type_support.cpp.o[0m
[12.846s] [35m[1mScanning dependencies of target controller_manager_msgs__rosidl_typesupport_introspection_c[0m
[12.932s] [ 34%] [32mBuilding CXX object CMakeFiles/controller_manager_msgs__rosidl_typesupport_c.dir/rosidl_typesupport_c/controller_manager_msgs/srv/set_hardware_component_state__type_support.cpp.o[0m
[12.965s] [ 35%] [32mBuilding C object CMakeFiles/controller_manager_msgs__rosidl_typesupport_introspection_c.dir/rosidl_typesupport_introspection_c/controller_manager_msgs/msg/detail/controller_state__type_support.c.o[0m
[13.143s] [ 36%] [32mBuilding CXX object CMakeFiles/controller_manager_msgs__rosidl_typesupport_c.dir/rosidl_typesupport_c/controller_manager_msgs/srv/switch_controller__type_support.cpp.o[0m
[13.168s] [ 36%] [32mBuilding C object CMakeFiles/controller_manager_msgs__rosidl_typesupport_introspection_c.dir/rosidl_typesupport_introspection_c/controller_manager_msgs/msg/detail/hardware_component_state__type_support.c.o[0m
[13.358s] [ 36%] [32mBuilding CXX object CMakeFiles/controller_manager_msgs__rosidl_typesupport_c.dir/rosidl_typesupport_c/controller_manager_msgs/srv/unload_controller__type_support.cpp.o[0m
[13.387s] [ 37%] [32mBuilding C object CMakeFiles/controller_manager_msgs__rosidl_typesupport_introspection_c.dir/rosidl_typesupport_introspection_c/controller_manager_msgs/msg/detail/hardware_interface__type_support.c.o[0m
[13.403s] [ 37%] [32mBuilding CXX object CMakeFiles/controller_manager_msgs__rosidl_typesupport_fastrtps_cpp.dir/rosidl_typesupport_fastrtps_cpp/controller_manager_msgs/msg/detail/dds_fastrtps/hardware_component_state__type_support.cpp.o[0m
[13.428s] [ 38%] [32mBuilding CXX object CMakeFiles/controller_manager_msgs__rosidl_typesupport_introspection_cpp.dir/rosidl_typesupport_introspection_cpp/controller_manager_msgs/msg/detail/hardware_component_state__type_support.cpp.o[0m
[13.585s] [ 40%] [32mBuilding C object CMakeFiles/controller_manager_msgs__rosidl_typesupport_introspection_c.dir/rosidl_typesupport_introspection_c/controller_manager_msgs/srv/detail/configure_controller__type_support.c.o[0m
[13.586s] [ 40%] [32m[1mLinking CXX shared library libcontroller_manager_msgs__rosidl_typesupport_c.so[0m
[13.594s] [ 40%] [32mBuilding CXX object CMakeFiles/controller_manager_msgs__rosidl_typesupport_introspection_cpp.dir/rosidl_typesupport_introspection_cpp/controller_manager_msgs/msg/detail/hardware_interface__type_support.cpp.o[0m
[13.813s] [ 40%] [32mBuilding C object CMakeFiles/controller_manager_msgs__rosidl_typesupport_introspection_c.dir/rosidl_typesupport_introspection_c/controller_manager_msgs/srv/detail/configure_start_controller__type_support.c.o[0m
[13.903s] [ 40%] Built target controller_manager_msgs__rosidl_typesupport_c
[13.954s] [ 41%] [32mBuilding CXX object CMakeFiles/controller_manager_msgs__rosidl_typesupport_cpp.dir/rosidl_typesupport_cpp/controller_manager_msgs/srv/load_start_controller__type_support.cpp.o[0m
[13.967s] [ 42%] [32mBuilding C object CMakeFiles/controller_manager_msgs__rosidl_typesupport_introspection_c.dir/rosidl_typesupport_introspection_c/controller_manager_msgs/srv/detail/list_controllers__type_support.c.o[0m
[14.015s] [ 43%] [32mBuilding CXX object CMakeFiles/controller_manager_msgs__rosidl_typesupport_fastrtps_cpp.dir/rosidl_typesupport_fastrtps_cpp/controller_manager_msgs/msg/detail/dds_fastrtps/hardware_interface__type_support.cpp.o[0m
[14.036s] [ 44%] [32mBuilding CXX object CMakeFiles/controller_manager_msgs__rosidl_typesupport_cpp.dir/rosidl_typesupport_cpp/controller_manager_msgs/srv/reload_controller_libraries__type_support.cpp.o[0m
[14.197s] [ 45%] [32mBuilding C object CMakeFiles/controller_manager_msgs__rosidl_typesupport_introspection_c.dir/rosidl_typesupport_introspection_c/controller_manager_msgs/srv/detail/list_controller_types__type_support.c.o[0m
[14.345s] [ 46%] [32mBuilding CXX object CMakeFiles/controller_manager_msgs__rosidl_typesupport_fastrtps_cpp.dir/rosidl_typesupport_fastrtps_cpp/controller_manager_msgs/srv/detail/dds_fastrtps/configure_controller__type_support.cpp.o[0m
[14.372s] [ 46%] [32mBuilding C object CMakeFiles/controller_manager_msgs__rosidl_typesupport_introspection_c.dir/rosidl_typesupport_introspection_c/controller_manager_msgs/srv/detail/list_hardware_components__type_support.c.o[0m
[14.601s] [ 47%] [32mBuilding C object CMakeFiles/controller_manager_msgs__rosidl_typesupport_introspection_c.dir/rosidl_typesupport_introspection_c/controller_manager_msgs/srv/detail/list_hardware_interfaces__type_support.c.o[0m
[14.660s] [ 48%] [32mBuilding CXX object CMakeFiles/controller_manager_msgs__rosidl_typesupport_introspection_cpp.dir/rosidl_typesupport_introspection_cpp/controller_manager_msgs/srv/detail/configure_controller__type_support.cpp.o[0m
[14.676s] [ 49%] [32mBuilding CXX object CMakeFiles/controller_manager_msgs__rosidl_typesupport_introspection_cpp.dir/rosidl_typesupport_introspection_cpp/controller_manager_msgs/srv/detail/configure_start_controller__type_support.cpp.o[0m
[14.869s] [ 50%] [32mBuilding C object CMakeFiles/controller_manager_msgs__rosidl_typesupport_introspection_c.dir/rosidl_typesupport_introspection_c/controller_manager_msgs/srv/detail/load_configure_controller__type_support.c.o[0m
[14.990s] [ 50%] [32mBuilding C object CMakeFiles/controller_manager_msgs__rosidl_typesupport_introspection_c.dir/rosidl_typesupport_introspection_c/controller_manager_msgs/srv/detail/load_controller__type_support.c.o[0m
[15.012s] [ 51%] [32mBuilding C object CMakeFiles/controller_manager_msgs__rosidl_typesupport_introspection_c.dir/rosidl_typesupport_introspection_c/controller_manager_msgs/srv/detail/load_start_controller__type_support.c.o[0m
[15.099s] [ 51%] [32mBuilding CXX object CMakeFiles/controller_manager_msgs__rosidl_typesupport_cpp.dir/rosidl_typesupport_cpp/controller_manager_msgs/srv/set_hardware_component_state__type_support.cpp.o[0m
[15.125s] [ 52%] [32mBuilding C object CMakeFiles/controller_manager_msgs__rosidl_typesupport_introspection_c.dir/rosidl_typesupport_introspection_c/controller_manager_msgs/srv/detail/reload_controller_libraries__type_support.c.o[0m
[15.167s] [ 53%] [32mBuilding CXX object CMakeFiles/controller_manager_msgs__rosidl_typesupport_cpp.dir/rosidl_typesupport_cpp/controller_manager_msgs/srv/switch_controller__type_support.cpp.o[0m
[15.212s] [ 53%] [32mBuilding CXX object CMakeFiles/controller_manager_msgs__rosidl_typesupport_introspection_cpp.dir/rosidl_typesupport_introspection_cpp/controller_manager_msgs/srv/detail/list_controllers__type_support.cpp.o[0m
[15.345s] [ 53%] [32mBuilding C object CMakeFiles/controller_manager_msgs__rosidl_typesupport_introspection_c.dir/rosidl_typesupport_introspection_c/controller_manager_msgs/srv/detail/set_hardware_component_state__type_support.c.o[0m
[15.560s] [ 54%] [32mBuilding C object CMakeFiles/controller_manager_msgs__rosidl_typesupport_introspection_c.dir/rosidl_typesupport_introspection_c/controller_manager_msgs/srv/detail/switch_controller__type_support.c.o[0m
[15.654s] [ 55%] [32mBuilding CXX object CMakeFiles/controller_manager_msgs__rosidl_typesupport_cpp.dir/rosidl_typesupport_cpp/controller_manager_msgs/srv/unload_controller__type_support.cpp.o[0m
[15.781s] [ 56%] [32mBuilding CXX object CMakeFiles/controller_manager_msgs__rosidl_typesupport_introspection_cpp.dir/rosidl_typesupport_introspection_cpp/controller_manager_msgs/srv/detail/list_controller_types__type_support.cpp.o[0m
[15.781s] [ 57%] [32mBuilding C object CMakeFiles/controller_manager_msgs__rosidl_typesupport_introspection_c.dir/rosidl_typesupport_introspection_c/controller_manager_msgs/srv/detail/unload_controller__type_support.c.o[0m
[15.853s] [ 58%] [32mBuilding CXX object CMakeFiles/controller_manager_msgs__rosidl_typesupport_introspection_cpp.dir/rosidl_typesupport_introspection_cpp/controller_manager_msgs/srv/detail/list_hardware_components__type_support.cpp.o[0m
[15.902s] [ 58%] [32mBuilding CXX object CMakeFiles/controller_manager_msgs__rosidl_typesupport_fastrtps_cpp.dir/rosidl_typesupport_fastrtps_cpp/controller_manager_msgs/srv/detail/dds_fastrtps/configure_start_controller__type_support.cpp.o[0m
[15.910s] [ 58%] [32m[1mLinking C shared library libcontroller_manager_msgs__rosidl_typesupport_introspection_c.so[0m
[16.069s] [ 59%] [32mBuilding CXX object CMakeFiles/controller_manager_msgs__rosidl_typesupport_fastrtps_cpp.dir/rosidl_typesupport_fastrtps_cpp/controller_manager_msgs/srv/detail/dds_fastrtps/list_controllers__type_support.cpp.o[0m
[16.149s] [ 59%] Built target controller_manager_msgs__rosidl_typesupport_introspection_c
[16.189s] [ 59%] [32mBuilding CXX object CMakeFiles/controller_manager_msgs__rosidl_typesupport_fastrtps_cpp.dir/rosidl_typesupport_fastrtps_cpp/controller_manager_msgs/srv/detail/dds_fastrtps/list_hardware_components__type_support.cpp.o[0m
[16.217s] [ 60%] [32mBuilding CXX object CMakeFiles/controller_manager_msgs__rosidl_typesupport_fastrtps_cpp.dir/rosidl_typesupport_fastrtps_cpp/controller_manager_msgs/srv/detail/dds_fastrtps/list_controller_types__type_support.cpp.o[0m
[16.559s] [ 60%] [32mBuilding CXX object CMakeFiles/controller_manager_msgs__rosidl_typesupport_introspection_cpp.dir/rosidl_typesupport_introspection_cpp/controller_manager_msgs/srv/detail/list_hardware_interfaces__type_support.cpp.o[0m
[16.638s] [ 60%] [32m[1mLinking CXX shared library libcontroller_manager_msgs__rosidl_typesupport_cpp.so[0m
[16.866s] [ 60%] Built target controller_manager_msgs__rosidl_typesupport_cpp
[16.945s] [ 61%] [32mBuilding CXX object CMakeFiles/controller_manager_msgs__rosidl_typesupport_introspection_cpp.dir/rosidl_typesupport_introspection_cpp/controller_manager_msgs/srv/detail/load_configure_controller__type_support.cpp.o[0m
[16.970s] [ 62%] [32mBuilding CXX object CMakeFiles/controller_manager_msgs__rosidl_typesupport_fastrtps_cpp.dir/rosidl_typesupport_fastrtps_cpp/controller_manager_msgs/srv/detail/dds_fastrtps/list_hardware_interfaces__type_support.cpp.o[0m
[17.236s] [ 63%] [32mBuilding CXX object CMakeFiles/controller_manager_msgs__rosidl_typesupport_fastrtps_cpp.dir/rosidl_typesupport_fastrtps_cpp/controller_manager_msgs/srv/detail/dds_fastrtps/load_configure_controller__type_support.cpp.o[0m
[17.410s] [ 64%] [32mBuilding CXX object CMakeFiles/controller_manager_msgs__rosidl_typesupport_introspection_cpp.dir/rosidl_typesupport_introspection_cpp/controller_manager_msgs/srv/detail/load_controller__type_support.cpp.o[0m
[17.593s] [ 64%] [32mBuilding CXX object CMakeFiles/controller_manager_msgs__rosidl_typesupport_fastrtps_cpp.dir/rosidl_typesupport_fastrtps_cpp/controller_manager_msgs/srv/detail/dds_fastrtps/load_controller__type_support.cpp.o[0m
[17.790s] [ 64%] [32mBuilding CXX object CMakeFiles/controller_manager_msgs__rosidl_typesupport_introspection_cpp.dir/rosidl_typesupport_introspection_cpp/controller_manager_msgs/srv/detail/load_start_controller__type_support.cpp.o[0m
[17.845s] [ 65%] [32mBuilding CXX object CMakeFiles/controller_manager_msgs__rosidl_typesupport_fastrtps_cpp.dir/rosidl_typesupport_fastrtps_cpp/controller_manager_msgs/srv/detail/dds_fastrtps/load_start_controller__type_support.cpp.o[0m
[17.912s] [ 66%] [32mBuilding CXX object CMakeFiles/controller_manager_msgs__rosidl_typesupport_introspection_cpp.dir/rosidl_typesupport_introspection_cpp/controller_manager_msgs/srv/detail/reload_controller_libraries__type_support.cpp.o[0m
[18.276s] [ 67%] [32mBuilding CXX object CMakeFiles/controller_manager_msgs__rosidl_typesupport_fastrtps_cpp.dir/rosidl_typesupport_fastrtps_cpp/controller_manager_msgs/srv/detail/dds_fastrtps/reload_controller_libraries__type_support.cpp.o[0m
[18.575s] [ 67%] [32mBuilding CXX object CMakeFiles/controller_manager_msgs__rosidl_typesupport_fastrtps_cpp.dir/rosidl_typesupport_fastrtps_cpp/controller_manager_msgs/srv/detail/dds_fastrtps/set_hardware_component_state__type_support.cpp.o[0m
[18.745s] [ 68%] [32mBuilding CXX object CMakeFiles/controller_manager_msgs__rosidl_typesupport_introspection_cpp.dir/rosidl_typesupport_introspection_cpp/controller_manager_msgs/srv/detail/set_hardware_component_state__type_support.cpp.o[0m
[18.808s] [ 69%] [32mBuilding CXX object CMakeFiles/controller_manager_msgs__rosidl_typesupport_fastrtps_cpp.dir/rosidl_typesupport_fastrtps_cpp/controller_manager_msgs/srv/detail/dds_fastrtps/switch_controller__type_support.cpp.o[0m
[18.916s] [ 70%] [32mBuilding CXX object CMakeFiles/controller_manager_msgs__rosidl_typesupport_fastrtps_cpp.dir/rosidl_typesupport_fastrtps_cpp/controller_manager_msgs/srv/detail/dds_fastrtps/unload_controller__type_support.cpp.o[0m
[19.020s] [ 70%] [32mBuilding CXX object CMakeFiles/controller_manager_msgs__rosidl_typesupport_introspection_cpp.dir/rosidl_typesupport_introspection_cpp/controller_manager_msgs/srv/detail/switch_controller__type_support.cpp.o[0m
[19.154s] [ 71%] [32mBuilding CXX object CMakeFiles/controller_manager_msgs__rosidl_typesupport_introspection_cpp.dir/rosidl_typesupport_introspection_cpp/controller_manager_msgs/srv/detail/unload_controller__type_support.cpp.o[0m
[20.033s] [ 72%] [32m[1mLinking CXX shared library libcontroller_manager_msgs__rosidl_typesupport_introspection_cpp.so[0m
[20.188s] [ 72%] Built target controller_manager_msgs__rosidl_typesupport_introspection_cpp
[20.229s] [ 72%] [32m[1mLinking CXX shared library libcontroller_manager_msgs__rosidl_typesupport_fastrtps_cpp.so[0m
[20.396s] [ 72%] Built target controller_manager_msgs__rosidl_typesupport_fastrtps_cpp
[20.412s] [ 73%] [34m[1mGenerating C type support for eProsima Fast-RTPS[0m
[24.578s] [35m[1mScanning dependencies of target controller_manager_msgs__rosidl_typesupport_fastrtps_c[0m
[24.831s] [ 74%] [32mBuilding CXX object CMakeFiles/controller_manager_msgs__rosidl_typesupport_fastrtps_c.dir/rosidl_typesupport_fastrtps_c/controller_manager_msgs/msg/detail/hardware_component_state__type_support_c.cpp.o[0m
[24.831s] [ 74%] [32mBuilding CXX object CMakeFiles/controller_manager_msgs__rosidl_typesupport_fastrtps_c.dir/rosidl_typesupport_fastrtps_c/controller_manager_msgs/msg/detail/controller_state__type_support_c.cpp.o[0m
[24.856s] [ 75%] [32mBuilding CXX object CMakeFiles/controller_manager_msgs__rosidl_typesupport_fastrtps_c.dir/rosidl_typesupport_fastrtps_c/controller_manager_msgs/msg/detail/hardware_interface__type_support_c.cpp.o[0m
[24.888s] [ 76%] [32mBuilding CXX object CMakeFiles/controller_manager_msgs__rosidl_typesupport_fastrtps_c.dir/rosidl_typesupport_fastrtps_c/controller_manager_msgs/srv/detail/configure_start_controller__type_support_c.cpp.o[0m
[24.888s] [ 76%] [32mBuilding CXX object CMakeFiles/controller_manager_msgs__rosidl_typesupport_fastrtps_c.dir/rosidl_typesupport_fastrtps_c/controller_manager_msgs/srv/detail/configure_controller__type_support_c.cpp.o[0m
[24.899s] [ 77%] [32mBuilding CXX object CMakeFiles/controller_manager_msgs__rosidl_typesupport_fastrtps_c.dir/rosidl_typesupport_fastrtps_c/controller_manager_msgs/srv/detail/list_controllers__type_support_c.cpp.o[0m
[24.966s] [ 77%] [32mBuilding CXX object CMakeFiles/controller_manager_msgs__rosidl_typesupport_fastrtps_c.dir/rosidl_typesupport_fastrtps_c/controller_manager_msgs/srv/detail/list_controller_types__type_support_c.cpp.o[0m
[25.031s] [ 78%] [32mBuilding CXX object CMakeFiles/controller_manager_msgs__rosidl_typesupport_fastrtps_c.dir/rosidl_typesupport_fastrtps_c/controller_manager_msgs/srv/detail/list_hardware_components__type_support_c.cpp.o[0m
[26.221s] [ 79%] [32mBuilding CXX object CMakeFiles/controller_manager_msgs__rosidl_typesupport_fastrtps_c.dir/rosidl_typesupport_fastrtps_c/controller_manager_msgs/srv/detail/list_hardware_interfaces__type_support_c.cpp.o[0m
[26.493s] [ 79%] [32mBuilding CXX object CMakeFiles/controller_manager_msgs__rosidl_typesupport_fastrtps_c.dir/rosidl_typesupport_fastrtps_c/controller_manager_msgs/srv/detail/load_configure_controller__type_support_c.cpp.o[0m
[26.750s] [ 80%] [32mBuilding CXX object CMakeFiles/controller_manager_msgs__rosidl_typesupport_fastrtps_c.dir/rosidl_typesupport_fastrtps_c/controller_manager_msgs/srv/detail/load_controller__type_support_c.cpp.o[0m
[27.154s] [ 81%] [32mBuilding CXX object CMakeFiles/controller_manager_msgs__rosidl_typesupport_fastrtps_c.dir/rosidl_typesupport_fastrtps_c/controller_manager_msgs/srv/detail/load_start_controller__type_support_c.cpp.o[0m
[27.177s] [ 81%] [32mBuilding CXX object CMakeFiles/controller_manager_msgs__rosidl_typesupport_fastrtps_c.dir/rosidl_typesupport_fastrtps_c/controller_manager_msgs/srv/detail/reload_controller_libraries__type_support_c.cpp.o[0m
[27.246s] [ 82%] [32mBuilding CXX object CMakeFiles/controller_manager_msgs__rosidl_typesupport_fastrtps_c.dir/rosidl_typesupport_fastrtps_c/controller_manager_msgs/srv/detail/set_hardware_component_state__type_support_c.cpp.o[0m
[27.280s] [ 83%] [32mBuilding CXX object CMakeFiles/controller_manager_msgs__rosidl_typesupport_fastrtps_c.dir/rosidl_typesupport_fastrtps_c/controller_manager_msgs/srv/detail/switch_controller__type_support_c.cpp.o[0m
[27.342s] [ 83%] [32mBuilding CXX object CMakeFiles/controller_manager_msgs__rosidl_typesupport_fastrtps_c.dir/rosidl_typesupport_fastrtps_c/controller_manager_msgs/srv/detail/unload_controller__type_support_c.cpp.o[0m
[28.746s] [ 84%] [32m[1mLinking CXX shared library libcontroller_manager_msgs__rosidl_typesupport_fastrtps_c.so[0m
[29.002s] [ 84%] Built target controller_manager_msgs__rosidl_typesupport_fastrtps_c
[29.022s] [35m[1mScanning dependencies of target controller_manager_msgs[0m
[29.042s] [ 84%] Built target controller_manager_msgs
[29.064s] [35m[1mScanning dependencies of target controller_manager_msgs__py[0m
[29.086s] [ 85%] [34m[1mGenerating Python code for ROS interfaces[0m
[32.876s] [ 85%] Built target controller_manager_msgs__py
[32.888s] [35m[1mScanning dependencies of target controller_manager_msgs__python[0m
[32.997s] [ 86%] [32mBuilding C object CMakeFiles/controller_manager_msgs__python.dir/rosidl_generator_py/controller_manager_msgs/msg/_hardware_component_state_s.c.o[0m
[32.997s] [ 87%] [32mBuilding C object CMakeFiles/controller_manager_msgs__python.dir/rosidl_generator_py/controller_manager_msgs/msg/_hardware_interface_s.c.o[0m
[32.997s] [ 87%] [32mBuilding C object CMakeFiles/controller_manager_msgs__python.dir/rosidl_generator_py/controller_manager_msgs/msg/_controller_state_s.c.o[0m
[32.998s] [ 88%] [32mBuilding C object CMakeFiles/controller_manager_msgs__python.dir/rosidl_generator_py/controller_manager_msgs/srv/_list_controllers_s.c.o[0m
[32.999s] [ 89%] [32mBuilding C object CMakeFiles/controller_manager_msgs__python.dir/rosidl_generator_py/controller_manager_msgs/srv/_configure_start_controller_s.c.o[0m
[33.012s] [ 89%] [32mBuilding C object CMakeFiles/controller_manager_msgs__python.dir/rosidl_generator_py/controller_manager_msgs/srv/_configure_controller_s.c.o[0m
[33.014s] [ 89%] [32mBuilding C object CMakeFiles/controller_manager_msgs__python.dir/rosidl_generator_py/controller_manager_msgs/srv/_list_controller_types_s.c.o[0m
[33.014s] [ 90%] [32mBuilding C object CMakeFiles/controller_manager_msgs__python.dir/rosidl_generator_py/controller_manager_msgs/srv/_list_hardware_components_s.c.o[0m
[33.205s] [ 91%] [32mBuilding C object CMakeFiles/controller_manager_msgs__python.dir/rosidl_generator_py/controller_manager_msgs/srv/_list_hardware_interfaces_s.c.o[0m
[33.240s] [ 91%] [32mBuilding C object CMakeFiles/controller_manager_msgs__python.dir/rosidl_generator_py/controller_manager_msgs/srv/_load_configure_controller_s.c.o[0m
[33.261s] [ 92%] [32mBuilding C object CMakeFiles/controller_manager_msgs__python.dir/rosidl_generator_py/controller_manager_msgs/srv/_load_controller_s.c.o[0m
[33.309s] [ 93%] [32mBuilding C object CMakeFiles/controller_manager_msgs__python.dir/rosidl_generator_py/controller_manager_msgs/srv/_load_start_controller_s.c.o[0m
[33.313s] [ 94%] [32mBuilding C object CMakeFiles/controller_manager_msgs__python.dir/rosidl_generator_py/controller_manager_msgs/srv/_set_hardware_component_state_s.c.o[0m
[33.316s] [ 94%] [32mBuilding C object CMakeFiles/controller_manager_msgs__python.dir/rosidl_generator_py/controller_manager_msgs/srv/_reload_controller_libraries_s.c.o[0m
[33.319s] [ 95%] [32mBuilding C object CMakeFiles/controller_manager_msgs__python.dir/rosidl_generator_py/controller_manager_msgs/srv/_switch_controller_s.c.o[0m
[33.360s] [ 95%] [32mBuilding C object CMakeFiles/controller_manager_msgs__python.dir/rosidl_generator_py/controller_manager_msgs/srv/_unload_controller_s.c.o[0m
[33.578s] [ 96%] [32m[1mLinking C shared library rosidl_generator_py/controller_manager_msgs/libcontroller_manager_msgs__python.so[0m
[33.647s] [ 96%] Built target controller_manager_msgs__python
[33.658s] [35m[1mScanning dependencies of target controller_manager_msgs__rosidl_typesupport_c__pyext[0m
[33.661s] [35m[1mScanning dependencies of target controller_manager_msgs__rosidl_typesupport_fastrtps_c__pyext[0m
[33.661s] [35m[1mScanning dependencies of target controller_manager_msgs__rosidl_typesupport_introspection_c__pyext[0m
[33.695s] [ 97%] [32mBuilding C object CMakeFiles/controller_manager_msgs__rosidl_typesupport_fastrtps_c__pyext.dir/rosidl_generator_py/controller_manager_msgs/_controller_manager_msgs_s.ep.rosidl_typesupport_fastrtps_c.c.o[0m
[33.696s] [ 98%] [32mBuilding C object CMakeFiles/controller_manager_msgs__rosidl_typesupport_c__pyext.dir/rosidl_generator_py/controller_manager_msgs/_controller_manager_msgs_s.ep.rosidl_typesupport_c.c.o[0m
[33.698s] [ 99%] [32mBuilding C object CMakeFiles/controller_manager_msgs__rosidl_typesupport_introspection_c__pyext.dir/rosidl_generator_py/controller_manager_msgs/_controller_manager_msgs_s.ep.rosidl_typesupport_introspection_c.c.o[0m
[34.048s] [ 99%] [32m[1mLinking C shared library rosidl_generator_py/controller_manager_msgs/controller_manager_msgs_s__rosidl_typesupport_c.cpython-38-x86_64-linux-gnu.so[0m
[34.053s] [100%] [32m[1mLinking C shared library rosidl_generator_py/controller_manager_msgs/controller_manager_msgs_s__rosidl_typesupport_introspection_c.cpython-38-x86_64-linux-gnu.so[0m
[34.071s] [100%] [32m[1mLinking CXX shared library rosidl_generator_py/controller_manager_msgs/controller_manager_msgs_s__rosidl_typesupport_fastrtps_c.cpython-38-x86_64-linux-gnu.so[0m
[34.154s] [100%] Built target controller_manager_msgs__rosidl_typesupport_c__pyext
[34.162s] [100%] Built target controller_manager_msgs__rosidl_typesupport_introspection_c__pyext
[34.234s] [100%] Built target controller_manager_msgs__rosidl_typesupport_fastrtps_c__pyext
[34.258s] Invoked command in '/home/legacy/trr_robot_ws/build/controller_manager_msgs' returned '0': CMAKE_PREFIX_PATH=/opt/ros/foxy /usr/bin/cmake --build /home/legacy/trr_robot_ws/build/controller_manager_msgs -- -j8 -l8
[34.684s] Invoking command in '/home/legacy/trr_robot_ws/build/controller_manager_msgs': CMAKE_PREFIX_PATH=/opt/ros/foxy /usr/bin/cmake --install /home/legacy/trr_robot_ws/build/controller_manager_msgs
[34.701s] -- Install configuration: ""
[34.703s] -- Execute custom install script
[34.704s] -- Symlinking: /home/legacy/trr_robot_ws/install/controller_manager_msgs/share/ament_index/resource_index/rosidl_interfaces/controller_manager_msgs
[34.723s] -- Symlinking: /home/legacy/trr_robot_ws/install/controller_manager_msgs/include/controller_manager_msgs/msg/controller_state.h
[34.740s] -- Symlinking: /home/legacy/trr_robot_ws/install/controller_manager_msgs/include/controller_manager_msgs/msg/detail/controller_state__functions.h
[34.757s] -- Symlinking: /home/legacy/trr_robot_ws/install/controller_manager_msgs/include/controller_manager_msgs/msg/detail/controller_state__struct.h
[34.774s] -- Symlinking: /home/legacy/trr_robot_ws/install/controller_manager_msgs/include/controller_manager_msgs/msg/detail/controller_state__type_support.h
[34.791s] -- Symlinking: /home/legacy/trr_robot_ws/install/controller_manager_msgs/include/controller_manager_msgs/msg/detail/hardware_component_state__functions.h
[34.811s] -- Symlinking: /home/legacy/trr_robot_ws/install/controller_manager_msgs/include/controller_manager_msgs/msg/detail/hardware_component_state__struct.h
[34.828s] -- Symlinking: /home/legacy/trr_robot_ws/install/controller_manager_msgs/include/controller_manager_msgs/msg/detail/hardware_component_state__type_support.h
[34.850s] -- Symlinking: /home/legacy/trr_robot_ws/install/controller_manager_msgs/include/controller_manager_msgs/msg/detail/hardware_interface__functions.h
[34.871s] -- Symlinking: /home/legacy/trr_robot_ws/install/controller_manager_msgs/include/controller_manager_msgs/msg/detail/hardware_interface__struct.h
[34.894s] -- Symlinking: /home/legacy/trr_robot_ws/install/controller_manager_msgs/include/controller_manager_msgs/msg/detail/hardware_interface__type_support.h
[34.915s] -- Symlinking: /home/legacy/trr_robot_ws/install/controller_manager_msgs/include/controller_manager_msgs/msg/hardware_component_state.h
[34.969s] -- Symlinking: /home/legacy/trr_robot_ws/install/controller_manager_msgs/include/controller_manager_msgs/msg/hardware_interface.h
[35.001s] -- Symlinking: /home/legacy/trr_robot_ws/install/controller_manager_msgs/include/controller_manager_msgs/msg/rosidl_generator_c__visibility_control.h
[35.035s] -- Symlinking: /home/legacy/trr_robot_ws/install/controller_manager_msgs/include/controller_manager_msgs/srv/configure_controller.h
[35.054s] -- Symlinking: /home/legacy/trr_robot_ws/install/controller_manager_msgs/include/controller_manager_msgs/srv/configure_start_controller.h
[35.088s] -- Symlinking: /home/legacy/trr_robot_ws/install/controller_manager_msgs/include/controller_manager_msgs/srv/detail/configure_controller__functions.h
[35.129s] -- Symlinking: /home/legacy/trr_robot_ws/install/controller_manager_msgs/include/controller_manager_msgs/srv/detail/configure_controller__struct.h
[35.171s] -- Symlinking: /home/legacy/trr_robot_ws/install/controller_manager_msgs/include/controller_manager_msgs/srv/detail/configure_controller__type_support.h
[35.219s] -- Symlinking: /home/legacy/trr_robot_ws/install/controller_manager_msgs/include/controller_manager_msgs/srv/detail/configure_start_controller__functions.h
[35.267s] -- Symlinking: /home/legacy/trr_robot_ws/install/controller_manager_msgs/include/controller_manager_msgs/srv/detail/configure_start_controller__struct.h
[35.324s] -- Symlinking: /home/legacy/trr_robot_ws/install/controller_manager_msgs/include/controller_manager_msgs/srv/detail/configure_start_controller__type_support.h
[35.371s] -- Symlinking: /home/legacy/trr_robot_ws/install/controller_manager_msgs/include/controller_manager_msgs/srv/detail/list_controller_types__functions.h
[35.430s] -- Symlinking: /home/legacy/trr_robot_ws/install/controller_manager_msgs/include/controller_manager_msgs/srv/detail/list_controller_types__struct.h
[35.485s] -- Symlinking: /home/legacy/trr_robot_ws/install/controller_manager_msgs/include/controller_manager_msgs/srv/detail/list_controller_types__type_support.h
[35.543s] -- Symlinking: /home/legacy/trr_robot_ws/install/controller_manager_msgs/include/controller_manager_msgs/srv/detail/list_controllers__functions.h
[35.595s] -- Symlinking: /home/legacy/trr_robot_ws/install/controller_manager_msgs/include/controller_manager_msgs/srv/detail/list_controllers__struct.h
[35.653s] -- Symlinking: /home/legacy/trr_robot_ws/install/controller_manager_msgs/include/controller_manager_msgs/srv/detail/list_controllers__type_support.h
[35.702s] -- Symlinking: /home/legacy/trr_robot_ws/install/controller_manager_msgs/include/controller_manager_msgs/srv/detail/list_hardware_components__functions.h
[35.754s] -- Symlinking: /home/legacy/trr_robot_ws/install/controller_manager_msgs/include/controller_manager_msgs/srv/detail/list_hardware_components__struct.h
[35.807s] -- Symlinking: /home/legacy/trr_robot_ws/install/controller_manager_msgs/include/controller_manager_msgs/srv/detail/list_hardware_components__type_support.h
[35.854s] -- Symlinking: /home/legacy/trr_robot_ws/install/controller_manager_msgs/include/controller_manager_msgs/srv/detail/list_hardware_interfaces__functions.h
[35.907s] -- Symlinking: /home/legacy/trr_robot_ws/install/controller_manager_msgs/include/controller_manager_msgs/srv/detail/list_hardware_interfaces__struct.h
[35.954s] -- Symlinking: /home/legacy/trr_robot_ws/install/controller_manager_msgs/include/controller_manager_msgs/srv/detail/list_hardware_interfaces__type_support.h
[35.998s] -- Symlinking: /home/legacy/trr_robot_ws/install/controller_manager_msgs/include/controller_manager_msgs/srv/detail/load_configure_controller__functions.h
[36.046s] -- Symlinking: /home/legacy/trr_robot_ws/install/controller_manager_msgs/include/controller_manager_msgs/srv/detail/load_configure_controller__struct.h
[36.128s] -- Symlinking: /home/legacy/trr_robot_ws/install/controller_manager_msgs/include/controller_manager_msgs/srv/detail/load_configure_controller__type_support.h
[36.174s] -- Symlinking: /home/legacy/trr_robot_ws/install/controller_manager_msgs/include/controller_manager_msgs/srv/detail/load_controller__functions.h
[36.219s] -- Symlinking: /home/legacy/trr_robot_ws/install/controller_manager_msgs/include/controller_manager_msgs/srv/detail/load_controller__struct.h
[36.238s] -- Symlinking: /home/legacy/trr_robot_ws/install/controller_manager_msgs/include/controller_manager_msgs/srv/detail/load_controller__type_support.h
[36.259s] -- Symlinking: /home/legacy/trr_robot_ws/install/controller_manager_msgs/include/controller_manager_msgs/srv/detail/load_start_controller__functions.h
[36.281s] -- Symlinking: /home/legacy/trr_robot_ws/install/controller_manager_msgs/include/controller_manager_msgs/srv/detail/load_start_controller__struct.h
[36.300s] -- Symlinking: /home/legacy/trr_robot_ws/install/controller_manager_msgs/include/controller_manager_msgs/srv/detail/load_start_controller__type_support.h
[36.321s] -- Symlinking: /home/legacy/trr_robot_ws/install/controller_manager_msgs/include/controller_manager_msgs/srv/detail/reload_controller_libraries__functions.h
[36.339s] -- Symlinking: /home/legacy/trr_robot_ws/install/controller_manager_msgs/include/controller_manager_msgs/srv/detail/reload_controller_libraries__struct.h
[36.361s] -- Symlinking: /home/legacy/trr_robot_ws/install/controller_manager_msgs/include/controller_manager_msgs/srv/detail/reload_controller_libraries__type_support.h
[36.385s] -- Symlinking: /home/legacy/trr_robot_ws/install/controller_manager_msgs/include/controller_manager_msgs/srv/detail/set_hardware_component_state__functions.h
[36.404s] -- Symlinking: /home/legacy/trr_robot_ws/install/controller_manager_msgs/include/controller_manager_msgs/srv/detail/set_hardware_component_state__struct.h
[36.423s] -- Symlinking: /home/legacy/trr_robot_ws/install/controller_manager_msgs/include/controller_manager_msgs/srv/detail/set_hardware_component_state__type_support.h
[36.442s] -- Symlinking: /home/legacy/trr_robot_ws/install/controller_manager_msgs/include/controller_manager_msgs/srv/detail/switch_controller__functions.h
[36.463s] -- Symlinking: /home/legacy/trr_robot_ws/install/controller_manager_msgs/include/controller_manager_msgs/srv/detail/switch_controller__struct.h
[36.485s] -- Symlinking: /home/legacy/trr_robot_ws/install/controller_manager_msgs/include/controller_manager_msgs/srv/detail/switch_controller__type_support.h
[36.504s] -- Symlinking: /home/legacy/trr_robot_ws/install/controller_manager_msgs/include/controller_manager_msgs/srv/detail/unload_controller__functions.h
[36.523s] -- Symlinking: /home/legacy/trr_robot_ws/install/controller_manager_msgs/include/controller_manager_msgs/srv/detail/unload_controller__struct.h
[36.542s] -- Symlinking: /home/legacy/trr_robot_ws/install/controller_manager_msgs/include/controller_manager_msgs/srv/detail/unload_controller__type_support.h
[36.564s] -- Symlinking: /home/legacy/trr_robot_ws/install/controller_manager_msgs/include/controller_manager_msgs/srv/list_controller_types.h
[36.586s] -- Symlinking: /home/legacy/trr_robot_ws/install/controller_manager_msgs/include/controller_manager_msgs/srv/list_controllers.h
[36.607s] -- Symlinking: /home/legacy/trr_robot_ws/install/controller_manager_msgs/include/controller_manager_msgs/srv/list_hardware_components.h
[36.643s] -- Symlinking: /home/legacy/trr_robot_ws/install/controller_manager_msgs/include/controller_manager_msgs/srv/list_hardware_interfaces.h
[36.705s] -- Symlinking: /home/legacy/trr_robot_ws/install/controller_manager_msgs/include/controller_manager_msgs/srv/load_configure_controller.h
[36.760s] -- Symlinking: /home/legacy/trr_robot_ws/install/controller_manager_msgs/include/controller_manager_msgs/srv/load_controller.h
[36.828s] -- Symlinking: /home/legacy/trr_robot_ws/install/controller_manager_msgs/include/controller_manager_msgs/srv/load_start_controller.h
[36.891s] -- Symlinking: /home/legacy/trr_robot_ws/install/controller_manager_msgs/include/controller_manager_msgs/srv/reload_controller_libraries.h
[36.955s] -- Symlinking: /home/legacy/trr_robot_ws/install/controller_manager_msgs/include/controller_manager_msgs/srv/set_hardware_component_state.h
[37.019s] -- Symlinking: /home/legacy/trr_robot_ws/install/controller_manager_msgs/include/controller_manager_msgs/srv/switch_controller.h
[37.075s] -- Symlinking: /home/legacy/trr_robot_ws/install/controller_manager_msgs/include/controller_manager_msgs/srv/unload_controller.h
[37.133s] -- Symlinking: /home/legacy/trr_robot_ws/install/controller_manager_msgs/share/controller_manager_msgs/environment/library_path.sh
[37.199s] -- Symlinking: /home/legacy/trr_robot_ws/install/controller_manager_msgs/share/controller_manager_msgs/environment/library_path.dsv
[37.271s] -- Symlinking: /home/legacy/trr_robot_ws/install/controller_manager_msgs/include/controller_manager_msgs/msg/detail/controller_state__rosidl_typesupport_fastrtps_c.h
[37.332s] -- Symlinking: /home/legacy/trr_robot_ws/install/controller_manager_msgs/include/controller_manager_msgs/msg/detail/hardware_component_state__rosidl_typesupport_fastrtps_c.h
[37.399s] -- Symlinking: /home/legacy/trr_robot_ws/install/controller_manager_msgs/include/controller_manager_msgs/msg/detail/hardware_interface__rosidl_typesupport_fastrtps_c.h
[37.456s] -- Symlinking: /home/legacy/trr_robot_ws/install/controller_manager_msgs/include/controller_manager_msgs/msg/rosidl_typesupport_fastrtps_c__visibility_control.h
[37.480s] -- Symlinking: /home/legacy/trr_robot_ws/install/controller_manager_msgs/include/controller_manager_msgs/srv/detail/configure_controller__rosidl_typesupport_fastrtps_c.h
[37.503s] -- Symlinking: /home/legacy/trr_robot_ws/install/controller_manager_msgs/include/controller_manager_msgs/srv/detail/configure_start_controller__rosidl_typesupport_fastrtps_c.h
[37.527s] -- Symlinking: /home/legacy/trr_robot_ws/install/controller_manager_msgs/include/controller_manager_msgs/srv/detail/list_controller_types__rosidl_typesupport_fastrtps_c.h
[37.551s] -- Symlinking: /home/legacy/trr_robot_ws/install/controller_manager_msgs/include/controller_manager_msgs/srv/detail/list_controllers__rosidl_typesupport_fastrtps_c.h
[37.580s] -- Symlinking: /home/legacy/trr_robot_ws/install/controller_manager_msgs/include/controller_manager_msgs/srv/detail/list_hardware_components__rosidl_typesupport_fastrtps_c.h
[37.604s] -- Symlinking: /home/legacy/trr_robot_ws/install/controller_manager_msgs/include/controller_manager_msgs/srv/detail/list_hardware_interfaces__rosidl_typesupport_fastrtps_c.h
[37.627s] -- Symlinking: /home/legacy/trr_robot_ws/install/controller_manager_msgs/include/controller_manager_msgs/srv/detail/load_configure_controller__rosidl_typesupport_fastrtps_c.h
[37.652s] -- Symlinking: /home/legacy/trr_robot_ws/install/controller_manager_msgs/include/controller_manager_msgs/srv/detail/load_controller__rosidl_typesupport_fastrtps_c.h
[37.681s] -- Symlinking: /home/legacy/trr_robot_ws/install/controller_manager_msgs/include/controller_manager_msgs/srv/detail/load_start_controller__rosidl_typesupport_fastrtps_c.h
[37.706s] -- Symlinking: /home/legacy/trr_robot_ws/install/controller_manager_msgs/include/controller_manager_msgs/srv/detail/reload_controller_libraries__rosidl_typesupport_fastrtps_c.h
[37.729s] -- Symlinking: /home/legacy/trr_robot_ws/install/controller_manager_msgs/include/controller_manager_msgs/srv/detail/set_hardware_component_state__rosidl_typesupport_fastrtps_c.h
[37.754s] -- Symlinking: /home/legacy/trr_robot_ws/install/controller_manager_msgs/include/controller_manager_msgs/srv/detail/switch_controller__rosidl_typesupport_fastrtps_c.h
[37.783s] -- Symlinking: /home/legacy/trr_robot_ws/install/controller_manager_msgs/include/controller_manager_msgs/srv/detail/unload_controller__rosidl_typesupport_fastrtps_c.h
[37.807s] -- Symlinking: /home/legacy/trr_robot_ws/install/controller_manager_msgs/lib/libcontroller_manager_msgs__rosidl_typesupport_fastrtps_c.so
[37.834s] -- Symlinking: /home/legacy/trr_robot_ws/install/controller_manager_msgs/include/controller_manager_msgs/msg/detail/controller_state__rosidl_typesupport_fastrtps_cpp.hpp
[37.863s] -- Symlinking: /home/legacy/trr_robot_ws/install/controller_manager_msgs/include/controller_manager_msgs/msg/detail/hardware_component_state__rosidl_typesupport_fastrtps_cpp.hpp
[37.891s] -- Symlinking: /home/legacy/trr_robot_ws/install/controller_manager_msgs/include/controller_manager_msgs/msg/detail/hardware_interface__rosidl_typesupport_fastrtps_cpp.hpp
[37.914s] -- Symlinking: /home/legacy/trr_robot_ws/install/controller_manager_msgs/include/controller_manager_msgs/msg/rosidl_typesupport_fastrtps_cpp__visibility_control.h
[37.938s] -- Symlinking: /home/legacy/trr_robot_ws/install/controller_manager_msgs/include/controller_manager_msgs/srv/detail/configure_controller__rosidl_typesupport_fastrtps_cpp.hpp
[37.977s] -- Symlinking: /home/legacy/trr_robot_ws/install/controller_manager_msgs/include/controller_manager_msgs/srv/detail/configure_start_controller__rosidl_typesupport_fastrtps_cpp.hpp
[38.039s] -- Symlinking: /home/legacy/trr_robot_ws/install/controller_manager_msgs/include/controller_manager_msgs/srv/detail/list_controller_types__rosidl_typesupport_fastrtps_cpp.hpp
[38.088s] -- Symlinking: /home/legacy/trr_robot_ws/install/controller_manager_msgs/include/controller_manager_msgs/srv/detail/list_controllers__rosidl_typesupport_fastrtps_cpp.hpp
[38.149s] -- Symlinking: /home/legacy/trr_robot_ws/install/controller_manager_msgs/include/controller_manager_msgs/srv/detail/list_hardware_components__rosidl_typesupport_fastrtps_cpp.hpp
[38.211s] -- Symlinking: /home/legacy/trr_robot_ws/install/controller_manager_msgs/include/controller_manager_msgs/srv/detail/list_hardware_interfaces__rosidl_typesupport_fastrtps_cpp.hpp
[38.295s] -- Symlinking: /home/legacy/trr_robot_ws/install/controller_manager_msgs/include/controller_manager_msgs/srv/detail/load_configure_controller__rosidl_typesupport_fastrtps_cpp.hpp
[38.343s] -- Symlinking: /home/legacy/trr_robot_ws/install/controller_manager_msgs/include/controller_manager_msgs/srv/detail/load_controller__rosidl_typesupport_fastrtps_cpp.hpp
[38.398s] -- Symlinking: /home/legacy/trr_robot_ws/install/controller_manager_msgs/include/controller_manager_msgs/srv/detail/load_start_controller__rosidl_typesupport_fastrtps_cpp.hpp
[38.467s] -- Symlinking: /home/legacy/trr_robot_ws/install/controller_manager_msgs/include/controller_manager_msgs/srv/detail/reload_controller_libraries__rosidl_typesupport_fastrtps_cpp.hpp
[38.512s] -- Symlinking: /home/legacy/trr_robot_ws/install/controller_manager_msgs/include/controller_manager_msgs/srv/detail/set_hardware_component_state__rosidl_typesupport_fastrtps_cpp.hpp
[38.567s] -- Symlinking: /home/legacy/trr_robot_ws/install/controller_manager_msgs/include/controller_manager_msgs/srv/detail/switch_controller__rosidl_typesupport_fastrtps_cpp.hpp
[38.621s] -- Symlinking: /home/legacy/trr_robot_ws/install/controller_manager_msgs/include/controller_manager_msgs/srv/detail/unload_controller__rosidl_typesupport_fastrtps_cpp.hpp
[38.684s] -- Symlinking: /home/legacy/trr_robot_ws/install/controller_manager_msgs/lib/libcontroller_manager_msgs__rosidl_typesupport_fastrtps_cpp.so
[38.754s] -- Symlinking: /home/legacy/trr_robot_ws/install/controller_manager_msgs/include/controller_manager_msgs/msg/detail/controller_state__rosidl_typesupport_introspection_c.h
[38.796s] -- Symlinking: /home/legacy/trr_robot_ws/install/controller_manager_msgs/include/controller_manager_msgs/msg/detail/hardware_component_state__rosidl_typesupport_introspection_c.h
[38.850s] -- Symlinking: /home/legacy/trr_robot_ws/install/controller_manager_msgs/include/controller_manager_msgs/msg/detail/hardware_interface__rosidl_typesupport_introspection_c.h
[38.892s] -- Symlinking: /home/legacy/trr_robot_ws/install/controller_manager_msgs/include/controller_manager_msgs/msg/rosidl_typesupport_introspection_c__visibility_control.h
[38.930s] -- Symlinking: /home/legacy/trr_robot_ws/install/controller_manager_msgs/include/controller_manager_msgs/srv/detail/configure_controller__rosidl_typesupport_introspection_c.h
[38.960s] -- Symlinking: /home/legacy/trr_robot_ws/install/controller_manager_msgs/include/controller_manager_msgs/srv/detail/configure_start_controller__rosidl_typesupport_introspection_c.h
[39.033s] -- Symlinking: /home/legacy/trr_robot_ws/install/controller_manager_msgs/include/controller_manager_msgs/srv/detail/list_controller_types__rosidl_typesupport_introspection_c.h
[39.080s] -- Symlinking: /home/legacy/trr_robot_ws/install/controller_manager_msgs/include/controller_manager_msgs/srv/detail/list_controllers__rosidl_typesupport_introspection_c.h
[39.127s] -- Symlinking: /home/legacy/trr_robot_ws/install/controller_manager_msgs/include/controller_manager_msgs/srv/detail/list_hardware_components__rosidl_typesupport_introspection_c.h
[39.188s] -- Symlinking: /home/legacy/trr_robot_ws/install/controller_manager_msgs/include/controller_manager_msgs/srv/detail/list_hardware_interfaces__rosidl_typesupport_introspection_c.h
[39.249s] -- Symlinking: /home/legacy/trr_robot_ws/install/controller_manager_msgs/include/controller_manager_msgs/srv/detail/load_configure_controller__rosidl_typesupport_introspection_c.h
[39.298s] -- Symlinking: /home/legacy/trr_robot_ws/install/controller_manager_msgs/include/controller_manager_msgs/srv/detail/load_controller__rosidl_typesupport_introspection_c.h
[39.345s] -- Symlinking: /home/legacy/trr_robot_ws/install/controller_manager_msgs/include/controller_manager_msgs/srv/detail/load_start_controller__rosidl_typesupport_introspection_c.h
[39.415s] -- Symlinking: /home/legacy/trr_robot_ws/install/controller_manager_msgs/include/controller_manager_msgs/srv/detail/reload_controller_libraries__rosidl_typesupport_introspection_c.h
[39.475s] -- Symlinking: /home/legacy/trr_robot_ws/install/controller_manager_msgs/include/controller_manager_msgs/srv/detail/set_hardware_component_state__rosidl_typesupport_introspection_c.h
[39.531s] -- Symlinking: /home/legacy/trr_robot_ws/install/controller_manager_msgs/include/controller_manager_msgs/srv/detail/switch_controller__rosidl_typesupport_introspection_c.h
[39.592s] -- Symlinking: /home/legacy/trr_robot_ws/install/controller_manager_msgs/include/controller_manager_msgs/srv/detail/unload_controller__rosidl_typesupport_introspection_c.h
[39.650s] -- Symlinking: /home/legacy/trr_robot_ws/install/controller_manager_msgs/include/controller_manager_msgs/msg/controller_state.hpp
[39.700s] -- Symlinking: /home/legacy/trr_robot_ws/install/controller_manager_msgs/include/controller_manager_msgs/msg/detail/controller_state__builder.hpp
[39.756s] -- Symlinking: /home/legacy/trr_robot_ws/install/controller_manager_msgs/include/controller_manager_msgs/msg/detail/controller_state__struct.hpp
[39.808s] -- Symlinking: /home/legacy/trr_robot_ws/install/controller_manager_msgs/include/controller_manager_msgs/msg/detail/controller_state__traits.hpp
[39.879s] -- Symlinking: /home/legacy/trr_robot_ws/install/controller_manager_msgs/include/controller_manager_msgs/msg/detail/hardware_component_state__builder.hpp
[39.942s] -- Symlinking: /home/legacy/trr_robot_ws/install/controller_manager_msgs/include/controller_manager_msgs/msg/detail/hardware_component_state__struct.hpp
[39.985s] -- Symlinking: /home/legacy/trr_robot_ws/install/controller_manager_msgs/include/controller_manager_msgs/msg/detail/hardware_component_state__traits.hpp
[40.010s] -- Symlinking: /home/legacy/trr_robot_ws/install/controller_manager_msgs/include/controller_manager_msgs/msg/detail/hardware_interface__builder.hpp
[40.036s] -- Symlinking: /home/legacy/trr_robot_ws/install/controller_manager_msgs/include/controller_manager_msgs/msg/detail/hardware_interface__struct.hpp
[40.063s] -- Symlinking: /home/legacy/trr_robot_ws/install/controller_manager_msgs/include/controller_manager_msgs/msg/detail/hardware_interface__traits.hpp
[40.135s] -- Symlinking: /home/legacy/trr_robot_ws/install/controller_manager_msgs/include/controller_manager_msgs/msg/hardware_component_state.hpp
[40.180s] -- Symlinking: /home/legacy/trr_robot_ws/install/controller_manager_msgs/include/controller_manager_msgs/msg/hardware_interface.hpp
[40.233s] -- Symlinking: /home/legacy/trr_robot_ws/install/controller_manager_msgs/include/controller_manager_msgs/srv/configure_controller.hpp
[40.289s] -- Symlinking: /home/legacy/trr_robot_ws/install/controller_manager_msgs/include/controller_manager_msgs/srv/configure_start_controller.hpp
[40.342s] -- Symlinking: /home/legacy/trr_robot_ws/install/controller_manager_msgs/include/controller_manager_msgs/srv/detail/configure_controller__builder.hpp
[40.416s] -- Symlinking: /home/legacy/trr_robot_ws/install/controller_manager_msgs/include/controller_manager_msgs/srv/detail/configure_controller__struct.hpp
[40.470s] -- Symlinking: /home/legacy/trr_robot_ws/install/controller_manager_msgs/include/controller_manager_msgs/srv/detail/configure_controller__traits.hpp
[40.497s] -- Symlinking: /home/legacy/trr_robot_ws/install/controller_manager_msgs/include/controller_manager_msgs/srv/detail/configure_start_controller__builder.hpp
[40.523s] -- Symlinking: /home/legacy/trr_robot_ws/install/controller_manager_msgs/include/controller_manager_msgs/srv/detail/configure_start_controller__struct.hpp
[40.546s] -- Symlinking: /home/legacy/trr_robot_ws/install/controller_manager_msgs/include/controller_manager_msgs/srv/detail/configure_start_controller__traits.hpp
[40.571s] -- Symlinking: /home/legacy/trr_robot_ws/install/controller_manager_msgs/include/controller_manager_msgs/srv/detail/list_controller_types__builder.hpp
[40.601s] -- Symlinking: /home/legacy/trr_robot_ws/install/controller_manager_msgs/include/controller_manager_msgs/srv/detail/list_controller_types__struct.hpp
[40.633s] -- Symlinking: /home/legacy/trr_robot_ws/install/controller_manager_msgs/include/controller_manager_msgs/srv/detail/list_controller_types__traits.hpp
[40.656s] -- Symlinking: /home/legacy/trr_robot_ws/install/controller_manager_msgs/include/controller_manager_msgs/srv/detail/list_controllers__builder.hpp
[40.690s] -- Symlinking: /home/legacy/trr_robot_ws/install/controller_manager_msgs/include/controller_manager_msgs/srv/detail/list_controllers__struct.hpp
[40.720s] -- Symlinking: /home/legacy/trr_robot_ws/install/controller_manager_msgs/include/controller_manager_msgs/srv/detail/list_controllers__traits.hpp
[40.759s] -- Symlinking: /home/legacy/trr_robot_ws/install/controller_manager_msgs/include/controller_manager_msgs/srv/detail/list_hardware_components__builder.hpp
[40.809s] -- Symlinking: /home/legacy/trr_robot_ws/install/controller_manager_msgs/include/controller_manager_msgs/srv/detail/list_hardware_components__struct.hpp
[40.873s] -- Symlinking: /home/legacy/trr_robot_ws/install/controller_manager_msgs/include/controller_manager_msgs/srv/detail/list_hardware_components__traits.hpp
[40.924s] -- Symlinking: /home/legacy/trr_robot_ws/install/controller_manager_msgs/include/controller_manager_msgs/srv/detail/list_hardware_interfaces__builder.hpp
[40.948s] -- Symlinking: /home/legacy/trr_robot_ws/install/controller_manager_msgs/include/controller_manager_msgs/srv/detail/list_hardware_interfaces__struct.hpp
[40.972s] -- Symlinking: /home/legacy/trr_robot_ws/install/controller_manager_msgs/include/controller_manager_msgs/srv/detail/list_hardware_interfaces__traits.hpp
[41.001s] -- Symlinking: /home/legacy/trr_robot_ws/install/controller_manager_msgs/include/controller_manager_msgs/srv/detail/load_configure_controller__builder.hpp
[41.026s] -- Symlinking: /home/legacy/trr_robot_ws/install/controller_manager_msgs/include/controller_manager_msgs/srv/detail/load_configure_controller__struct.hpp
[41.049s] -- Symlinking: /home/legacy/trr_robot_ws/install/controller_manager_msgs/include/controller_manager_msgs/srv/detail/load_configure_controller__traits.hpp
[41.073s] -- Symlinking: /home/legacy/trr_robot_ws/install/controller_manager_msgs/include/controller_manager_msgs/srv/detail/load_controller__builder.hpp
[41.104s] -- Symlinking: /home/legacy/trr_robot_ws/install/controller_manager_msgs/include/controller_manager_msgs/srv/detail/load_controller__struct.hpp
[41.127s] -- Symlinking: /home/legacy/trr_robot_ws/install/controller_manager_msgs/include/controller_manager_msgs/srv/detail/load_controller__traits.hpp
[41.151s] -- Symlinking: /home/legacy/trr_robot_ws/install/controller_manager_msgs/include/controller_manager_msgs/srv/detail/load_start_controller__builder.hpp
[41.177s] -- Symlinking: /home/legacy/trr_robot_ws/install/controller_manager_msgs/include/controller_manager_msgs/srv/detail/load_start_controller__struct.hpp
[41.204s] -- Symlinking: /home/legacy/trr_robot_ws/install/controller_manager_msgs/include/controller_manager_msgs/srv/detail/load_start_controller__traits.hpp
[41.227s] -- Symlinking: /home/legacy/trr_robot_ws/install/controller_manager_msgs/include/controller_manager_msgs/srv/detail/reload_controller_libraries__builder.hpp
[41.261s] -- Symlinking: /home/legacy/trr_robot_ws/install/controller_manager_msgs/include/controller_manager_msgs/srv/detail/reload_controller_libraries__struct.hpp
[41.322s] -- Symlinking: /home/legacy/trr_robot_ws/install/controller_manager_msgs/include/controller_manager_msgs/srv/detail/reload_controller_libraries__traits.hpp
[41.345s] -- Symlinking: /home/legacy/trr_robot_ws/install/controller_manager_msgs/include/controller_manager_msgs/srv/detail/set_hardware_component_state__builder.hpp
[41.370s] -- Symlinking: /home/legacy/trr_robot_ws/install/controller_manager_msgs/include/controller_manager_msgs/srv/detail/set_hardware_component_state__struct.hpp
[41.400s] -- Symlinking: /home/legacy/trr_robot_ws/install/controller_manager_msgs/include/controller_manager_msgs/srv/detail/set_hardware_component_state__traits.hpp
[41.424s] -- Symlinking: /home/legacy/trr_robot_ws/install/controller_manager_msgs/include/controller_manager_msgs/srv/detail/switch_controller__builder.hpp
[41.447s] -- Symlinking: /home/legacy/trr_robot_ws/install/controller_manager_msgs/include/controller_manager_msgs/srv/detail/switch_controller__struct.hpp
[41.472s] -- Symlinking: /home/legacy/trr_robot_ws/install/controller_manager_msgs/include/controller_manager_msgs/srv/detail/switch_controller__traits.hpp
[41.500s] -- Symlinking: /home/legacy/trr_robot_ws/install/controller_manager_msgs/include/controller_manager_msgs/srv/detail/unload_controller__builder.hpp
[41.523s] -- Symlinking: /home/legacy/trr_robot_ws/install/controller_manager_msgs/include/controller_manager_msgs/srv/detail/unload_controller__struct.hpp
[41.546s] -- Symlinking: /home/legacy/trr_robot_ws/install/controller_manager_msgs/include/controller_manager_msgs/srv/detail/unload_controller__traits.hpp
[41.571s] -- Symlinking: /home/legacy/trr_robot_ws/install/controller_manager_msgs/include/controller_manager_msgs/srv/list_controller_types.hpp
[41.599s] -- Symlinking: /home/legacy/trr_robot_ws/install/controller_manager_msgs/include/controller_manager_msgs/srv/list_controllers.hpp
[41.622s] -- Symlinking: /home/legacy/trr_robot_ws/install/controller_manager_msgs/include/controller_manager_msgs/srv/list_hardware_components.hpp
[41.646s] -- Symlinking: /home/legacy/trr_robot_ws/install/controller_manager_msgs/include/controller_manager_msgs/srv/list_hardware_interfaces.hpp
[41.677s] -- Symlinking: /home/legacy/trr_robot_ws/install/controller_manager_msgs/include/controller_manager_msgs/srv/load_configure_controller.hpp
[41.704s] -- Symlinking: /home/legacy/trr_robot_ws/install/controller_manager_msgs/include/controller_manager_msgs/srv/load_controller.hpp
[41.728s] -- Symlinking: /home/legacy/trr_robot_ws/install/controller_manager_msgs/include/controller_manager_msgs/srv/load_start_controller.hpp
[41.752s] -- Symlinking: /home/legacy/trr_robot_ws/install/controller_manager_msgs/include/controller_manager_msgs/srv/reload_controller_libraries.hpp
[41.779s] -- Symlinking: /home/legacy/trr_robot_ws/install/controller_manager_msgs/include/controller_manager_msgs/srv/set_hardware_component_state.hpp
[41.806s] -- Symlinking: /home/legacy/trr_robot_ws/install/controller_manager_msgs/include/controller_manager_msgs/srv/switch_controller.hpp
[41.830s] -- Symlinking: /home/legacy/trr_robot_ws/install/controller_manager_msgs/include/controller_manager_msgs/srv/unload_controller.hpp
[41.855s] -- Symlinking: /home/legacy/trr_robot_ws/install/controller_manager_msgs/include/controller_manager_msgs/msg/detail/controller_state__rosidl_typesupport_introspection_cpp.hpp
[41.883s] -- Symlinking: /home/legacy/trr_robot_ws/install/controller_manager_msgs/include/controller_manager_msgs/msg/detail/hardware_component_state__rosidl_typesupport_introspection_cpp.hpp
[41.915s] -- Symlinking: /home/legacy/trr_robot_ws/install/controller_manager_msgs/include/controller_manager_msgs/msg/detail/hardware_interface__rosidl_typesupport_introspection_cpp.hpp
[41.939s] -- Symlinking: /home/legacy/trr_robot_ws/install/controller_manager_msgs/include/controller_manager_msgs/srv/detail/configure_controller__rosidl_typesupport_introspection_cpp.hpp
[41.963s] -- Symlinking: /home/legacy/trr_robot_ws/install/controller_manager_msgs/include/controller_manager_msgs/srv/detail/configure_start_controller__rosidl_typesupport_introspection_cpp.hpp
[41.990s] -- Symlinking: /home/legacy/trr_robot_ws/install/controller_manager_msgs/include/controller_manager_msgs/srv/detail/list_controller_types__rosidl_typesupport_introspection_cpp.hpp
[42.016s] -- Symlinking: /home/legacy/trr_robot_ws/install/controller_manager_msgs/include/controller_manager_msgs/srv/detail/list_controllers__rosidl_typesupport_introspection_cpp.hpp
[42.041s] -- Symlinking: /home/legacy/trr_robot_ws/install/controller_manager_msgs/include/controller_manager_msgs/srv/detail/list_hardware_components__rosidl_typesupport_introspection_cpp.hpp
[42.064s] -- Symlinking: /home/legacy/trr_robot_ws/install/controller_manager_msgs/include/controller_manager_msgs/srv/detail/list_hardware_interfaces__rosidl_typesupport_introspection_cpp.hpp
[42.091s] -- Symlinking: /home/legacy/trr_robot_ws/install/controller_manager_msgs/include/controller_manager_msgs/srv/detail/load_configure_controller__rosidl_typesupport_introspection_cpp.hpp
[42.116s] -- Symlinking: /home/legacy/trr_robot_ws/install/controller_manager_msgs/include/controller_manager_msgs/srv/detail/load_controller__rosidl_typesupport_introspection_cpp.hpp
[42.139s] -- Symlinking: /home/legacy/trr_robot_ws/install/controller_manager_msgs/include/controller_manager_msgs/srv/detail/load_start_controller__rosidl_typesupport_introspection_cpp.hpp
[42.162s] -- Symlinking: /home/legacy/trr_robot_ws/install/controller_manager_msgs/include/controller_manager_msgs/srv/detail/reload_controller_libraries__rosidl_typesupport_introspection_cpp.hpp
[42.188s] -- Symlinking: /home/legacy/trr_robot_ws/install/controller_manager_msgs/include/controller_manager_msgs/srv/detail/set_hardware_component_state__rosidl_typesupport_introspection_cpp.hpp
[42.216s] -- Symlinking: /home/legacy/trr_robot_ws/install/controller_manager_msgs/include/controller_manager_msgs/srv/detail/switch_controller__rosidl_typesupport_introspection_cpp.hpp
[42.241s] -- Symlinking: /home/legacy/trr_robot_ws/install/controller_manager_msgs/include/controller_manager_msgs/srv/detail/unload_controller__rosidl_typesupport_introspection_cpp.hpp
[42.265s] -- Symlinking: /home/legacy/trr_robot_ws/install/controller_manager_msgs/share/controller_manager_msgs/environment/pythonpath.sh
[42.292s] -- Symlinking: /home/legacy/trr_robot_ws/install/controller_manager_msgs/share/controller_manager_msgs/environment/pythonpath.dsv
[42.319s] -- Symlinking: /home/legacy/trr_robot_ws/install/controller_manager_msgs/lib/python3.8/site-packages/controller_manager_msgs/__init__.py
[42.344s] -- Symlinking: /home/legacy/trr_robot_ws/install/controller_manager_msgs/lib/python3.8/site-packages/controller_manager_msgs/msg/__init__.py
[42.368s] -- Symlinking: /home/legacy/trr_robot_ws/install/controller_manager_msgs/lib/python3.8/site-packages/controller_manager_msgs/msg/_controller_state.py
[42.395s] -- Symlinking: /home/legacy/trr_robot_ws/install/controller_manager_msgs/lib/python3.8/site-packages/controller_manager_msgs/msg/_hardware_component_state.py
[42.422s] -- Symlinking: /home/legacy/trr_robot_ws/install/controller_manager_msgs/lib/python3.8/site-packages/controller_manager_msgs/msg/_hardware_interface.py
[42.447s] -- Symlinking: /home/legacy/trr_robot_ws/install/controller_manager_msgs/lib/python3.8/site-packages/controller_manager_msgs/srv/__init__.py
[42.472s] -- Symlinking: /home/legacy/trr_robot_ws/install/controller_manager_msgs/lib/python3.8/site-packages/controller_manager_msgs/srv/_configure_controller.py
[42.499s] -- Symlinking: /home/legacy/trr_robot_ws/install/controller_manager_msgs/lib/python3.8/site-packages/controller_manager_msgs/srv/_configure_start_controller.py
[42.525s] -- Symlinking: /home/legacy/trr_robot_ws/install/controller_manager_msgs/lib/python3.8/site-packages/controller_manager_msgs/srv/_list_controller_types.py
[42.548s] -- Symlinking: /home/legacy/trr_robot_ws/install/controller_manager_msgs/lib/python3.8/site-packages/controller_manager_msgs/srv/_list_controllers.py
[42.573s] -- Symlinking: /home/legacy/trr_robot_ws/install/controller_manager_msgs/lib/python3.8/site-packages/controller_manager_msgs/srv/_list_hardware_components.py
[42.600s] -- Symlinking: /home/legacy/trr_robot_ws/install/controller_manager_msgs/lib/python3.8/site-packages/controller_manager_msgs/srv/_list_hardware_interfaces.py
[42.627s] -- Symlinking: /home/legacy/trr_robot_ws/install/controller_manager_msgs/lib/python3.8/site-packages/controller_manager_msgs/srv/_load_configure_controller.py
[42.650s] -- Symlinking: /home/legacy/trr_robot_ws/install/controller_manager_msgs/lib/python3.8/site-packages/controller_manager_msgs/srv/_load_controller.py
[42.675s] -- Symlinking: /home/legacy/trr_robot_ws/install/controller_manager_msgs/lib/python3.8/site-packages/controller_manager_msgs/srv/_load_start_controller.py
[42.704s] -- Symlinking: /home/legacy/trr_robot_ws/install/controller_manager_msgs/lib/python3.8/site-packages/controller_manager_msgs/srv/_reload_controller_libraries.py
[42.729s] -- Symlinking: /home/legacy/trr_robot_ws/install/controller_manager_msgs/lib/python3.8/site-packages/controller_manager_msgs/srv/_set_hardware_component_state.py
[42.753s] -- Symlinking: /home/legacy/trr_robot_ws/install/controller_manager_msgs/lib/python3.8/site-packages/controller_manager_msgs/srv/_switch_controller.py
[42.779s] -- Symlinking: /home/legacy/trr_robot_ws/install/controller_manager_msgs/lib/python3.8/site-packages/controller_manager_msgs/srv/_unload_controller.py
[42.808s] -- Symlinking: /home/legacy/trr_robot_ws/install/controller_manager_msgs/lib/python3.8/site-packages/controller_manager_msgs/controller_manager_msgs_s__rosidl_typesupport_fastrtps_c.cpython-38-x86_64-linux-gnu.so
[42.860s] -- Symlinking: /home/legacy/trr_robot_ws/install/controller_manager_msgs/lib/python3.8/site-packages/controller_manager_msgs/controller_manager_msgs_s__rosidl_typesupport_introspection_c.cpython-38-x86_64-linux-gnu.so
[42.912s] -- Symlinking: /home/legacy/trr_robot_ws/install/controller_manager_msgs/lib/python3.8/site-packages/controller_manager_msgs/controller_manager_msgs_s__rosidl_typesupport_c.cpython-38-x86_64-linux-gnu.so
[42.937s] -- Symlinking: /home/legacy/trr_robot_ws/install/controller_manager_msgs/lib/libcontroller_manager_msgs__python.so
[42.993s] -- Symlinking: /home/legacy/trr_robot_ws/install/controller_manager_msgs/share/controller_manager_msgs/msg/ControllerState.idl
[43.049s] -- Symlinking: /home/legacy/trr_robot_ws/install/controller_manager_msgs/share/controller_manager_msgs/msg/HardwareComponentState.idl
[43.105s] -- Symlinking: /home/legacy/trr_robot_ws/install/controller_manager_msgs/share/controller_manager_msgs/msg/HardwareInterface.idl
[43.167s] -- Symlinking: /home/legacy/trr_robot_ws/install/controller_manager_msgs/share/controller_manager_msgs/srv/ConfigureController.idl
[43.221s] -- Symlinking: /home/legacy/trr_robot_ws/install/controller_manager_msgs/share/controller_manager_msgs/srv/ConfigureStartController.idl
[43.274s] -- Symlinking: /home/legacy/trr_robot_ws/install/controller_manager_msgs/share/controller_manager_msgs/srv/ListControllers.idl
[43.328s] -- Symlinking: /home/legacy/trr_robot_ws/install/controller_manager_msgs/share/controller_manager_msgs/srv/ListControllerTypes.idl
[43.365s] -- Symlinking: /home/legacy/trr_robot_ws/install/controller_manager_msgs/share/controller_manager_msgs/srv/ListHardwareComponents.idl
[43.389s] -- Symlinking: /home/legacy/trr_robot_ws/install/controller_manager_msgs/share/controller_manager_msgs/srv/ListHardwareInterfaces.idl
[43.413s] -- Symlinking: /home/legacy/trr_robot_ws/install/controller_manager_msgs/share/controller_manager_msgs/srv/LoadConfigureController.idl
[43.439s] -- Symlinking: /home/legacy/trr_robot_ws/install/controller_manager_msgs/share/controller_manager_msgs/srv/LoadController.idl
[43.463s] -- Symlinking: /home/legacy/trr_robot_ws/install/controller_manager_msgs/share/controller_manager_msgs/srv/LoadStartController.idl
[43.488s] -- Symlinking: /home/legacy/trr_robot_ws/install/controller_manager_msgs/share/controller_manager_msgs/srv/ReloadControllerLibraries.idl
[43.512s] -- Symlinking: /home/legacy/trr_robot_ws/install/controller_manager_msgs/share/controller_manager_msgs/srv/SetHardwareComponentState.idl
[43.538s] -- Symlinking: /home/legacy/trr_robot_ws/install/controller_manager_msgs/share/controller_manager_msgs/srv/SwitchController.idl
[43.562s] -- Symlinking: /home/legacy/trr_robot_ws/install/controller_manager_msgs/share/controller_manager_msgs/srv/UnloadController.idl
[43.587s] -- Symlinking: /home/legacy/trr_robot_ws/install/controller_manager_msgs/share/controller_manager_msgs/msg/ControllerState.msg
[43.619s] -- Symlinking: /home/legacy/trr_robot_ws/install/controller_manager_msgs/share/controller_manager_msgs/msg/HardwareComponentState.msg
[43.677s] -- Symlinking: /home/legacy/trr_robot_ws/install/controller_manager_msgs/share/controller_manager_msgs/msg/HardwareInterface.msg
[43.741s] -- Symlinking: /home/legacy/trr_robot_ws/install/controller_manager_msgs/share/controller_manager_msgs/srv/ConfigureController.srv
[43.780s] -- Symlinking: /home/legacy/trr_robot_ws/install/controller_manager_msgs/share/controller_manager_msgs/srv/ConfigureController_Request.msg
[43.803s] -- Symlinking: /home/legacy/trr_robot_ws/install/controller_manager_msgs/share/controller_manager_msgs/srv/ConfigureController_Response.msg
[43.827s] -- Symlinking: /home/legacy/trr_robot_ws/install/controller_manager_msgs/share/controller_manager_msgs/srv/ConfigureStartController.srv
[43.851s] -- Symlinking: /home/legacy/trr_robot_ws/install/controller_manager_msgs/share/controller_manager_msgs/srv/ConfigureStartController_Request.msg
[43.875s] -- Symlinking: /home/legacy/trr_robot_ws/install/controller_manager_msgs/share/controller_manager_msgs/srv/ConfigureStartController_Response.msg
[43.899s] -- Symlinking: /home/legacy/trr_robot_ws/install/controller_manager_msgs/share/controller_manager_msgs/srv/ListControllers.srv
[43.923s] -- Symlinking: /home/legacy/trr_robot_ws/install/controller_manager_msgs/share/controller_manager_msgs/srv/ListControllers_Request.msg
[43.947s] -- Symlinking: /home/legacy/trr_robot_ws/install/controller_manager_msgs/share/controller_manager_msgs/srv/ListControllers_Response.msg
[43.971s] -- Symlinking: /home/legacy/trr_robot_ws/install/controller_manager_msgs/share/controller_manager_msgs/srv/ListControllerTypes.srv
[43.995s] -- Symlinking: /home/legacy/trr_robot_ws/install/controller_manager_msgs/share/controller_manager_msgs/srv/ListControllerTypes_Request.msg
[44.018s] -- Symlinking: /home/legacy/trr_robot_ws/install/controller_manager_msgs/share/controller_manager_msgs/srv/ListControllerTypes_Response.msg
[44.043s] -- Symlinking: /home/legacy/trr_robot_ws/install/controller_manager_msgs/share/controller_manager_msgs/srv/ListHardwareComponents.srv
[44.066s] -- Symlinking: /home/legacy/trr_robot_ws/install/controller_manager_msgs/share/controller_manager_msgs/srv/ListHardwareComponents_Request.msg
[44.091s] -- Symlinking: /home/legacy/trr_robot_ws/install/controller_manager_msgs/share/controller_manager_msgs/srv/ListHardwareComponents_Response.msg
[44.115s] -- Symlinking: /home/legacy/trr_robot_ws/install/controller_manager_msgs/share/controller_manager_msgs/srv/ListHardwareInterfaces.srv
[44.139s] -- Symlinking: /home/legacy/trr_robot_ws/install/controller_manager_msgs/share/controller_manager_msgs/srv/ListHardwareInterfaces_Request.msg
[44.162s] -- Symlinking: /home/legacy/trr_robot_ws/install/controller_manager_msgs/share/controller_manager_msgs/srv/ListHardwareInterfaces_Response.msg
[44.186s] -- Symlinking: /home/legacy/trr_robot_ws/install/controller_manager_msgs/share/controller_manager_msgs/srv/LoadConfigureController.srv
[44.210s] -- Symlinking: /home/legacy/trr_robot_ws/install/controller_manager_msgs/share/controller_manager_msgs/srv/LoadConfigureController_Request.msg
[44.233s] -- Symlinking: /home/legacy/trr_robot_ws/install/controller_manager_msgs/share/controller_manager_msgs/srv/LoadConfigureController_Response.msg
[44.256s] -- Symlinking: /home/legacy/trr_robot_ws/install/controller_manager_msgs/share/controller_manager_msgs/srv/LoadController.srv
[44.281s] -- Symlinking: /home/legacy/trr_robot_ws/install/controller_manager_msgs/share/controller_manager_msgs/srv/LoadController_Request.msg
[44.303s] -- Symlinking: /home/legacy/trr_robot_ws/install/controller_manager_msgs/share/controller_manager_msgs/srv/LoadController_Response.msg
[44.326s] -- Symlinking: /home/legacy/trr_robot_ws/install/controller_manager_msgs/share/controller_manager_msgs/srv/LoadStartController.srv
[44.347s] -- Symlinking: /home/legacy/trr_robot_ws/install/controller_manager_msgs/share/controller_manager_msgs/srv/LoadStartController_Request.msg
[44.369s] -- Symlinking: /home/legacy/trr_robot_ws/install/controller_manager_msgs/share/controller_manager_msgs/srv/LoadStartController_Response.msg
[44.391s] -- Symlinking: /home/legacy/trr_robot_ws/install/controller_manager_msgs/share/controller_manager_msgs/srv/ReloadControllerLibraries.srv
[44.414s] -- Symlinking: /home/legacy/trr_robot_ws/install/controller_manager_msgs/share/controller_manager_msgs/srv/ReloadControllerLibraries_Request.msg
[44.438s] -- Symlinking: /home/legacy/trr_robot_ws/install/controller_manager_msgs/share/controller_manager_msgs/srv/ReloadControllerLibraries_Response.msg
[44.454s] -- Symlinking: /home/legacy/trr_robot_ws/install/controller_manager_msgs/share/controller_manager_msgs/srv/SetHardwareComponentState.srv
[44.474s] -- Symlinking: /home/legacy/trr_robot_ws/install/controller_manager_msgs/share/controller_manager_msgs/srv/SetHardwareComponentState_Request.msg
[44.496s] -- Symlinking: /home/legacy/trr_robot_ws/install/controller_manager_msgs/share/controller_manager_msgs/srv/SetHardwareComponentState_Response.msg
[44.519s] -- Symlinking: /home/legacy/trr_robot_ws/install/controller_manager_msgs/share/controller_manager_msgs/srv/SwitchController.srv
[44.564s] -- Symlinking: /home/legacy/trr_robot_ws/install/controller_manager_msgs/share/controller_manager_msgs/srv/SwitchController_Request.msg
[44.627s] -- Symlinking: /home/legacy/trr_robot_ws/install/controller_manager_msgs/share/controller_manager_msgs/srv/SwitchController_Response.msg
[44.654s] -- Symlinking: /home/legacy/trr_robot_ws/install/controller_manager_msgs/share/controller_manager_msgs/srv/UnloadController.srv
[44.679s] -- Symlinking: /home/legacy/trr_robot_ws/install/controller_manager_msgs/share/controller_manager_msgs/srv/UnloadController_Request.msg
[44.705s] -- Symlinking: /home/legacy/trr_robot_ws/install/controller_manager_msgs/share/controller_manager_msgs/srv/UnloadController_Response.msg
[44.732s] -- Symlinking: /home/legacy/trr_robot_ws/install/controller_manager_msgs/share/ament_index/resource_index/package_run_dependencies/controller_manager_msgs
[44.757s] -- Symlinking: /home/legacy/trr_robot_ws/install/controller_manager_msgs/share/ament_index/resource_index/parent_prefix_path/controller_manager_msgs
[44.783s] -- Symlinking: /home/legacy/trr_robot_ws/install/controller_manager_msgs/share/controller_manager_msgs/environment/ament_prefix_path.sh
[44.808s] -- Symlinking: /home/legacy/trr_robot_ws/install/controller_manager_msgs/share/controller_manager_msgs/environment/ament_prefix_path.dsv
[44.833s] -- Symlinking: /home/legacy/trr_robot_ws/install/controller_manager_msgs/share/controller_manager_msgs/environment/path.sh
[44.858s] -- Symlinking: /home/legacy/trr_robot_ws/install/controller_manager_msgs/share/controller_manager_msgs/environment/path.dsv
[44.884s] -- Symlinking: /home/legacy/trr_robot_ws/install/controller_manager_msgs/share/controller_manager_msgs/local_setup.bash
[44.910s] -- Symlinking: /home/legacy/trr_robot_ws/install/controller_manager_msgs/share/controller_manager_msgs/local_setup.sh
[44.935s] -- Symlinking: /home/legacy/trr_robot_ws/install/controller_manager_msgs/share/controller_manager_msgs/local_setup.zsh
[44.961s] -- Symlinking: /home/legacy/trr_robot_ws/install/controller_manager_msgs/share/controller_manager_msgs/local_setup.dsv
[44.991s] -- Symlinking: /home/legacy/trr_robot_ws/install/controller_manager_msgs/share/controller_manager_msgs/package.dsv
[45.018s] -- Symlinking: /home/legacy/trr_robot_ws/install/controller_manager_msgs/share/ament_index/resource_index/packages/controller_manager_msgs
[45.042s] -- Symlinking: /home/legacy/trr_robot_ws/install/controller_manager_msgs/share/controller_manager_msgs/cmake/rosidl_cmake-extras.cmake
[45.067s] -- Symlinking: /home/legacy/trr_robot_ws/install/controller_manager_msgs/share/controller_manager_msgs/cmake/ament_cmake_export_dependencies-extras.cmake
[45.090s] -- Symlinking: /home/legacy/trr_robot_ws/install/controller_manager_msgs/share/controller_manager_msgs/cmake/ament_cmake_export_libraries-extras.cmake
[45.113s] -- Symlinking: /home/legacy/trr_robot_ws/install/controller_manager_msgs/share/controller_manager_msgs/cmake/ament_cmake_export_targets-extras.cmake
[45.136s] -- Symlinking: /home/legacy/trr_robot_ws/install/controller_manager_msgs/share/controller_manager_msgs/cmake/ament_cmake_export_include_directories-extras.cmake
[45.159s] -- Symlinking: /home/legacy/trr_robot_ws/install/controller_manager_msgs/share/controller_manager_msgs/cmake/rosidl_cmake_export_typesupport_libraries-extras.cmake
[45.183s] -- Symlinking: /home/legacy/trr_robot_ws/install/controller_manager_msgs/share/controller_manager_msgs/cmake/rosidl_cmake_export_typesupport_targets-extras.cmake
[45.207s] -- Symlinking: /home/legacy/trr_robot_ws/install/controller_manager_msgs/share/controller_manager_msgs/cmake/controller_manager_msgsConfig.cmake
[45.229s] -- Symlinking: /home/legacy/trr_robot_ws/install/controller_manager_msgs/share/controller_manager_msgs/cmake/controller_manager_msgsConfig-version.cmake
[45.251s] -- Symlinking: /home/legacy/trr_robot_ws/install/controller_manager_msgs/share/controller_manager_msgs/package.xml
[45.272s] -- Installing: /home/legacy/trr_robot_ws/install/controller_manager_msgs/lib/libcontroller_manager_msgs__rosidl_generator_c.so
[45.293s] -- Set runtime path of "/home/legacy/trr_robot_ws/install/controller_manager_msgs/lib/libcontroller_manager_msgs__rosidl_generator_c.so" to ""
[45.293s] -- Installing: /home/legacy/trr_robot_ws/install/controller_manager_msgs/lib/libcontroller_manager_msgs__rosidl_typesupport_introspection_c.so
[45.295s] -- Set runtime path of "/home/legacy/trr_robot_ws/install/controller_manager_msgs/lib/libcontroller_manager_msgs__rosidl_typesupport_introspection_c.so" to ""
[45.295s] -- Installing: /home/legacy/trr_robot_ws/install/controller_manager_msgs/lib/libcontroller_manager_msgs__rosidl_typesupport_c.so
[45.297s] -- Set runtime path of "/home/legacy/trr_robot_ws/install/controller_manager_msgs/lib/libcontroller_manager_msgs__rosidl_typesupport_c.so" to ""
[45.297s] -- Installing: /home/legacy/trr_robot_ws/install/controller_manager_msgs/lib/libcontroller_manager_msgs__rosidl_typesupport_introspection_cpp.so
[45.300s] -- Set runtime path of "/home/legacy/trr_robot_ws/install/controller_manager_msgs/lib/libcontroller_manager_msgs__rosidl_typesupport_introspection_cpp.so" to ""
[45.300s] -- Installing: /home/legacy/trr_robot_ws/install/controller_manager_msgs/lib/libcontroller_manager_msgs__rosidl_typesupport_cpp.so
[45.302s] -- Set runtime path of "/home/legacy/trr_robot_ws/install/controller_manager_msgs/lib/libcontroller_manager_msgs__rosidl_typesupport_cpp.so" to ""
[45.384s] Compiling '/home/legacy/trr_robot_ws/install/controller_manager_msgs/lib/python3.8/site-packages/controller_manager_msgs/__init__.py'...
[45.394s] -- Installing: /home/legacy/trr_robot_ws/install/controller_manager_msgs/share/controller_manager_msgs/cmake/controller_manager_msgs__rosidl_generator_cExport.cmake
[45.394s] -- Installing: /home/legacy/trr_robot_ws/install/controller_manager_msgs/share/controller_manager_msgs/cmake/controller_manager_msgs__rosidl_generator_cExport-noconfig.cmake
[45.395s] -- Installing: /home/legacy/trr_robot_ws/install/controller_manager_msgs/share/controller_manager_msgs/cmake/controller_manager_msgs__rosidl_typesupport_introspection_cExport.cmake
[45.395s] -- Installing: /home/legacy/trr_robot_ws/install/controller_manager_msgs/share/controller_manager_msgs/cmake/controller_manager_msgs__rosidl_typesupport_introspection_cExport-noconfig.cmake
[45.396s] -- Installing: /home/legacy/trr_robot_ws/install/controller_manager_msgs/share/controller_manager_msgs/cmake/controller_manager_msgs__rosidl_typesupport_cExport.cmake
[45.397s] -- Installing: /home/legacy/trr_robot_ws/install/controller_manager_msgs/share/controller_manager_msgs/cmake/controller_manager_msgs__rosidl_typesupport_cExport-noconfig.cmake
[45.397s] -- Installing: /home/legacy/trr_robot_ws/install/controller_manager_msgs/share/controller_manager_msgs/cmake/controller_manager_msgs__rosidl_generator_cppExport.cmake
[45.398s] -- Installing: /home/legacy/trr_robot_ws/install/controller_manager_msgs/share/controller_manager_msgs/cmake/controller_manager_msgs__rosidl_typesupport_introspection_cppExport.cmake
[45.399s] -- Installing: /home/legacy/trr_robot_ws/install/controller_manager_msgs/share/controller_manager_msgs/cmake/controller_manager_msgs__rosidl_typesupport_introspection_cppExport-noconfig.cmake
[45.399s] -- Installing: /home/legacy/trr_robot_ws/install/controller_manager_msgs/share/controller_manager_msgs/cmake/controller_manager_msgs__rosidl_typesupport_cppExport.cmake
[45.400s] -- Installing: /home/legacy/trr_robot_ws/install/controller_manager_msgs/share/controller_manager_msgs/cmake/controller_manager_msgs__rosidl_typesupport_cppExport-noconfig.cmake
[45.408s] Invoked command in '/home/legacy/trr_robot_ws/build/controller_manager_msgs' returned '0': CMAKE_PREFIX_PATH=/opt/ros/foxy /usr/bin/cmake --install /home/legacy/trr_robot_ws/build/controller_manager_msgs
