[0.216s] Invoking command in '/home/legacy/trr_robot_ws/build/robot': PYTHONPATH=/home/legacy/trr_robot_ws/install/robot/lib/python3.8/site-packages:${PYTHONPATH} /usr/bin/python3 setup.py develop --prefix /home/legacy/trr_robot_ws/install/robot --uninstall --editable --build-directory /home/legacy/trr_robot_ws/build/robot/build
[0.419s] running develop
[0.560s] Invoked command in '/home/legacy/trr_robot_ws/build/robot' returned '0': PYTHONPATH=/home/legacy/trr_robot_ws/install/robot/lib/python3.8/site-packages:${PYTHONPATH} /usr/bin/python3 setup.py develop --prefix /home/legacy/trr_robot_ws/install/robot --uninstall --editable --build-directory /home/legacy/trr_robot_ws/build/robot/build
[0.561s] Invoking command in '/home/legacy/trr_robot_ws/src/robot': PYTHONPATH=/home/legacy/trr_robot_ws/install/robot/lib/python3.8/site-packages:${PYTHONPATH} /usr/bin/python3 setup.py egg_info --egg-base ../../build/robot build --build-base /home/legacy/trr_robot_ws/build/robot/build install --prefix /home/legacy/trr_robot_ws/install/robot --record /home/legacy/trr_robot_ws/build/robot/install.log --single-version-externally-managed
[0.746s] running egg_info
[0.747s] writing ../../build/robot/robot.egg-info/PKG-INFO
[0.747s] writing dependency_links to ../../build/robot/robot.egg-info/dependency_links.txt
[0.747s] writing entry points to ../../build/robot/robot.egg-info/entry_points.txt
[0.747s] writing requirements to ../../build/robot/robot.egg-info/requires.txt
[0.747s] writing top-level names to ../../build/robot/robot.egg-info/top_level.txt
[0.775s] reading manifest file '../../build/robot/robot.egg-info/SOURCES.txt'
[0.776s] writing manifest file '../../build/robot/robot.egg-info/SOURCES.txt'
[0.776s] running build
[0.776s] running build_py
[0.776s] running install
[0.777s] running install_lib
[0.778s] running install_data
[0.778s] copying meshes/Link_2.STL -> /home/legacy/trr_robot_ws/install/robot/share/robot
[0.779s] copying meshes/Link_1.STL -> /home/legacy/trr_robot_ws/install/robot/share/robot
[0.779s] copying meshes/Link_3.STL -> /home/legacy/trr_robot_ws/install/robot/share/robot
[0.779s] copying meshes/base_link.STL -> /home/legacy/trr_robot_ws/install/robot/share/robot
[0.779s] running install_egg_info
[0.780s] removing '/home/legacy/trr_robot_ws/install/robot/lib/python3.8/site-packages/robot-0.0.0-py3.8.egg-info' (and everything under it)
[0.780s] Copying ../../build/robot/robot.egg-info to /home/legacy/trr_robot_ws/install/robot/lib/python3.8/site-packages/robot-0.0.0-py3.8.egg-info
[0.781s] running install_scripts
[0.794s] Installing move_joints_gazebo script to /home/legacy/trr_robot_ws/install/robot/lib/robot
[0.794s] Installing state_publisher script to /home/legacy/trr_robot_ws/install/robot/lib/robot
[0.794s] writing list of installed files to '/home/legacy/trr_robot_ws/build/robot/install.log'
[0.811s] Invoked command in '/home/legacy/trr_robot_ws/src/robot' returned '0': PYTHONPATH=/home/legacy/trr_robot_ws/install/robot/lib/python3.8/site-packages:${PYTHONPATH} /usr/bin/python3 setup.py egg_info --egg-base ../../build/robot build --build-base /home/legacy/trr_robot_ws/build/robot/build install --prefix /home/legacy/trr_robot_ws/install/robot --record /home/legacy/trr_robot_ws/build/robot/install.log --single-version-externally-managed
