[0.007s] Invoking command in '/home/legacy/trr_robot_ws/build/hardware_interface': AMENT_PREFIX_PATH=/home/legacy/trr_robot_ws/install/ros2_control_test_assets:${AMENT_PREFIX_PATH} CMAKE_PREFIX_PATH=/home/legacy/trr_robot_ws/install/ros2_control_test_assets:/opt/ros/foxy /usr/bin/cmake /home/legacy/trr_robot_ws/src/ros2_control/hardware_interface -DCMAKE_INSTALL_PREFIX=/home/legacy/trr_robot_ws/install/hardware_interface
[0.061s] -- The C compiler identification is GNU 9.3.0
[0.119s] -- The CXX compiler identification is GNU 9.3.0
[0.125s] -- Check for working C compiler: /usr/bin/cc
[0.197s] -- Check for working C compiler: /usr/bin/cc -- works
[0.198s] -- Detecting C compiler ABI info
[0.266s] -- Detecting C compiler ABI info - done
[0.277s] -- Detecting C compile features
[0.277s] -- Detecting C compile features - done
[0.280s] -- Check for working CXX compiler: /usr/bin/c++
[0.358s] -- Check for working CXX compiler: /usr/bin/c++ -- works
[0.359s] -- Detecting CXX compiler ABI info
[0.436s] -- Detecting CXX compiler ABI info - done
[0.448s] -- Detecting CXX compile features
[0.448s] -- Detecting CXX compile features - done
[0.451s] -- Found ament_cmake: 0.9.8 (/opt/ros/foxy/share/ament_cmake/cmake)
[0.472s] -- Found PythonInterp: /usr/bin/python3 (found suitable version "3.8.10", minimum required is "3") 
[0.473s] -- Using PYTHON_EXECUTABLE: /usr/bin/python3
[0.676s] CMake Error at CMakeLists.txt:9 (find_package):
[0.676s]   By not providing "Findcontrol_msgs.cmake" in CMAKE_MODULE_PATH this project
[0.676s]   has asked CMake to find a package configuration file provided by
[0.676s]   "control_msgs", but CMake did not find one.
[0.677s] 
[0.677s]   Could not find a package configuration file provided by "control_msgs" with
[0.677s]   any of the following names:
[0.677s] 
[0.677s]     control_msgsConfig.cmake
[0.677s]     control_msgs-config.cmake
[0.677s] 
[0.677s]   Add the installation prefix of "control_msgs" to CMAKE_PREFIX_PATH or set
[0.677s]   "control_msgs_DIR" to a directory containing one of the above files.  If
[0.677s]   "control_msgs" provides a separate development package or SDK, be sure it
[0.677s]   has been installed.
[0.678s] 
[0.678s] 
[0.678s] -- Configuring incomplete, errors occurred!
[0.678s] See also "/home/legacy/trr_robot_ws/build/hardware_interface/CMakeFiles/CMakeOutput.log".
[0.680s] Invoked command in '/home/legacy/trr_robot_ws/build/hardware_interface' returned '1': AMENT_PREFIX_PATH=/home/legacy/trr_robot_ws/install/ros2_control_test_assets:${AMENT_PREFIX_PATH} CMAKE_PREFIX_PATH=/home/legacy/trr_robot_ws/install/ros2_control_test_assets:/opt/ros/foxy /usr/bin/cmake /home/legacy/trr_robot_ws/src/ros2_control/hardware_interface -DCMAKE_INSTALL_PREFIX=/home/legacy/trr_robot_ws/install/hardware_interface
