[0.223s] Invoking command in '/home/legacy/trr_robot_ws/src/robot': PYTHONPATH=/home/legacy/trr_robot_ws/install/robot/lib/python3.8/site-packages:${PYTHONPATH} /usr/bin/python3 setup.py egg_info --egg-base ../../build/robot build --build-base /home/legacy/trr_robot_ws/build/robot/build install --prefix /home/legacy/trr_robot_ws/install/robot --record /home/legacy/trr_robot_ws/build/robot/install.log --single-version-externally-managed
[0.421s] running egg_info
[0.421s] writing ../../build/robot/robot.egg-info/PKG-INFO
[0.421s] writing dependency_links to ../../build/robot/robot.egg-info/dependency_links.txt
[0.422s] writing entry points to ../../build/robot/robot.egg-info/entry_points.txt
[0.422s] writing requirements to ../../build/robot/robot.egg-info/requires.txt
[0.422s] writing top-level names to ../../build/robot/robot.egg-info/top_level.txt
[0.453s] reading manifest file '../../build/robot/robot.egg-info/SOURCES.txt'
[0.454s] writing manifest file '../../build/robot/robot.egg-info/SOURCES.txt'
[0.454s] running build
[0.454s] running build_py
[0.455s] running install
[0.455s] running install_lib
[0.456s] running install_data
[0.457s] copying urdf/trr.urdf.xml -> /home/legacy/trr_robot_ws/install/robot/share/robot
[0.457s] running install_egg_info
[0.458s] removing '/home/legacy/trr_robot_ws/install/robot/lib/python3.8/site-packages/robot-0.0.0-py3.8.egg-info' (and everything under it)
[0.459s] Copying ../../build/robot/robot.egg-info to /home/legacy/trr_robot_ws/install/robot/lib/python3.8/site-packages/robot-0.0.0-py3.8.egg-info
[0.459s] running install_scripts
[0.475s] writing list of installed files to '/home/legacy/trr_robot_ws/build/robot/install.log'
[0.492s] Invoked command in '/home/legacy/trr_robot_ws/src/robot' returned '0': PYTHONPATH=/home/legacy/trr_robot_ws/install/robot/lib/python3.8/site-packages:${PYTHONPATH} /usr/bin/python3 setup.py egg_info --egg-base ../../build/robot build --build-base /home/legacy/trr_robot_ws/build/robot/build install --prefix /home/legacy/trr_robot_ws/install/robot --record /home/legacy/trr_robot_ws/build/robot/install.log --single-version-externally-managed
