[0.342s] Invoking command in '/home/legacy/trr_robot_ws/build/rrbot_description': CMAKE_PREFIX_PATH=/opt/ros/foxy /usr/bin/cmake /home/legacy/trr_robot_ws/src/ros2_control_demos/ros2_control_demo_description/rrbot_description -DCMAKE_INSTALL_PREFIX=/home/legacy/trr_robot_ws/install/rrbot_description
[0.742s] -- The C compiler identification is GNU 9.3.0
[0.742s] -- The CXX compiler identification is GNU 9.3.0
[0.742s] -- Check for working C compiler: /usr/bin/cc
[0.742s] -- Check for working C compiler: /usr/bin/cc -- works
[0.743s] -- Detecting C compiler ABI info
[0.755s] -- Detecting C compiler ABI info - done
[0.791s] -- Detecting C compile features
[0.792s] -- Detecting C compile features - done
[0.799s] -- Check for working CXX compiler: /usr/bin/c++
[0.997s] -- Check for working CXX compiler: /usr/bin/c++ -- works
[1.000s] -- Detecting CXX compiler ABI info
[1.169s] -- Detecting CXX compiler ABI info - done
[1.200s] -- Detecting CXX compile features
[1.201s] -- Detecting CXX compile features - done
[1.204s] -- Found ament_cmake: 0.9.8 (/opt/ros/foxy/share/ament_cmake/cmake)
[1.249s] -- Found PythonInterp: /usr/bin/python3 (found suitable version "3.8.10", minimum required is "3") 
[1.250s] -- Using PYTHON_EXECUTABLE: /usr/bin/python3
[1.649s] -- Configuring done
[1.652s] -- Generating done
[1.653s] -- Build files have been written to: /home/legacy/trr_robot_ws/build/rrbot_description
[1.657s] Invoked command in '/home/legacy/trr_robot_ws/build/rrbot_description' returned '0': CMAKE_PREFIX_PATH=/opt/ros/foxy /usr/bin/cmake /home/legacy/trr_robot_ws/src/ros2_control_demos/ros2_control_demo_description/rrbot_description -DCMAKE_INSTALL_PREFIX=/home/legacy/trr_robot_ws/install/rrbot_description
[1.661s] Invoking command in '/home/legacy/trr_robot_ws/build/rrbot_description': CMAKE_PREFIX_PATH=/opt/ros/foxy /usr/bin/cmake --build /home/legacy/trr_robot_ws/build/rrbot_description -- -j8 -l8
[1.710s] Invoked command in '/home/legacy/trr_robot_ws/build/rrbot_description' returned '0': CMAKE_PREFIX_PATH=/opt/ros/foxy /usr/bin/cmake --build /home/legacy/trr_robot_ws/build/rrbot_description -- -j8 -l8
[1.741s] Invoking command in '/home/legacy/trr_robot_ws/build/rrbot_description': CMAKE_PREFIX_PATH=/opt/ros/foxy /usr/bin/cmake --install /home/legacy/trr_robot_ws/build/rrbot_description
[1.751s] -- Install configuration: ""
[1.752s] -- Installing: /home/legacy/trr_robot_ws/install/rrbot_description/share/rrbot_description/config
[1.752s] -- Installing: /home/legacy/trr_robot_ws/install/rrbot_description/share/rrbot_description/config/rrbot.rviz
[1.752s] -- Installing: /home/legacy/trr_robot_ws/install/rrbot_description/share/rrbot_description/gazebo
[1.752s] -- Installing: /home/legacy/trr_robot_ws/install/rrbot_description/share/rrbot_description/gazebo/rrbot.materials.xacro
[1.753s] -- Installing: /home/legacy/trr_robot_ws/install/rrbot_description/share/rrbot_description/gazebo/rrbot.gazebo.xacro
[1.753s] -- Installing: /home/legacy/trr_robot_ws/install/rrbot_description/share/rrbot_description/meshes
[1.753s] -- Installing: /home/legacy/trr_robot_ws/install/rrbot_description/share/rrbot_description/meshes/hokuyo.dae
[1.753s] -- Installing: /home/legacy/trr_robot_ws/install/rrbot_description/share/rrbot_description/launch
[1.754s] -- Installing: /home/legacy/trr_robot_ws/install/rrbot_description/share/rrbot_description/launch/view_robot.launch.py
[1.754s] -- Installing: /home/legacy/trr_robot_ws/install/rrbot_description/share/rrbot_description/ros2_control
[1.754s] -- Installing: /home/legacy/trr_robot_ws/install/rrbot_description/share/rrbot_description/ros2_control/rrbot_system_with_sensor.ros2_control.xacro
[1.754s] -- Installing: /home/legacy/trr_robot_ws/install/rrbot_description/share/rrbot_description/ros2_control/rrbot_modular_actuators.ros2_control.xacro
[1.755s] -- Installing: /home/legacy/trr_robot_ws/install/rrbot_description/share/rrbot_description/ros2_control/external_rrbot_force_torque_sensor.ros2_control.xacro
[1.755s] -- Installing: /home/legacy/trr_robot_ws/install/rrbot_description/share/rrbot_description/ros2_control/rrbot_system_multi_interface.ros2_control.xacro
[1.755s] -- Installing: /home/legacy/trr_robot_ws/install/rrbot_description/share/rrbot_description/ros2_control/rrbot.ros2_control.xacro
[1.755s] -- Installing: /home/legacy/trr_robot_ws/install/rrbot_description/share/rrbot_description/ros2_control/rrbot_system_position_only.ros2_control.xacro
[1.755s] -- Installing: /home/legacy/trr_robot_ws/install/rrbot_description/share/rrbot_description/urdf
[1.756s] -- Installing: /home/legacy/trr_robot_ws/install/rrbot_description/share/rrbot_description/urdf/rrbot_system_with_external_sensor.urdf.xacro
[1.756s] -- Installing: /home/legacy/trr_robot_ws/install/rrbot_description/share/rrbot_description/urdf/rrbot_modular_actuators.urdf.xacro
[1.756s] -- Installing: /home/legacy/trr_robot_ws/install/rrbot_description/share/rrbot_description/urdf/rrbot_description.urdf.xacro
[1.756s] -- Installing: /home/legacy/trr_robot_ws/install/rrbot_description/share/rrbot_description/urdf/rrbot_system_position_only.urdf.xacro
[1.756s] -- Installing: /home/legacy/trr_robot_ws/install/rrbot_description/share/rrbot_description/urdf/rrbot.urdf.xacro
[1.757s] -- Installing: /home/legacy/trr_robot_ws/install/rrbot_description/share/rrbot_description/urdf/rrbot_system_multi_interface.urdf.xacro
[1.757s] -- Installing: /home/legacy/trr_robot_ws/install/rrbot_description/share/rrbot_description/urdf/rrbot_system_with_sensor.urdf.xacro
[1.757s] -- Installing: /home/legacy/trr_robot_ws/install/rrbot_description/share/rrbot_description/environment/rrbot_description.dsv
[1.757s] -- Installing: /home/legacy/trr_robot_ws/install/rrbot_description/share/ament_index/resource_index/package_run_dependencies/rrbot_description
[1.757s] -- Installing: /home/legacy/trr_robot_ws/install/rrbot_description/share/ament_index/resource_index/parent_prefix_path/rrbot_description
[1.757s] -- Installing: /home/legacy/trr_robot_ws/install/rrbot_description/share/rrbot_description/environment/ament_prefix_path.sh
[1.758s] -- Installing: /home/legacy/trr_robot_ws/install/rrbot_description/share/rrbot_description/environment/ament_prefix_path.dsv
[1.758s] -- Installing: /home/legacy/trr_robot_ws/install/rrbot_description/share/rrbot_description/environment/path.sh
[1.758s] -- Installing: /home/legacy/trr_robot_ws/install/rrbot_description/share/rrbot_description/environment/path.dsv
[1.758s] -- Installing: /home/legacy/trr_robot_ws/install/rrbot_description/share/rrbot_description/local_setup.bash
[1.758s] -- Installing: /home/legacy/trr_robot_ws/install/rrbot_description/share/rrbot_description/local_setup.sh
[1.758s] -- Installing: /home/legacy/trr_robot_ws/install/rrbot_description/share/rrbot_description/local_setup.zsh
[1.758s] -- Installing: /home/legacy/trr_robot_ws/install/rrbot_description/share/rrbot_description/local_setup.dsv
[1.758s] -- Installing: /home/legacy/trr_robot_ws/install/rrbot_description/share/rrbot_description/package.dsv
[1.759s] -- Installing: /home/legacy/trr_robot_ws/install/rrbot_description/share/ament_index/resource_index/packages/rrbot_description
[1.759s] -- Installing: /home/legacy/trr_robot_ws/install/rrbot_description/share/rrbot_description/cmake/rrbot_descriptionConfig.cmake
[1.759s] -- Installing: /home/legacy/trr_robot_ws/install/rrbot_description/share/rrbot_description/cmake/rrbot_descriptionConfig-version.cmake
[1.759s] -- Installing: /home/legacy/trr_robot_ws/install/rrbot_description/share/rrbot_description/package.xml
[1.762s] Invoked command in '/home/legacy/trr_robot_ws/build/rrbot_description' returned '0': CMAKE_PREFIX_PATH=/opt/ros/foxy /usr/bin/cmake --install /home/legacy/trr_robot_ws/build/rrbot_description
