[0.216s] Invoking command in '/home/legacy/trr_robot_ws/src/robot': PYTHONPATH=/home/legacy/trr_robot_ws/install/robot/lib/python3.8/site-packages:${PYTHONPATH} /usr/bin/python3 setup.py egg_info --egg-base ../../build/robot build --build-base /home/legacy/trr_robot_ws/build/robot/build install --prefix /home/legacy/trr_robot_ws/install/robot --record /home/legacy/trr_robot_ws/build/robot/install.log --single-version-externally-managed
[0.397s] running egg_info
[0.397s] writing ../../build/robot/robot.egg-info/PKG-INFO
[0.397s] writing dependency_links to ../../build/robot/robot.egg-info/dependency_links.txt
[0.397s] writing entry points to ../../build/robot/robot.egg-info/entry_points.txt
[0.398s] writing requirements to ../../build/robot/robot.egg-info/requires.txt
[0.398s] writing top-level names to ../../build/robot/robot.egg-info/top_level.txt
[0.426s] reading manifest file '../../build/robot/robot.egg-info/SOURCES.txt'
[0.426s] writing manifest file '../../build/robot/robot.egg-info/SOURCES.txt'
[0.427s] running build
[0.427s] running build_py
[0.427s] running install
[0.427s] running install_lib
[0.429s] running install_data
[0.429s] running install_egg_info
[0.431s] removing '/home/legacy/trr_robot_ws/install/robot/lib/python3.8/site-packages/robot-0.0.0-py3.8.egg-info' (and everything under it)
[0.431s] Copying ../../build/robot/robot.egg-info to /home/legacy/trr_robot_ws/install/robot/lib/python3.8/site-packages/robot-0.0.0-py3.8.egg-info
[0.432s] running install_scripts
[0.445s] Installing state_publisher = robot.state_publisher:mainmove_joints_gazebo script to /home/legacy/trr_robot_ws/install/robot/lib/robot
[0.446s] writing list of installed files to '/home/legacy/trr_robot_ws/build/robot/install.log'
[0.462s] Invoked command in '/home/legacy/trr_robot_ws/src/robot' returned '0': PYTHONPATH=/home/legacy/trr_robot_ws/install/robot/lib/python3.8/site-packages:${PYTHONPATH} /usr/bin/python3 setup.py egg_info --egg-base ../../build/robot build --build-base /home/legacy/trr_robot_ws/build/robot/build install --prefix /home/legacy/trr_robot_ws/install/robot --record /home/legacy/trr_robot_ws/build/robot/install.log --single-version-externally-managed
