[0.017s] Invoking command in '/home/legacy/trr_robot_ws/build/transmission_interface': AMENT_PREFIX_PATH=/home/legacy/trr_robot_ws/install/hardware_interface:${AMENT_PREFIX_PATH} CMAKE_PREFIX_PATH=/home/legacy/trr_robot_ws/install/hardware_interface:/opt/ros/foxy LD_LIBRARY_PATH=/home/legacy/trr_robot_ws/install/hardware_interface/lib:${LD_LIBRARY_PATH} /usr/bin/cmake --build /home/legacy/trr_robot_ws/build/transmission_interface -- -j8 -l8
[0.048s] -- Found ament_cmake: 0.9.8 (/opt/ros/foxy/share/ament_cmake/cmake)
[0.079s] -- Using PYTHON_EXECUTABLE: /usr/bin/python3
[0.308s] -- Found hardware_interface: 1.2.0 (/home/legacy/trr_robot_ws/install/hardware_interface/share/hardware_interface/cmake)
[0.336s] -- Using all available rosidl_typesupport_c: rosidl_typesupport_fastrtps_c;rosidl_typesupport_introspection_c
[0.340s] -- Found rosidl_adapter: 1.2.1 (/opt/ros/foxy/share/rosidl_adapter/cmake)
[0.503s] -- Using all available rosidl_typesupport_cpp: rosidl_typesupport_fastrtps_cpp;rosidl_typesupport_introspection_cpp
[1.132s] -- Found ament_cmake_gmock: 0.9.8 (/opt/ros/foxy/share/ament_cmake_gmock/cmake)
[1.133s] -- Found ament_lint_auto: 0.9.6 (/opt/ros/foxy/share/ament_lint_auto/cmake)
[1.209s] -- Found gmock sources under '/opt/ros/foxy/src/gmock_vendor': C++ tests using 'Google Mock' will be built
[1.211s] -- Found ament_cmake_gtest: 0.9.8 (/opt/ros/foxy/share/ament_cmake_gtest/cmake)
[1.212s] -- Found gtest sources under '/opt/ros/foxy/src/gtest_vendor': C++ tests using 'Google Test' will be built
[1.214s] CMake Error at /opt/ros/foxy/share/ament_cmake_gmock/cmake/ament_add_gmock.cmake:63 (message):
[1.214s]   ament_add_gmock() must be invoked with at least one source file
[1.215s] Call Stack (most recent call first):
[1.215s]   /opt/ros/foxy/share/ament_cmake_gmock/cmake/ament_add_gmock.cmake:52 (_ament_add_gmock)
[1.215s]   CMakeLists.txt:26 (ament_add_gmock)
[1.215s] 
[1.215s] 
[1.217s] -- Configuring incomplete, errors occurred!
[1.217s] See also "/home/legacy/trr_robot_ws/build/transmission_interface/CMakeFiles/CMakeOutput.log".
[1.225s] make: *** [Makefile:410: cmake_check_build_system] Error 1
[1.230s] Invoked command in '/home/legacy/trr_robot_ws/build/transmission_interface' returned '2': AMENT_PREFIX_PATH=/home/legacy/trr_robot_ws/install/hardware_interface:${AMENT_PREFIX_PATH} CMAKE_PREFIX_PATH=/home/legacy/trr_robot_ws/install/hardware_interface:/opt/ros/foxy LD_LIBRARY_PATH=/home/legacy/trr_robot_ws/install/hardware_interface/lib:${LD_LIBRARY_PATH} /usr/bin/cmake --build /home/legacy/trr_robot_ws/build/transmission_interface -- -j8 -l8
