[0.025s] Invoking command in '/home/legacy/trr_robot_ws/build/controller_manager_msgs': CMAKE_PREFIX_PATH=/opt/ros/foxy /usr/bin/cmake /home/legacy/trr_robot_ws/src/ros2_control/controller_manager_msgs -DCMAKE_INSTALL_PREFIX=/home/legacy/trr_robot_ws/install/controller_manager_msgs
[0.434s] -- The C compiler identification is GNU 9.3.0
[0.694s] -- The CXX compiler identification is GNU 9.3.0
[0.718s] -- Check for working C compiler: /usr/bin/cc
[0.812s] -- Check for working C compiler: /usr/bin/cc -- works
[0.814s] -- Detecting C compiler ABI info
[0.881s] -- Detecting C compiler ABI info - done
[0.893s] -- Detecting C compile features
[0.894s] -- Detecting C compile features - done
[0.899s] -- Check for working CXX compiler: /usr/bin/c++
[0.978s] -- Check for working CXX compiler: /usr/bin/c++ -- works
[0.979s] -- Detecting CXX compiler ABI info
[1.057s] -- Detecting CXX compiler ABI info - done
[1.069s] -- Detecting CXX compile features
[1.069s] -- Detecting CXX compile features - done
[1.076s] -- Found ament_cmake: 0.9.8 (/opt/ros/foxy/share/ament_cmake/cmake)
[1.102s] -- Found PythonInterp: /usr/bin/python3 (found suitable version "3.8.10", minimum required is "3") 
[1.102s] -- Using PYTHON_EXECUTABLE: /usr/bin/python3
[1.309s] -- Found builtin_interfaces: 1.0.0 (/opt/ros/foxy/share/builtin_interfaces/cmake)
[1.342s] -- Using all available rosidl_typesupport_c: rosidl_typesupport_fastrtps_c;rosidl_typesupport_introspection_c
[1.351s] -- Found rosidl_adapter: 1.2.1 (/opt/ros/foxy/share/rosidl_adapter/cmake)
[1.424s] -- Found OpenSSL: /home/linuxbrew/.linuxbrew/Cellar/openssl@1.1/1.1.1k/lib/libcrypto.so (found version "1.1.1k")  
[1.456s] -- Found FastRTPS: /opt/ros/foxy/include  
[1.548s] -- Using all available rosidl_typesupport_cpp: rosidl_typesupport_fastrtps_cpp;rosidl_typesupport_introspection_cpp
[1.585s] -- Found lifecycle_msgs: 1.0.0 (/opt/ros/foxy/share/lifecycle_msgs/cmake)
[1.598s] -- Found rosidl_default_generators: 1.0.1 (/opt/ros/foxy/share/rosidl_default_generators/cmake)
[1.616s] -- Found ament_lint_auto: 0.9.6 (/opt/ros/foxy/share/ament_lint_auto/cmake)
[1.716s] -- Found PythonInterp: /usr/bin/python3 (found version "3.8.10") 
[1.903s] -- Found ament_cmake_ros: 0.9.2 (/opt/ros/foxy/share/ament_cmake_ros/cmake)
[2.053s] -- Using all available rosidl_typesupport_c: rosidl_typesupport_fastrtps_c;rosidl_typesupport_introspection_c
[2.088s] -- Using all available rosidl_typesupport_cpp: rosidl_typesupport_fastrtps_cpp;rosidl_typesupport_introspection_cpp
[2.113s] -- Found PythonInterp: /usr/bin/python3 (found suitable version "3.8.10", minimum required is "3.5") 
[2.114s] -- Found python_cmake_module: 0.8.1 (/opt/ros/foxy/share/python_cmake_module/cmake)
[2.142s] -- Found PythonLibs: /usr/lib/x86_64-linux-gnu/libpython3.8.so (found suitable version "3.8.10", minimum required is "3.5") 
[2.142s] -- Using PYTHON_EXECUTABLE: /usr/bin/python3
[2.142s] -- Using PYTHON_INCLUDE_DIRS: /usr/include/python3.8
[2.142s] -- Using PYTHON_LIBRARIES: /usr/lib/x86_64-linux-gnu/libpython3.8.so
[2.162s] -- Found PythonExtra: .so  
[2.217s] -- Added test 'copyright' to check source files copyright and LICENSE
[2.219s] -- Added test 'lint_cmake' to check CMake code style
[2.221s] -- Added test 'xmllint' to check XML markup files
[2.230s] -- Configuring done
[2.323s] -- Generating done
[2.325s] -- Build files have been written to: /home/legacy/trr_robot_ws/build/controller_manager_msgs
