[0.225s] Invoking command in '/home/legacy/trr_robot_ws/src/robot': PYTHONPATH=/home/legacy/trr_robot_ws/install/robot/lib/python3.8/site-packages:${PYTHONPATH} /usr/bin/python3 setup.py egg_info --egg-base ../../build/robot build --build-base /home/legacy/trr_robot_ws/build/robot/build install --prefix /home/legacy/trr_robot_ws/install/robot --record /home/legacy/trr_robot_ws/build/robot/install.log --single-version-externally-managed
[0.418s] running egg_info
[0.419s] writing ../../build/robot/robot.egg-info/PKG-INFO
[0.419s] writing dependency_links to ../../build/robot/robot.egg-info/dependency_links.txt
[0.419s] writing entry points to ../../build/robot/robot.egg-info/entry_points.txt
[0.419s] writing requirements to ../../build/robot/robot.egg-info/requires.txt
[0.419s] writing top-level names to ../../build/robot/robot.egg-info/top_level.txt
[0.450s] reading manifest file '../../build/robot/robot.egg-info/SOURCES.txt'
[0.452s] writing manifest file '../../build/robot/robot.egg-info/SOURCES.txt'
[0.452s] running build
[0.452s] running build_py
[0.452s] running install
[0.452s] running install_lib
[0.454s] running install_data
[0.454s] copying launch/control_robot.launch.py -> /home/legacy/trr_robot_ws/install/robot/share/robot
[0.455s] running install_egg_info
[0.456s] removing '/home/legacy/trr_robot_ws/install/robot/lib/python3.8/site-packages/robot-0.0.0-py3.8.egg-info' (and everything under it)
[0.456s] Copying ../../build/robot/robot.egg-info to /home/legacy/trr_robot_ws/install/robot/lib/python3.8/site-packages/robot-0.0.0-py3.8.egg-info
[0.457s] running install_scripts
[0.472s] Installing move_joints_gazebo script to /home/legacy/trr_robot_ws/install/robot/lib/robot
[0.472s] Installing state_publisher script to /home/legacy/trr_robot_ws/install/robot/lib/robot
[0.472s] writing list of installed files to '/home/legacy/trr_robot_ws/build/robot/install.log'
[0.489s] Invoked command in '/home/legacy/trr_robot_ws/src/robot' returned '0': PYTHONPATH=/home/legacy/trr_robot_ws/install/robot/lib/python3.8/site-packages:${PYTHONPATH} /usr/bin/python3 setup.py egg_info --egg-base ../../build/robot build --build-base /home/legacy/trr_robot_ws/build/robot/build install --prefix /home/legacy/trr_robot_ws/install/robot --record /home/legacy/trr_robot_ws/build/robot/install.log --single-version-externally-managed
