[0.246s] Invoking command in '/home/legacy/trr_robot_ws/src/robot': PYTHONPATH=/home/legacy/trr_robot_ws/install/robot/lib/python3.8/site-packages:${PYTHONPATH} /usr/bin/python3 setup.py egg_info --egg-base ../../build/robot build --build-base /home/legacy/trr_robot_ws/build/robot/build install --prefix /home/legacy/trr_robot_ws/install/robot --record /home/legacy/trr_robot_ws/build/robot/install.log --single-version-externally-managed
[0.459s] running egg_info
[0.459s] writing ../../build/robot/robot.egg-info/PKG-INFO
[0.459s] writing dependency_links to ../../build/robot/robot.egg-info/dependency_links.txt
[0.460s] writing entry points to ../../build/robot/robot.egg-info/entry_points.txt
[0.460s] writing requirements to ../../build/robot/robot.egg-info/requires.txt
[0.460s] writing top-level names to ../../build/robot/robot.egg-info/top_level.txt
[0.495s] reading manifest file '../../build/robot/robot.egg-info/SOURCES.txt'
[0.495s] writing manifest file '../../build/robot/robot.egg-info/SOURCES.txt'
[0.496s] running build
[0.496s] running build_py
[0.496s] running install
[0.497s] running install_lib
[0.498s] running install_data
[0.498s] copying urdf/trr_sw.urdf -> /home/legacy/trr_robot_ws/install/robot/share/robot
[0.499s] running install_egg_info
[0.500s] removing '/home/legacy/trr_robot_ws/install/robot/lib/python3.8/site-packages/robot-0.0.0-py3.8.egg-info' (and everything under it)
[0.501s] Copying ../../build/robot/robot.egg-info to /home/legacy/trr_robot_ws/install/robot/lib/python3.8/site-packages/robot-0.0.0-py3.8.egg-info
[0.501s] running install_scripts
[0.518s] Installing move_joints_gazebo script to /home/legacy/trr_robot_ws/install/robot/lib/robot
[0.518s] Installing state_publisher script to /home/legacy/trr_robot_ws/install/robot/lib/robot
[0.518s] writing list of installed files to '/home/legacy/trr_robot_ws/build/robot/install.log'
[0.537s] Invoked command in '/home/legacy/trr_robot_ws/src/robot' returned '0': PYTHONPATH=/home/legacy/trr_robot_ws/install/robot/lib/python3.8/site-packages:${PYTHONPATH} /usr/bin/python3 setup.py egg_info --egg-base ../../build/robot build --build-base /home/legacy/trr_robot_ws/build/robot/build install --prefix /home/legacy/trr_robot_ws/install/robot --record /home/legacy/trr_robot_ws/build/robot/install.log --single-version-externally-managed
