[0.452s] Invoking command in '/home/legacy/trr_robot_ws/build/rrbot_description': CMAKE_PREFIX_PATH=/opt/ros/foxy /usr/bin/cmake /home/legacy/trr_robot_ws/src/ros2_control_demos/ros2_control_demo_description/rrbot_description -DCMAKE_INSTALL_PREFIX=/home/legacy/trr_robot_ws/install/rrbot_description
[0.792s] -- Found ament_cmake: 0.9.8 (/opt/ros/foxy/share/ament_cmake/cmake)
[0.792s] -- Using PYTHON_EXECUTABLE: /usr/bin/python3
[0.793s] -- Override CMake install command with custom implementation using symlinks instead of copying resources
[0.914s] -- Configuring done
[0.917s] -- Generating done
[0.919s] -- Build files have been written to: /home/legacy/trr_robot_ws/build/rrbot_description
[0.942s] Invoked command in '/home/legacy/trr_robot_ws/build/rrbot_description' returned '0': CMAKE_PREFIX_PATH=/opt/ros/foxy /usr/bin/cmake /home/legacy/trr_robot_ws/src/ros2_control_demos/ros2_control_demo_description/rrbot_description -DCMAKE_INSTALL_PREFIX=/home/legacy/trr_robot_ws/install/rrbot_description
[0.947s] Invoking command in '/home/legacy/trr_robot_ws/build/rrbot_description': CMAKE_PREFIX_PATH=/opt/ros/foxy /usr/bin/cmake --build /home/legacy/trr_robot_ws/build/rrbot_description -- -j8 -l8
[1.080s] Invoked command in '/home/legacy/trr_robot_ws/build/rrbot_description' returned '0': CMAKE_PREFIX_PATH=/opt/ros/foxy /usr/bin/cmake --build /home/legacy/trr_robot_ws/build/rrbot_description -- -j8 -l8
[1.152s] Invoking command in '/home/legacy/trr_robot_ws/build/rrbot_description': CMAKE_PREFIX_PATH=/opt/ros/foxy /usr/bin/cmake --install /home/legacy/trr_robot_ws/build/rrbot_description
[1.168s] -- Install configuration: ""
[1.169s] -- Execute custom install script
[1.170s] -- Up-to-date symlink: /home/legacy/trr_robot_ws/install/rrbot_description/share/rrbot_description/config/rrbot.rviz
[1.171s] -- Up-to-date symlink: /home/legacy/trr_robot_ws/install/rrbot_description/share/rrbot_description/gazebo/rrbot.gazebo.xacro
[1.171s] -- Up-to-date symlink: /home/legacy/trr_robot_ws/install/rrbot_description/share/rrbot_description/gazebo/rrbot.materials.xacro
[1.172s] -- Up-to-date symlink: /home/legacy/trr_robot_ws/install/rrbot_description/share/rrbot_description/meshes/hokuyo.dae
[1.173s] -- Up-to-date symlink: /home/legacy/trr_robot_ws/install/rrbot_description/share/rrbot_description/launch/view_robot.launch.py
[1.174s] -- Up-to-date symlink: /home/legacy/trr_robot_ws/install/rrbot_description/share/rrbot_description/ros2_control/external_rrbot_force_torque_sensor.ros2_control.xacro
[1.175s] -- Up-to-date symlink: /home/legacy/trr_robot_ws/install/rrbot_description/share/rrbot_description/ros2_control/rrbot.ros2_control.xacro
[1.175s] -- Up-to-date symlink: /home/legacy/trr_robot_ws/install/rrbot_description/share/rrbot_description/ros2_control/rrbot_modular_actuators.ros2_control.xacro
[1.176s] -- Up-to-date symlink: /home/legacy/trr_robot_ws/install/rrbot_description/share/rrbot_description/ros2_control/rrbot_system_multi_interface.ros2_control.xacro
[1.176s] -- Up-to-date symlink: /home/legacy/trr_robot_ws/install/rrbot_description/share/rrbot_description/ros2_control/rrbot_system_position_only.ros2_control.xacro
[1.176s] -- Up-to-date symlink: /home/legacy/trr_robot_ws/install/rrbot_description/share/rrbot_description/ros2_control/rrbot_system_with_sensor.ros2_control.xacro
[1.178s] -- Up-to-date symlink: /home/legacy/trr_robot_ws/install/rrbot_description/share/rrbot_description/urdf/rrbot.urdf.xacro
[1.178s] -- Up-to-date symlink: /home/legacy/trr_robot_ws/install/rrbot_description/share/rrbot_description/urdf/rrbot_description.urdf.xacro
[1.179s] -- Up-to-date symlink: /home/legacy/trr_robot_ws/install/rrbot_description/share/rrbot_description/urdf/rrbot_modular_actuators.urdf.xacro
[1.179s] -- Up-to-date symlink: /home/legacy/trr_robot_ws/install/rrbot_description/share/rrbot_description/urdf/rrbot_system_multi_interface.urdf.xacro
[1.179s] -- Up-to-date symlink: /home/legacy/trr_robot_ws/install/rrbot_description/share/rrbot_description/urdf/rrbot_system_position_only.urdf.xacro
[1.180s] -- Up-to-date symlink: /home/legacy/trr_robot_ws/install/rrbot_description/share/rrbot_description/urdf/rrbot_system_with_external_sensor.urdf.xacro
[1.180s] -- Up-to-date symlink: /home/legacy/trr_robot_ws/install/rrbot_description/share/rrbot_description/urdf/rrbot_system_with_sensor.urdf.xacro
[1.181s] -- Up-to-date symlink: /home/legacy/trr_robot_ws/install/rrbot_description/share/rrbot_description/environment/rrbot_description.dsv
[1.182s] -- Up-to-date symlink: /home/legacy/trr_robot_ws/install/rrbot_description/share/ament_index/resource_index/package_run_dependencies/rrbot_description
[1.183s] -- Up-to-date symlink: /home/legacy/trr_robot_ws/install/rrbot_description/share/ament_index/resource_index/parent_prefix_path/rrbot_description
[1.183s] -- Up-to-date symlink: /home/legacy/trr_robot_ws/install/rrbot_description/share/rrbot_description/environment/ament_prefix_path.sh
[1.184s] -- Up-to-date symlink: /home/legacy/trr_robot_ws/install/rrbot_description/share/rrbot_description/environment/ament_prefix_path.dsv
[1.185s] -- Up-to-date symlink: /home/legacy/trr_robot_ws/install/rrbot_description/share/rrbot_description/environment/path.sh
[1.189s] -- Up-to-date symlink: /home/legacy/trr_robot_ws/install/rrbot_description/share/rrbot_description/environment/path.dsv
[1.189s] -- Up-to-date symlink: /home/legacy/trr_robot_ws/install/rrbot_description/share/rrbot_description/local_setup.bash
[1.189s] -- Up-to-date symlink: /home/legacy/trr_robot_ws/install/rrbot_description/share/rrbot_description/local_setup.sh
[1.190s] -- Up-to-date symlink: /home/legacy/trr_robot_ws/install/rrbot_description/share/rrbot_description/local_setup.zsh
[1.190s] -- Up-to-date symlink: /home/legacy/trr_robot_ws/install/rrbot_description/share/rrbot_description/local_setup.dsv
[1.190s] -- Symlinking: /home/legacy/trr_robot_ws/install/rrbot_description/share/rrbot_description/package.dsv
[1.209s] -- Up-to-date symlink: /home/legacy/trr_robot_ws/install/rrbot_description/share/ament_index/resource_index/packages/rrbot_description
[1.210s] -- Up-to-date symlink: /home/legacy/trr_robot_ws/install/rrbot_description/share/rrbot_description/cmake/rrbot_descriptionConfig.cmake
[1.211s] -- Up-to-date symlink: /home/legacy/trr_robot_ws/install/rrbot_description/share/rrbot_description/cmake/rrbot_descriptionConfig-version.cmake
[1.211s] -- Up-to-date symlink: /home/legacy/trr_robot_ws/install/rrbot_description/share/rrbot_description/package.xml
[1.217s] Invoked command in '/home/legacy/trr_robot_ws/build/rrbot_description' returned '0': CMAKE_PREFIX_PATH=/opt/ros/foxy /usr/bin/cmake --install /home/legacy/trr_robot_ws/build/rrbot_description
