[0.257s] Invoking command in '/home/legacy/trr_robot_ws/build/robot': PYTHONPATH=/home/legacy/trr_robot_ws/install/robot/lib/python3.8/site-packages:${PYTHONPATH} /usr/bin/python3 setup.py develop --prefix /home/legacy/trr_robot_ws/install/robot --uninstall --editable --build-directory /home/legacy/trr_robot_ws/build/robot/build
[0.493s] running develop
[0.656s] Invoked command in '/home/legacy/trr_robot_ws/build/robot' returned '0': PYTHONPATH=/home/legacy/trr_robot_ws/install/robot/lib/python3.8/site-packages:${PYTHONPATH} /usr/bin/python3 setup.py develop --prefix /home/legacy/trr_robot_ws/install/robot --uninstall --editable --build-directory /home/legacy/trr_robot_ws/build/robot/build
[0.656s] Invoking command in '/home/legacy/trr_robot_ws/src/robot': PYTHONPATH=/home/legacy/trr_robot_ws/install/robot/lib/python3.8/site-packages:${PYTHONPATH} /usr/bin/python3 setup.py egg_info --egg-base ../../build/robot build --build-base /home/legacy/trr_robot_ws/build/robot/build install --prefix /home/legacy/trr_robot_ws/install/robot --record /home/legacy/trr_robot_ws/build/robot/install.log --single-version-externally-managed
[0.877s] running egg_info
[0.877s] writing ../../build/robot/robot.egg-info/PKG-INFO
[0.877s] writing dependency_links to ../../build/robot/robot.egg-info/dependency_links.txt
[0.878s] writing entry points to ../../build/robot/robot.egg-info/entry_points.txt
[0.878s] writing requirements to ../../build/robot/robot.egg-info/requires.txt
[0.878s] writing top-level names to ../../build/robot/robot.egg-info/top_level.txt
[0.913s] reading manifest file '../../build/robot/robot.egg-info/SOURCES.txt'
[0.914s] writing manifest file '../../build/robot/robot.egg-info/SOURCES.txt'
[0.914s] running build
[0.915s] running build_py
[0.915s] copying robot/state_publisher.py -> /home/legacy/trr_robot_ws/build/robot/build/lib/robot
[0.915s] running install
[0.915s] running install_lib
[0.916s] copying /home/legacy/trr_robot_ws/build/robot/build/lib/robot/state_publisher.py -> /home/legacy/trr_robot_ws/install/robot/lib/python3.8/site-packages/robot
[0.917s] byte-compiling /home/legacy/trr_robot_ws/install/robot/lib/python3.8/site-packages/robot/state_publisher.py to state_publisher.cpython-38.pyc
[0.919s] running install_data
[0.920s] running install_egg_info
[0.921s] removing '/home/legacy/trr_robot_ws/install/robot/lib/python3.8/site-packages/robot-0.0.0-py3.8.egg-info' (and everything under it)
[0.922s] Copying ../../build/robot/robot.egg-info to /home/legacy/trr_robot_ws/install/robot/lib/python3.8/site-packages/robot-0.0.0-py3.8.egg-info
[0.922s] running install_scripts
[0.940s] Installing move_joints_gazebo script to /home/legacy/trr_robot_ws/install/robot/lib/robot
[0.940s] Installing state_publisher script to /home/legacy/trr_robot_ws/install/robot/lib/robot
[0.940s] writing list of installed files to '/home/legacy/trr_robot_ws/build/robot/install.log'
[0.959s] Invoked command in '/home/legacy/trr_robot_ws/src/robot' returned '0': PYTHONPATH=/home/legacy/trr_robot_ws/install/robot/lib/python3.8/site-packages:${PYTHONPATH} /usr/bin/python3 setup.py egg_info --egg-base ../../build/robot build --build-base /home/legacy/trr_robot_ws/build/robot/build install --prefix /home/legacy/trr_robot_ws/install/robot --record /home/legacy/trr_robot_ws/build/robot/install.log --single-version-externally-managed
