-- Found ament_cmake: 0.9.8 (/opt/ros/foxy/share/ament_cmake/cmake)
-- Using PYTHON_EXECUTABLE: /usr/bin/python3
-- Override CMake install command with custom implementation using symlinks instead of copying resources
-- Found control_msgs: 2.5.1 (/opt/ros/foxy/share/control_msgs/cmake)
-- Using all available rosidl_typesupport_c: rosidl_typesupport_fastrtps_c;rosidl_typesupport_introspection_c
-- Found rosidl_adapter: 1.2.1 (/opt/ros/foxy/share/rosidl_adapter/cmake)
-- Using all available rosidl_typesupport_cpp: rosidl_typesupport_fastrtps_cpp;rosidl_typesupport_introspection_cpp
-- Found pluginlib: 2.5.3 (/opt/ros/foxy/share/pluginlib/cmake)
-- Found rclcpp_lifecycle: 2.3.1 (/opt/ros/foxy/share/rclcpp_lifecycle/cmake)
-- Found rmw_implementation_cmake: 1.0.3 (/opt/ros/foxy/share/rmw_implementation_cmake/cmake)
-- Using RMW implementation 'rmw_fastrtps_cpp' as default
-- Found ament_lint_auto: 0.9.6 (/opt/ros/foxy/share/ament_lint_auto/cmake)
-- Found gmock sources under '/opt/ros/foxy/src/gmock_vendor': C++ tests using 'Google Mock' will be built
-- Found ament_cmake_gtest: 0.9.8 (/opt/ros/foxy/share/ament_cmake_gtest/cmake)
-- Found gtest sources under '/opt/ros/foxy/src/gtest_vendor': C++ tests using 'Google Test' will be built
-- Added test 'copyright' to check source files copyright and LICENSE
-- Added test 'cppcheck' to perform static code analysis on C / C++ code
-- Configured cppcheck include dirs: /home/legacy/trr_robot_ws/src/ros2_control/hardware_interface/include
-- Configured cppcheck exclude dirs and/or files: 
-- Added test 'lint_cmake' to check CMake code style
-- Added test 'xmllint' to check XML markup files
-- Configuring done
-- Generating done
-- Build files have been written to: /home/legacy/trr_robot_ws/build/hardware_interface
[35m[1mScanning dependencies of target hardware_interface[0m
[ 14%] Built target gmock_main
[ 14%] Built target gmock
[ 17%] [32mBuilding CXX object CMakeFiles/hardware_interface.dir/src/system.cpp.o[0m
[ 20%] [32mBuilding CXX object CMakeFiles/hardware_interface.dir/src/resource_manager.cpp.o[0m
[ 23%] [32mBuilding CXX object CMakeFiles/hardware_interface.dir/src/actuator.cpp.o[0m
[ 26%] [32mBuilding CXX object CMakeFiles/hardware_interface.dir/src/component_parser.cpp.o[0m
[35m[1mScanning dependencies of target test_macros[0m
[ 29%] [32mBuilding CXX object CMakeFiles/hardware_interface.dir/src/sensor.cpp.o[0m
[ 32%] [32mBuilding CXX object CMakeFiles/test_macros.dir/test/test_macros.cpp.o[0m
[ 35%] [32m[1mLinking CXX executable test_macros[0m
[ 35%] Built target test_macros
[ 38%] [32m[1mLinking CXX shared library libhardware_interface.so[0m
[ 38%] Built target hardware_interface
[35m[1mScanning dependencies of target test_joint_handle[0m
[35m[1mScanning dependencies of target test_component_interfaces[0m
[35m[1mScanning dependencies of target test_generic_system[0m
[35m[1mScanning dependencies of target test_component_parser[0m
[35m[1mScanning dependencies of target test_components[0m
[35m[1mScanning dependencies of target test_hardware_components[0m
[35m[1mScanning dependencies of target test_resource_manager[0m
[35m[1mScanning dependencies of target fake_components[0m
[ 41%] [32mBuilding CXX object CMakeFiles/test_component_parser.dir/test/test_component_parser.cpp.o[0m
[ 44%] [32mBuilding CXX object CMakeFiles/test_joint_handle.dir/test/test_handle.cpp.o[0m
[ 47%] [32mBuilding CXX object CMakeFiles/test_components.dir/test/test_components/test_actuator.cpp.o[0m
[ 50%] [32mBuilding CXX object CMakeFiles/test_generic_system.dir/test/fake_components/test_generic_system.cpp.o[0m
[ 52%] [32mBuilding CXX object CMakeFiles/test_component_interfaces.dir/test/test_component_interfaces.cpp.o[0m
[ 55%] [32mBuilding CXX object CMakeFiles/fake_components.dir/src/fake_components/generic_system.cpp.o[0m
[ 58%] [32mBuilding CXX object CMakeFiles/test_hardware_components.dir/test/test_hardware_components/test_single_joint_actuator.cpp.o[0m
[ 61%] [32mBuilding CXX object CMakeFiles/test_resource_manager.dir/test/test_resource_manager.cpp.o[0m
[ 64%] [32mBuilding CXX object CMakeFiles/test_components.dir/test/test_components/test_sensor.cpp.o[0m
[ 67%] [32m[1mLinking CXX executable test_joint_handle[0m
[ 67%] Built target test_joint_handle
[ 70%] [32mBuilding CXX object CMakeFiles/test_hardware_components.dir/test/test_hardware_components/test_force_torque_sensor.cpp.o[0m
[ 73%] [32mBuilding CXX object CMakeFiles/test_hardware_components.dir/test/test_hardware_components/test_two_joint_system.cpp.o[0m
[ 76%] [32m[1mLinking CXX shared library libfake_components.so[0m
[ 76%] Built target fake_components
[ 79%] [32mBuilding CXX object CMakeFiles/test_hardware_components.dir/test/test_hardware_components/test_system_with_command_modes.cpp.o[0m
[ 82%] [32mBuilding CXX object CMakeFiles/test_components.dir/test/test_components/test_system.cpp.o[0m
[ 85%] [32m[1mLinking CXX executable test_generic_system[0m
[ 88%] [32m[1mLinking CXX executable test_component_interfaces[0m
[ 91%] [32m[1mLinking CXX executable test_resource_manager[0m
[ 91%] Built target test_generic_system
[ 91%] Built target test_component_interfaces
[ 91%] Built target test_resource_manager
[ 94%] [32m[1mLinking CXX executable test_component_parser[0m
[ 97%] [32m[1mLinking CXX shared library libtest_hardware_components.so[0m
[100%] [32m[1mLinking CXX shared library libtest_components.so[0m
[100%] Built target test_component_parser
[100%] Built target test_components
[100%] Built target test_hardware_components
-- Install configuration: ""
-- Execute custom install script
-- Up-to-date symlink: /home/legacy/trr_robot_ws/install/hardware_interface/share/hardware_interface//fake_components_plugin_description.xml
-- Up-to-date symlink: /home/legacy/trr_robot_ws/install/hardware_interface/include/fake_components/generic_system.hpp
-- Up-to-date symlink: /home/legacy/trr_robot_ws/install/hardware_interface/include/fake_components/visibility_control.h
-- Up-to-date symlink: /home/legacy/trr_robot_ws/install/hardware_interface/include/hardware_interface/actuator.hpp
-- Up-to-date symlink: /home/legacy/trr_robot_ws/install/hardware_interface/include/hardware_interface/actuator_interface.hpp
-- Up-to-date symlink: /home/legacy/trr_robot_ws/install/hardware_interface/include/hardware_interface/component_parser.hpp
-- Up-to-date symlink: /home/legacy/trr_robot_ws/install/hardware_interface/include/hardware_interface/controller_info.hpp
-- Up-to-date symlink: /home/legacy/trr_robot_ws/install/hardware_interface/include/hardware_interface/handle.hpp
-- Up-to-date symlink: /home/legacy/trr_robot_ws/install/hardware_interface/include/hardware_interface/hardware_info.hpp
-- Up-to-date symlink: /home/legacy/trr_robot_ws/install/hardware_interface/include/hardware_interface/loaned_command_interface.hpp
-- Up-to-date symlink: /home/legacy/trr_robot_ws/install/hardware_interface/include/hardware_interface/loaned_state_interface.hpp
-- Up-to-date symlink: /home/legacy/trr_robot_ws/install/hardware_interface/include/hardware_interface/macros.hpp
-- Up-to-date symlink: /home/legacy/trr_robot_ws/install/hardware_interface/include/hardware_interface/resource_manager.hpp
-- Up-to-date symlink: /home/legacy/trr_robot_ws/install/hardware_interface/include/hardware_interface/sensor.hpp
-- Up-to-date symlink: /home/legacy/trr_robot_ws/install/hardware_interface/include/hardware_interface/sensor_interface.hpp
-- Up-to-date symlink: /home/legacy/trr_robot_ws/install/hardware_interface/include/hardware_interface/system.hpp
-- Up-to-date symlink: /home/legacy/trr_robot_ws/install/hardware_interface/include/hardware_interface/system_interface.hpp
-- Up-to-date symlink: /home/legacy/trr_robot_ws/install/hardware_interface/include/hardware_interface/types/hardware_interface_return_values.hpp
-- Up-to-date symlink: /home/legacy/trr_robot_ws/install/hardware_interface/include/hardware_interface/types/hardware_interface_type_values.hpp
-- Up-to-date symlink: /home/legacy/trr_robot_ws/install/hardware_interface/include/hardware_interface/types/lifecycle_state_names.hpp
-- Up-to-date symlink: /home/legacy/trr_robot_ws/install/hardware_interface/include/hardware_interface/visibility_control.h
-- Up-to-date symlink: /home/legacy/trr_robot_ws/install/hardware_interface/lib/libfake_components.so
-- Up-to-date symlink: /home/legacy/trr_robot_ws/install/hardware_interface/lib/libhardware_interface.so
-- Up-to-date symlink: /home/legacy/trr_robot_ws/install/hardware_interface/lib/libtest_components.so
-- Up-to-date symlink: /home/legacy/trr_robot_ws/install/hardware_interface/share/hardware_interface/test/test_components/test_components.xml
-- Up-to-date symlink: /home/legacy/trr_robot_ws/install/hardware_interface/lib/libtest_hardware_components.so
-- Up-to-date symlink: /home/legacy/trr_robot_ws/install/hardware_interface/share/hardware_interface/test/test_hardware_components/test_hardware_components.xml
-- Up-to-date symlink: /home/legacy/trr_robot_ws/install/hardware_interface/share/hardware_interface/environment/library_path.sh
-- Up-to-date symlink: /home/legacy/trr_robot_ws/install/hardware_interface/share/hardware_interface/environment/library_path.dsv
-- Up-to-date symlink: /home/legacy/trr_robot_ws/install/hardware_interface/share/ament_index/resource_index/package_run_dependencies/hardware_interface
-- Up-to-date symlink: /home/legacy/trr_robot_ws/install/hardware_interface/share/ament_index/resource_index/parent_prefix_path/hardware_interface
-- Up-to-date symlink: /home/legacy/trr_robot_ws/install/hardware_interface/share/hardware_interface/environment/ament_prefix_path.sh
-- Up-to-date symlink: /home/legacy/trr_robot_ws/install/hardware_interface/share/hardware_interface/environment/ament_prefix_path.dsv
-- Up-to-date symlink: /home/legacy/trr_robot_ws/install/hardware_interface/share/hardware_interface/environment/path.sh
-- Up-to-date symlink: /home/legacy/trr_robot_ws/install/hardware_interface/share/hardware_interface/environment/path.dsv
-- Up-to-date symlink: /home/legacy/trr_robot_ws/install/hardware_interface/share/hardware_interface/local_setup.bash
-- Up-to-date symlink: /home/legacy/trr_robot_ws/install/hardware_interface/share/hardware_interface/local_setup.sh
-- Up-to-date symlink: /home/legacy/trr_robot_ws/install/hardware_interface/share/hardware_interface/local_setup.zsh
-- Up-to-date symlink: /home/legacy/trr_robot_ws/install/hardware_interface/share/hardware_interface/local_setup.dsv
-- Symlinking: /home/legacy/trr_robot_ws/install/hardware_interface/share/hardware_interface/package.dsv
-- Up-to-date symlink: /home/legacy/trr_robot_ws/install/hardware_interface/share/ament_index/resource_index/packages/hardware_interface
-- Up-to-date symlink: /home/legacy/trr_robot_ws/install/hardware_interface/share/ament_index/resource_index/hardware_interface__pluginlib__plugin/hardware_interface
-- Up-to-date symlink: /home/legacy/trr_robot_ws/install/hardware_interface/share/hardware_interface/cmake/ament_cmake_export_include_directories-extras.cmake
-- Up-to-date symlink: /home/legacy/trr_robot_ws/install/hardware_interface/share/hardware_interface/cmake/ament_cmake_export_libraries-extras.cmake
-- Up-to-date symlink: /home/legacy/trr_robot_ws/install/hardware_interface/share/hardware_interface/cmake/ament_cmake_export_dependencies-extras.cmake
-- Up-to-date symlink: /home/legacy/trr_robot_ws/install/hardware_interface/share/hardware_interface/cmake/hardware_interfaceConfig.cmake
-- Up-to-date symlink: /home/legacy/trr_robot_ws/install/hardware_interface/share/hardware_interface/cmake/hardware_interfaceConfig-version.cmake
-- Up-to-date symlink: /home/legacy/trr_robot_ws/install/hardware_interface/share/hardware_interface/package.xml
