[0.206s] Invoking command in '/home/legacy/trr_robot_ws/src/robot': PYTHONPATH=/home/legacy/trr_robot_ws/install/robot/lib/python3.8/site-packages:${PYTHONPATH} /usr/bin/python3 setup.py egg_info --egg-base ../../build/robot build --build-base /home/legacy/trr_robot_ws/build/robot/build install --prefix /home/legacy/trr_robot_ws/install/robot --record /home/legacy/trr_robot_ws/build/robot/install.log --single-version-externally-managed
[0.380s] running egg_info
[0.381s] writing ../../build/robot/robot.egg-info/PKG-INFO
[0.381s] writing dependency_links to ../../build/robot/robot.egg-info/dependency_links.txt
[0.381s] writing entry points to ../../build/robot/robot.egg-info/entry_points.txt
[0.381s] writing requirements to ../../build/robot/robot.egg-info/requires.txt
[0.382s] writing top-level names to ../../build/robot/robot.egg-info/top_level.txt
[0.409s] reading manifest file '../../build/robot/robot.egg-info/SOURCES.txt'
[0.410s] writing manifest file '../../build/robot/robot.egg-info/SOURCES.txt'
[0.410s] running build
[0.410s] running build_py
[0.410s] copying robot/state_publisher.py -> /home/legacy/trr_robot_ws/build/robot/build/lib/robot
[0.410s] running install
[0.411s] running install_lib
[0.412s] copying /home/legacy/trr_robot_ws/build/robot/build/lib/robot/state_publisher.py -> /home/legacy/trr_robot_ws/install/robot/lib/python3.8/site-packages/robot
[0.412s] byte-compiling /home/legacy/trr_robot_ws/install/robot/lib/python3.8/site-packages/robot/state_publisher.py to state_publisher.cpython-38.pyc
[0.414s] running install_data
[0.414s] running install_egg_info
[0.415s] removing '/home/legacy/trr_robot_ws/install/robot/lib/python3.8/site-packages/robot-0.0.0-py3.8.egg-info' (and everything under it)
[0.415s] Copying ../../build/robot/robot.egg-info to /home/legacy/trr_robot_ws/install/robot/lib/python3.8/site-packages/robot-0.0.0-py3.8.egg-info
[0.416s] running install_scripts
[0.429s] Installing state_publisher script to /home/legacy/trr_robot_ws/install/robot/lib/robot
[0.430s] writing list of installed files to '/home/legacy/trr_robot_ws/build/robot/install.log'
[0.447s] Invoked command in '/home/legacy/trr_robot_ws/src/robot' returned '0': PYTHONPATH=/home/legacy/trr_robot_ws/install/robot/lib/python3.8/site-packages:${PYTHONPATH} /usr/bin/python3 setup.py egg_info --egg-base ../../build/robot build --build-base /home/legacy/trr_robot_ws/build/robot/build install --prefix /home/legacy/trr_robot_ws/install/robot --record /home/legacy/trr_robot_ws/build/robot/install.log --single-version-externally-managed
