[0.281s] Invoking command in '/home/legacy/trr_robot_ws/build/robot': PYTHONPATH=/home/legacy/trr_robot_ws/install/robot/lib/python3.8/site-packages:${PYTHONPATH} /usr/bin/python3 setup.py develop --prefix /home/legacy/trr_robot_ws/install/robot --uninstall --editable --build-directory /home/legacy/trr_robot_ws/build/robot/build
[0.551s] running develop
[0.735s] Invoked command in '/home/legacy/trr_robot_ws/build/robot' returned '0': PYTHONPATH=/home/legacy/trr_robot_ws/install/robot/lib/python3.8/site-packages:${PYTHONPATH} /usr/bin/python3 setup.py develop --prefix /home/legacy/trr_robot_ws/install/robot --uninstall --editable --build-directory /home/legacy/trr_robot_ws/build/robot/build
[0.736s] Invoking command in '/home/legacy/trr_robot_ws/src/robot': PYTHONPATH=/home/legacy/trr_robot_ws/install/robot/lib/python3.8/site-packages:${PYTHONPATH} /usr/bin/python3 setup.py egg_info --egg-base ../../build/robot build --build-base /home/legacy/trr_robot_ws/build/robot/build install --prefix /home/legacy/trr_robot_ws/install/robot --record /home/legacy/trr_robot_ws/build/robot/install.log --single-version-externally-managed
[0.984s] running egg_info
[0.985s] writing ../../build/robot/robot.egg-info/PKG-INFO
[0.985s] writing dependency_links to ../../build/robot/robot.egg-info/dependency_links.txt
[0.985s] writing entry points to ../../build/robot/robot.egg-info/entry_points.txt
[0.985s] writing requirements to ../../build/robot/robot.egg-info/requires.txt
[0.986s] writing top-level names to ../../build/robot/robot.egg-info/top_level.txt
[1.026s] reading manifest file '../../build/robot/robot.egg-info/SOURCES.txt'
[1.027s] writing manifest file '../../build/robot/robot.egg-info/SOURCES.txt'
[1.027s] running build
[1.027s] running build_py
[1.028s] copying robot/state_publisher.py -> /home/legacy/trr_robot_ws/build/robot/build/lib/robot
[1.028s] running install
[1.029s] running install_lib
[1.030s] copying /home/legacy/trr_robot_ws/build/robot/build/lib/robot/state_publisher.py -> /home/legacy/trr_robot_ws/install/robot/lib/python3.8/site-packages/robot
[1.030s] byte-compiling /home/legacy/trr_robot_ws/install/robot/lib/python3.8/site-packages/robot/state_publisher.py to state_publisher.cpython-38.pyc
[1.033s] running install_data
[1.034s] running install_egg_info
[1.035s] removing '/home/legacy/trr_robot_ws/install/robot/lib/python3.8/site-packages/robot-0.0.0-py3.8.egg-info' (and everything under it)
[1.036s] Copying ../../build/robot/robot.egg-info to /home/legacy/trr_robot_ws/install/robot/lib/python3.8/site-packages/robot-0.0.0-py3.8.egg-info
[1.037s] running install_scripts
[1.056s] Installing move_joints_gazebo script to /home/legacy/trr_robot_ws/install/robot/lib/robot
[1.056s] Installing state_publisher script to /home/legacy/trr_robot_ws/install/robot/lib/robot
[1.056s] writing list of installed files to '/home/legacy/trr_robot_ws/build/robot/install.log'
[1.077s] Invoked command in '/home/legacy/trr_robot_ws/src/robot' returned '0': PYTHONPATH=/home/legacy/trr_robot_ws/install/robot/lib/python3.8/site-packages:${PYTHONPATH} /usr/bin/python3 setup.py egg_info --egg-base ../../build/robot build --build-base /home/legacy/trr_robot_ws/build/robot/build install --prefix /home/legacy/trr_robot_ws/install/robot --record /home/legacy/trr_robot_ws/build/robot/install.log --single-version-externally-managed
