[0.290s] Invoking command in '/home/legacy/trr_robot_ws/src/robot': PYTHONPATH=/home/legacy/trr_robot_ws/install/robot/lib/python3.8/site-packages:${PYTHONPATH} /usr/bin/python3 setup.py egg_info --egg-base ../../build/robot build --build-base /home/legacy/trr_robot_ws/build/robot/build install --prefix /home/legacy/trr_robot_ws/install/robot --record /home/legacy/trr_robot_ws/build/robot/install.log --single-version-externally-managed
[0.549s] running egg_info
[0.549s] writing ../../build/robot/robot.egg-info/PKG-INFO
[0.550s] writing dependency_links to ../../build/robot/robot.egg-info/dependency_links.txt
[0.550s] writing entry points to ../../build/robot/robot.egg-info/entry_points.txt
[0.550s] writing requirements to ../../build/robot/robot.egg-info/requires.txt
[0.550s] writing top-level names to ../../build/robot/robot.egg-info/top_level.txt
[0.592s] reading manifest file '../../build/robot/robot.egg-info/SOURCES.txt'
[0.593s] writing manifest file '../../build/robot/robot.egg-info/SOURCES.txt'
[0.594s] running build
[0.594s] running build_py
[0.594s] running install
[0.595s] running install_lib
[0.596s] running install_data
[0.597s] copying urdf/trr_sw.urdf -> /home/legacy/trr_robot_ws/install/robot/share/robot
[0.598s] running install_egg_info
[0.599s] removing '/home/legacy/trr_robot_ws/install/robot/lib/python3.8/site-packages/robot-0.0.0-py3.8.egg-info' (and everything under it)
[0.600s] Copying ../../build/robot/robot.egg-info to /home/legacy/trr_robot_ws/install/robot/lib/python3.8/site-packages/robot-0.0.0-py3.8.egg-info
[0.601s] running install_scripts
[0.621s] Installing move_joints_gazebo script to /home/legacy/trr_robot_ws/install/robot/lib/robot
[0.621s] Installing state_publisher script to /home/legacy/trr_robot_ws/install/robot/lib/robot
[0.621s] writing list of installed files to '/home/legacy/trr_robot_ws/build/robot/install.log'
[0.643s] Invoked command in '/home/legacy/trr_robot_ws/src/robot' returned '0': PYTHONPATH=/home/legacy/trr_robot_ws/install/robot/lib/python3.8/site-packages:${PYTHONPATH} /usr/bin/python3 setup.py egg_info --egg-base ../../build/robot build --build-base /home/legacy/trr_robot_ws/build/robot/build install --prefix /home/legacy/trr_robot_ws/install/robot --record /home/legacy/trr_robot_ws/build/robot/install.log --single-version-externally-managed
