[0.220s] Invoking command in '/home/legacy/trr_robot_ws/build/robot': PYTHONPATH=/home/legacy/trr_robot_ws/install/robot/lib/python3.8/site-packages:${PYTHONPATH} /usr/bin/python3 setup.py develop --prefix /home/legacy/trr_robot_ws/install/robot --uninstall --editable --build-directory /home/legacy/trr_robot_ws/build/robot/build
[0.430s] running develop
[0.577s] Invoked command in '/home/legacy/trr_robot_ws/build/robot' returned '0': PYTHONPATH=/home/legacy/trr_robot_ws/install/robot/lib/python3.8/site-packages:${PYTHONPATH} /usr/bin/python3 setup.py develop --prefix /home/legacy/trr_robot_ws/install/robot --uninstall --editable --build-directory /home/legacy/trr_robot_ws/build/robot/build
[0.578s] Invoking command in '/home/legacy/trr_robot_ws/src/robot': PYTHONPATH=/home/legacy/trr_robot_ws/install/robot/lib/python3.8/site-packages:${PYTHONPATH} /usr/bin/python3 setup.py egg_info --egg-base ../../build/robot build --build-base /home/legacy/trr_robot_ws/build/robot/build install --prefix /home/legacy/trr_robot_ws/install/robot --record /home/legacy/trr_robot_ws/build/robot/install.log --single-version-externally-managed
[0.775s] running egg_info
[0.776s] writing ../../build/robot/robot.egg-info/PKG-INFO
[0.776s] writing dependency_links to ../../build/robot/robot.egg-info/dependency_links.txt
[0.776s] writing entry points to ../../build/robot/robot.egg-info/entry_points.txt
[0.776s] writing requirements to ../../build/robot/robot.egg-info/requires.txt
[0.776s] writing top-level names to ../../build/robot/robot.egg-info/top_level.txt
[0.807s] reading manifest file '../../build/robot/robot.egg-info/SOURCES.txt'
[0.808s] writing manifest file '../../build/robot/robot.egg-info/SOURCES.txt'
[0.808s] running build
[0.808s] running build_py
[0.808s] copying robot/move_joints_gazebo.py -> /home/legacy/trr_robot_ws/build/robot/build/lib/robot
[0.808s] running install
[0.809s] running install_lib
[0.810s] copying /home/legacy/trr_robot_ws/build/robot/build/lib/robot/move_joints_gazebo.py -> /home/legacy/trr_robot_ws/install/robot/lib/python3.8/site-packages/robot
[0.810s] byte-compiling /home/legacy/trr_robot_ws/install/robot/lib/python3.8/site-packages/robot/move_joints_gazebo.py to move_joints_gazebo.cpython-38.pyc
[0.812s] running install_data
[0.812s] copying launch/control_robot.launch.py -> /home/legacy/trr_robot_ws/install/robot/share/robot
[0.812s] copying launch/gazebo_robot.launch.py -> /home/legacy/trr_robot_ws/install/robot/share/robot
[0.812s] running install_egg_info
[0.814s] removing '/home/legacy/trr_robot_ws/install/robot/lib/python3.8/site-packages/robot-0.0.0-py3.8.egg-info' (and everything under it)
[0.814s] Copying ../../build/robot/robot.egg-info to /home/legacy/trr_robot_ws/install/robot/lib/python3.8/site-packages/robot-0.0.0-py3.8.egg-info
[0.815s] running install_scripts
[0.829s] Installing move_joints_gazebo script to /home/legacy/trr_robot_ws/install/robot/lib/robot
[0.830s] Installing state_publisher script to /home/legacy/trr_robot_ws/install/robot/lib/robot
[0.830s] writing list of installed files to '/home/legacy/trr_robot_ws/build/robot/install.log'
[0.847s] Invoked command in '/home/legacy/trr_robot_ws/src/robot' returned '0': PYTHONPATH=/home/legacy/trr_robot_ws/install/robot/lib/python3.8/site-packages:${PYTHONPATH} /usr/bin/python3 setup.py egg_info --egg-base ../../build/robot build --build-base /home/legacy/trr_robot_ws/build/robot/build install --prefix /home/legacy/trr_robot_ws/install/robot --record /home/legacy/trr_robot_ws/build/robot/install.log --single-version-externally-managed
