[0.044s] Invoking command in '/home/legacy/trr_robot_ws/build/diffbot_description': CMAKE_PREFIX_PATH=/opt/ros/foxy /usr/bin/cmake /home/legacy/trr_robot_ws/src/ros2_control_demos/ros2_control_demo_description/diffbot_description -DCMAKE_INSTALL_PREFIX=/home/legacy/trr_robot_ws/install/diffbot_description
[0.802s] -- Found ament_cmake: 0.9.8 (/opt/ros/foxy/share/ament_cmake/cmake)
[0.802s] -- Using PYTHON_EXECUTABLE: /usr/bin/python3
[0.802s] -- Override CMake install command with custom implementation using symlinks instead of copying resources
[0.802s] -- Configuring done
[0.802s] -- Generating done
[0.806s] -- Build files have been written to: /home/legacy/trr_robot_ws/build/diffbot_description
[0.808s] Invoked command in '/home/legacy/trr_robot_ws/build/diffbot_description' returned '0': CMAKE_PREFIX_PATH=/opt/ros/foxy /usr/bin/cmake /home/legacy/trr_robot_ws/src/ros2_control_demos/ros2_control_demo_description/diffbot_description -DCMAKE_INSTALL_PREFIX=/home/legacy/trr_robot_ws/install/diffbot_description
[0.813s] Invoking command in '/home/legacy/trr_robot_ws/build/diffbot_description': CMAKE_PREFIX_PATH=/opt/ros/foxy /usr/bin/cmake --build /home/legacy/trr_robot_ws/build/diffbot_description -- -j8 -l8
[0.885s] Invoked command in '/home/legacy/trr_robot_ws/build/diffbot_description' returned '0': CMAKE_PREFIX_PATH=/opt/ros/foxy /usr/bin/cmake --build /home/legacy/trr_robot_ws/build/diffbot_description -- -j8 -l8
[0.952s] Invoking command in '/home/legacy/trr_robot_ws/build/diffbot_description': CMAKE_PREFIX_PATH=/opt/ros/foxy /usr/bin/cmake --install /home/legacy/trr_robot_ws/build/diffbot_description
[0.973s] -- Install configuration: ""
[0.975s] -- Execute custom install script
[0.975s] -- Up-to-date symlink: /home/legacy/trr_robot_ws/install/diffbot_description/share/diffbot_description/config/diffbot.rviz
[0.975s] -- Up-to-date symlink: /home/legacy/trr_robot_ws/install/diffbot_description/share/diffbot_description/config/diffbot_view.rviz
[0.976s] -- Up-to-date symlink: /home/legacy/trr_robot_ws/install/diffbot_description/share/diffbot_description/gazebo/diffbot.gazebo.xacro
[0.976s] -- Up-to-date symlink: /home/legacy/trr_robot_ws/install/diffbot_description/share/diffbot_description/gazebo/diffbot.materials.xacro
[0.976s] -- Up-to-date symlink: /home/legacy/trr_robot_ws/install/diffbot_description/share/diffbot_description/launch/view_robot.launch.py
[0.976s] -- Up-to-date symlink: /home/legacy/trr_robot_ws/install/diffbot_description/share/diffbot_description/ros2_control/diffbot.ros2_control.xacro
[0.977s] -- Up-to-date symlink: /home/legacy/trr_robot_ws/install/diffbot_description/share/diffbot_description/ros2_control/diffbot_system.ros2_control.xacro
[0.977s] -- Up-to-date symlink: /home/legacy/trr_robot_ws/install/diffbot_description/share/diffbot_description/urdf/diffbot.urdf.xacro
[0.977s] -- Up-to-date symlink: /home/legacy/trr_robot_ws/install/diffbot_description/share/diffbot_description/urdf/diffbot_description.urdf.xacro
[0.978s] -- Up-to-date symlink: /home/legacy/trr_robot_ws/install/diffbot_description/share/diffbot_description/urdf/diffbot_system.urdf.xacro
[0.979s] -- Up-to-date symlink: /home/legacy/trr_robot_ws/install/diffbot_description/share/ament_index/resource_index/package_run_dependencies/diffbot_description
[0.979s] -- Up-to-date symlink: /home/legacy/trr_robot_ws/install/diffbot_description/share/ament_index/resource_index/parent_prefix_path/diffbot_description
[0.980s] -- Up-to-date symlink: /home/legacy/trr_robot_ws/install/diffbot_description/share/diffbot_description/environment/ament_prefix_path.sh
[0.981s] -- Up-to-date symlink: /home/legacy/trr_robot_ws/install/diffbot_description/share/diffbot_description/environment/ament_prefix_path.dsv
[0.982s] -- Up-to-date symlink: /home/legacy/trr_robot_ws/install/diffbot_description/share/diffbot_description/environment/path.sh
[0.983s] -- Up-to-date symlink: /home/legacy/trr_robot_ws/install/diffbot_description/share/diffbot_description/environment/path.dsv
[0.984s] -- Up-to-date symlink: /home/legacy/trr_robot_ws/install/diffbot_description/share/diffbot_description/local_setup.bash
[0.984s] -- Up-to-date symlink: /home/legacy/trr_robot_ws/install/diffbot_description/share/diffbot_description/local_setup.sh
[0.985s] -- Up-to-date symlink: /home/legacy/trr_robot_ws/install/diffbot_description/share/diffbot_description/local_setup.zsh
[0.985s] -- Up-to-date symlink: /home/legacy/trr_robot_ws/install/diffbot_description/share/diffbot_description/local_setup.dsv
[0.985s] -- Symlinking: /home/legacy/trr_robot_ws/install/diffbot_description/share/diffbot_description/package.dsv
[1.008s] -- Up-to-date symlink: /home/legacy/trr_robot_ws/install/diffbot_description/share/ament_index/resource_index/packages/diffbot_description
[1.009s] -- Up-to-date symlink: /home/legacy/trr_robot_ws/install/diffbot_description/share/diffbot_description/cmake/diffbot_descriptionConfig.cmake
[1.009s] -- Up-to-date symlink: /home/legacy/trr_robot_ws/install/diffbot_description/share/diffbot_description/cmake/diffbot_descriptionConfig-version.cmake
[1.010s] -- Up-to-date symlink: /home/legacy/trr_robot_ws/install/diffbot_description/share/diffbot_description/package.xml
[1.016s] Invoked command in '/home/legacy/trr_robot_ws/build/diffbot_description' returned '0': CMAKE_PREFIX_PATH=/opt/ros/foxy /usr/bin/cmake --install /home/legacy/trr_robot_ws/build/diffbot_description
