[0.023s] Invoking command in '/home/legacy/trr_robot_ws/build/ros2_control_demo_hardware': AMENT_PREFIX_PATH=/home/legacy/trr_robot_ws/install/hardware_interface:${AMENT_PREFIX_PATH} CMAKE_PREFIX_PATH=/home/legacy/trr_robot_ws/install/hardware_interface:/opt/ros/foxy LD_LIBRARY_PATH=/home/legacy/trr_robot_ws/install/hardware_interface/lib:${LD_LIBRARY_PATH} /usr/bin/cmake /home/legacy/trr_robot_ws/src/ros2_control_demos/ros2_control_demo_hardware -DCMAKE_INSTALL_PREFIX=/home/legacy/trr_robot_ws/install/ros2_control_demo_hardware
[0.044s] -- Found ament_cmake: 0.9.8 (/opt/ros/foxy/share/ament_cmake/cmake)
[0.074s] -- Using PYTHON_EXECUTABLE: /usr/bin/python3
[0.326s] -- Override CMake install command with custom implementation using symlinks instead of copying resources
[0.340s] -- Found hardware_interface: 1.2.0 (/home/legacy/trr_robot_ws/install/hardware_interface/share/hardware_interface/cmake)
[0.375s] -- Using all available rosidl_typesupport_c: rosidl_typesupport_fastrtps_c;rosidl_typesupport_introspection_c
[0.380s] -- Found rosidl_adapter: 1.2.1 (/opt/ros/foxy/share/rosidl_adapter/cmake)
[0.550s] -- Using all available rosidl_typesupport_cpp: rosidl_typesupport_fastrtps_cpp;rosidl_typesupport_introspection_cpp
[1.273s] -- Found rclcpp: 2.3.1 (/opt/ros/foxy/share/rclcpp/cmake)
[1.324s] -- Found rmw_implementation_cmake: 1.0.3 (/opt/ros/foxy/share/rmw_implementation_cmake/cmake)
[1.326s] -- Using RMW implementation 'rmw_fastrtps_cpp' as default
[1.518s] -- Found rclcpp_lifecycle: 2.3.1 (/opt/ros/foxy/share/rclcpp_lifecycle/cmake)
[1.576s] -- Found ament_cmake_gtest: 0.9.8 (/opt/ros/foxy/share/ament_cmake_gtest/cmake)
[1.688s] -- Configuring done
[1.718s] -- Generating done
[1.720s] -- Build files have been written to: /home/legacy/trr_robot_ws/build/ros2_control_demo_hardware
[1.733s] Invoked command in '/home/legacy/trr_robot_ws/build/ros2_control_demo_hardware' returned '0': AMENT_PREFIX_PATH=/home/legacy/trr_robot_ws/install/hardware_interface:${AMENT_PREFIX_PATH} CMAKE_PREFIX_PATH=/home/legacy/trr_robot_ws/install/hardware_interface:/opt/ros/foxy LD_LIBRARY_PATH=/home/legacy/trr_robot_ws/install/hardware_interface/lib:${LD_LIBRARY_PATH} /usr/bin/cmake /home/legacy/trr_robot_ws/src/ros2_control_demos/ros2_control_demo_hardware -DCMAKE_INSTALL_PREFIX=/home/legacy/trr_robot_ws/install/ros2_control_demo_hardware
[1.735s] Invoking command in '/home/legacy/trr_robot_ws/build/ros2_control_demo_hardware': AMENT_PREFIX_PATH=/home/legacy/trr_robot_ws/install/hardware_interface:${AMENT_PREFIX_PATH} CMAKE_PREFIX_PATH=/home/legacy/trr_robot_ws/install/hardware_interface:/opt/ros/foxy LD_LIBRARY_PATH=/home/legacy/trr_robot_ws/install/hardware_interface/lib:${LD_LIBRARY_PATH} /usr/bin/cmake --build /home/legacy/trr_robot_ws/build/ros2_control_demo_hardware -- -j8 -l8
[1.830s] [100%] Built target ros2_control_demo_hardware
[1.845s] Invoked command in '/home/legacy/trr_robot_ws/build/ros2_control_demo_hardware' returned '0': AMENT_PREFIX_PATH=/home/legacy/trr_robot_ws/install/hardware_interface:${AMENT_PREFIX_PATH} CMAKE_PREFIX_PATH=/home/legacy/trr_robot_ws/install/hardware_interface:/opt/ros/foxy LD_LIBRARY_PATH=/home/legacy/trr_robot_ws/install/hardware_interface/lib:${LD_LIBRARY_PATH} /usr/bin/cmake --build /home/legacy/trr_robot_ws/build/ros2_control_demo_hardware -- -j8 -l8
[1.889s] Invoking command in '/home/legacy/trr_robot_ws/build/ros2_control_demo_hardware': AMENT_PREFIX_PATH=/home/legacy/trr_robot_ws/install/hardware_interface:${AMENT_PREFIX_PATH} CMAKE_PREFIX_PATH=/home/legacy/trr_robot_ws/install/hardware_interface:/opt/ros/foxy LD_LIBRARY_PATH=/home/legacy/trr_robot_ws/install/hardware_interface/lib:${LD_LIBRARY_PATH} /usr/bin/cmake --install /home/legacy/trr_robot_ws/build/ros2_control_demo_hardware
[1.899s] -- Install configuration: ""
[1.899s] -- Execute custom install script
[1.900s] -- Up-to-date symlink: /home/legacy/trr_robot_ws/install/ros2_control_demo_hardware/share/ros2_control_demo_hardware//ros2_control_demo_hardware.xml
[1.900s] -- Up-to-date symlink: /home/legacy/trr_robot_ws/install/ros2_control_demo_hardware/lib/libros2_control_demo_hardware.so
[1.901s] -- Up-to-date symlink: /home/legacy/trr_robot_ws/install/ros2_control_demo_hardware/include/ros2_control_demo_hardware/diffbot_system.hpp
[1.901s] -- Up-to-date symlink: /home/legacy/trr_robot_ws/install/ros2_control_demo_hardware/include/ros2_control_demo_hardware/external_rrbot_force_torque_sensor.hpp
[1.902s] -- Up-to-date symlink: /home/legacy/trr_robot_ws/install/ros2_control_demo_hardware/include/ros2_control_demo_hardware/rrbot_actuator.hpp
[1.902s] -- Up-to-date symlink: /home/legacy/trr_robot_ws/install/ros2_control_demo_hardware/include/ros2_control_demo_hardware/rrbot_system_multi_interface.hpp
[1.902s] -- Up-to-date symlink: /home/legacy/trr_robot_ws/install/ros2_control_demo_hardware/include/ros2_control_demo_hardware/rrbot_system_position_only.hpp
[1.903s] -- Up-to-date symlink: /home/legacy/trr_robot_ws/install/ros2_control_demo_hardware/include/ros2_control_demo_hardware/rrbot_system_with_sensor.hpp
[1.903s] -- Up-to-date symlink: /home/legacy/trr_robot_ws/install/ros2_control_demo_hardware/include/ros2_control_demo_hardware/visibility_control.h
[1.903s] -- Up-to-date symlink: /home/legacy/trr_robot_ws/install/ros2_control_demo_hardware/share/ros2_control_demo_hardware/environment/library_path.sh
[1.904s] -- Up-to-date symlink: /home/legacy/trr_robot_ws/install/ros2_control_demo_hardware/share/ros2_control_demo_hardware/environment/library_path.dsv
[1.904s] -- Up-to-date symlink: /home/legacy/trr_robot_ws/install/ros2_control_demo_hardware/share/ament_index/resource_index/package_run_dependencies/ros2_control_demo_hardware
[1.904s] -- Up-to-date symlink: /home/legacy/trr_robot_ws/install/ros2_control_demo_hardware/share/ament_index/resource_index/parent_prefix_path/ros2_control_demo_hardware
[1.905s] -- Up-to-date symlink: /home/legacy/trr_robot_ws/install/ros2_control_demo_hardware/share/ros2_control_demo_hardware/environment/ament_prefix_path.sh
[1.905s] -- Up-to-date symlink: /home/legacy/trr_robot_ws/install/ros2_control_demo_hardware/share/ros2_control_demo_hardware/environment/ament_prefix_path.dsv
[1.906s] -- Up-to-date symlink: /home/legacy/trr_robot_ws/install/ros2_control_demo_hardware/share/ros2_control_demo_hardware/environment/path.sh
[1.906s] -- Up-to-date symlink: /home/legacy/trr_robot_ws/install/ros2_control_demo_hardware/share/ros2_control_demo_hardware/environment/path.dsv
[1.906s] -- Up-to-date symlink: /home/legacy/trr_robot_ws/install/ros2_control_demo_hardware/share/ros2_control_demo_hardware/local_setup.bash
[1.907s] -- Up-to-date symlink: /home/legacy/trr_robot_ws/install/ros2_control_demo_hardware/share/ros2_control_demo_hardware/local_setup.sh
[1.907s] -- Up-to-date symlink: /home/legacy/trr_robot_ws/install/ros2_control_demo_hardware/share/ros2_control_demo_hardware/local_setup.zsh
[1.907s] -- Up-to-date symlink: /home/legacy/trr_robot_ws/install/ros2_control_demo_hardware/share/ros2_control_demo_hardware/local_setup.dsv
[1.908s] -- Symlinking: /home/legacy/trr_robot_ws/install/ros2_control_demo_hardware/share/ros2_control_demo_hardware/package.dsv
[1.920s] -- Up-to-date symlink: /home/legacy/trr_robot_ws/install/ros2_control_demo_hardware/share/ament_index/resource_index/packages/ros2_control_demo_hardware
[1.920s] -- Up-to-date symlink: /home/legacy/trr_robot_ws/install/ros2_control_demo_hardware/share/ament_index/resource_index/hardware_interface__pluginlib__plugin/ros2_control_demo_hardware
[1.921s] -- Up-to-date symlink: /home/legacy/trr_robot_ws/install/ros2_control_demo_hardware/share/ros2_control_demo_hardware/cmake/ament_cmake_export_include_directories-extras.cmake
[1.921s] -- Up-to-date symlink: /home/legacy/trr_robot_ws/install/ros2_control_demo_hardware/share/ros2_control_demo_hardware/cmake/ament_cmake_export_libraries-extras.cmake
[1.922s] -- Up-to-date symlink: /home/legacy/trr_robot_ws/install/ros2_control_demo_hardware/share/ros2_control_demo_hardware/cmake/ament_cmake_export_dependencies-extras.cmake
[1.922s] -- Up-to-date symlink: /home/legacy/trr_robot_ws/install/ros2_control_demo_hardware/share/ros2_control_demo_hardware/cmake/ros2_control_demo_hardwareConfig.cmake
[1.922s] -- Up-to-date symlink: /home/legacy/trr_robot_ws/install/ros2_control_demo_hardware/share/ros2_control_demo_hardware/cmake/ros2_control_demo_hardwareConfig-version.cmake
[1.923s] -- Up-to-date symlink: /home/legacy/trr_robot_ws/install/ros2_control_demo_hardware/share/ros2_control_demo_hardware/package.xml
[1.925s] Invoked command in '/home/legacy/trr_robot_ws/build/ros2_control_demo_hardware' returned '0': AMENT_PREFIX_PATH=/home/legacy/trr_robot_ws/install/hardware_interface:${AMENT_PREFIX_PATH} CMAKE_PREFIX_PATH=/home/legacy/trr_robot_ws/install/hardware_interface:/opt/ros/foxy LD_LIBRARY_PATH=/home/legacy/trr_robot_ws/install/hardware_interface/lib:${LD_LIBRARY_PATH} /usr/bin/cmake --install /home/legacy/trr_robot_ws/build/ros2_control_demo_hardware
