[0.052s] Invoking command in '/home/legacy/trr_robot_ws/build/controller_manager_msgs': CMAKE_PREFIX_PATH=${CMAKE_PREFIX_PATH}:/home/legacy/trr_robot_ws/install/ros2controlcli:/home/legacy/trr_robot_ws/install/ros2_control_test_nodes:/home/legacy/trr_robot_ws/install/robot:/opt/ros/foxy /usr/bin/cmake /home/legacy/trr_robot_ws/src/ros2_control/controller_manager_msgs -DCMAKE_INSTALL_PREFIX=/home/legacy/trr_robot_ws/install/controller_manager_msgs
[0.722s] -- Found ament_cmake: 0.9.8 (/opt/ros/foxy/share/ament_cmake/cmake)
[0.722s] -- Found PythonInterp: /usr/bin/python3 (found suitable version "3.8.10", minimum required is "3") 
[0.723s] -- Using PYTHON_EXECUTABLE: /usr/bin/python3
[0.723s] -- Override CMake install command with custom implementation using symlinks instead of copying resources
[0.723s] -- Found builtin_interfaces: 1.0.0 (/opt/ros/foxy/share/builtin_interfaces/cmake)
[0.723s] -- Using all available rosidl_typesupport_c: rosidl_typesupport_fastrtps_c;rosidl_typesupport_introspection_c
[0.723s] -- Found rosidl_adapter: 1.2.1 (/opt/ros/foxy/share/rosidl_adapter/cmake)
[0.723s] -- Using all available rosidl_typesupport_cpp: rosidl_typesupport_fastrtps_cpp;rosidl_typesupport_introspection_cpp
[0.723s] -- Found lifecycle_msgs: 1.0.0 (/opt/ros/foxy/share/lifecycle_msgs/cmake)
[0.723s] -- Found rosidl_default_generators: 1.0.1 (/opt/ros/foxy/share/rosidl_default_generators/cmake)
[0.723s] -- Found ament_lint_auto: 0.9.6 (/opt/ros/foxy/share/ament_lint_auto/cmake)
[0.753s] -- Found PythonInterp: /usr/bin/python3 (found version "3.8.10") 
[1.076s] -- Found ament_cmake_ros: 0.9.2 (/opt/ros/foxy/share/ament_cmake_ros/cmake)
[1.304s] -- Using all available rosidl_typesupport_c: rosidl_typesupport_fastrtps_c;rosidl_typesupport_introspection_c
[1.356s] -- Using all available rosidl_typesupport_cpp: rosidl_typesupport_fastrtps_cpp;rosidl_typesupport_introspection_cpp
[1.402s] -- Found PythonInterp: /usr/bin/python3 (found suitable version "3.8.10", minimum required is "3.5") 
[1.402s] -- Found python_cmake_module: 0.8.1 (/opt/ros/foxy/share/python_cmake_module/cmake)
[1.442s] -- Using PYTHON_EXECUTABLE: /usr/bin/python3
[1.442s] -- Using PYTHON_INCLUDE_DIRS: /usr/include/python3.8
[1.442s] -- Using PYTHON_LIBRARIES: /usr/lib/x86_64-linux-gnu/libpython3.8.so
[1.504s] -- Added test 'copyright' to check source files copyright and LICENSE
[1.507s] -- Added test 'lint_cmake' to check CMake code style
[1.508s] -- Added test 'xmllint' to check XML markup files
[1.518s] -- Configuring done
[1.627s] -- Generating done
[1.631s] -- Build files have been written to: /home/legacy/trr_robot_ws/build/controller_manager_msgs
[1.643s] Invoked command in '/home/legacy/trr_robot_ws/build/controller_manager_msgs' returned '0': CMAKE_PREFIX_PATH=${CMAKE_PREFIX_PATH}:/home/legacy/trr_robot_ws/install/ros2controlcli:/home/legacy/trr_robot_ws/install/ros2_control_test_nodes:/home/legacy/trr_robot_ws/install/robot:/opt/ros/foxy /usr/bin/cmake /home/legacy/trr_robot_ws/src/ros2_control/controller_manager_msgs -DCMAKE_INSTALL_PREFIX=/home/legacy/trr_robot_ws/install/controller_manager_msgs
[1.646s] Invoking command in '/home/legacy/trr_robot_ws/build/controller_manager_msgs': CMAKE_PREFIX_PATH=${CMAKE_PREFIX_PATH}:/home/legacy/trr_robot_ws/install/ros2controlcli:/home/legacy/trr_robot_ws/install/ros2_control_test_nodes:/home/legacy/trr_robot_ws/install/robot:/opt/ros/foxy /usr/bin/cmake --build /home/legacy/trr_robot_ws/build/controller_manager_msgs -- -j8 -l8
[1.733s] [ 12%] Built target controller_manager_msgs__rosidl_generator_c
[1.737s] [ 12%] Built target controller_manager_msgs__cpp
[1.789s] [ 24%] Built target controller_manager_msgs__rosidl_typesupport_introspection_c
[1.796s] [ 36%] Built target controller_manager_msgs__rosidl_typesupport_c
[1.800s] [ 48%] Built target controller_manager_msgs__rosidl_typesupport_cpp
[1.808s] [ 60%] Built target controller_manager_msgs__rosidl_typesupport_introspection_cpp
[1.809s] [ 72%] Built target controller_manager_msgs__rosidl_typesupport_fastrtps_cpp
[1.853s] [ 84%] Built target controller_manager_msgs__rosidl_typesupport_fastrtps_c
[1.876s] [ 84%] Built target controller_manager_msgs
[1.899s] [ 85%] Built target controller_manager_msgs__py
[1.942s] [ 96%] Built target controller_manager_msgs__python
[1.977s] [100%] Built target controller_manager_msgs__rosidl_typesupport_c__pyext
[1.977s] [100%] Built target controller_manager_msgs__rosidl_typesupport_fastrtps_c__pyext
[1.977s] [100%] Built target controller_manager_msgs__rosidl_typesupport_introspection_c__pyext
[1.991s] Invoked command in '/home/legacy/trr_robot_ws/build/controller_manager_msgs' returned '0': CMAKE_PREFIX_PATH=${CMAKE_PREFIX_PATH}:/home/legacy/trr_robot_ws/install/ros2controlcli:/home/legacy/trr_robot_ws/install/ros2_control_test_nodes:/home/legacy/trr_robot_ws/install/robot:/opt/ros/foxy /usr/bin/cmake --build /home/legacy/trr_robot_ws/build/controller_manager_msgs -- -j8 -l8
[2.277s] Invoking command in '/home/legacy/trr_robot_ws/build/controller_manager_msgs': CMAKE_PREFIX_PATH=${CMAKE_PREFIX_PATH}:/home/legacy/trr_robot_ws/install/ros2controlcli:/home/legacy/trr_robot_ws/install/ros2_control_test_nodes:/home/legacy/trr_robot_ws/install/robot:/opt/ros/foxy /usr/bin/cmake --install /home/legacy/trr_robot_ws/build/controller_manager_msgs
[2.288s] -- Install configuration: ""
[2.289s] -- Execute custom install script
[2.289s] -- Up-to-date symlink: /home/legacy/trr_robot_ws/install/controller_manager_msgs/share/ament_index/resource_index/rosidl_interfaces/controller_manager_msgs
[2.290s] -- Up-to-date symlink: /home/legacy/trr_robot_ws/install/controller_manager_msgs/include/controller_manager_msgs/msg/controller_state.h
[2.290s] -- Up-to-date symlink: /home/legacy/trr_robot_ws/install/controller_manager_msgs/include/controller_manager_msgs/msg/detail/controller_state__functions.h
[2.291s] -- Up-to-date symlink: /home/legacy/trr_robot_ws/install/controller_manager_msgs/include/controller_manager_msgs/msg/detail/controller_state__struct.h
[2.291s] -- Up-to-date symlink: /home/legacy/trr_robot_ws/install/controller_manager_msgs/include/controller_manager_msgs/msg/detail/controller_state__type_support.h
[2.291s] -- Up-to-date symlink: /home/legacy/trr_robot_ws/install/controller_manager_msgs/include/controller_manager_msgs/msg/detail/hardware_component_state__functions.h
[2.291s] -- Up-to-date symlink: /home/legacy/trr_robot_ws/install/controller_manager_msgs/include/controller_manager_msgs/msg/detail/hardware_component_state__struct.h
[2.291s] -- Up-to-date symlink: /home/legacy/trr_robot_ws/install/controller_manager_msgs/include/controller_manager_msgs/msg/detail/hardware_component_state__type_support.h
[2.292s] -- Up-to-date symlink: /home/legacy/trr_robot_ws/install/controller_manager_msgs/include/controller_manager_msgs/msg/detail/hardware_interface__functions.h
[2.292s] -- Up-to-date symlink: /home/legacy/trr_robot_ws/install/controller_manager_msgs/include/controller_manager_msgs/msg/detail/hardware_interface__struct.h
[2.292s] -- Up-to-date symlink: /home/legacy/trr_robot_ws/install/controller_manager_msgs/include/controller_manager_msgs/msg/detail/hardware_interface__type_support.h
[2.292s] -- Up-to-date symlink: /home/legacy/trr_robot_ws/install/controller_manager_msgs/include/controller_manager_msgs/msg/hardware_component_state.h
[2.292s] -- Up-to-date symlink: /home/legacy/trr_robot_ws/install/controller_manager_msgs/include/controller_manager_msgs/msg/hardware_interface.h
[2.292s] -- Up-to-date symlink: /home/legacy/trr_robot_ws/install/controller_manager_msgs/include/controller_manager_msgs/msg/rosidl_generator_c__visibility_control.h
[2.293s] -- Up-to-date symlink: /home/legacy/trr_robot_ws/install/controller_manager_msgs/include/controller_manager_msgs/srv/configure_controller.h
[2.293s] -- Up-to-date symlink: /home/legacy/trr_robot_ws/install/controller_manager_msgs/include/controller_manager_msgs/srv/configure_start_controller.h
[2.293s] -- Up-to-date symlink: /home/legacy/trr_robot_ws/install/controller_manager_msgs/include/controller_manager_msgs/srv/detail/configure_controller__functions.h
[2.293s] -- Up-to-date symlink: /home/legacy/trr_robot_ws/install/controller_manager_msgs/include/controller_manager_msgs/srv/detail/configure_controller__struct.h
[2.294s] -- Up-to-date symlink: /home/legacy/trr_robot_ws/install/controller_manager_msgs/include/controller_manager_msgs/srv/detail/configure_controller__type_support.h
[2.294s] -- Up-to-date symlink: /home/legacy/trr_robot_ws/install/controller_manager_msgs/include/controller_manager_msgs/srv/detail/configure_start_controller__functions.h
[2.294s] -- Up-to-date symlink: /home/legacy/trr_robot_ws/install/controller_manager_msgs/include/controller_manager_msgs/srv/detail/configure_start_controller__struct.h
[2.295s] -- Up-to-date symlink: /home/legacy/trr_robot_ws/install/controller_manager_msgs/include/controller_manager_msgs/srv/detail/configure_start_controller__type_support.h
[2.295s] -- Up-to-date symlink: /home/legacy/trr_robot_ws/install/controller_manager_msgs/include/controller_manager_msgs/srv/detail/list_controller_types__functions.h
[2.295s] -- Up-to-date symlink: /home/legacy/trr_robot_ws/install/controller_manager_msgs/include/controller_manager_msgs/srv/detail/list_controller_types__struct.h
[2.295s] -- Up-to-date symlink: /home/legacy/trr_robot_ws/install/controller_manager_msgs/include/controller_manager_msgs/srv/detail/list_controller_types__type_support.h
[2.296s] -- Up-to-date symlink: /home/legacy/trr_robot_ws/install/controller_manager_msgs/include/controller_manager_msgs/srv/detail/list_controllers__functions.h
[2.296s] -- Up-to-date symlink: /home/legacy/trr_robot_ws/install/controller_manager_msgs/include/controller_manager_msgs/srv/detail/list_controllers__struct.h
[2.296s] -- Up-to-date symlink: /home/legacy/trr_robot_ws/install/controller_manager_msgs/include/controller_manager_msgs/srv/detail/list_controllers__type_support.h
[2.296s] -- Up-to-date symlink: /home/legacy/trr_robot_ws/install/controller_manager_msgs/include/controller_manager_msgs/srv/detail/list_hardware_components__functions.h
[2.297s] -- Up-to-date symlink: /home/legacy/trr_robot_ws/install/controller_manager_msgs/include/controller_manager_msgs/srv/detail/list_hardware_components__struct.h
[2.297s] -- Up-to-date symlink: /home/legacy/trr_robot_ws/install/controller_manager_msgs/include/controller_manager_msgs/srv/detail/list_hardware_components__type_support.h
[2.297s] -- Up-to-date symlink: /home/legacy/trr_robot_ws/install/controller_manager_msgs/include/controller_manager_msgs/srv/detail/list_hardware_interfaces__functions.h
[2.298s] -- Up-to-date symlink: /home/legacy/trr_robot_ws/install/controller_manager_msgs/include/controller_manager_msgs/srv/detail/list_hardware_interfaces__struct.h
[2.298s] -- Up-to-date symlink: /home/legacy/trr_robot_ws/install/controller_manager_msgs/include/controller_manager_msgs/srv/detail/list_hardware_interfaces__type_support.h
[2.298s] -- Up-to-date symlink: /home/legacy/trr_robot_ws/install/controller_manager_msgs/include/controller_manager_msgs/srv/detail/load_configure_controller__functions.h
[2.298s] -- Up-to-date symlink: /home/legacy/trr_robot_ws/install/controller_manager_msgs/include/controller_manager_msgs/srv/detail/load_configure_controller__struct.h
[2.299s] -- Up-to-date symlink: /home/legacy/trr_robot_ws/install/controller_manager_msgs/include/controller_manager_msgs/srv/detail/load_configure_controller__type_support.h
[2.299s] -- Up-to-date symlink: /home/legacy/trr_robot_ws/install/controller_manager_msgs/include/controller_manager_msgs/srv/detail/load_controller__functions.h
[2.299s] -- Up-to-date symlink: /home/legacy/trr_robot_ws/install/controller_manager_msgs/include/controller_manager_msgs/srv/detail/load_controller__struct.h
[2.299s] -- Up-to-date symlink: /home/legacy/trr_robot_ws/install/controller_manager_msgs/include/controller_manager_msgs/srv/detail/load_controller__type_support.h
[2.300s] -- Up-to-date symlink: /home/legacy/trr_robot_ws/install/controller_manager_msgs/include/controller_manager_msgs/srv/detail/load_start_controller__functions.h
[2.300s] -- Up-to-date symlink: /home/legacy/trr_robot_ws/install/controller_manager_msgs/include/controller_manager_msgs/srv/detail/load_start_controller__struct.h
[2.300s] -- Up-to-date symlink: /home/legacy/trr_robot_ws/install/controller_manager_msgs/include/controller_manager_msgs/srv/detail/load_start_controller__type_support.h
[2.300s] -- Up-to-date symlink: /home/legacy/trr_robot_ws/install/controller_manager_msgs/include/controller_manager_msgs/srv/detail/reload_controller_libraries__functions.h
[2.301s] -- Up-to-date symlink: /home/legacy/trr_robot_ws/install/controller_manager_msgs/include/controller_manager_msgs/srv/detail/reload_controller_libraries__struct.h
[2.301s] -- Up-to-date symlink: /home/legacy/trr_robot_ws/install/controller_manager_msgs/include/controller_manager_msgs/srv/detail/reload_controller_libraries__type_support.h
[2.301s] -- Up-to-date symlink: /home/legacy/trr_robot_ws/install/controller_manager_msgs/include/controller_manager_msgs/srv/detail/set_hardware_component_state__functions.h
[2.301s] -- Up-to-date symlink: /home/legacy/trr_robot_ws/install/controller_manager_msgs/include/controller_manager_msgs/srv/detail/set_hardware_component_state__struct.h
[2.302s] -- Up-to-date symlink: /home/legacy/trr_robot_ws/install/controller_manager_msgs/include/controller_manager_msgs/srv/detail/set_hardware_component_state__type_support.h
[2.302s] -- Up-to-date symlink: /home/legacy/trr_robot_ws/install/controller_manager_msgs/include/controller_manager_msgs/srv/detail/switch_controller__functions.h
[2.302s] -- Up-to-date symlink: /home/legacy/trr_robot_ws/install/controller_manager_msgs/include/controller_manager_msgs/srv/detail/switch_controller__struct.h
[2.302s] -- Up-to-date symlink: /home/legacy/trr_robot_ws/install/controller_manager_msgs/include/controller_manager_msgs/srv/detail/switch_controller__type_support.h
[2.303s] -- Up-to-date symlink: /home/legacy/trr_robot_ws/install/controller_manager_msgs/include/controller_manager_msgs/srv/detail/unload_controller__functions.h
[2.303s] -- Up-to-date symlink: /home/legacy/trr_robot_ws/install/controller_manager_msgs/include/controller_manager_msgs/srv/detail/unload_controller__struct.h
[2.303s] -- Up-to-date symlink: /home/legacy/trr_robot_ws/install/controller_manager_msgs/include/controller_manager_msgs/srv/detail/unload_controller__type_support.h
[2.303s] -- Up-to-date symlink: /home/legacy/trr_robot_ws/install/controller_manager_msgs/include/controller_manager_msgs/srv/list_controller_types.h
[2.304s] -- Up-to-date symlink: /home/legacy/trr_robot_ws/install/controller_manager_msgs/include/controller_manager_msgs/srv/list_controllers.h
[2.304s] -- Up-to-date symlink: /home/legacy/trr_robot_ws/install/controller_manager_msgs/include/controller_manager_msgs/srv/list_hardware_components.h
[2.304s] -- Up-to-date symlink: /home/legacy/trr_robot_ws/install/controller_manager_msgs/include/controller_manager_msgs/srv/list_hardware_interfaces.h
[2.304s] -- Up-to-date symlink: /home/legacy/trr_robot_ws/install/controller_manager_msgs/include/controller_manager_msgs/srv/load_configure_controller.h
[2.305s] -- Up-to-date symlink: /home/legacy/trr_robot_ws/install/controller_manager_msgs/include/controller_manager_msgs/srv/load_controller.h
[2.305s] -- Up-to-date symlink: /home/legacy/trr_robot_ws/install/controller_manager_msgs/include/controller_manager_msgs/srv/load_start_controller.h
[2.305s] -- Up-to-date symlink: /home/legacy/trr_robot_ws/install/controller_manager_msgs/include/controller_manager_msgs/srv/reload_controller_libraries.h
[2.305s] -- Up-to-date symlink: /home/legacy/trr_robot_ws/install/controller_manager_msgs/include/controller_manager_msgs/srv/set_hardware_component_state.h
[2.306s] -- Up-to-date symlink: /home/legacy/trr_robot_ws/install/controller_manager_msgs/include/controller_manager_msgs/srv/switch_controller.h
[2.306s] -- Up-to-date symlink: /home/legacy/trr_robot_ws/install/controller_manager_msgs/include/controller_manager_msgs/srv/unload_controller.h
[2.306s] -- Up-to-date symlink: /home/legacy/trr_robot_ws/install/controller_manager_msgs/share/controller_manager_msgs/environment/library_path.sh
[2.307s] -- Up-to-date symlink: /home/legacy/trr_robot_ws/install/controller_manager_msgs/share/controller_manager_msgs/environment/library_path.dsv
[2.308s] -- Up-to-date symlink: /home/legacy/trr_robot_ws/install/controller_manager_msgs/include/controller_manager_msgs/msg/detail/controller_state__rosidl_typesupport_fastrtps_c.h
[2.308s] -- Up-to-date symlink: /home/legacy/trr_robot_ws/install/controller_manager_msgs/include/controller_manager_msgs/msg/detail/hardware_component_state__rosidl_typesupport_fastrtps_c.h
[2.308s] -- Up-to-date symlink: /home/legacy/trr_robot_ws/install/controller_manager_msgs/include/controller_manager_msgs/msg/detail/hardware_interface__rosidl_typesupport_fastrtps_c.h
[2.308s] -- Up-to-date symlink: /home/legacy/trr_robot_ws/install/controller_manager_msgs/include/controller_manager_msgs/msg/rosidl_typesupport_fastrtps_c__visibility_control.h
[2.309s] -- Up-to-date symlink: /home/legacy/trr_robot_ws/install/controller_manager_msgs/include/controller_manager_msgs/srv/detail/configure_controller__rosidl_typesupport_fastrtps_c.h
[2.309s] -- Up-to-date symlink: /home/legacy/trr_robot_ws/install/controller_manager_msgs/include/controller_manager_msgs/srv/detail/configure_start_controller__rosidl_typesupport_fastrtps_c.h
[2.309s] -- Up-to-date symlink: /home/legacy/trr_robot_ws/install/controller_manager_msgs/include/controller_manager_msgs/srv/detail/list_controller_types__rosidl_typesupport_fastrtps_c.h
[2.310s] -- Up-to-date symlink: /home/legacy/trr_robot_ws/install/controller_manager_msgs/include/controller_manager_msgs/srv/detail/list_controllers__rosidl_typesupport_fastrtps_c.h
[2.310s] -- Up-to-date symlink: /home/legacy/trr_robot_ws/install/controller_manager_msgs/include/controller_manager_msgs/srv/detail/list_hardware_components__rosidl_typesupport_fastrtps_c.h
[2.310s] -- Up-to-date symlink: /home/legacy/trr_robot_ws/install/controller_manager_msgs/include/controller_manager_msgs/srv/detail/list_hardware_interfaces__rosidl_typesupport_fastrtps_c.h
[2.310s] -- Up-to-date symlink: /home/legacy/trr_robot_ws/install/controller_manager_msgs/include/controller_manager_msgs/srv/detail/load_configure_controller__rosidl_typesupport_fastrtps_c.h
[2.311s] -- Up-to-date symlink: /home/legacy/trr_robot_ws/install/controller_manager_msgs/include/controller_manager_msgs/srv/detail/load_controller__rosidl_typesupport_fastrtps_c.h
[2.311s] -- Up-to-date symlink: /home/legacy/trr_robot_ws/install/controller_manager_msgs/include/controller_manager_msgs/srv/detail/load_start_controller__rosidl_typesupport_fastrtps_c.h
[2.311s] -- Up-to-date symlink: /home/legacy/trr_robot_ws/install/controller_manager_msgs/include/controller_manager_msgs/srv/detail/reload_controller_libraries__rosidl_typesupport_fastrtps_c.h
[2.311s] -- Up-to-date symlink: /home/legacy/trr_robot_ws/install/controller_manager_msgs/include/controller_manager_msgs/srv/detail/set_hardware_component_state__rosidl_typesupport_fastrtps_c.h
[2.312s] -- Up-to-date symlink: /home/legacy/trr_robot_ws/install/controller_manager_msgs/include/controller_manager_msgs/srv/detail/switch_controller__rosidl_typesupport_fastrtps_c.h
[2.312s] -- Up-to-date symlink: /home/legacy/trr_robot_ws/install/controller_manager_msgs/include/controller_manager_msgs/srv/detail/unload_controller__rosidl_typesupport_fastrtps_c.h
[2.312s] -- Up-to-date symlink: /home/legacy/trr_robot_ws/install/controller_manager_msgs/lib/libcontroller_manager_msgs__rosidl_typesupport_fastrtps_c.so
[2.314s] -- Up-to-date symlink: /home/legacy/trr_robot_ws/install/controller_manager_msgs/include/controller_manager_msgs/msg/detail/controller_state__rosidl_typesupport_fastrtps_cpp.hpp
[2.314s] -- Up-to-date symlink: /home/legacy/trr_robot_ws/install/controller_manager_msgs/include/controller_manager_msgs/msg/detail/hardware_component_state__rosidl_typesupport_fastrtps_cpp.hpp
[2.314s] -- Up-to-date symlink: /home/legacy/trr_robot_ws/install/controller_manager_msgs/include/controller_manager_msgs/msg/detail/hardware_interface__rosidl_typesupport_fastrtps_cpp.hpp
[2.314s] -- Up-to-date symlink: /home/legacy/trr_robot_ws/install/controller_manager_msgs/include/controller_manager_msgs/msg/rosidl_typesupport_fastrtps_cpp__visibility_control.h
[2.315s] -- Up-to-date symlink: /home/legacy/trr_robot_ws/install/controller_manager_msgs/include/controller_manager_msgs/srv/detail/configure_controller__rosidl_typesupport_fastrtps_cpp.hpp
[2.315s] -- Up-to-date symlink: /home/legacy/trr_robot_ws/install/controller_manager_msgs/include/controller_manager_msgs/srv/detail/configure_start_controller__rosidl_typesupport_fastrtps_cpp.hpp
[2.315s] -- Up-to-date symlink: /home/legacy/trr_robot_ws/install/controller_manager_msgs/include/controller_manager_msgs/srv/detail/list_controller_types__rosidl_typesupport_fastrtps_cpp.hpp
[2.315s] -- Up-to-date symlink: /home/legacy/trr_robot_ws/install/controller_manager_msgs/include/controller_manager_msgs/srv/detail/list_controllers__rosidl_typesupport_fastrtps_cpp.hpp
[2.316s] -- Up-to-date symlink: /home/legacy/trr_robot_ws/install/controller_manager_msgs/include/controller_manager_msgs/srv/detail/list_hardware_components__rosidl_typesupport_fastrtps_cpp.hpp
[2.316s] -- Up-to-date symlink: /home/legacy/trr_robot_ws/install/controller_manager_msgs/include/controller_manager_msgs/srv/detail/list_hardware_interfaces__rosidl_typesupport_fastrtps_cpp.hpp
[2.316s] -- Up-to-date symlink: /home/legacy/trr_robot_ws/install/controller_manager_msgs/include/controller_manager_msgs/srv/detail/load_configure_controller__rosidl_typesupport_fastrtps_cpp.hpp
[2.316s] -- Up-to-date symlink: /home/legacy/trr_robot_ws/install/controller_manager_msgs/include/controller_manager_msgs/srv/detail/load_controller__rosidl_typesupport_fastrtps_cpp.hpp
[2.317s] -- Up-to-date symlink: /home/legacy/trr_robot_ws/install/controller_manager_msgs/include/controller_manager_msgs/srv/detail/load_start_controller__rosidl_typesupport_fastrtps_cpp.hpp
[2.317s] -- Up-to-date symlink: /home/legacy/trr_robot_ws/install/controller_manager_msgs/include/controller_manager_msgs/srv/detail/reload_controller_libraries__rosidl_typesupport_fastrtps_cpp.hpp
[2.317s] -- Up-to-date symlink: /home/legacy/trr_robot_ws/install/controller_manager_msgs/include/controller_manager_msgs/srv/detail/set_hardware_component_state__rosidl_typesupport_fastrtps_cpp.hpp
[2.318s] -- Up-to-date symlink: /home/legacy/trr_robot_ws/install/controller_manager_msgs/include/controller_manager_msgs/srv/detail/switch_controller__rosidl_typesupport_fastrtps_cpp.hpp
[2.318s] -- Up-to-date symlink: /home/legacy/trr_robot_ws/install/controller_manager_msgs/include/controller_manager_msgs/srv/detail/unload_controller__rosidl_typesupport_fastrtps_cpp.hpp
[2.318s] -- Up-to-date symlink: /home/legacy/trr_robot_ws/install/controller_manager_msgs/lib/libcontroller_manager_msgs__rosidl_typesupport_fastrtps_cpp.so
[2.319s] -- Up-to-date symlink: /home/legacy/trr_robot_ws/install/controller_manager_msgs/include/controller_manager_msgs/msg/detail/controller_state__rosidl_typesupport_introspection_c.h
[2.319s] -- Up-to-date symlink: /home/legacy/trr_robot_ws/install/controller_manager_msgs/include/controller_manager_msgs/msg/detail/hardware_component_state__rosidl_typesupport_introspection_c.h
[2.320s] -- Up-to-date symlink: /home/legacy/trr_robot_ws/install/controller_manager_msgs/include/controller_manager_msgs/msg/detail/hardware_interface__rosidl_typesupport_introspection_c.h
[2.320s] -- Up-to-date symlink: /home/legacy/trr_robot_ws/install/controller_manager_msgs/include/controller_manager_msgs/msg/rosidl_typesupport_introspection_c__visibility_control.h
[2.320s] -- Up-to-date symlink: /home/legacy/trr_robot_ws/install/controller_manager_msgs/include/controller_manager_msgs/srv/detail/configure_controller__rosidl_typesupport_introspection_c.h
[2.320s] -- Up-to-date symlink: /home/legacy/trr_robot_ws/install/controller_manager_msgs/include/controller_manager_msgs/srv/detail/configure_start_controller__rosidl_typesupport_introspection_c.h
[2.321s] -- Up-to-date symlink: /home/legacy/trr_robot_ws/install/controller_manager_msgs/include/controller_manager_msgs/srv/detail/list_controller_types__rosidl_typesupport_introspection_c.h
[2.321s] -- Up-to-date symlink: /home/legacy/trr_robot_ws/install/controller_manager_msgs/include/controller_manager_msgs/srv/detail/list_controllers__rosidl_typesupport_introspection_c.h
[2.321s] -- Up-to-date symlink: /home/legacy/trr_robot_ws/install/controller_manager_msgs/include/controller_manager_msgs/srv/detail/list_hardware_components__rosidl_typesupport_introspection_c.h
[2.321s] -- Up-to-date symlink: /home/legacy/trr_robot_ws/install/controller_manager_msgs/include/controller_manager_msgs/srv/detail/list_hardware_interfaces__rosidl_typesupport_introspection_c.h
[2.322s] -- Up-to-date symlink: /home/legacy/trr_robot_ws/install/controller_manager_msgs/include/controller_manager_msgs/srv/detail/load_configure_controller__rosidl_typesupport_introspection_c.h
[2.322s] -- Up-to-date symlink: /home/legacy/trr_robot_ws/install/controller_manager_msgs/include/controller_manager_msgs/srv/detail/load_controller__rosidl_typesupport_introspection_c.h
[2.322s] -- Up-to-date symlink: /home/legacy/trr_robot_ws/install/controller_manager_msgs/include/controller_manager_msgs/srv/detail/load_start_controller__rosidl_typesupport_introspection_c.h
[2.322s] -- Up-to-date symlink: /home/legacy/trr_robot_ws/install/controller_manager_msgs/include/controller_manager_msgs/srv/detail/reload_controller_libraries__rosidl_typesupport_introspection_c.h
[2.323s] -- Up-to-date symlink: /home/legacy/trr_robot_ws/install/controller_manager_msgs/include/controller_manager_msgs/srv/detail/set_hardware_component_state__rosidl_typesupport_introspection_c.h
[2.323s] -- Up-to-date symlink: /home/legacy/trr_robot_ws/install/controller_manager_msgs/include/controller_manager_msgs/srv/detail/switch_controller__rosidl_typesupport_introspection_c.h
[2.323s] -- Up-to-date symlink: /home/legacy/trr_robot_ws/install/controller_manager_msgs/include/controller_manager_msgs/srv/detail/unload_controller__rosidl_typesupport_introspection_c.h
[2.324s] -- Up-to-date symlink: /home/legacy/trr_robot_ws/install/controller_manager_msgs/include/controller_manager_msgs/msg/controller_state.hpp
[2.325s] -- Up-to-date symlink: /home/legacy/trr_robot_ws/install/controller_manager_msgs/include/controller_manager_msgs/msg/detail/controller_state__builder.hpp
[2.325s] -- Up-to-date symlink: /home/legacy/trr_robot_ws/install/controller_manager_msgs/include/controller_manager_msgs/msg/detail/controller_state__struct.hpp
[2.325s] -- Up-to-date symlink: /home/legacy/trr_robot_ws/install/controller_manager_msgs/include/controller_manager_msgs/msg/detail/controller_state__traits.hpp
[2.325s] -- Up-to-date symlink: /home/legacy/trr_robot_ws/install/controller_manager_msgs/include/controller_manager_msgs/msg/detail/hardware_component_state__builder.hpp
[2.325s] -- Up-to-date symlink: /home/legacy/trr_robot_ws/install/controller_manager_msgs/include/controller_manager_msgs/msg/detail/hardware_component_state__struct.hpp
[2.326s] -- Up-to-date symlink: /home/legacy/trr_robot_ws/install/controller_manager_msgs/include/controller_manager_msgs/msg/detail/hardware_component_state__traits.hpp
[2.326s] -- Up-to-date symlink: /home/legacy/trr_robot_ws/install/controller_manager_msgs/include/controller_manager_msgs/msg/detail/hardware_interface__builder.hpp
[2.326s] -- Up-to-date symlink: /home/legacy/trr_robot_ws/install/controller_manager_msgs/include/controller_manager_msgs/msg/detail/hardware_interface__struct.hpp
[2.326s] -- Up-to-date symlink: /home/legacy/trr_robot_ws/install/controller_manager_msgs/include/controller_manager_msgs/msg/detail/hardware_interface__traits.hpp
[2.326s] -- Up-to-date symlink: /home/legacy/trr_robot_ws/install/controller_manager_msgs/include/controller_manager_msgs/msg/hardware_component_state.hpp
[2.327s] -- Up-to-date symlink: /home/legacy/trr_robot_ws/install/controller_manager_msgs/include/controller_manager_msgs/msg/hardware_interface.hpp
[2.327s] -- Up-to-date symlink: /home/legacy/trr_robot_ws/install/controller_manager_msgs/include/controller_manager_msgs/srv/configure_controller.hpp
[2.327s] -- Up-to-date symlink: /home/legacy/trr_robot_ws/install/controller_manager_msgs/include/controller_manager_msgs/srv/configure_start_controller.hpp
[2.327s] -- Up-to-date symlink: /home/legacy/trr_robot_ws/install/controller_manager_msgs/include/controller_manager_msgs/srv/detail/configure_controller__builder.hpp
[2.327s] -- Up-to-date symlink: /home/legacy/trr_robot_ws/install/controller_manager_msgs/include/controller_manager_msgs/srv/detail/configure_controller__struct.hpp
[2.328s] -- Up-to-date symlink: /home/legacy/trr_robot_ws/install/controller_manager_msgs/include/controller_manager_msgs/srv/detail/configure_controller__traits.hpp
[2.328s] -- Up-to-date symlink: /home/legacy/trr_robot_ws/install/controller_manager_msgs/include/controller_manager_msgs/srv/detail/configure_start_controller__builder.hpp
[2.328s] -- Up-to-date symlink: /home/legacy/trr_robot_ws/install/controller_manager_msgs/include/controller_manager_msgs/srv/detail/configure_start_controller__struct.hpp
[2.328s] -- Up-to-date symlink: /home/legacy/trr_robot_ws/install/controller_manager_msgs/include/controller_manager_msgs/srv/detail/configure_start_controller__traits.hpp
[2.328s] -- Up-to-date symlink: /home/legacy/trr_robot_ws/install/controller_manager_msgs/include/controller_manager_msgs/srv/detail/list_controller_types__builder.hpp
[2.328s] -- Up-to-date symlink: /home/legacy/trr_robot_ws/install/controller_manager_msgs/include/controller_manager_msgs/srv/detail/list_controller_types__struct.hpp
[2.329s] -- Up-to-date symlink: /home/legacy/trr_robot_ws/install/controller_manager_msgs/include/controller_manager_msgs/srv/detail/list_controller_types__traits.hpp
[2.329s] -- Up-to-date symlink: /home/legacy/trr_robot_ws/install/controller_manager_msgs/include/controller_manager_msgs/srv/detail/list_controllers__builder.hpp
[2.329s] -- Up-to-date symlink: /home/legacy/trr_robot_ws/install/controller_manager_msgs/include/controller_manager_msgs/srv/detail/list_controllers__struct.hpp
[2.329s] -- Up-to-date symlink: /home/legacy/trr_robot_ws/install/controller_manager_msgs/include/controller_manager_msgs/srv/detail/list_controllers__traits.hpp
[2.329s] -- Up-to-date symlink: /home/legacy/trr_robot_ws/install/controller_manager_msgs/include/controller_manager_msgs/srv/detail/list_hardware_components__builder.hpp
[2.330s] -- Up-to-date symlink: /home/legacy/trr_robot_ws/install/controller_manager_msgs/include/controller_manager_msgs/srv/detail/list_hardware_components__struct.hpp
[2.330s] -- Up-to-date symlink: /home/legacy/trr_robot_ws/install/controller_manager_msgs/include/controller_manager_msgs/srv/detail/list_hardware_components__traits.hpp
[2.330s] -- Up-to-date symlink: /home/legacy/trr_robot_ws/install/controller_manager_msgs/include/controller_manager_msgs/srv/detail/list_hardware_interfaces__builder.hpp
[2.330s] -- Up-to-date symlink: /home/legacy/trr_robot_ws/install/controller_manager_msgs/include/controller_manager_msgs/srv/detail/list_hardware_interfaces__struct.hpp
[2.330s] -- Up-to-date symlink: /home/legacy/trr_robot_ws/install/controller_manager_msgs/include/controller_manager_msgs/srv/detail/list_hardware_interfaces__traits.hpp
[2.330s] -- Up-to-date symlink: /home/legacy/trr_robot_ws/install/controller_manager_msgs/include/controller_manager_msgs/srv/detail/load_configure_controller__builder.hpp
[2.331s] -- Up-to-date symlink: /home/legacy/trr_robot_ws/install/controller_manager_msgs/include/controller_manager_msgs/srv/detail/load_configure_controller__struct.hpp
[2.331s] -- Up-to-date symlink: /home/legacy/trr_robot_ws/install/controller_manager_msgs/include/controller_manager_msgs/srv/detail/load_configure_controller__traits.hpp
[2.331s] -- Up-to-date symlink: /home/legacy/trr_robot_ws/install/controller_manager_msgs/include/controller_manager_msgs/srv/detail/load_controller__builder.hpp
[2.331s] -- Up-to-date symlink: /home/legacy/trr_robot_ws/install/controller_manager_msgs/include/controller_manager_msgs/srv/detail/load_controller__struct.hpp
[2.331s] -- Up-to-date symlink: /home/legacy/trr_robot_ws/install/controller_manager_msgs/include/controller_manager_msgs/srv/detail/load_controller__traits.hpp
[2.332s] -- Up-to-date symlink: /home/legacy/trr_robot_ws/install/controller_manager_msgs/include/controller_manager_msgs/srv/detail/load_start_controller__builder.hpp
[2.332s] -- Up-to-date symlink: /home/legacy/trr_robot_ws/install/controller_manager_msgs/include/controller_manager_msgs/srv/detail/load_start_controller__struct.hpp
[2.332s] -- Up-to-date symlink: /home/legacy/trr_robot_ws/install/controller_manager_msgs/include/controller_manager_msgs/srv/detail/load_start_controller__traits.hpp
[2.332s] -- Up-to-date symlink: /home/legacy/trr_robot_ws/install/controller_manager_msgs/include/controller_manager_msgs/srv/detail/reload_controller_libraries__builder.hpp
[2.332s] -- Up-to-date symlink: /home/legacy/trr_robot_ws/install/controller_manager_msgs/include/controller_manager_msgs/srv/detail/reload_controller_libraries__struct.hpp
[2.332s] -- Up-to-date symlink: /home/legacy/trr_robot_ws/install/controller_manager_msgs/include/controller_manager_msgs/srv/detail/reload_controller_libraries__traits.hpp
[2.333s] -- Up-to-date symlink: /home/legacy/trr_robot_ws/install/controller_manager_msgs/include/controller_manager_msgs/srv/detail/set_hardware_component_state__builder.hpp
[2.333s] -- Up-to-date symlink: /home/legacy/trr_robot_ws/install/controller_manager_msgs/include/controller_manager_msgs/srv/detail/set_hardware_component_state__struct.hpp
[2.333s] -- Up-to-date symlink: /home/legacy/trr_robot_ws/install/controller_manager_msgs/include/controller_manager_msgs/srv/detail/set_hardware_component_state__traits.hpp
[2.333s] -- Up-to-date symlink: /home/legacy/trr_robot_ws/install/controller_manager_msgs/include/controller_manager_msgs/srv/detail/switch_controller__builder.hpp
[2.333s] -- Up-to-date symlink: /home/legacy/trr_robot_ws/install/controller_manager_msgs/include/controller_manager_msgs/srv/detail/switch_controller__struct.hpp
[2.334s] -- Up-to-date symlink: /home/legacy/trr_robot_ws/install/controller_manager_msgs/include/controller_manager_msgs/srv/detail/switch_controller__traits.hpp
[2.334s] -- Up-to-date symlink: /home/legacy/trr_robot_ws/install/controller_manager_msgs/include/controller_manager_msgs/srv/detail/unload_controller__builder.hpp
[2.334s] -- Up-to-date symlink: /home/legacy/trr_robot_ws/install/controller_manager_msgs/include/controller_manager_msgs/srv/detail/unload_controller__struct.hpp
[2.334s] -- Up-to-date symlink: /home/legacy/trr_robot_ws/install/controller_manager_msgs/include/controller_manager_msgs/srv/detail/unload_controller__traits.hpp
[2.334s] -- Up-to-date symlink: /home/legacy/trr_robot_ws/install/controller_manager_msgs/include/controller_manager_msgs/srv/list_controller_types.hpp
[2.334s] -- Up-to-date symlink: /home/legacy/trr_robot_ws/install/controller_manager_msgs/include/controller_manager_msgs/srv/list_controllers.hpp
[2.335s] -- Up-to-date symlink: /home/legacy/trr_robot_ws/install/controller_manager_msgs/include/controller_manager_msgs/srv/list_hardware_components.hpp
[2.335s] -- Up-to-date symlink: /home/legacy/trr_robot_ws/install/controller_manager_msgs/include/controller_manager_msgs/srv/list_hardware_interfaces.hpp
[2.335s] -- Up-to-date symlink: /home/legacy/trr_robot_ws/install/controller_manager_msgs/include/controller_manager_msgs/srv/load_configure_controller.hpp
[2.335s] -- Up-to-date symlink: /home/legacy/trr_robot_ws/install/controller_manager_msgs/include/controller_manager_msgs/srv/load_controller.hpp
[2.335s] -- Up-to-date symlink: /home/legacy/trr_robot_ws/install/controller_manager_msgs/include/controller_manager_msgs/srv/load_start_controller.hpp
[2.335s] -- Up-to-date symlink: /home/legacy/trr_robot_ws/install/controller_manager_msgs/include/controller_manager_msgs/srv/reload_controller_libraries.hpp
[2.336s] -- Up-to-date symlink: /home/legacy/trr_robot_ws/install/controller_manager_msgs/include/controller_manager_msgs/srv/set_hardware_component_state.hpp
[2.336s] -- Up-to-date symlink: /home/legacy/trr_robot_ws/install/controller_manager_msgs/include/controller_manager_msgs/srv/switch_controller.hpp
[2.336s] -- Up-to-date symlink: /home/legacy/trr_robot_ws/install/controller_manager_msgs/include/controller_manager_msgs/srv/unload_controller.hpp
[2.337s] -- Up-to-date symlink: /home/legacy/trr_robot_ws/install/controller_manager_msgs/include/controller_manager_msgs/msg/detail/controller_state__rosidl_typesupport_introspection_cpp.hpp
[2.337s] -- Up-to-date symlink: /home/legacy/trr_robot_ws/install/controller_manager_msgs/include/controller_manager_msgs/msg/detail/hardware_component_state__rosidl_typesupport_introspection_cpp.hpp
[2.337s] -- Up-to-date symlink: /home/legacy/trr_robot_ws/install/controller_manager_msgs/include/controller_manager_msgs/msg/detail/hardware_interface__rosidl_typesupport_introspection_cpp.hpp
[2.337s] -- Up-to-date symlink: /home/legacy/trr_robot_ws/install/controller_manager_msgs/include/controller_manager_msgs/srv/detail/configure_controller__rosidl_typesupport_introspection_cpp.hpp
[2.338s] -- Up-to-date symlink: /home/legacy/trr_robot_ws/install/controller_manager_msgs/include/controller_manager_msgs/srv/detail/configure_start_controller__rosidl_typesupport_introspection_cpp.hpp
[2.338s] -- Up-to-date symlink: /home/legacy/trr_robot_ws/install/controller_manager_msgs/include/controller_manager_msgs/srv/detail/list_controller_types__rosidl_typesupport_introspection_cpp.hpp
[2.338s] -- Up-to-date symlink: /home/legacy/trr_robot_ws/install/controller_manager_msgs/include/controller_manager_msgs/srv/detail/list_controllers__rosidl_typesupport_introspection_cpp.hpp
[2.338s] -- Up-to-date symlink: /home/legacy/trr_robot_ws/install/controller_manager_msgs/include/controller_manager_msgs/srv/detail/list_hardware_components__rosidl_typesupport_introspection_cpp.hpp
[2.338s] -- Up-to-date symlink: /home/legacy/trr_robot_ws/install/controller_manager_msgs/include/controller_manager_msgs/srv/detail/list_hardware_interfaces__rosidl_typesupport_introspection_cpp.hpp
[2.338s] -- Up-to-date symlink: /home/legacy/trr_robot_ws/install/controller_manager_msgs/include/controller_manager_msgs/srv/detail/load_configure_controller__rosidl_typesupport_introspection_cpp.hpp
[2.339s] -- Up-to-date symlink: /home/legacy/trr_robot_ws/install/controller_manager_msgs/include/controller_manager_msgs/srv/detail/load_controller__rosidl_typesupport_introspection_cpp.hpp
[2.339s] -- Up-to-date symlink: /home/legacy/trr_robot_ws/install/controller_manager_msgs/include/controller_manager_msgs/srv/detail/load_start_controller__rosidl_typesupport_introspection_cpp.hpp
[2.339s] -- Up-to-date symlink: /home/legacy/trr_robot_ws/install/controller_manager_msgs/include/controller_manager_msgs/srv/detail/reload_controller_libraries__rosidl_typesupport_introspection_cpp.hpp
[2.339s] -- Up-to-date symlink: /home/legacy/trr_robot_ws/install/controller_manager_msgs/include/controller_manager_msgs/srv/detail/set_hardware_component_state__rosidl_typesupport_introspection_cpp.hpp
[2.339s] -- Up-to-date symlink: /home/legacy/trr_robot_ws/install/controller_manager_msgs/include/controller_manager_msgs/srv/detail/switch_controller__rosidl_typesupport_introspection_cpp.hpp
[2.339s] -- Up-to-date symlink: /home/legacy/trr_robot_ws/install/controller_manager_msgs/include/controller_manager_msgs/srv/detail/unload_controller__rosidl_typesupport_introspection_cpp.hpp
[2.340s] -- Up-to-date symlink: /home/legacy/trr_robot_ws/install/controller_manager_msgs/share/controller_manager_msgs/environment/pythonpath.sh
[2.340s] -- Up-to-date symlink: /home/legacy/trr_robot_ws/install/controller_manager_msgs/share/controller_manager_msgs/environment/pythonpath.dsv
[2.341s] -- Up-to-date symlink: /home/legacy/trr_robot_ws/install/controller_manager_msgs/lib/python3.8/site-packages/controller_manager_msgs/__init__.py
[2.341s] -- Up-to-date symlink: /home/legacy/trr_robot_ws/install/controller_manager_msgs/lib/python3.8/site-packages/controller_manager_msgs/msg/__init__.py
[2.341s] -- Up-to-date symlink: /home/legacy/trr_robot_ws/install/controller_manager_msgs/lib/python3.8/site-packages/controller_manager_msgs/msg/_controller_state.py
[2.341s] -- Up-to-date symlink: /home/legacy/trr_robot_ws/install/controller_manager_msgs/lib/python3.8/site-packages/controller_manager_msgs/msg/_hardware_component_state.py
[2.342s] -- Up-to-date symlink: /home/legacy/trr_robot_ws/install/controller_manager_msgs/lib/python3.8/site-packages/controller_manager_msgs/msg/_hardware_interface.py
[2.342s] -- Up-to-date symlink: /home/legacy/trr_robot_ws/install/controller_manager_msgs/lib/python3.8/site-packages/controller_manager_msgs/srv/__init__.py
[2.343s] -- Up-to-date symlink: /home/legacy/trr_robot_ws/install/controller_manager_msgs/lib/python3.8/site-packages/controller_manager_msgs/srv/_configure_controller.py
[2.343s] -- Up-to-date symlink: /home/legacy/trr_robot_ws/install/controller_manager_msgs/lib/python3.8/site-packages/controller_manager_msgs/srv/_configure_start_controller.py
[2.343s] -- Up-to-date symlink: /home/legacy/trr_robot_ws/install/controller_manager_msgs/lib/python3.8/site-packages/controller_manager_msgs/srv/_list_controller_types.py
[2.343s] -- Up-to-date symlink: /home/legacy/trr_robot_ws/install/controller_manager_msgs/lib/python3.8/site-packages/controller_manager_msgs/srv/_list_controllers.py
[2.343s] -- Up-to-date symlink: /home/legacy/trr_robot_ws/install/controller_manager_msgs/lib/python3.8/site-packages/controller_manager_msgs/srv/_list_hardware_components.py
[2.343s] -- Up-to-date symlink: /home/legacy/trr_robot_ws/install/controller_manager_msgs/lib/python3.8/site-packages/controller_manager_msgs/srv/_list_hardware_interfaces.py
[2.344s] -- Up-to-date symlink: /home/legacy/trr_robot_ws/install/controller_manager_msgs/lib/python3.8/site-packages/controller_manager_msgs/srv/_load_configure_controller.py
[2.344s] -- Up-to-date symlink: /home/legacy/trr_robot_ws/install/controller_manager_msgs/lib/python3.8/site-packages/controller_manager_msgs/srv/_load_controller.py
[2.344s] -- Up-to-date symlink: /home/legacy/trr_robot_ws/install/controller_manager_msgs/lib/python3.8/site-packages/controller_manager_msgs/srv/_load_start_controller.py
[2.344s] -- Up-to-date symlink: /home/legacy/trr_robot_ws/install/controller_manager_msgs/lib/python3.8/site-packages/controller_manager_msgs/srv/_reload_controller_libraries.py
[2.344s] -- Up-to-date symlink: /home/legacy/trr_robot_ws/install/controller_manager_msgs/lib/python3.8/site-packages/controller_manager_msgs/srv/_set_hardware_component_state.py
[2.345s] -- Up-to-date symlink: /home/legacy/trr_robot_ws/install/controller_manager_msgs/lib/python3.8/site-packages/controller_manager_msgs/srv/_switch_controller.py
[2.345s] -- Up-to-date symlink: /home/legacy/trr_robot_ws/install/controller_manager_msgs/lib/python3.8/site-packages/controller_manager_msgs/srv/_unload_controller.py
[2.346s] -- Up-to-date symlink: /home/legacy/trr_robot_ws/install/controller_manager_msgs/lib/python3.8/site-packages/controller_manager_msgs/controller_manager_msgs_s__rosidl_typesupport_fastrtps_c.cpython-38-x86_64-linux-gnu.so
[2.346s] -- Up-to-date symlink: /home/legacy/trr_robot_ws/install/controller_manager_msgs/lib/python3.8/site-packages/controller_manager_msgs/controller_manager_msgs_s__rosidl_typesupport_introspection_c.cpython-38-x86_64-linux-gnu.so
[2.347s] -- Up-to-date symlink: /home/legacy/trr_robot_ws/install/controller_manager_msgs/lib/python3.8/site-packages/controller_manager_msgs/controller_manager_msgs_s__rosidl_typesupport_c.cpython-38-x86_64-linux-gnu.so
[2.347s] -- Up-to-date symlink: /home/legacy/trr_robot_ws/install/controller_manager_msgs/lib/libcontroller_manager_msgs__python.so
[2.347s] -- Up-to-date symlink: /home/legacy/trr_robot_ws/install/controller_manager_msgs/share/controller_manager_msgs/msg/ControllerState.idl
[2.348s] -- Up-to-date symlink: /home/legacy/trr_robot_ws/install/controller_manager_msgs/share/controller_manager_msgs/msg/HardwareComponentState.idl
[2.348s] -- Up-to-date symlink: /home/legacy/trr_robot_ws/install/controller_manager_msgs/share/controller_manager_msgs/msg/HardwareInterface.idl
[2.348s] -- Up-to-date symlink: /home/legacy/trr_robot_ws/install/controller_manager_msgs/share/controller_manager_msgs/srv/ConfigureController.idl
[2.349s] -- Up-to-date symlink: /home/legacy/trr_robot_ws/install/controller_manager_msgs/share/controller_manager_msgs/srv/ConfigureStartController.idl
[2.349s] -- Up-to-date symlink: /home/legacy/trr_robot_ws/install/controller_manager_msgs/share/controller_manager_msgs/srv/ListControllers.idl
[2.349s] -- Up-to-date symlink: /home/legacy/trr_robot_ws/install/controller_manager_msgs/share/controller_manager_msgs/srv/ListControllerTypes.idl
[2.350s] -- Up-to-date symlink: /home/legacy/trr_robot_ws/install/controller_manager_msgs/share/controller_manager_msgs/srv/ListHardwareComponents.idl
[2.350s] -- Up-to-date symlink: /home/legacy/trr_robot_ws/install/controller_manager_msgs/share/controller_manager_msgs/srv/ListHardwareInterfaces.idl
[2.350s] -- Up-to-date symlink: /home/legacy/trr_robot_ws/install/controller_manager_msgs/share/controller_manager_msgs/srv/LoadConfigureController.idl
[2.350s] -- Up-to-date symlink: /home/legacy/trr_robot_ws/install/controller_manager_msgs/share/controller_manager_msgs/srv/LoadController.idl
[2.351s] -- Up-to-date symlink: /home/legacy/trr_robot_ws/install/controller_manager_msgs/share/controller_manager_msgs/srv/LoadStartController.idl
[2.351s] -- Up-to-date symlink: /home/legacy/trr_robot_ws/install/controller_manager_msgs/share/controller_manager_msgs/srv/ReloadControllerLibraries.idl
[2.351s] -- Up-to-date symlink: /home/legacy/trr_robot_ws/install/controller_manager_msgs/share/controller_manager_msgs/srv/SetHardwareComponentState.idl
[2.351s] -- Up-to-date symlink: /home/legacy/trr_robot_ws/install/controller_manager_msgs/share/controller_manager_msgs/srv/SwitchController.idl
[2.352s] -- Up-to-date symlink: /home/legacy/trr_robot_ws/install/controller_manager_msgs/share/controller_manager_msgs/srv/UnloadController.idl
[2.352s] -- Up-to-date symlink: /home/legacy/trr_robot_ws/install/controller_manager_msgs/share/controller_manager_msgs/msg/ControllerState.msg
[2.352s] -- Up-to-date symlink: /home/legacy/trr_robot_ws/install/controller_manager_msgs/share/controller_manager_msgs/msg/HardwareComponentState.msg
[2.353s] -- Up-to-date symlink: /home/legacy/trr_robot_ws/install/controller_manager_msgs/share/controller_manager_msgs/msg/HardwareInterface.msg
[2.353s] -- Up-to-date symlink: /home/legacy/trr_robot_ws/install/controller_manager_msgs/share/controller_manager_msgs/srv/ConfigureController.srv
[2.353s] -- Up-to-date symlink: /home/legacy/trr_robot_ws/install/controller_manager_msgs/share/controller_manager_msgs/srv/ConfigureController_Request.msg
[2.354s] -- Up-to-date symlink: /home/legacy/trr_robot_ws/install/controller_manager_msgs/share/controller_manager_msgs/srv/ConfigureController_Response.msg
[2.354s] -- Up-to-date symlink: /home/legacy/trr_robot_ws/install/controller_manager_msgs/share/controller_manager_msgs/srv/ConfigureStartController.srv
[2.354s] -- Up-to-date symlink: /home/legacy/trr_robot_ws/install/controller_manager_msgs/share/controller_manager_msgs/srv/ConfigureStartController_Request.msg
[2.354s] -- Up-to-date symlink: /home/legacy/trr_robot_ws/install/controller_manager_msgs/share/controller_manager_msgs/srv/ConfigureStartController_Response.msg
[2.355s] -- Up-to-date symlink: /home/legacy/trr_robot_ws/install/controller_manager_msgs/share/controller_manager_msgs/srv/ListControllers.srv
[2.355s] -- Up-to-date symlink: /home/legacy/trr_robot_ws/install/controller_manager_msgs/share/controller_manager_msgs/srv/ListControllers_Request.msg
[2.355s] -- Up-to-date symlink: /home/legacy/trr_robot_ws/install/controller_manager_msgs/share/controller_manager_msgs/srv/ListControllers_Response.msg
[2.355s] -- Up-to-date symlink: /home/legacy/trr_robot_ws/install/controller_manager_msgs/share/controller_manager_msgs/srv/ListControllerTypes.srv
[2.356s] -- Up-to-date symlink: /home/legacy/trr_robot_ws/install/controller_manager_msgs/share/controller_manager_msgs/srv/ListControllerTypes_Request.msg
[2.356s] -- Up-to-date symlink: /home/legacy/trr_robot_ws/install/controller_manager_msgs/share/controller_manager_msgs/srv/ListControllerTypes_Response.msg
[2.356s] -- Up-to-date symlink: /home/legacy/trr_robot_ws/install/controller_manager_msgs/share/controller_manager_msgs/srv/ListHardwareComponents.srv
[2.357s] -- Up-to-date symlink: /home/legacy/trr_robot_ws/install/controller_manager_msgs/share/controller_manager_msgs/srv/ListHardwareComponents_Request.msg
[2.357s] -- Up-to-date symlink: /home/legacy/trr_robot_ws/install/controller_manager_msgs/share/controller_manager_msgs/srv/ListHardwareComponents_Response.msg
[2.357s] -- Up-to-date symlink: /home/legacy/trr_robot_ws/install/controller_manager_msgs/share/controller_manager_msgs/srv/ListHardwareInterfaces.srv
[2.357s] -- Up-to-date symlink: /home/legacy/trr_robot_ws/install/controller_manager_msgs/share/controller_manager_msgs/srv/ListHardwareInterfaces_Request.msg
[2.358s] -- Up-to-date symlink: /home/legacy/trr_robot_ws/install/controller_manager_msgs/share/controller_manager_msgs/srv/ListHardwareInterfaces_Response.msg
[2.358s] -- Up-to-date symlink: /home/legacy/trr_robot_ws/install/controller_manager_msgs/share/controller_manager_msgs/srv/LoadConfigureController.srv
[2.358s] -- Up-to-date symlink: /home/legacy/trr_robot_ws/install/controller_manager_msgs/share/controller_manager_msgs/srv/LoadConfigureController_Request.msg
[2.359s] -- Up-to-date symlink: /home/legacy/trr_robot_ws/install/controller_manager_msgs/share/controller_manager_msgs/srv/LoadConfigureController_Response.msg
[2.359s] -- Up-to-date symlink: /home/legacy/trr_robot_ws/install/controller_manager_msgs/share/controller_manager_msgs/srv/LoadController.srv
[2.359s] -- Up-to-date symlink: /home/legacy/trr_robot_ws/install/controller_manager_msgs/share/controller_manager_msgs/srv/LoadController_Request.msg
[2.360s] -- Up-to-date symlink: /home/legacy/trr_robot_ws/install/controller_manager_msgs/share/controller_manager_msgs/srv/LoadController_Response.msg
[2.360s] -- Up-to-date symlink: /home/legacy/trr_robot_ws/install/controller_manager_msgs/share/controller_manager_msgs/srv/LoadStartController.srv
[2.360s] -- Up-to-date symlink: /home/legacy/trr_robot_ws/install/controller_manager_msgs/share/controller_manager_msgs/srv/LoadStartController_Request.msg
[2.361s] -- Up-to-date symlink: /home/legacy/trr_robot_ws/install/controller_manager_msgs/share/controller_manager_msgs/srv/LoadStartController_Response.msg
[2.361s] -- Up-to-date symlink: /home/legacy/trr_robot_ws/install/controller_manager_msgs/share/controller_manager_msgs/srv/ReloadControllerLibraries.srv
[2.361s] -- Up-to-date symlink: /home/legacy/trr_robot_ws/install/controller_manager_msgs/share/controller_manager_msgs/srv/ReloadControllerLibraries_Request.msg
[2.362s] -- Up-to-date symlink: /home/legacy/trr_robot_ws/install/controller_manager_msgs/share/controller_manager_msgs/srv/ReloadControllerLibraries_Response.msg
[2.362s] -- Up-to-date symlink: /home/legacy/trr_robot_ws/install/controller_manager_msgs/share/controller_manager_msgs/srv/SetHardwareComponentState.srv
[2.362s] -- Up-to-date symlink: /home/legacy/trr_robot_ws/install/controller_manager_msgs/share/controller_manager_msgs/srv/SetHardwareComponentState_Request.msg
[2.363s] -- Up-to-date symlink: /home/legacy/trr_robot_ws/install/controller_manager_msgs/share/controller_manager_msgs/srv/SetHardwareComponentState_Response.msg
[2.363s] -- Up-to-date symlink: /home/legacy/trr_robot_ws/install/controller_manager_msgs/share/controller_manager_msgs/srv/SwitchController.srv
[2.363s] -- Up-to-date symlink: /home/legacy/trr_robot_ws/install/controller_manager_msgs/share/controller_manager_msgs/srv/SwitchController_Request.msg
[2.363s] -- Up-to-date symlink: /home/legacy/trr_robot_ws/install/controller_manager_msgs/share/controller_manager_msgs/srv/SwitchController_Response.msg
[2.364s] -- Up-to-date symlink: /home/legacy/trr_robot_ws/install/controller_manager_msgs/share/controller_manager_msgs/srv/UnloadController.srv
[2.364s] -- Up-to-date symlink: /home/legacy/trr_robot_ws/install/controller_manager_msgs/share/controller_manager_msgs/srv/UnloadController_Request.msg
[2.364s] -- Up-to-date symlink: /home/legacy/trr_robot_ws/install/controller_manager_msgs/share/controller_manager_msgs/srv/UnloadController_Response.msg
[2.365s] -- Up-to-date symlink: /home/legacy/trr_robot_ws/install/controller_manager_msgs/share/ament_index/resource_index/package_run_dependencies/controller_manager_msgs
[2.365s] -- Up-to-date symlink: /home/legacy/trr_robot_ws/install/controller_manager_msgs/share/ament_index/resource_index/parent_prefix_path/controller_manager_msgs
[2.365s] -- Up-to-date symlink: /home/legacy/trr_robot_ws/install/controller_manager_msgs/share/controller_manager_msgs/environment/ament_prefix_path.sh
[2.366s] -- Up-to-date symlink: /home/legacy/trr_robot_ws/install/controller_manager_msgs/share/controller_manager_msgs/environment/ament_prefix_path.dsv
[2.366s] -- Up-to-date symlink: /home/legacy/trr_robot_ws/install/controller_manager_msgs/share/controller_manager_msgs/environment/path.sh
[2.366s] -- Up-to-date symlink: /home/legacy/trr_robot_ws/install/controller_manager_msgs/share/controller_manager_msgs/environment/path.dsv
[2.366s] -- Up-to-date symlink: /home/legacy/trr_robot_ws/install/controller_manager_msgs/share/controller_manager_msgs/local_setup.bash
[2.367s] -- Up-to-date symlink: /home/legacy/trr_robot_ws/install/controller_manager_msgs/share/controller_manager_msgs/local_setup.sh
[2.367s] -- Up-to-date symlink: /home/legacy/trr_robot_ws/install/controller_manager_msgs/share/controller_manager_msgs/local_setup.zsh
[2.367s] -- Up-to-date symlink: /home/legacy/trr_robot_ws/install/controller_manager_msgs/share/controller_manager_msgs/local_setup.dsv
[2.368s] -- Symlinking: /home/legacy/trr_robot_ws/install/controller_manager_msgs/share/controller_manager_msgs/package.dsv
[2.377s] -- Up-to-date symlink: /home/legacy/trr_robot_ws/install/controller_manager_msgs/share/ament_index/resource_index/packages/controller_manager_msgs
[2.378s] -- Up-to-date symlink: /home/legacy/trr_robot_ws/install/controller_manager_msgs/share/controller_manager_msgs/cmake/rosidl_cmake-extras.cmake
[2.378s] -- Up-to-date symlink: /home/legacy/trr_robot_ws/install/controller_manager_msgs/share/controller_manager_msgs/cmake/ament_cmake_export_dependencies-extras.cmake
[2.378s] -- Up-to-date symlink: /home/legacy/trr_robot_ws/install/controller_manager_msgs/share/controller_manager_msgs/cmake/ament_cmake_export_libraries-extras.cmake
[2.378s] -- Up-to-date symlink: /home/legacy/trr_robot_ws/install/controller_manager_msgs/share/controller_manager_msgs/cmake/ament_cmake_export_targets-extras.cmake
[2.379s] -- Up-to-date symlink: /home/legacy/trr_robot_ws/install/controller_manager_msgs/share/controller_manager_msgs/cmake/ament_cmake_export_include_directories-extras.cmake
[2.379s] -- Up-to-date symlink: /home/legacy/trr_robot_ws/install/controller_manager_msgs/share/controller_manager_msgs/cmake/rosidl_cmake_export_typesupport_libraries-extras.cmake
[2.379s] -- Up-to-date symlink: /home/legacy/trr_robot_ws/install/controller_manager_msgs/share/controller_manager_msgs/cmake/rosidl_cmake_export_typesupport_targets-extras.cmake
[2.380s] -- Up-to-date symlink: /home/legacy/trr_robot_ws/install/controller_manager_msgs/share/controller_manager_msgs/cmake/controller_manager_msgsConfig.cmake
[2.380s] -- Up-to-date symlink: /home/legacy/trr_robot_ws/install/controller_manager_msgs/share/controller_manager_msgs/cmake/controller_manager_msgsConfig-version.cmake
[2.380s] -- Up-to-date symlink: /home/legacy/trr_robot_ws/install/controller_manager_msgs/share/controller_manager_msgs/package.xml
[2.381s] -- Up-to-date: /home/legacy/trr_robot_ws/install/controller_manager_msgs/lib/libcontroller_manager_msgs__rosidl_generator_c.so
[2.381s] -- Up-to-date: /home/legacy/trr_robot_ws/install/controller_manager_msgs/lib/libcontroller_manager_msgs__rosidl_typesupport_introspection_c.so
[2.382s] -- Up-to-date: /home/legacy/trr_robot_ws/install/controller_manager_msgs/lib/libcontroller_manager_msgs__rosidl_typesupport_c.so
[2.382s] -- Up-to-date: /home/legacy/trr_robot_ws/install/controller_manager_msgs/lib/libcontroller_manager_msgs__rosidl_typesupport_introspection_cpp.so
[2.382s] -- Up-to-date: /home/legacy/trr_robot_ws/install/controller_manager_msgs/lib/libcontroller_manager_msgs__rosidl_typesupport_cpp.so
[2.417s] Compiling '/home/legacy/trr_robot_ws/install/controller_manager_msgs/lib/python3.8/site-packages/controller_manager_msgs/__init__.py'...
[2.421s] -- Up-to-date: /home/legacy/trr_robot_ws/install/controller_manager_msgs/share/controller_manager_msgs/cmake/controller_manager_msgs__rosidl_generator_cExport.cmake
[2.422s] -- Installing: /home/legacy/trr_robot_ws/install/controller_manager_msgs/share/controller_manager_msgs/cmake/controller_manager_msgs__rosidl_generator_cExport-noconfig.cmake
[2.422s] -- Up-to-date: /home/legacy/trr_robot_ws/install/controller_manager_msgs/share/controller_manager_msgs/cmake/controller_manager_msgs__rosidl_typesupport_introspection_cExport.cmake
[2.422s] -- Installing: /home/legacy/trr_robot_ws/install/controller_manager_msgs/share/controller_manager_msgs/cmake/controller_manager_msgs__rosidl_typesupport_introspection_cExport-noconfig.cmake
[2.422s] -- Up-to-date: /home/legacy/trr_robot_ws/install/controller_manager_msgs/share/controller_manager_msgs/cmake/controller_manager_msgs__rosidl_typesupport_cExport.cmake
[2.423s] -- Installing: /home/legacy/trr_robot_ws/install/controller_manager_msgs/share/controller_manager_msgs/cmake/controller_manager_msgs__rosidl_typesupport_cExport-noconfig.cmake
[2.423s] -- Up-to-date: /home/legacy/trr_robot_ws/install/controller_manager_msgs/share/controller_manager_msgs/cmake/controller_manager_msgs__rosidl_generator_cppExport.cmake
[2.423s] -- Up-to-date: /home/legacy/trr_robot_ws/install/controller_manager_msgs/share/controller_manager_msgs/cmake/controller_manager_msgs__rosidl_typesupport_introspection_cppExport.cmake
[2.423s] -- Installing: /home/legacy/trr_robot_ws/install/controller_manager_msgs/share/controller_manager_msgs/cmake/controller_manager_msgs__rosidl_typesupport_introspection_cppExport-noconfig.cmake
[2.424s] -- Up-to-date: /home/legacy/trr_robot_ws/install/controller_manager_msgs/share/controller_manager_msgs/cmake/controller_manager_msgs__rosidl_typesupport_cppExport.cmake
[2.424s] -- Installing: /home/legacy/trr_robot_ws/install/controller_manager_msgs/share/controller_manager_msgs/cmake/controller_manager_msgs__rosidl_typesupport_cppExport-noconfig.cmake
[2.428s] Invoked command in '/home/legacy/trr_robot_ws/build/controller_manager_msgs' returned '0': CMAKE_PREFIX_PATH=${CMAKE_PREFIX_PATH}:/home/legacy/trr_robot_ws/install/ros2controlcli:/home/legacy/trr_robot_ws/install/ros2_control_test_nodes:/home/legacy/trr_robot_ws/install/robot:/opt/ros/foxy /usr/bin/cmake --install /home/legacy/trr_robot_ws/build/controller_manager_msgs
