[0.238s] Invoking command in '/home/legacy/trr_robot_ws/src/robot': PYTHONPATH=/home/legacy/trr_robot_ws/install/robot/lib/python3.8/site-packages:${PYTHONPATH} /usr/bin/python3 setup.py egg_info --egg-base ../../build/robot build --build-base /home/legacy/trr_robot_ws/build/robot/build install --prefix /home/legacy/trr_robot_ws/install/robot --record /home/legacy/trr_robot_ws/build/robot/install.log --single-version-externally-managed
[0.444s] running egg_info
[0.445s] writing ../../build/robot/robot.egg-info/PKG-INFO
[0.445s] writing dependency_links to ../../build/robot/robot.egg-info/dependency_links.txt
[0.445s] writing entry points to ../../build/robot/robot.egg-info/entry_points.txt
[0.445s] writing requirements to ../../build/robot/robot.egg-info/requires.txt
[0.445s] writing top-level names to ../../build/robot/robot.egg-info/top_level.txt
[0.478s] reading manifest file '../../build/robot/robot.egg-info/SOURCES.txt'
[0.479s] writing manifest file '../../build/robot/robot.egg-info/SOURCES.txt'
[0.479s] running build
[0.480s] running build_py
[0.480s] copying robot/state_publisher.py -> /home/legacy/trr_robot_ws/build/robot/build/lib/robot
[0.480s] running install
[0.480s] running install_lib
[0.481s] copying /home/legacy/trr_robot_ws/build/robot/build/lib/robot/state_publisher.py -> /home/legacy/trr_robot_ws/install/robot/lib/python3.8/site-packages/robot
[0.482s] byte-compiling /home/legacy/trr_robot_ws/install/robot/lib/python3.8/site-packages/robot/state_publisher.py to state_publisher.cpython-38.pyc
[0.484s] running install_data
[0.485s] running install_egg_info
[0.486s] removing '/home/legacy/trr_robot_ws/install/robot/lib/python3.8/site-packages/robot-0.0.0-py3.8.egg-info' (and everything under it)
[0.486s] Copying ../../build/robot/robot.egg-info to /home/legacy/trr_robot_ws/install/robot/lib/python3.8/site-packages/robot-0.0.0-py3.8.egg-info
[0.487s] running install_scripts
[0.503s] Installing move_joints_gazebo script to /home/legacy/trr_robot_ws/install/robot/lib/robot
[0.503s] Installing state_publisher script to /home/legacy/trr_robot_ws/install/robot/lib/robot
[0.503s] writing list of installed files to '/home/legacy/trr_robot_ws/build/robot/install.log'
[0.520s] Invoked command in '/home/legacy/trr_robot_ws/src/robot' returned '0': PYTHONPATH=/home/legacy/trr_robot_ws/install/robot/lib/python3.8/site-packages:${PYTHONPATH} /usr/bin/python3 setup.py egg_info --egg-base ../../build/robot build --build-base /home/legacy/trr_robot_ws/build/robot/build install --prefix /home/legacy/trr_robot_ws/install/robot --record /home/legacy/trr_robot_ws/build/robot/install.log --single-version-externally-managed
