[0.741s] Invoking command in '/home/legacy/trr_robot_ws/build/robot': PYTHONPATH=/home/legacy/trr_robot_ws/install/robot/lib/python3.8/site-packages:${PYTHONPATH} /usr/bin/python3 setup.py develop --prefix /home/legacy/trr_robot_ws/install/robot --uninstall --editable --build-directory /home/legacy/trr_robot_ws/build/robot/build
[1.142s] running develop
[1.442s] Invoked command in '/home/legacy/trr_robot_ws/build/robot' returned '0': PYTHONPATH=/home/legacy/trr_robot_ws/install/robot/lib/python3.8/site-packages:${PYTHONPATH} /usr/bin/python3 setup.py develop --prefix /home/legacy/trr_robot_ws/install/robot --uninstall --editable --build-directory /home/legacy/trr_robot_ws/build/robot/build
[1.445s] Invoking command in '/home/legacy/trr_robot_ws/src/robot': PYTHONPATH=/home/legacy/trr_robot_ws/install/robot/lib/python3.8/site-packages:${PYTHONPATH} /usr/bin/python3 setup.py egg_info --egg-base ../../build/robot build --build-base /home/legacy/trr_robot_ws/build/robot/build install --prefix /home/legacy/trr_robot_ws/install/robot --record /home/legacy/trr_robot_ws/build/robot/install.log --single-version-externally-managed
[1.742s] running egg_info
[1.743s] writing ../../build/robot/robot.egg-info/PKG-INFO
[1.743s] writing dependency_links to ../../build/robot/robot.egg-info/dependency_links.txt
[1.743s] writing entry points to ../../build/robot/robot.egg-info/entry_points.txt
[1.743s] writing requirements to ../../build/robot/robot.egg-info/requires.txt
[1.744s] writing top-level names to ../../build/robot/robot.egg-info/top_level.txt
[1.795s] reading manifest file '../../build/robot/robot.egg-info/SOURCES.txt'
[1.795s] writing manifest file '../../build/robot/robot.egg-info/SOURCES.txt'
[1.795s] running build
[1.796s] running build_py
[1.796s] running install
[1.797s] running install_lib
[1.797s] running install_data
[1.799s] running install_egg_info
[1.800s] removing '/home/legacy/trr_robot_ws/install/robot/lib/python3.8/site-packages/robot-0.0.0-py3.8.egg-info' (and everything under it)
[1.800s] Copying ../../build/robot/robot.egg-info to /home/legacy/trr_robot_ws/install/robot/lib/python3.8/site-packages/robot-0.0.0-py3.8.egg-info
[1.802s] running install_scripts
[1.823s] Installing move_joints_gazebo script to /home/legacy/trr_robot_ws/install/robot/lib/robot
[1.823s] Installing state_publisher script to /home/legacy/trr_robot_ws/install/robot/lib/robot
[1.823s] writing list of installed files to '/home/legacy/trr_robot_ws/build/robot/install.log'
[1.845s] Invoked command in '/home/legacy/trr_robot_ws/src/robot' returned '0': PYTHONPATH=/home/legacy/trr_robot_ws/install/robot/lib/python3.8/site-packages:${PYTHONPATH} /usr/bin/python3 setup.py egg_info --egg-base ../../build/robot build --build-base /home/legacy/trr_robot_ws/build/robot/build install --prefix /home/legacy/trr_robot_ws/install/robot --record /home/legacy/trr_robot_ws/build/robot/install.log --single-version-externally-managed
