[0.253s] Invoking command in '/home/legacy/trr_robot_ws/build/robot': PYTHONPATH=/home/legacy/trr_robot_ws/install/robot/lib/python3.8/site-packages:${PYTHONPATH} /usr/bin/python3 setup.py develop --prefix /home/legacy/trr_robot_ws/install/robot --uninstall --editable --build-directory /home/legacy/trr_robot_ws/build/robot/build
[0.473s] running develop
[0.624s] Invoked command in '/home/legacy/trr_robot_ws/build/robot' returned '0': PYTHONPATH=/home/legacy/trr_robot_ws/install/robot/lib/python3.8/site-packages:${PYTHONPATH} /usr/bin/python3 setup.py develop --prefix /home/legacy/trr_robot_ws/install/robot --uninstall --editable --build-directory /home/legacy/trr_robot_ws/build/robot/build
[0.625s] Invoking command in '/home/legacy/trr_robot_ws/src/robot': PYTHONPATH=/home/legacy/trr_robot_ws/install/robot/lib/python3.8/site-packages:${PYTHONPATH} /usr/bin/python3 setup.py egg_info --egg-base ../../build/robot build --build-base /home/legacy/trr_robot_ws/build/robot/build install --prefix /home/legacy/trr_robot_ws/install/robot --record /home/legacy/trr_robot_ws/build/robot/install.log --single-version-externally-managed
[0.833s] running egg_info
[0.834s] writing ../../build/robot/robot.egg-info/PKG-INFO
[0.834s] writing dependency_links to ../../build/robot/robot.egg-info/dependency_links.txt
[0.834s] writing entry points to ../../build/robot/robot.egg-info/entry_points.txt
[0.834s] writing requirements to ../../build/robot/robot.egg-info/requires.txt
[0.834s] writing top-level names to ../../build/robot/robot.egg-info/top_level.txt
[0.867s] reading manifest file '../../build/robot/robot.egg-info/SOURCES.txt'
[0.868s] writing manifest file '../../build/robot/robot.egg-info/SOURCES.txt'
[0.868s] running build
[0.868s] running build_py
[0.868s] running install
[0.869s] running install_lib
[0.870s] running install_data
[0.870s] running install_egg_info
[0.872s] removing '/home/legacy/trr_robot_ws/install/robot/lib/python3.8/site-packages/robot-0.0.0-py3.8.egg-info' (and everything under it)
[0.872s] Copying ../../build/robot/robot.egg-info to /home/legacy/trr_robot_ws/install/robot/lib/python3.8/site-packages/robot-0.0.0-py3.8.egg-info
[0.873s] running install_scripts
[0.888s] Installing move_joints_gazebo script to /home/legacy/trr_robot_ws/install/robot/lib/robot
[0.889s] Installing state_publisher script to /home/legacy/trr_robot_ws/install/robot/lib/robot
[0.889s] writing list of installed files to '/home/legacy/trr_robot_ws/build/robot/install.log'
[0.906s] Invoked command in '/home/legacy/trr_robot_ws/src/robot' returned '0': PYTHONPATH=/home/legacy/trr_robot_ws/install/robot/lib/python3.8/site-packages:${PYTHONPATH} /usr/bin/python3 setup.py egg_info --egg-base ../../build/robot build --build-base /home/legacy/trr_robot_ws/build/robot/build install --prefix /home/legacy/trr_robot_ws/install/robot --record /home/legacy/trr_robot_ws/build/robot/install.log --single-version-externally-managed
