[0.216s] Invoking command in '/home/legacy/trr_robot_ws/src/robot': PYTHONPATH=/home/legacy/trr_robot_ws/install/robot/lib/python3.8/site-packages:${PYTHONPATH} /usr/bin/python3 setup.py egg_info --egg-base ../../build/robot build --build-base /home/legacy/trr_robot_ws/build/robot/build install --prefix /home/legacy/trr_robot_ws/install/robot --record /home/legacy/trr_robot_ws/build/robot/install.log --single-version-externally-managed
[0.390s] running egg_info
[0.390s] creating ../../build/robot/robot.egg-info
[0.391s] writing ../../build/robot/robot.egg-info/PKG-INFO
[0.391s] writing dependency_links to ../../build/robot/robot.egg-info/dependency_links.txt
[0.391s] writing entry points to ../../build/robot/robot.egg-info/entry_points.txt
[0.391s] writing requirements to ../../build/robot/robot.egg-info/requires.txt
[0.391s] writing top-level names to ../../build/robot/robot.egg-info/top_level.txt
[0.392s] writing manifest file '../../build/robot/robot.egg-info/SOURCES.txt'
[0.418s] reading manifest file '../../build/robot/robot.egg-info/SOURCES.txt'
[0.419s] writing manifest file '../../build/robot/robot.egg-info/SOURCES.txt'
[0.419s] running build
[0.419s] running build_py
[0.419s] creating /home/legacy/trr_robot_ws/build/robot/build
[0.420s] creating /home/legacy/trr_robot_ws/build/robot/build/lib
[0.420s] creating /home/legacy/trr_robot_ws/build/robot/build/lib/robot
[0.420s] copying robot/__init__.py -> /home/legacy/trr_robot_ws/build/robot/build/lib/robot
[0.420s] running install
[0.420s] running install_lib
[0.421s] creating /home/legacy/trr_robot_ws/install/robot/lib/python3.8/site-packages/robot
[0.421s] copying /home/legacy/trr_robot_ws/build/robot/build/lib/robot/__init__.py -> /home/legacy/trr_robot_ws/install/robot/lib/python3.8/site-packages/robot
[0.421s] byte-compiling /home/legacy/trr_robot_ws/install/robot/lib/python3.8/site-packages/robot/__init__.py to __init__.cpython-38.pyc
[0.422s] running install_data
[0.422s] creating /home/legacy/trr_robot_ws/install/robot/share/ament_index
[0.423s] creating /home/legacy/trr_robot_ws/install/robot/share/ament_index/resource_index
[0.423s] creating /home/legacy/trr_robot_ws/install/robot/share/ament_index/resource_index/packages
[0.423s] copying resource/robot -> /home/legacy/trr_robot_ws/install/robot/share/ament_index/resource_index/packages
[0.423s] copying package.xml -> /home/legacy/trr_robot_ws/install/robot/share/robot
[0.423s] copying launch/display.launch.py -> /home/legacy/trr_robot_ws/install/robot/share/robot
[0.423s] copying urdf/trr.urdf.xml -> /home/legacy/trr_robot_ws/install/robot/share/robot
[0.423s] running install_egg_info
[0.424s] Copying ../../build/robot/robot.egg-info to /home/legacy/trr_robot_ws/install/robot/lib/python3.8/site-packages/robot-0.0.0-py3.8.egg-info
[0.425s] running install_scripts
[0.439s] writing list of installed files to '/home/legacy/trr_robot_ws/build/robot/install.log'
[0.455s] Invoked command in '/home/legacy/trr_robot_ws/src/robot' returned '0': PYTHONPATH=/home/legacy/trr_robot_ws/install/robot/lib/python3.8/site-packages:${PYTHONPATH} /usr/bin/python3 setup.py egg_info --egg-base ../../build/robot build --build-base /home/legacy/trr_robot_ws/build/robot/build install --prefix /home/legacy/trr_robot_ws/install/robot --record /home/legacy/trr_robot_ws/build/robot/install.log --single-version-externally-managed
