[0.216s] Invoking command in '/home/legacy/trr_robot_ws/src/robot': PYTHONPATH=/home/legacy/trr_robot_ws/install/robot/lib/python3.8/site-packages:${PYTHONPATH} /usr/bin/python3 setup.py egg_info --egg-base ../../build/robot build --build-base /home/legacy/trr_robot_ws/build/robot/build install --prefix /home/legacy/trr_robot_ws/install/robot --record /home/legacy/trr_robot_ws/build/robot/install.log --single-version-externally-managed
[0.396s] running egg_info
[0.396s] creating ../../build/robot/robot.egg-info
[0.397s] writing ../../build/robot/robot.egg-info/PKG-INFO
[0.397s] writing dependency_links to ../../build/robot/robot.egg-info/dependency_links.txt
[0.397s] writing entry points to ../../build/robot/robot.egg-info/entry_points.txt
[0.397s] writing requirements to ../../build/robot/robot.egg-info/requires.txt
[0.397s] writing top-level names to ../../build/robot/robot.egg-info/top_level.txt
[0.398s] writing manifest file '../../build/robot/robot.egg-info/SOURCES.txt'
[0.426s] reading manifest file '../../build/robot/robot.egg-info/SOURCES.txt'
[0.426s] writing manifest file '../../build/robot/robot.egg-info/SOURCES.txt'
[0.427s] running build
[0.427s] running build_py
[0.427s] creating /home/legacy/trr_robot_ws/build/robot/build
[0.427s] creating /home/legacy/trr_robot_ws/build/robot/build/lib
[0.427s] creating /home/legacy/trr_robot_ws/build/robot/build/lib/robot
[0.427s] copying robot/__init__.py -> /home/legacy/trr_robot_ws/build/robot/build/lib/robot
[0.427s] copying robot/move_joints_gazebo.py -> /home/legacy/trr_robot_ws/build/robot/build/lib/robot
[0.427s] copying robot/state_publisher.py -> /home/legacy/trr_robot_ws/build/robot/build/lib/robot
[0.427s] running install
[0.428s] running install_lib
[0.429s] creating /home/legacy/trr_robot_ws/install/robot/lib/python3.8/site-packages/robot
[0.429s] copying /home/legacy/trr_robot_ws/build/robot/build/lib/robot/__init__.py -> /home/legacy/trr_robot_ws/install/robot/lib/python3.8/site-packages/robot
[0.429s] copying /home/legacy/trr_robot_ws/build/robot/build/lib/robot/move_joints_gazebo.py -> /home/legacy/trr_robot_ws/install/robot/lib/python3.8/site-packages/robot
[0.429s] copying /home/legacy/trr_robot_ws/build/robot/build/lib/robot/state_publisher.py -> /home/legacy/trr_robot_ws/install/robot/lib/python3.8/site-packages/robot
[0.430s] byte-compiling /home/legacy/trr_robot_ws/install/robot/lib/python3.8/site-packages/robot/__init__.py to __init__.cpython-38.pyc
[0.430s] byte-compiling /home/legacy/trr_robot_ws/install/robot/lib/python3.8/site-packages/robot/move_joints_gazebo.py to move_joints_gazebo.cpython-38.pyc
[0.431s] byte-compiling /home/legacy/trr_robot_ws/install/robot/lib/python3.8/site-packages/robot/state_publisher.py to state_publisher.cpython-38.pyc
[0.432s] running install_data
[0.432s] creating /home/legacy/trr_robot_ws/install/robot/share/ament_index
[0.432s] creating /home/legacy/trr_robot_ws/install/robot/share/ament_index/resource_index
[0.432s] creating /home/legacy/trr_robot_ws/install/robot/share/ament_index/resource_index/packages
[0.433s] copying resource/robot -> /home/legacy/trr_robot_ws/install/robot/share/ament_index/resource_index/packages
[0.433s] copying package.xml -> /home/legacy/trr_robot_ws/install/robot/share/robot
[0.433s] copying launch/control_robot.launch.py -> /home/legacy/trr_robot_ws/install/robot/share/robot
[0.433s] copying launch/gazebo_robot.launch.py -> /home/legacy/trr_robot_ws/install/robot/share/robot
[0.433s] copying launch/display.launch.py -> /home/legacy/trr_robot_ws/install/robot/share/robot
[0.433s] copying urdf/trr.urdf.xml -> /home/legacy/trr_robot_ws/install/robot/share/robot
[0.433s] copying urdf/config_rviz.rviz -> /home/legacy/trr_robot_ws/install/robot/share/robot
[0.433s] running install_egg_info
[0.434s] Copying ../../build/robot/robot.egg-info to /home/legacy/trr_robot_ws/install/robot/lib/python3.8/site-packages/robot-0.0.0-py3.8.egg-info
[0.435s] running install_scripts
[0.448s] Installing state_publisher = robot.state_publisher:mainmove_joints_gazebo script to /home/legacy/trr_robot_ws/install/robot/lib/robot
[0.449s] writing list of installed files to '/home/legacy/trr_robot_ws/build/robot/install.log'
[0.466s] Invoked command in '/home/legacy/trr_robot_ws/src/robot' returned '0': PYTHONPATH=/home/legacy/trr_robot_ws/install/robot/lib/python3.8/site-packages:${PYTHONPATH} /usr/bin/python3 setup.py egg_info --egg-base ../../build/robot build --build-base /home/legacy/trr_robot_ws/build/robot/build install --prefix /home/legacy/trr_robot_ws/install/robot --record /home/legacy/trr_robot_ws/build/robot/install.log --single-version-externally-managed
