[  0%] Built target control_msgs__cpp
[ 12%] Built target control_msgs__rosidl_generator_c
[ 24%] Built target control_msgs__rosidl_typesupport_cpp
[ 36%] Built target control_msgs__rosidl_typesupport_introspection_cpp
[ 48%] Built target control_msgs__rosidl_typesupport_introspection_c
[ 60%] Built target control_msgs__rosidl_typesupport_c
[ 72%] Built target control_msgs__rosidl_typesupport_fastrtps_cpp
[ 84%] Built target control_msgs__rosidl_typesupport_fastrtps_c
[ 84%] Built target control_msgs
[ 85%] Built target control_msgs__py
[ 96%] Built target control_msgs__python
[ 98%] Built target control_msgs__rosidl_typesupport_introspection_c__pyext
[ 99%] Built target control_msgs__rosidl_typesupport_c__pyext
[100%] Built target control_msgs__rosidl_typesupport_fastrtps_c__pyext
-- Install configuration: ""
-- Execute custom install script
-- Symlinking: /home/legacy/trr_robot_ws/install/control_msgs/share/ament_index/resource_index/rosidl_interfaces/control_msgs
-- Symlinking: /home/legacy/trr_robot_ws/install/control_msgs/include/control_msgs/action/detail/follow_joint_trajectory__functions.h
-- Symlinking: /home/legacy/trr_robot_ws/install/control_msgs/include/control_msgs/action/detail/follow_joint_trajectory__struct.h
-- Symlinking: /home/legacy/trr_robot_ws/install/control_msgs/include/control_msgs/action/detail/follow_joint_trajectory__type_support.h
-- Symlinking: /home/legacy/trr_robot_ws/install/control_msgs/include/control_msgs/action/detail/gripper_command__functions.h
-- Symlinking: /home/legacy/trr_robot_ws/install/control_msgs/include/control_msgs/action/detail/gripper_command__struct.h
-- Symlinking: /home/legacy/trr_robot_ws/install/control_msgs/include/control_msgs/action/detail/gripper_command__type_support.h
-- Symlinking: /home/legacy/trr_robot_ws/install/control_msgs/include/control_msgs/action/detail/joint_trajectory__functions.h
-- Symlinking: /home/legacy/trr_robot_ws/install/control_msgs/include/control_msgs/action/detail/joint_trajectory__struct.h
-- Symlinking: /home/legacy/trr_robot_ws/install/control_msgs/include/control_msgs/action/detail/joint_trajectory__type_support.h
-- Symlinking: /home/legacy/trr_robot_ws/install/control_msgs/include/control_msgs/action/detail/point_head__functions.h
-- Symlinking: /home/legacy/trr_robot_ws/install/control_msgs/include/control_msgs/action/detail/point_head__struct.h
-- Symlinking: /home/legacy/trr_robot_ws/install/control_msgs/include/control_msgs/action/detail/point_head__type_support.h
-- Symlinking: /home/legacy/trr_robot_ws/install/control_msgs/include/control_msgs/action/detail/single_joint_position__functions.h
-- Symlinking: /home/legacy/trr_robot_ws/install/control_msgs/include/control_msgs/action/detail/single_joint_position__struct.h
-- Symlinking: /home/legacy/trr_robot_ws/install/control_msgs/include/control_msgs/action/detail/single_joint_position__type_support.h
-- Symlinking: /home/legacy/trr_robot_ws/install/control_msgs/include/control_msgs/action/follow_joint_trajectory.h
-- Symlinking: /home/legacy/trr_robot_ws/install/control_msgs/include/control_msgs/action/gripper_command.h
-- Symlinking: /home/legacy/trr_robot_ws/install/control_msgs/include/control_msgs/action/joint_trajectory.h
-- Symlinking: /home/legacy/trr_robot_ws/install/control_msgs/include/control_msgs/action/point_head.h
-- Symlinking: /home/legacy/trr_robot_ws/install/control_msgs/include/control_msgs/action/single_joint_position.h
-- Symlinking: /home/legacy/trr_robot_ws/install/control_msgs/include/control_msgs/msg/detail/dynamic_joint_state__functions.h
-- Symlinking: /home/legacy/trr_robot_ws/install/control_msgs/include/control_msgs/msg/detail/dynamic_joint_state__struct.h
-- Symlinking: /home/legacy/trr_robot_ws/install/control_msgs/include/control_msgs/msg/detail/dynamic_joint_state__type_support.h
-- Symlinking: /home/legacy/trr_robot_ws/install/control_msgs/include/control_msgs/msg/detail/gripper_command__functions.h
-- Symlinking: /home/legacy/trr_robot_ws/install/control_msgs/include/control_msgs/msg/detail/gripper_command__struct.h
-- Symlinking: /home/legacy/trr_robot_ws/install/control_msgs/include/control_msgs/msg/detail/gripper_command__type_support.h
-- Symlinking: /home/legacy/trr_robot_ws/install/control_msgs/include/control_msgs/msg/detail/interface_value__functions.h
-- Symlinking: /home/legacy/trr_robot_ws/install/control_msgs/include/control_msgs/msg/detail/interface_value__struct.h
-- Symlinking: /home/legacy/trr_robot_ws/install/control_msgs/include/control_msgs/msg/detail/interface_value__type_support.h
-- Symlinking: /home/legacy/trr_robot_ws/install/control_msgs/include/control_msgs/msg/detail/joint_component_tolerance__functions.h
-- Symlinking: /home/legacy/trr_robot_ws/install/control_msgs/include/control_msgs/msg/detail/joint_component_tolerance__struct.h
-- Symlinking: /home/legacy/trr_robot_ws/install/control_msgs/include/control_msgs/msg/detail/joint_component_tolerance__type_support.h
-- Symlinking: /home/legacy/trr_robot_ws/install/control_msgs/include/control_msgs/msg/detail/joint_controller_state__functions.h
-- Symlinking: /home/legacy/trr_robot_ws/install/control_msgs/include/control_msgs/msg/detail/joint_controller_state__struct.h
-- Symlinking: /home/legacy/trr_robot_ws/install/control_msgs/include/control_msgs/msg/detail/joint_controller_state__type_support.h
-- Symlinking: /home/legacy/trr_robot_ws/install/control_msgs/include/control_msgs/msg/detail/joint_jog__functions.h
-- Symlinking: /home/legacy/trr_robot_ws/install/control_msgs/include/control_msgs/msg/detail/joint_jog__struct.h
-- Symlinking: /home/legacy/trr_robot_ws/install/control_msgs/include/control_msgs/msg/detail/joint_jog__type_support.h
-- Symlinking: /home/legacy/trr_robot_ws/install/control_msgs/include/control_msgs/msg/detail/joint_tolerance__functions.h
-- Symlinking: /home/legacy/trr_robot_ws/install/control_msgs/include/control_msgs/msg/detail/joint_tolerance__struct.h
-- Symlinking: /home/legacy/trr_robot_ws/install/control_msgs/include/control_msgs/msg/detail/joint_tolerance__type_support.h
-- Symlinking: /home/legacy/trr_robot_ws/install/control_msgs/include/control_msgs/msg/detail/joint_trajectory_controller_state__functions.h
-- Symlinking: /home/legacy/trr_robot_ws/install/control_msgs/include/control_msgs/msg/detail/joint_trajectory_controller_state__struct.h
-- Symlinking: /home/legacy/trr_robot_ws/install/control_msgs/include/control_msgs/msg/detail/joint_trajectory_controller_state__type_support.h
-- Symlinking: /home/legacy/trr_robot_ws/install/control_msgs/include/control_msgs/msg/detail/pid_state__functions.h
-- Symlinking: /home/legacy/trr_robot_ws/install/control_msgs/include/control_msgs/msg/detail/pid_state__struct.h
-- Symlinking: /home/legacy/trr_robot_ws/install/control_msgs/include/control_msgs/msg/detail/pid_state__type_support.h
-- Symlinking: /home/legacy/trr_robot_ws/install/control_msgs/include/control_msgs/msg/dynamic_joint_state.h
-- Symlinking: /home/legacy/trr_robot_ws/install/control_msgs/include/control_msgs/msg/gripper_command.h
-- Symlinking: /home/legacy/trr_robot_ws/install/control_msgs/include/control_msgs/msg/interface_value.h
-- Symlinking: /home/legacy/trr_robot_ws/install/control_msgs/include/control_msgs/msg/joint_component_tolerance.h
-- Symlinking: /home/legacy/trr_robot_ws/install/control_msgs/include/control_msgs/msg/joint_controller_state.h
-- Symlinking: /home/legacy/trr_robot_ws/install/control_msgs/include/control_msgs/msg/joint_jog.h
-- Symlinking: /home/legacy/trr_robot_ws/install/control_msgs/include/control_msgs/msg/joint_tolerance.h
-- Symlinking: /home/legacy/trr_robot_ws/install/control_msgs/include/control_msgs/msg/joint_trajectory_controller_state.h
-- Symlinking: /home/legacy/trr_robot_ws/install/control_msgs/include/control_msgs/msg/pid_state.h
-- Symlinking: /home/legacy/trr_robot_ws/install/control_msgs/include/control_msgs/msg/rosidl_generator_c__visibility_control.h
-- Symlinking: /home/legacy/trr_robot_ws/install/control_msgs/include/control_msgs/srv/detail/query_calibration_state__functions.h
-- Symlinking: /home/legacy/trr_robot_ws/install/control_msgs/include/control_msgs/srv/detail/query_calibration_state__struct.h
-- Symlinking: /home/legacy/trr_robot_ws/install/control_msgs/include/control_msgs/srv/detail/query_calibration_state__type_support.h
-- Symlinking: /home/legacy/trr_robot_ws/install/control_msgs/include/control_msgs/srv/detail/query_trajectory_state__functions.h
-- Symlinking: /home/legacy/trr_robot_ws/install/control_msgs/include/control_msgs/srv/detail/query_trajectory_state__struct.h
-- Symlinking: /home/legacy/trr_robot_ws/install/control_msgs/include/control_msgs/srv/detail/query_trajectory_state__type_support.h
-- Symlinking: /home/legacy/trr_robot_ws/install/control_msgs/include/control_msgs/srv/query_calibration_state.h
-- Symlinking: /home/legacy/trr_robot_ws/install/control_msgs/include/control_msgs/srv/query_trajectory_state.h
-- Symlinking: /home/legacy/trr_robot_ws/install/control_msgs/share/control_msgs/environment/library_path.sh
-- Symlinking: /home/legacy/trr_robot_ws/install/control_msgs/share/control_msgs/environment/library_path.dsv
-- Symlinking: /home/legacy/trr_robot_ws/install/control_msgs/include/control_msgs/action/detail/follow_joint_trajectory__rosidl_typesupport_fastrtps_c.h
-- Symlinking: /home/legacy/trr_robot_ws/install/control_msgs/include/control_msgs/action/detail/gripper_command__rosidl_typesupport_fastrtps_c.h
-- Symlinking: /home/legacy/trr_robot_ws/install/control_msgs/include/control_msgs/action/detail/joint_trajectory__rosidl_typesupport_fastrtps_c.h
-- Symlinking: /home/legacy/trr_robot_ws/install/control_msgs/include/control_msgs/action/detail/point_head__rosidl_typesupport_fastrtps_c.h
-- Symlinking: /home/legacy/trr_robot_ws/install/control_msgs/include/control_msgs/action/detail/single_joint_position__rosidl_typesupport_fastrtps_c.h
-- Symlinking: /home/legacy/trr_robot_ws/install/control_msgs/include/control_msgs/msg/detail/dynamic_joint_state__rosidl_typesupport_fastrtps_c.h
-- Symlinking: /home/legacy/trr_robot_ws/install/control_msgs/include/control_msgs/msg/detail/gripper_command__rosidl_typesupport_fastrtps_c.h
-- Symlinking: /home/legacy/trr_robot_ws/install/control_msgs/include/control_msgs/msg/detail/interface_value__rosidl_typesupport_fastrtps_c.h
-- Symlinking: /home/legacy/trr_robot_ws/install/control_msgs/include/control_msgs/msg/detail/joint_component_tolerance__rosidl_typesupport_fastrtps_c.h
-- Symlinking: /home/legacy/trr_robot_ws/install/control_msgs/include/control_msgs/msg/detail/joint_controller_state__rosidl_typesupport_fastrtps_c.h
-- Symlinking: /home/legacy/trr_robot_ws/install/control_msgs/include/control_msgs/msg/detail/joint_jog__rosidl_typesupport_fastrtps_c.h
-- Symlinking: /home/legacy/trr_robot_ws/install/control_msgs/include/control_msgs/msg/detail/joint_tolerance__rosidl_typesupport_fastrtps_c.h
-- Symlinking: /home/legacy/trr_robot_ws/install/control_msgs/include/control_msgs/msg/detail/joint_trajectory_controller_state__rosidl_typesupport_fastrtps_c.h
-- Symlinking: /home/legacy/trr_robot_ws/install/control_msgs/include/control_msgs/msg/detail/pid_state__rosidl_typesupport_fastrtps_c.h
-- Symlinking: /home/legacy/trr_robot_ws/install/control_msgs/include/control_msgs/msg/rosidl_typesupport_fastrtps_c__visibility_control.h
-- Symlinking: /home/legacy/trr_robot_ws/install/control_msgs/include/control_msgs/srv/detail/query_calibration_state__rosidl_typesupport_fastrtps_c.h
-- Symlinking: /home/legacy/trr_robot_ws/install/control_msgs/include/control_msgs/srv/detail/query_trajectory_state__rosidl_typesupport_fastrtps_c.h
-- Symlinking: /home/legacy/trr_robot_ws/install/control_msgs/lib/libcontrol_msgs__rosidl_typesupport_fastrtps_c.so
-- Symlinking: /home/legacy/trr_robot_ws/install/control_msgs/include/control_msgs/action/detail/follow_joint_trajectory__rosidl_typesupport_fastrtps_cpp.hpp
-- Symlinking: /home/legacy/trr_robot_ws/install/control_msgs/include/control_msgs/action/detail/gripper_command__rosidl_typesupport_fastrtps_cpp.hpp
-- Symlinking: /home/legacy/trr_robot_ws/install/control_msgs/include/control_msgs/action/detail/joint_trajectory__rosidl_typesupport_fastrtps_cpp.hpp
-- Symlinking: /home/legacy/trr_robot_ws/install/control_msgs/include/control_msgs/action/detail/point_head__rosidl_typesupport_fastrtps_cpp.hpp
-- Symlinking: /home/legacy/trr_robot_ws/install/control_msgs/include/control_msgs/action/detail/single_joint_position__rosidl_typesupport_fastrtps_cpp.hpp
-- Symlinking: /home/legacy/trr_robot_ws/install/control_msgs/include/control_msgs/msg/detail/dynamic_joint_state__rosidl_typesupport_fastrtps_cpp.hpp
-- Symlinking: /home/legacy/trr_robot_ws/install/control_msgs/include/control_msgs/msg/detail/gripper_command__rosidl_typesupport_fastrtps_cpp.hpp
-- Symlinking: /home/legacy/trr_robot_ws/install/control_msgs/include/control_msgs/msg/detail/interface_value__rosidl_typesupport_fastrtps_cpp.hpp
-- Symlinking: /home/legacy/trr_robot_ws/install/control_msgs/include/control_msgs/msg/detail/joint_component_tolerance__rosidl_typesupport_fastrtps_cpp.hpp
-- Symlinking: /home/legacy/trr_robot_ws/install/control_msgs/include/control_msgs/msg/detail/joint_controller_state__rosidl_typesupport_fastrtps_cpp.hpp
-- Symlinking: /home/legacy/trr_robot_ws/install/control_msgs/include/control_msgs/msg/detail/joint_jog__rosidl_typesupport_fastrtps_cpp.hpp
-- Symlinking: /home/legacy/trr_robot_ws/install/control_msgs/include/control_msgs/msg/detail/joint_tolerance__rosidl_typesupport_fastrtps_cpp.hpp
-- Symlinking: /home/legacy/trr_robot_ws/install/control_msgs/include/control_msgs/msg/detail/joint_trajectory_controller_state__rosidl_typesupport_fastrtps_cpp.hpp
-- Symlinking: /home/legacy/trr_robot_ws/install/control_msgs/include/control_msgs/msg/detail/pid_state__rosidl_typesupport_fastrtps_cpp.hpp
-- Symlinking: /home/legacy/trr_robot_ws/install/control_msgs/include/control_msgs/msg/rosidl_typesupport_fastrtps_cpp__visibility_control.h
-- Symlinking: /home/legacy/trr_robot_ws/install/control_msgs/include/control_msgs/srv/detail/query_calibration_state__rosidl_typesupport_fastrtps_cpp.hpp
-- Symlinking: /home/legacy/trr_robot_ws/install/control_msgs/include/control_msgs/srv/detail/query_trajectory_state__rosidl_typesupport_fastrtps_cpp.hpp
-- Symlinking: /home/legacy/trr_robot_ws/install/control_msgs/lib/libcontrol_msgs__rosidl_typesupport_fastrtps_cpp.so
-- Symlinking: /home/legacy/trr_robot_ws/install/control_msgs/include/control_msgs/action/detail/follow_joint_trajectory__rosidl_typesupport_introspection_c.h
-- Symlinking: /home/legacy/trr_robot_ws/install/control_msgs/include/control_msgs/action/detail/gripper_command__rosidl_typesupport_introspection_c.h
-- Symlinking: /home/legacy/trr_robot_ws/install/control_msgs/include/control_msgs/action/detail/joint_trajectory__rosidl_typesupport_introspection_c.h
-- Symlinking: /home/legacy/trr_robot_ws/install/control_msgs/include/control_msgs/action/detail/point_head__rosidl_typesupport_introspection_c.h
-- Symlinking: /home/legacy/trr_robot_ws/install/control_msgs/include/control_msgs/action/detail/single_joint_position__rosidl_typesupport_introspection_c.h
-- Symlinking: /home/legacy/trr_robot_ws/install/control_msgs/include/control_msgs/msg/detail/dynamic_joint_state__rosidl_typesupport_introspection_c.h
-- Symlinking: /home/legacy/trr_robot_ws/install/control_msgs/include/control_msgs/msg/detail/gripper_command__rosidl_typesupport_introspection_c.h
-- Symlinking: /home/legacy/trr_robot_ws/install/control_msgs/include/control_msgs/msg/detail/interface_value__rosidl_typesupport_introspection_c.h
-- Symlinking: /home/legacy/trr_robot_ws/install/control_msgs/include/control_msgs/msg/detail/joint_component_tolerance__rosidl_typesupport_introspection_c.h
-- Symlinking: /home/legacy/trr_robot_ws/install/control_msgs/include/control_msgs/msg/detail/joint_controller_state__rosidl_typesupport_introspection_c.h
-- Symlinking: /home/legacy/trr_robot_ws/install/control_msgs/include/control_msgs/msg/detail/joint_jog__rosidl_typesupport_introspection_c.h
-- Symlinking: /home/legacy/trr_robot_ws/install/control_msgs/include/control_msgs/msg/detail/joint_tolerance__rosidl_typesupport_introspection_c.h
-- Symlinking: /home/legacy/trr_robot_ws/install/control_msgs/include/control_msgs/msg/detail/joint_trajectory_controller_state__rosidl_typesupport_introspection_c.h
-- Symlinking: /home/legacy/trr_robot_ws/install/control_msgs/include/control_msgs/msg/detail/pid_state__rosidl_typesupport_introspection_c.h
-- Symlinking: /home/legacy/trr_robot_ws/install/control_msgs/include/control_msgs/msg/rosidl_typesupport_introspection_c__visibility_control.h
-- Symlinking: /home/legacy/trr_robot_ws/install/control_msgs/include/control_msgs/srv/detail/query_calibration_state__rosidl_typesupport_introspection_c.h
-- Symlinking: /home/legacy/trr_robot_ws/install/control_msgs/include/control_msgs/srv/detail/query_trajectory_state__rosidl_typesupport_introspection_c.h
-- Symlinking: /home/legacy/trr_robot_ws/install/control_msgs/include/control_msgs/action/detail/follow_joint_trajectory__builder.hpp
-- Symlinking: /home/legacy/trr_robot_ws/install/control_msgs/include/control_msgs/action/detail/follow_joint_trajectory__struct.hpp
-- Symlinking: /home/legacy/trr_robot_ws/install/control_msgs/include/control_msgs/action/detail/follow_joint_trajectory__traits.hpp
-- Symlinking: /home/legacy/trr_robot_ws/install/control_msgs/include/control_msgs/action/detail/gripper_command__builder.hpp
-- Symlinking: /home/legacy/trr_robot_ws/install/control_msgs/include/control_msgs/action/detail/gripper_command__struct.hpp
-- Symlinking: /home/legacy/trr_robot_ws/install/control_msgs/include/control_msgs/action/detail/gripper_command__traits.hpp
-- Symlinking: /home/legacy/trr_robot_ws/install/control_msgs/include/control_msgs/action/detail/joint_trajectory__builder.hpp
-- Symlinking: /home/legacy/trr_robot_ws/install/control_msgs/include/control_msgs/action/detail/joint_trajectory__struct.hpp
-- Symlinking: /home/legacy/trr_robot_ws/install/control_msgs/include/control_msgs/action/detail/joint_trajectory__traits.hpp
-- Symlinking: /home/legacy/trr_robot_ws/install/control_msgs/include/control_msgs/action/detail/point_head__builder.hpp
-- Symlinking: /home/legacy/trr_robot_ws/install/control_msgs/include/control_msgs/action/detail/point_head__struct.hpp
-- Symlinking: /home/legacy/trr_robot_ws/install/control_msgs/include/control_msgs/action/detail/point_head__traits.hpp
-- Symlinking: /home/legacy/trr_robot_ws/install/control_msgs/include/control_msgs/action/detail/single_joint_position__builder.hpp
-- Symlinking: /home/legacy/trr_robot_ws/install/control_msgs/include/control_msgs/action/detail/single_joint_position__struct.hpp
-- Symlinking: /home/legacy/trr_robot_ws/install/control_msgs/include/control_msgs/action/detail/single_joint_position__traits.hpp
-- Symlinking: /home/legacy/trr_robot_ws/install/control_msgs/include/control_msgs/action/follow_joint_trajectory.hpp
-- Symlinking: /home/legacy/trr_robot_ws/install/control_msgs/include/control_msgs/action/gripper_command.hpp
-- Symlinking: /home/legacy/trr_robot_ws/install/control_msgs/include/control_msgs/action/joint_trajectory.hpp
-- Symlinking: /home/legacy/trr_robot_ws/install/control_msgs/include/control_msgs/action/point_head.hpp
-- Symlinking: /home/legacy/trr_robot_ws/install/control_msgs/include/control_msgs/action/single_joint_position.hpp
-- Symlinking: /home/legacy/trr_robot_ws/install/control_msgs/include/control_msgs/msg/detail/dynamic_joint_state__builder.hpp
-- Symlinking: /home/legacy/trr_robot_ws/install/control_msgs/include/control_msgs/msg/detail/dynamic_joint_state__struct.hpp
-- Symlinking: /home/legacy/trr_robot_ws/install/control_msgs/include/control_msgs/msg/detail/dynamic_joint_state__traits.hpp
-- Symlinking: /home/legacy/trr_robot_ws/install/control_msgs/include/control_msgs/msg/detail/gripper_command__builder.hpp
-- Symlinking: /home/legacy/trr_robot_ws/install/control_msgs/include/control_msgs/msg/detail/gripper_command__struct.hpp
-- Symlinking: /home/legacy/trr_robot_ws/install/control_msgs/include/control_msgs/msg/detail/gripper_command__traits.hpp
-- Symlinking: /home/legacy/trr_robot_ws/install/control_msgs/include/control_msgs/msg/detail/interface_value__builder.hpp
-- Symlinking: /home/legacy/trr_robot_ws/install/control_msgs/include/control_msgs/msg/detail/interface_value__struct.hpp
-- Symlinking: /home/legacy/trr_robot_ws/install/control_msgs/include/control_msgs/msg/detail/interface_value__traits.hpp
-- Symlinking: /home/legacy/trr_robot_ws/install/control_msgs/include/control_msgs/msg/detail/joint_component_tolerance__builder.hpp
-- Symlinking: /home/legacy/trr_robot_ws/install/control_msgs/include/control_msgs/msg/detail/joint_component_tolerance__struct.hpp
-- Symlinking: /home/legacy/trr_robot_ws/install/control_msgs/include/control_msgs/msg/detail/joint_component_tolerance__traits.hpp
-- Symlinking: /home/legacy/trr_robot_ws/install/control_msgs/include/control_msgs/msg/detail/joint_controller_state__builder.hpp
-- Symlinking: /home/legacy/trr_robot_ws/install/control_msgs/include/control_msgs/msg/detail/joint_controller_state__struct.hpp
-- Symlinking: /home/legacy/trr_robot_ws/install/control_msgs/include/control_msgs/msg/detail/joint_controller_state__traits.hpp
-- Symlinking: /home/legacy/trr_robot_ws/install/control_msgs/include/control_msgs/msg/detail/joint_jog__builder.hpp
-- Symlinking: /home/legacy/trr_robot_ws/install/control_msgs/include/control_msgs/msg/detail/joint_jog__struct.hpp
-- Symlinking: /home/legacy/trr_robot_ws/install/control_msgs/include/control_msgs/msg/detail/joint_jog__traits.hpp
-- Symlinking: /home/legacy/trr_robot_ws/install/control_msgs/include/control_msgs/msg/detail/joint_tolerance__builder.hpp
-- Symlinking: /home/legacy/trr_robot_ws/install/control_msgs/include/control_msgs/msg/detail/joint_tolerance__struct.hpp
-- Symlinking: /home/legacy/trr_robot_ws/install/control_msgs/include/control_msgs/msg/detail/joint_tolerance__traits.hpp
-- Symlinking: /home/legacy/trr_robot_ws/install/control_msgs/include/control_msgs/msg/detail/joint_trajectory_controller_state__builder.hpp
-- Symlinking: /home/legacy/trr_robot_ws/install/control_msgs/include/control_msgs/msg/detail/joint_trajectory_controller_state__struct.hpp
-- Symlinking: /home/legacy/trr_robot_ws/install/control_msgs/include/control_msgs/msg/detail/joint_trajectory_controller_state__traits.hpp
-- Symlinking: /home/legacy/trr_robot_ws/install/control_msgs/include/control_msgs/msg/detail/pid_state__builder.hpp
-- Symlinking: /home/legacy/trr_robot_ws/install/control_msgs/include/control_msgs/msg/detail/pid_state__struct.hpp
-- Symlinking: /home/legacy/trr_robot_ws/install/control_msgs/include/control_msgs/msg/detail/pid_state__traits.hpp
-- Symlinking: /home/legacy/trr_robot_ws/install/control_msgs/include/control_msgs/msg/dynamic_joint_state.hpp
-- Symlinking: /home/legacy/trr_robot_ws/install/control_msgs/include/control_msgs/msg/gripper_command.hpp
-- Symlinking: /home/legacy/trr_robot_ws/install/control_msgs/include/control_msgs/msg/interface_value.hpp
-- Symlinking: /home/legacy/trr_robot_ws/install/control_msgs/include/control_msgs/msg/joint_component_tolerance.hpp
-- Symlinking: /home/legacy/trr_robot_ws/install/control_msgs/include/control_msgs/msg/joint_controller_state.hpp
-- Symlinking: /home/legacy/trr_robot_ws/install/control_msgs/include/control_msgs/msg/joint_jog.hpp
-- Symlinking: /home/legacy/trr_robot_ws/install/control_msgs/include/control_msgs/msg/joint_tolerance.hpp
-- Symlinking: /home/legacy/trr_robot_ws/install/control_msgs/include/control_msgs/msg/joint_trajectory_controller_state.hpp
-- Symlinking: /home/legacy/trr_robot_ws/install/control_msgs/include/control_msgs/msg/pid_state.hpp
-- Symlinking: /home/legacy/trr_robot_ws/install/control_msgs/include/control_msgs/srv/detail/query_calibration_state__builder.hpp
-- Symlinking: /home/legacy/trr_robot_ws/install/control_msgs/include/control_msgs/srv/detail/query_calibration_state__struct.hpp
-- Symlinking: /home/legacy/trr_robot_ws/install/control_msgs/include/control_msgs/srv/detail/query_calibration_state__traits.hpp
-- Symlinking: /home/legacy/trr_robot_ws/install/control_msgs/include/control_msgs/srv/detail/query_trajectory_state__builder.hpp
-- Symlinking: /home/legacy/trr_robot_ws/install/control_msgs/include/control_msgs/srv/detail/query_trajectory_state__struct.hpp
-- Symlinking: /home/legacy/trr_robot_ws/install/control_msgs/include/control_msgs/srv/detail/query_trajectory_state__traits.hpp
-- Symlinking: /home/legacy/trr_robot_ws/install/control_msgs/include/control_msgs/srv/query_calibration_state.hpp
-- Symlinking: /home/legacy/trr_robot_ws/install/control_msgs/include/control_msgs/srv/query_trajectory_state.hpp
-- Symlinking: /home/legacy/trr_robot_ws/install/control_msgs/include/control_msgs/action/detail/follow_joint_trajectory__rosidl_typesupport_introspection_cpp.hpp
-- Symlinking: /home/legacy/trr_robot_ws/install/control_msgs/include/control_msgs/action/detail/gripper_command__rosidl_typesupport_introspection_cpp.hpp
-- Symlinking: /home/legacy/trr_robot_ws/install/control_msgs/include/control_msgs/action/detail/joint_trajectory__rosidl_typesupport_introspection_cpp.hpp
-- Symlinking: /home/legacy/trr_robot_ws/install/control_msgs/include/control_msgs/action/detail/point_head__rosidl_typesupport_introspection_cpp.hpp
-- Symlinking: /home/legacy/trr_robot_ws/install/control_msgs/include/control_msgs/action/detail/single_joint_position__rosidl_typesupport_introspection_cpp.hpp
-- Symlinking: /home/legacy/trr_robot_ws/install/control_msgs/include/control_msgs/msg/detail/dynamic_joint_state__rosidl_typesupport_introspection_cpp.hpp
-- Symlinking: /home/legacy/trr_robot_ws/install/control_msgs/include/control_msgs/msg/detail/gripper_command__rosidl_typesupport_introspection_cpp.hpp
-- Symlinking: /home/legacy/trr_robot_ws/install/control_msgs/include/control_msgs/msg/detail/interface_value__rosidl_typesupport_introspection_cpp.hpp
-- Symlinking: /home/legacy/trr_robot_ws/install/control_msgs/include/control_msgs/msg/detail/joint_component_tolerance__rosidl_typesupport_introspection_cpp.hpp
-- Symlinking: /home/legacy/trr_robot_ws/install/control_msgs/include/control_msgs/msg/detail/joint_controller_state__rosidl_typesupport_introspection_cpp.hpp
-- Symlinking: /home/legacy/trr_robot_ws/install/control_msgs/include/control_msgs/msg/detail/joint_jog__rosidl_typesupport_introspection_cpp.hpp
-- Symlinking: /home/legacy/trr_robot_ws/install/control_msgs/include/control_msgs/msg/detail/joint_tolerance__rosidl_typesupport_introspection_cpp.hpp
-- Symlinking: /home/legacy/trr_robot_ws/install/control_msgs/include/control_msgs/msg/detail/joint_trajectory_controller_state__rosidl_typesupport_introspection_cpp.hpp
-- Symlinking: /home/legacy/trr_robot_ws/install/control_msgs/include/control_msgs/msg/detail/pid_state__rosidl_typesupport_introspection_cpp.hpp
-- Symlinking: /home/legacy/trr_robot_ws/install/control_msgs/include/control_msgs/srv/detail/query_calibration_state__rosidl_typesupport_introspection_cpp.hpp
-- Symlinking: /home/legacy/trr_robot_ws/install/control_msgs/include/control_msgs/srv/detail/query_trajectory_state__rosidl_typesupport_introspection_cpp.hpp
-- Symlinking: /home/legacy/trr_robot_ws/install/control_msgs/share/control_msgs/environment/pythonpath.sh
-- Symlinking: /home/legacy/trr_robot_ws/install/control_msgs/share/control_msgs/environment/pythonpath.dsv
-- Symlinking: /home/legacy/trr_robot_ws/install/control_msgs/lib/python3.8/site-packages/control_msgs/__init__.py
-- Symlinking: /home/legacy/trr_robot_ws/install/control_msgs/lib/python3.8/site-packages/control_msgs/msg/__init__.py
-- Symlinking: /home/legacy/trr_robot_ws/install/control_msgs/lib/python3.8/site-packages/control_msgs/msg/_dynamic_joint_state.py
-- Symlinking: /home/legacy/trr_robot_ws/install/control_msgs/lib/python3.8/site-packages/control_msgs/msg/_gripper_command.py
-- Symlinking: /home/legacy/trr_robot_ws/install/control_msgs/lib/python3.8/site-packages/control_msgs/msg/_interface_value.py
-- Symlinking: /home/legacy/trr_robot_ws/install/control_msgs/lib/python3.8/site-packages/control_msgs/msg/_joint_component_tolerance.py
-- Symlinking: /home/legacy/trr_robot_ws/install/control_msgs/lib/python3.8/site-packages/control_msgs/msg/_joint_controller_state.py
-- Symlinking: /home/legacy/trr_robot_ws/install/control_msgs/lib/python3.8/site-packages/control_msgs/msg/_joint_jog.py
-- Symlinking: /home/legacy/trr_robot_ws/install/control_msgs/lib/python3.8/site-packages/control_msgs/msg/_joint_tolerance.py
-- Symlinking: /home/legacy/trr_robot_ws/install/control_msgs/lib/python3.8/site-packages/control_msgs/msg/_joint_trajectory_controller_state.py
-- Symlinking: /home/legacy/trr_robot_ws/install/control_msgs/lib/python3.8/site-packages/control_msgs/msg/_pid_state.py
-- Symlinking: /home/legacy/trr_robot_ws/install/control_msgs/lib/python3.8/site-packages/control_msgs/srv/__init__.py
-- Symlinking: /home/legacy/trr_robot_ws/install/control_msgs/lib/python3.8/site-packages/control_msgs/srv/_query_calibration_state.py
-- Symlinking: /home/legacy/trr_robot_ws/install/control_msgs/lib/python3.8/site-packages/control_msgs/srv/_query_trajectory_state.py
-- Symlinking: /home/legacy/trr_robot_ws/install/control_msgs/lib/python3.8/site-packages/control_msgs/action/__init__.py
-- Symlinking: /home/legacy/trr_robot_ws/install/control_msgs/lib/python3.8/site-packages/control_msgs/action/_follow_joint_trajectory.py
-- Symlinking: /home/legacy/trr_robot_ws/install/control_msgs/lib/python3.8/site-packages/control_msgs/action/_gripper_command.py
-- Symlinking: /home/legacy/trr_robot_ws/install/control_msgs/lib/python3.8/site-packages/control_msgs/action/_joint_trajectory.py
-- Symlinking: /home/legacy/trr_robot_ws/install/control_msgs/lib/python3.8/site-packages/control_msgs/action/_point_head.py
-- Symlinking: /home/legacy/trr_robot_ws/install/control_msgs/lib/python3.8/site-packages/control_msgs/action/_single_joint_position.py
-- Symlinking: /home/legacy/trr_robot_ws/install/control_msgs/lib/python3.8/site-packages/control_msgs/control_msgs_s__rosidl_typesupport_fastrtps_c.cpython-38-x86_64-linux-gnu.so
-- Symlinking: /home/legacy/trr_robot_ws/install/control_msgs/lib/python3.8/site-packages/control_msgs/control_msgs_s__rosidl_typesupport_introspection_c.cpython-38-x86_64-linux-gnu.so
-- Symlinking: /home/legacy/trr_robot_ws/install/control_msgs/lib/python3.8/site-packages/control_msgs/control_msgs_s__rosidl_typesupport_c.cpython-38-x86_64-linux-gnu.so
-- Symlinking: /home/legacy/trr_robot_ws/install/control_msgs/lib/libcontrol_msgs__python.so
-- Symlinking: /home/legacy/trr_robot_ws/install/control_msgs/share/control_msgs/msg/DynamicJointState.idl
-- Symlinking: /home/legacy/trr_robot_ws/install/control_msgs/share/control_msgs/msg/GripperCommand.idl
-- Symlinking: /home/legacy/trr_robot_ws/install/control_msgs/share/control_msgs/msg/InterfaceValue.idl
-- Symlinking: /home/legacy/trr_robot_ws/install/control_msgs/share/control_msgs/msg/JointComponentTolerance.idl
-- Symlinking: /home/legacy/trr_robot_ws/install/control_msgs/share/control_msgs/msg/JointControllerState.idl
-- Symlinking: /home/legacy/trr_robot_ws/install/control_msgs/share/control_msgs/msg/JointJog.idl
-- Symlinking: /home/legacy/trr_robot_ws/install/control_msgs/share/control_msgs/msg/JointTolerance.idl
-- Symlinking: /home/legacy/trr_robot_ws/install/control_msgs/share/control_msgs/msg/JointTrajectoryControllerState.idl
-- Symlinking: /home/legacy/trr_robot_ws/install/control_msgs/share/control_msgs/msg/PidState.idl
-- Symlinking: /home/legacy/trr_robot_ws/install/control_msgs/share/control_msgs/srv/QueryCalibrationState.idl
-- Symlinking: /home/legacy/trr_robot_ws/install/control_msgs/share/control_msgs/srv/QueryTrajectoryState.idl
-- Symlinking: /home/legacy/trr_robot_ws/install/control_msgs/share/control_msgs/action/FollowJointTrajectory.idl
-- Symlinking: /home/legacy/trr_robot_ws/install/control_msgs/share/control_msgs/action/GripperCommand.idl
-- Symlinking: /home/legacy/trr_robot_ws/install/control_msgs/share/control_msgs/action/JointTrajectory.idl
-- Symlinking: /home/legacy/trr_robot_ws/install/control_msgs/share/control_msgs/action/PointHead.idl
-- Symlinking: /home/legacy/trr_robot_ws/install/control_msgs/share/control_msgs/action/SingleJointPosition.idl
-- Symlinking: /home/legacy/trr_robot_ws/install/control_msgs/share/control_msgs/msg/DynamicJointState.msg
-- Symlinking: /home/legacy/trr_robot_ws/install/control_msgs/share/control_msgs/msg/GripperCommand.msg
-- Symlinking: /home/legacy/trr_robot_ws/install/control_msgs/share/control_msgs/msg/InterfaceValue.msg
-- Symlinking: /home/legacy/trr_robot_ws/install/control_msgs/share/control_msgs/msg/JointComponentTolerance.msg
-- Symlinking: /home/legacy/trr_robot_ws/install/control_msgs/share/control_msgs/msg/JointControllerState.msg
-- Symlinking: /home/legacy/trr_robot_ws/install/control_msgs/share/control_msgs/msg/JointJog.msg
-- Symlinking: /home/legacy/trr_robot_ws/install/control_msgs/share/control_msgs/msg/JointTolerance.msg
-- Symlinking: /home/legacy/trr_robot_ws/install/control_msgs/share/control_msgs/msg/JointTrajectoryControllerState.msg
-- Symlinking: /home/legacy/trr_robot_ws/install/control_msgs/share/control_msgs/msg/PidState.msg
-- Symlinking: /home/legacy/trr_robot_ws/install/control_msgs/share/control_msgs/srv/QueryCalibrationState.srv
-- Symlinking: /home/legacy/trr_robot_ws/install/control_msgs/share/control_msgs/srv/QueryCalibrationState_Request.msg
-- Symlinking: /home/legacy/trr_robot_ws/install/control_msgs/share/control_msgs/srv/QueryCalibrationState_Response.msg
-- Symlinking: /home/legacy/trr_robot_ws/install/control_msgs/share/control_msgs/srv/QueryTrajectoryState.srv
-- Symlinking: /home/legacy/trr_robot_ws/install/control_msgs/share/control_msgs/srv/QueryTrajectoryState_Request.msg
-- Symlinking: /home/legacy/trr_robot_ws/install/control_msgs/share/control_msgs/srv/QueryTrajectoryState_Response.msg
-- Symlinking: /home/legacy/trr_robot_ws/install/control_msgs/share/control_msgs/action/FollowJointTrajectory.action
-- Symlinking: /home/legacy/trr_robot_ws/install/control_msgs/share/control_msgs/action/GripperCommand.action
-- Symlinking: /home/legacy/trr_robot_ws/install/control_msgs/share/control_msgs/action/JointTrajectory.action
-- Symlinking: /home/legacy/trr_robot_ws/install/control_msgs/share/control_msgs/action/PointHead.action
-- Symlinking: /home/legacy/trr_robot_ws/install/control_msgs/share/control_msgs/action/SingleJointPosition.action
-- Symlinking: /home/legacy/trr_robot_ws/install/control_msgs/share/ament_index/resource_index/package_run_dependencies/control_msgs
-- Symlinking: /home/legacy/trr_robot_ws/install/control_msgs/share/ament_index/resource_index/parent_prefix_path/control_msgs
-- Symlinking: /home/legacy/trr_robot_ws/install/control_msgs/share/control_msgs/environment/ament_prefix_path.sh
-- Symlinking: /home/legacy/trr_robot_ws/install/control_msgs/share/control_msgs/environment/ament_prefix_path.dsv
-- Symlinking: /home/legacy/trr_robot_ws/install/control_msgs/share/control_msgs/environment/path.sh
-- Symlinking: /home/legacy/trr_robot_ws/install/control_msgs/share/control_msgs/environment/path.dsv
-- Symlinking: /home/legacy/trr_robot_ws/install/control_msgs/share/control_msgs/local_setup.bash
-- Symlinking: /home/legacy/trr_robot_ws/install/control_msgs/share/control_msgs/local_setup.sh
-- Symlinking: /home/legacy/trr_robot_ws/install/control_msgs/share/control_msgs/local_setup.zsh
-- Symlinking: /home/legacy/trr_robot_ws/install/control_msgs/share/control_msgs/local_setup.dsv
-- Symlinking: /home/legacy/trr_robot_ws/install/control_msgs/share/control_msgs/package.dsv
-- Symlinking: /home/legacy/trr_robot_ws/install/control_msgs/share/ament_index/resource_index/packages/control_msgs
-- Symlinking: /home/legacy/trr_robot_ws/install/control_msgs/share/control_msgs/cmake/rosidl_cmake-extras.cmake
-- Symlinking: /home/legacy/trr_robot_ws/install/control_msgs/share/control_msgs/cmake/ament_cmake_export_dependencies-extras.cmake
-- Symlinking: /home/legacy/trr_robot_ws/install/control_msgs/share/control_msgs/cmake/ament_cmake_export_libraries-extras.cmake
-- Symlinking: /home/legacy/trr_robot_ws/install/control_msgs/share/control_msgs/cmake/ament_cmake_export_targets-extras.cmake
-- Symlinking: /home/legacy/trr_robot_ws/install/control_msgs/share/control_msgs/cmake/ament_cmake_export_include_directories-extras.cmake
-- Symlinking: /home/legacy/trr_robot_ws/install/control_msgs/share/control_msgs/cmake/rosidl_cmake_export_typesupport_libraries-extras.cmake
-- Symlinking: /home/legacy/trr_robot_ws/install/control_msgs/share/control_msgs/cmake/rosidl_cmake_export_typesupport_targets-extras.cmake
-- Symlinking: /home/legacy/trr_robot_ws/install/control_msgs/share/control_msgs/cmake/control_msgsConfig.cmake
-- Symlinking: /home/legacy/trr_robot_ws/install/control_msgs/share/control_msgs/cmake/control_msgsConfig-version.cmake
-- Symlinking: /home/legacy/trr_robot_ws/install/control_msgs/share/control_msgs/package.xml
-- Installing: /home/legacy/trr_robot_ws/install/control_msgs/lib/libcontrol_msgs__rosidl_generator_c.so
-- Set runtime path of "/home/legacy/trr_robot_ws/install/control_msgs/lib/libcontrol_msgs__rosidl_generator_c.so" to ""
-- Installing: /home/legacy/trr_robot_ws/install/control_msgs/lib/libcontrol_msgs__rosidl_typesupport_introspection_c.so
-- Set runtime path of "/home/legacy/trr_robot_ws/install/control_msgs/lib/libcontrol_msgs__rosidl_typesupport_introspection_c.so" to ""
-- Installing: /home/legacy/trr_robot_ws/install/control_msgs/lib/libcontrol_msgs__rosidl_typesupport_c.so
-- Set runtime path of "/home/legacy/trr_robot_ws/install/control_msgs/lib/libcontrol_msgs__rosidl_typesupport_c.so" to ""
-- Installing: /home/legacy/trr_robot_ws/install/control_msgs/lib/libcontrol_msgs__rosidl_typesupport_introspection_cpp.so
-- Set runtime path of "/home/legacy/trr_robot_ws/install/control_msgs/lib/libcontrol_msgs__rosidl_typesupport_introspection_cpp.so" to ""
-- Installing: /home/legacy/trr_robot_ws/install/control_msgs/lib/libcontrol_msgs__rosidl_typesupport_cpp.so
-- Set runtime path of "/home/legacy/trr_robot_ws/install/control_msgs/lib/libcontrol_msgs__rosidl_typesupport_cpp.so" to ""
Compiling '/home/legacy/trr_robot_ws/install/control_msgs/lib/python3.8/site-packages/control_msgs/__init__.py'...
-- Installing: /home/legacy/trr_robot_ws/install/control_msgs/share/control_msgs/cmake/control_msgs__rosidl_generator_cExport.cmake
-- Installing: /home/legacy/trr_robot_ws/install/control_msgs/share/control_msgs/cmake/control_msgs__rosidl_generator_cExport-noconfig.cmake
-- Installing: /home/legacy/trr_robot_ws/install/control_msgs/share/control_msgs/cmake/control_msgs__rosidl_typesupport_introspection_cExport.cmake
-- Installing: /home/legacy/trr_robot_ws/install/control_msgs/share/control_msgs/cmake/control_msgs__rosidl_typesupport_introspection_cExport-noconfig.cmake
-- Installing: /home/legacy/trr_robot_ws/install/control_msgs/share/control_msgs/cmake/control_msgs__rosidl_typesupport_cExport.cmake
-- Installing: /home/legacy/trr_robot_ws/install/control_msgs/share/control_msgs/cmake/control_msgs__rosidl_typesupport_cExport-noconfig.cmake
-- Installing: /home/legacy/trr_robot_ws/install/control_msgs/share/control_msgs/cmake/control_msgs__rosidl_generator_cppExport.cmake
-- Installing: /home/legacy/trr_robot_ws/install/control_msgs/share/control_msgs/cmake/control_msgs__rosidl_typesupport_introspection_cppExport.cmake
-- Installing: /home/legacy/trr_robot_ws/install/control_msgs/share/control_msgs/cmake/control_msgs__rosidl_typesupport_introspection_cppExport-noconfig.cmake
-- Installing: /home/legacy/trr_robot_ws/install/control_msgs/share/control_msgs/cmake/control_msgs__rosidl_typesupport_cppExport.cmake
-- Installing: /home/legacy/trr_robot_ws/install/control_msgs/share/control_msgs/cmake/control_msgs__rosidl_typesupport_cppExport-noconfig.cmake
