[0.050s] Invoking command in '/home/legacy/trr_robot_ws/build/control_msgs': CMAKE_PREFIX_PATH=${CMAKE_PREFIX_PATH}:/home/legacy/trr_robot_ws/install/ros2controlcli:/home/legacy/trr_robot_ws/install/ros2_control_test_nodes:/home/legacy/trr_robot_ws/install/robot:/opt/ros/foxy /usr/bin/cmake --build /home/legacy/trr_robot_ws/build/control_msgs -- -j8 -l8
[0.162s] [  0%] Built target control_msgs__cpp
[0.185s] [ 12%] Built target control_msgs__rosidl_generator_c
[0.256s] [ 24%] Built target control_msgs__rosidl_typesupport_cpp
[0.305s] [ 36%] Built target control_msgs__rosidl_typesupport_introspection_cpp
[0.315s] [ 48%] Built target control_msgs__rosidl_typesupport_introspection_c
[0.317s] [ 60%] Built target control_msgs__rosidl_typesupport_c
[0.318s] [ 72%] Built target control_msgs__rosidl_typesupport_fastrtps_cpp
[0.363s] [ 84%] Built target control_msgs__rosidl_typesupport_fastrtps_c
[0.390s] [ 84%] Built target control_msgs
[0.416s] [ 85%] Built target control_msgs__py
[0.465s] [ 96%] Built target control_msgs__python
[0.525s] [ 98%] Built target control_msgs__rosidl_typesupport_introspection_c__pyext
[0.526s] [ 99%] Built target control_msgs__rosidl_typesupport_c__pyext
[0.528s] [100%] Built target control_msgs__rosidl_typesupport_fastrtps_c__pyext
[0.561s] Invoked command in '/home/legacy/trr_robot_ws/build/control_msgs' returned '0': CMAKE_PREFIX_PATH=${CMAKE_PREFIX_PATH}:/home/legacy/trr_robot_ws/install/ros2controlcli:/home/legacy/trr_robot_ws/install/ros2_control_test_nodes:/home/legacy/trr_robot_ws/install/robot:/opt/ros/foxy /usr/bin/cmake --build /home/legacy/trr_robot_ws/build/control_msgs -- -j8 -l8
[0.950s] Invoking command in '/home/legacy/trr_robot_ws/build/control_msgs': CMAKE_PREFIX_PATH=${CMAKE_PREFIX_PATH}:/home/legacy/trr_robot_ws/install/ros2controlcli:/home/legacy/trr_robot_ws/install/ros2_control_test_nodes:/home/legacy/trr_robot_ws/install/robot:/opt/ros/foxy /usr/bin/cmake --install /home/legacy/trr_robot_ws/build/control_msgs
[0.975s] -- Install configuration: ""
[0.975s] -- Execute custom install script
[0.976s] -- Symlinking: /home/legacy/trr_robot_ws/install/control_msgs/share/ament_index/resource_index/rosidl_interfaces/control_msgs
[0.991s] -- Symlinking: /home/legacy/trr_robot_ws/install/control_msgs/include/control_msgs/action/detail/follow_joint_trajectory__functions.h
[0.997s] -- Symlinking: /home/legacy/trr_robot_ws/install/control_msgs/include/control_msgs/action/detail/follow_joint_trajectory__struct.h
[1.007s] -- Symlinking: /home/legacy/trr_robot_ws/install/control_msgs/include/control_msgs/action/detail/follow_joint_trajectory__type_support.h
[1.019s] -- Symlinking: /home/legacy/trr_robot_ws/install/control_msgs/include/control_msgs/action/detail/gripper_command__functions.h
[1.032s] -- Symlinking: /home/legacy/trr_robot_ws/install/control_msgs/include/control_msgs/action/detail/gripper_command__struct.h
[1.046s] -- Symlinking: /home/legacy/trr_robot_ws/install/control_msgs/include/control_msgs/action/detail/gripper_command__type_support.h
[1.058s] -- Symlinking: /home/legacy/trr_robot_ws/install/control_msgs/include/control_msgs/action/detail/joint_trajectory__functions.h
[1.070s] -- Symlinking: /home/legacy/trr_robot_ws/install/control_msgs/include/control_msgs/action/detail/joint_trajectory__struct.h
[1.081s] -- Symlinking: /home/legacy/trr_robot_ws/install/control_msgs/include/control_msgs/action/detail/joint_trajectory__type_support.h
[1.092s] -- Symlinking: /home/legacy/trr_robot_ws/install/control_msgs/include/control_msgs/action/detail/point_head__functions.h
[1.103s] -- Symlinking: /home/legacy/trr_robot_ws/install/control_msgs/include/control_msgs/action/detail/point_head__struct.h
[1.115s] -- Symlinking: /home/legacy/trr_robot_ws/install/control_msgs/include/control_msgs/action/detail/point_head__type_support.h
[1.127s] -- Symlinking: /home/legacy/trr_robot_ws/install/control_msgs/include/control_msgs/action/detail/single_joint_position__functions.h
[1.147s] -- Symlinking: /home/legacy/trr_robot_ws/install/control_msgs/include/control_msgs/action/detail/single_joint_position__struct.h
[1.151s] -- Symlinking: /home/legacy/trr_robot_ws/install/control_msgs/include/control_msgs/action/detail/single_joint_position__type_support.h
[1.162s] -- Symlinking: /home/legacy/trr_robot_ws/install/control_msgs/include/control_msgs/action/follow_joint_trajectory.h
[1.173s] -- Symlinking: /home/legacy/trr_robot_ws/install/control_msgs/include/control_msgs/action/gripper_command.h
[1.184s] -- Symlinking: /home/legacy/trr_robot_ws/install/control_msgs/include/control_msgs/action/joint_trajectory.h
[1.195s] -- Symlinking: /home/legacy/trr_robot_ws/install/control_msgs/include/control_msgs/action/point_head.h
[1.207s] -- Symlinking: /home/legacy/trr_robot_ws/install/control_msgs/include/control_msgs/action/single_joint_position.h
[1.218s] -- Symlinking: /home/legacy/trr_robot_ws/install/control_msgs/include/control_msgs/msg/detail/dynamic_joint_state__functions.h
[1.231s] -- Symlinking: /home/legacy/trr_robot_ws/install/control_msgs/include/control_msgs/msg/detail/dynamic_joint_state__struct.h
[1.243s] -- Symlinking: /home/legacy/trr_robot_ws/install/control_msgs/include/control_msgs/msg/detail/dynamic_joint_state__type_support.h
[1.252s] -- Symlinking: /home/legacy/trr_robot_ws/install/control_msgs/include/control_msgs/msg/detail/gripper_command__functions.h
[1.263s] -- Symlinking: /home/legacy/trr_robot_ws/install/control_msgs/include/control_msgs/msg/detail/gripper_command__struct.h
[1.274s] -- Symlinking: /home/legacy/trr_robot_ws/install/control_msgs/include/control_msgs/msg/detail/gripper_command__type_support.h
[1.285s] -- Symlinking: /home/legacy/trr_robot_ws/install/control_msgs/include/control_msgs/msg/detail/interface_value__functions.h
[1.295s] -- Symlinking: /home/legacy/trr_robot_ws/install/control_msgs/include/control_msgs/msg/detail/interface_value__struct.h
[1.306s] -- Symlinking: /home/legacy/trr_robot_ws/install/control_msgs/include/control_msgs/msg/detail/interface_value__type_support.h
[1.316s] -- Symlinking: /home/legacy/trr_robot_ws/install/control_msgs/include/control_msgs/msg/detail/joint_component_tolerance__functions.h
[1.327s] -- Symlinking: /home/legacy/trr_robot_ws/install/control_msgs/include/control_msgs/msg/detail/joint_component_tolerance__struct.h
[1.338s] -- Symlinking: /home/legacy/trr_robot_ws/install/control_msgs/include/control_msgs/msg/detail/joint_component_tolerance__type_support.h
[1.349s] -- Symlinking: /home/legacy/trr_robot_ws/install/control_msgs/include/control_msgs/msg/detail/joint_controller_state__functions.h
[1.359s] -- Symlinking: /home/legacy/trr_robot_ws/install/control_msgs/include/control_msgs/msg/detail/joint_controller_state__struct.h
[1.370s] -- Symlinking: /home/legacy/trr_robot_ws/install/control_msgs/include/control_msgs/msg/detail/joint_controller_state__type_support.h
[1.380s] -- Symlinking: /home/legacy/trr_robot_ws/install/control_msgs/include/control_msgs/msg/detail/joint_jog__functions.h
[1.390s] -- Symlinking: /home/legacy/trr_robot_ws/install/control_msgs/include/control_msgs/msg/detail/joint_jog__struct.h
[1.400s] -- Symlinking: /home/legacy/trr_robot_ws/install/control_msgs/include/control_msgs/msg/detail/joint_jog__type_support.h
[1.411s] -- Symlinking: /home/legacy/trr_robot_ws/install/control_msgs/include/control_msgs/msg/detail/joint_tolerance__functions.h
[1.421s] -- Symlinking: /home/legacy/trr_robot_ws/install/control_msgs/include/control_msgs/msg/detail/joint_tolerance__struct.h
[1.432s] -- Symlinking: /home/legacy/trr_robot_ws/install/control_msgs/include/control_msgs/msg/detail/joint_tolerance__type_support.h
[1.442s] -- Symlinking: /home/legacy/trr_robot_ws/install/control_msgs/include/control_msgs/msg/detail/joint_trajectory_controller_state__functions.h
[1.453s] -- Symlinking: /home/legacy/trr_robot_ws/install/control_msgs/include/control_msgs/msg/detail/joint_trajectory_controller_state__struct.h
[1.463s] -- Symlinking: /home/legacy/trr_robot_ws/install/control_msgs/include/control_msgs/msg/detail/joint_trajectory_controller_state__type_support.h
[1.473s] -- Symlinking: /home/legacy/trr_robot_ws/install/control_msgs/include/control_msgs/msg/detail/pid_state__functions.h
[1.484s] -- Symlinking: /home/legacy/trr_robot_ws/install/control_msgs/include/control_msgs/msg/detail/pid_state__struct.h
[1.494s] -- Symlinking: /home/legacy/trr_robot_ws/install/control_msgs/include/control_msgs/msg/detail/pid_state__type_support.h
[1.504s] -- Symlinking: /home/legacy/trr_robot_ws/install/control_msgs/include/control_msgs/msg/dynamic_joint_state.h
[1.514s] -- Symlinking: /home/legacy/trr_robot_ws/install/control_msgs/include/control_msgs/msg/gripper_command.h
[1.525s] -- Symlinking: /home/legacy/trr_robot_ws/install/control_msgs/include/control_msgs/msg/interface_value.h
[1.534s] -- Symlinking: /home/legacy/trr_robot_ws/install/control_msgs/include/control_msgs/msg/joint_component_tolerance.h
[1.544s] -- Symlinking: /home/legacy/trr_robot_ws/install/control_msgs/include/control_msgs/msg/joint_controller_state.h
[1.554s] -- Symlinking: /home/legacy/trr_robot_ws/install/control_msgs/include/control_msgs/msg/joint_jog.h
[1.562s] -- Symlinking: /home/legacy/trr_robot_ws/install/control_msgs/include/control_msgs/msg/joint_tolerance.h
[1.570s] -- Symlinking: /home/legacy/trr_robot_ws/install/control_msgs/include/control_msgs/msg/joint_trajectory_controller_state.h
[1.578s] -- Symlinking: /home/legacy/trr_robot_ws/install/control_msgs/include/control_msgs/msg/pid_state.h
[1.586s] -- Symlinking: /home/legacy/trr_robot_ws/install/control_msgs/include/control_msgs/msg/rosidl_generator_c__visibility_control.h
[1.595s] -- Symlinking: /home/legacy/trr_robot_ws/install/control_msgs/include/control_msgs/srv/detail/query_calibration_state__functions.h
[1.603s] -- Symlinking: /home/legacy/trr_robot_ws/install/control_msgs/include/control_msgs/srv/detail/query_calibration_state__struct.h
[1.612s] -- Symlinking: /home/legacy/trr_robot_ws/install/control_msgs/include/control_msgs/srv/detail/query_calibration_state__type_support.h
[1.620s] -- Symlinking: /home/legacy/trr_robot_ws/install/control_msgs/include/control_msgs/srv/detail/query_trajectory_state__functions.h
[1.628s] -- Symlinking: /home/legacy/trr_robot_ws/install/control_msgs/include/control_msgs/srv/detail/query_trajectory_state__struct.h
[1.637s] -- Symlinking: /home/legacy/trr_robot_ws/install/control_msgs/include/control_msgs/srv/detail/query_trajectory_state__type_support.h
[1.645s] -- Symlinking: /home/legacy/trr_robot_ws/install/control_msgs/include/control_msgs/srv/query_calibration_state.h
[1.654s] -- Symlinking: /home/legacy/trr_robot_ws/install/control_msgs/include/control_msgs/srv/query_trajectory_state.h
[1.663s] -- Symlinking: /home/legacy/trr_robot_ws/install/control_msgs/share/control_msgs/environment/library_path.sh
[1.672s] -- Symlinking: /home/legacy/trr_robot_ws/install/control_msgs/share/control_msgs/environment/library_path.dsv
[1.680s] -- Symlinking: /home/legacy/trr_robot_ws/install/control_msgs/include/control_msgs/action/detail/follow_joint_trajectory__rosidl_typesupport_fastrtps_c.h
[1.689s] -- Symlinking: /home/legacy/trr_robot_ws/install/control_msgs/include/control_msgs/action/detail/gripper_command__rosidl_typesupport_fastrtps_c.h
[1.697s] -- Symlinking: /home/legacy/trr_robot_ws/install/control_msgs/include/control_msgs/action/detail/joint_trajectory__rosidl_typesupport_fastrtps_c.h
[1.705s] -- Symlinking: /home/legacy/trr_robot_ws/install/control_msgs/include/control_msgs/action/detail/point_head__rosidl_typesupport_fastrtps_c.h
[1.714s] -- Symlinking: /home/legacy/trr_robot_ws/install/control_msgs/include/control_msgs/action/detail/single_joint_position__rosidl_typesupport_fastrtps_c.h
[1.722s] -- Symlinking: /home/legacy/trr_robot_ws/install/control_msgs/include/control_msgs/msg/detail/dynamic_joint_state__rosidl_typesupport_fastrtps_c.h
[1.731s] -- Symlinking: /home/legacy/trr_robot_ws/install/control_msgs/include/control_msgs/msg/detail/gripper_command__rosidl_typesupport_fastrtps_c.h
[1.739s] -- Symlinking: /home/legacy/trr_robot_ws/install/control_msgs/include/control_msgs/msg/detail/interface_value__rosidl_typesupport_fastrtps_c.h
[1.748s] -- Symlinking: /home/legacy/trr_robot_ws/install/control_msgs/include/control_msgs/msg/detail/joint_component_tolerance__rosidl_typesupport_fastrtps_c.h
[1.757s] -- Symlinking: /home/legacy/trr_robot_ws/install/control_msgs/include/control_msgs/msg/detail/joint_controller_state__rosidl_typesupport_fastrtps_c.h
[1.766s] -- Symlinking: /home/legacy/trr_robot_ws/install/control_msgs/include/control_msgs/msg/detail/joint_jog__rosidl_typesupport_fastrtps_c.h
[1.774s] -- Symlinking: /home/legacy/trr_robot_ws/install/control_msgs/include/control_msgs/msg/detail/joint_tolerance__rosidl_typesupport_fastrtps_c.h
[1.783s] -- Symlinking: /home/legacy/trr_robot_ws/install/control_msgs/include/control_msgs/msg/detail/joint_trajectory_controller_state__rosidl_typesupport_fastrtps_c.h
[1.791s] -- Symlinking: /home/legacy/trr_robot_ws/install/control_msgs/include/control_msgs/msg/detail/pid_state__rosidl_typesupport_fastrtps_c.h
[1.800s] -- Symlinking: /home/legacy/trr_robot_ws/install/control_msgs/include/control_msgs/msg/rosidl_typesupport_fastrtps_c__visibility_control.h
[1.808s] -- Symlinking: /home/legacy/trr_robot_ws/install/control_msgs/include/control_msgs/srv/detail/query_calibration_state__rosidl_typesupport_fastrtps_c.h
[1.816s] -- Symlinking: /home/legacy/trr_robot_ws/install/control_msgs/include/control_msgs/srv/detail/query_trajectory_state__rosidl_typesupport_fastrtps_c.h
[1.825s] -- Symlinking: /home/legacy/trr_robot_ws/install/control_msgs/lib/libcontrol_msgs__rosidl_typesupport_fastrtps_c.so
[1.835s] -- Symlinking: /home/legacy/trr_robot_ws/install/control_msgs/include/control_msgs/action/detail/follow_joint_trajectory__rosidl_typesupport_fastrtps_cpp.hpp
[1.844s] -- Symlinking: /home/legacy/trr_robot_ws/install/control_msgs/include/control_msgs/action/detail/gripper_command__rosidl_typesupport_fastrtps_cpp.hpp
[1.852s] -- Symlinking: /home/legacy/trr_robot_ws/install/control_msgs/include/control_msgs/action/detail/joint_trajectory__rosidl_typesupport_fastrtps_cpp.hpp
[1.860s] -- Symlinking: /home/legacy/trr_robot_ws/install/control_msgs/include/control_msgs/action/detail/point_head__rosidl_typesupport_fastrtps_cpp.hpp
[1.870s] -- Symlinking: /home/legacy/trr_robot_ws/install/control_msgs/include/control_msgs/action/detail/single_joint_position__rosidl_typesupport_fastrtps_cpp.hpp
[1.879s] -- Symlinking: /home/legacy/trr_robot_ws/install/control_msgs/include/control_msgs/msg/detail/dynamic_joint_state__rosidl_typesupport_fastrtps_cpp.hpp
[1.889s] -- Symlinking: /home/legacy/trr_robot_ws/install/control_msgs/include/control_msgs/msg/detail/gripper_command__rosidl_typesupport_fastrtps_cpp.hpp
[1.899s] -- Symlinking: /home/legacy/trr_robot_ws/install/control_msgs/include/control_msgs/msg/detail/interface_value__rosidl_typesupport_fastrtps_cpp.hpp
[1.908s] -- Symlinking: /home/legacy/trr_robot_ws/install/control_msgs/include/control_msgs/msg/detail/joint_component_tolerance__rosidl_typesupport_fastrtps_cpp.hpp
[1.918s] -- Symlinking: /home/legacy/trr_robot_ws/install/control_msgs/include/control_msgs/msg/detail/joint_controller_state__rosidl_typesupport_fastrtps_cpp.hpp
[1.928s] -- Symlinking: /home/legacy/trr_robot_ws/install/control_msgs/include/control_msgs/msg/detail/joint_jog__rosidl_typesupport_fastrtps_cpp.hpp
[1.937s] -- Symlinking: /home/legacy/trr_robot_ws/install/control_msgs/include/control_msgs/msg/detail/joint_tolerance__rosidl_typesupport_fastrtps_cpp.hpp
[1.945s] -- Symlinking: /home/legacy/trr_robot_ws/install/control_msgs/include/control_msgs/msg/detail/joint_trajectory_controller_state__rosidl_typesupport_fastrtps_cpp.hpp
[1.954s] -- Symlinking: /home/legacy/trr_robot_ws/install/control_msgs/include/control_msgs/msg/detail/pid_state__rosidl_typesupport_fastrtps_cpp.hpp
[1.963s] -- Symlinking: /home/legacy/trr_robot_ws/install/control_msgs/include/control_msgs/msg/rosidl_typesupport_fastrtps_cpp__visibility_control.h
[1.972s] -- Symlinking: /home/legacy/trr_robot_ws/install/control_msgs/include/control_msgs/srv/detail/query_calibration_state__rosidl_typesupport_fastrtps_cpp.hpp
[1.981s] -- Symlinking: /home/legacy/trr_robot_ws/install/control_msgs/include/control_msgs/srv/detail/query_trajectory_state__rosidl_typesupport_fastrtps_cpp.hpp
[1.990s] -- Symlinking: /home/legacy/trr_robot_ws/install/control_msgs/lib/libcontrol_msgs__rosidl_typesupport_fastrtps_cpp.so
[1.999s] -- Symlinking: /home/legacy/trr_robot_ws/install/control_msgs/include/control_msgs/action/detail/follow_joint_trajectory__rosidl_typesupport_introspection_c.h
[2.007s] -- Symlinking: /home/legacy/trr_robot_ws/install/control_msgs/include/control_msgs/action/detail/gripper_command__rosidl_typesupport_introspection_c.h
[2.016s] -- Symlinking: /home/legacy/trr_robot_ws/install/control_msgs/include/control_msgs/action/detail/joint_trajectory__rosidl_typesupport_introspection_c.h
[2.024s] -- Symlinking: /home/legacy/trr_robot_ws/install/control_msgs/include/control_msgs/action/detail/point_head__rosidl_typesupport_introspection_c.h
[2.033s] -- Symlinking: /home/legacy/trr_robot_ws/install/control_msgs/include/control_msgs/action/detail/single_joint_position__rosidl_typesupport_introspection_c.h
[2.042s] -- Symlinking: /home/legacy/trr_robot_ws/install/control_msgs/include/control_msgs/msg/detail/dynamic_joint_state__rosidl_typesupport_introspection_c.h
[2.050s] -- Symlinking: /home/legacy/trr_robot_ws/install/control_msgs/include/control_msgs/msg/detail/gripper_command__rosidl_typesupport_introspection_c.h
[2.058s] -- Symlinking: /home/legacy/trr_robot_ws/install/control_msgs/include/control_msgs/msg/detail/interface_value__rosidl_typesupport_introspection_c.h
[2.067s] -- Symlinking: /home/legacy/trr_robot_ws/install/control_msgs/include/control_msgs/msg/detail/joint_component_tolerance__rosidl_typesupport_introspection_c.h
[2.076s] -- Symlinking: /home/legacy/trr_robot_ws/install/control_msgs/include/control_msgs/msg/detail/joint_controller_state__rosidl_typesupport_introspection_c.h
[2.084s] -- Symlinking: /home/legacy/trr_robot_ws/install/control_msgs/include/control_msgs/msg/detail/joint_jog__rosidl_typesupport_introspection_c.h
[2.092s] -- Symlinking: /home/legacy/trr_robot_ws/install/control_msgs/include/control_msgs/msg/detail/joint_tolerance__rosidl_typesupport_introspection_c.h
[2.100s] -- Symlinking: /home/legacy/trr_robot_ws/install/control_msgs/include/control_msgs/msg/detail/joint_trajectory_controller_state__rosidl_typesupport_introspection_c.h
[2.108s] -- Symlinking: /home/legacy/trr_robot_ws/install/control_msgs/include/control_msgs/msg/detail/pid_state__rosidl_typesupport_introspection_c.h
[2.117s] -- Symlinking: /home/legacy/trr_robot_ws/install/control_msgs/include/control_msgs/msg/rosidl_typesupport_introspection_c__visibility_control.h
[2.125s] -- Symlinking: /home/legacy/trr_robot_ws/install/control_msgs/include/control_msgs/srv/detail/query_calibration_state__rosidl_typesupport_introspection_c.h
[2.134s] -- Symlinking: /home/legacy/trr_robot_ws/install/control_msgs/include/control_msgs/srv/detail/query_trajectory_state__rosidl_typesupport_introspection_c.h
[2.143s] -- Symlinking: /home/legacy/trr_robot_ws/install/control_msgs/include/control_msgs/action/detail/follow_joint_trajectory__builder.hpp
[2.151s] -- Symlinking: /home/legacy/trr_robot_ws/install/control_msgs/include/control_msgs/action/detail/follow_joint_trajectory__struct.hpp
[2.160s] -- Symlinking: /home/legacy/trr_robot_ws/install/control_msgs/include/control_msgs/action/detail/follow_joint_trajectory__traits.hpp
[2.168s] -- Symlinking: /home/legacy/trr_robot_ws/install/control_msgs/include/control_msgs/action/detail/gripper_command__builder.hpp
[2.177s] -- Symlinking: /home/legacy/trr_robot_ws/install/control_msgs/include/control_msgs/action/detail/gripper_command__struct.hpp
[2.185s] -- Symlinking: /home/legacy/trr_robot_ws/install/control_msgs/include/control_msgs/action/detail/gripper_command__traits.hpp
[2.193s] -- Symlinking: /home/legacy/trr_robot_ws/install/control_msgs/include/control_msgs/action/detail/joint_trajectory__builder.hpp
[2.201s] -- Symlinking: /home/legacy/trr_robot_ws/install/control_msgs/include/control_msgs/action/detail/joint_trajectory__struct.hpp
[2.210s] -- Symlinking: /home/legacy/trr_robot_ws/install/control_msgs/include/control_msgs/action/detail/joint_trajectory__traits.hpp
[2.218s] -- Symlinking: /home/legacy/trr_robot_ws/install/control_msgs/include/control_msgs/action/detail/point_head__builder.hpp
[2.227s] -- Symlinking: /home/legacy/trr_robot_ws/install/control_msgs/include/control_msgs/action/detail/point_head__struct.hpp
[2.236s] -- Symlinking: /home/legacy/trr_robot_ws/install/control_msgs/include/control_msgs/action/detail/point_head__traits.hpp
[2.245s] -- Symlinking: /home/legacy/trr_robot_ws/install/control_msgs/include/control_msgs/action/detail/single_joint_position__builder.hpp
[2.254s] -- Symlinking: /home/legacy/trr_robot_ws/install/control_msgs/include/control_msgs/action/detail/single_joint_position__struct.hpp
[2.263s] -- Symlinking: /home/legacy/trr_robot_ws/install/control_msgs/include/control_msgs/action/detail/single_joint_position__traits.hpp
[2.271s] -- Symlinking: /home/legacy/trr_robot_ws/install/control_msgs/include/control_msgs/action/follow_joint_trajectory.hpp
[2.280s] -- Symlinking: /home/legacy/trr_robot_ws/install/control_msgs/include/control_msgs/action/gripper_command.hpp
[2.288s] -- Symlinking: /home/legacy/trr_robot_ws/install/control_msgs/include/control_msgs/action/joint_trajectory.hpp
[2.296s] -- Symlinking: /home/legacy/trr_robot_ws/install/control_msgs/include/control_msgs/action/point_head.hpp
[2.305s] -- Symlinking: /home/legacy/trr_robot_ws/install/control_msgs/include/control_msgs/action/single_joint_position.hpp
[2.314s] -- Symlinking: /home/legacy/trr_robot_ws/install/control_msgs/include/control_msgs/msg/detail/dynamic_joint_state__builder.hpp
[2.322s] -- Symlinking: /home/legacy/trr_robot_ws/install/control_msgs/include/control_msgs/msg/detail/dynamic_joint_state__struct.hpp
[2.330s] -- Symlinking: /home/legacy/trr_robot_ws/install/control_msgs/include/control_msgs/msg/detail/dynamic_joint_state__traits.hpp
[2.339s] -- Symlinking: /home/legacy/trr_robot_ws/install/control_msgs/include/control_msgs/msg/detail/gripper_command__builder.hpp
[2.348s] -- Symlinking: /home/legacy/trr_robot_ws/install/control_msgs/include/control_msgs/msg/detail/gripper_command__struct.hpp
[2.356s] -- Symlinking: /home/legacy/trr_robot_ws/install/control_msgs/include/control_msgs/msg/detail/gripper_command__traits.hpp
[2.364s] -- Symlinking: /home/legacy/trr_robot_ws/install/control_msgs/include/control_msgs/msg/detail/interface_value__builder.hpp
[2.373s] -- Symlinking: /home/legacy/trr_robot_ws/install/control_msgs/include/control_msgs/msg/detail/interface_value__struct.hpp
[2.382s] -- Symlinking: /home/legacy/trr_robot_ws/install/control_msgs/include/control_msgs/msg/detail/interface_value__traits.hpp
[2.392s] -- Symlinking: /home/legacy/trr_robot_ws/install/control_msgs/include/control_msgs/msg/detail/joint_component_tolerance__builder.hpp
[2.400s] -- Symlinking: /home/legacy/trr_robot_ws/install/control_msgs/include/control_msgs/msg/detail/joint_component_tolerance__struct.hpp
[2.410s] -- Symlinking: /home/legacy/trr_robot_ws/install/control_msgs/include/control_msgs/msg/detail/joint_component_tolerance__traits.hpp
[2.419s] -- Symlinking: /home/legacy/trr_robot_ws/install/control_msgs/include/control_msgs/msg/detail/joint_controller_state__builder.hpp
[2.428s] -- Symlinking: /home/legacy/trr_robot_ws/install/control_msgs/include/control_msgs/msg/detail/joint_controller_state__struct.hpp
[2.437s] -- Symlinking: /home/legacy/trr_robot_ws/install/control_msgs/include/control_msgs/msg/detail/joint_controller_state__traits.hpp
[2.446s] -- Symlinking: /home/legacy/trr_robot_ws/install/control_msgs/include/control_msgs/msg/detail/joint_jog__builder.hpp
[2.455s] -- Symlinking: /home/legacy/trr_robot_ws/install/control_msgs/include/control_msgs/msg/detail/joint_jog__struct.hpp
[2.464s] -- Symlinking: /home/legacy/trr_robot_ws/install/control_msgs/include/control_msgs/msg/detail/joint_jog__traits.hpp
[2.473s] -- Symlinking: /home/legacy/trr_robot_ws/install/control_msgs/include/control_msgs/msg/detail/joint_tolerance__builder.hpp
[2.481s] -- Symlinking: /home/legacy/trr_robot_ws/install/control_msgs/include/control_msgs/msg/detail/joint_tolerance__struct.hpp
[2.490s] -- Symlinking: /home/legacy/trr_robot_ws/install/control_msgs/include/control_msgs/msg/detail/joint_tolerance__traits.hpp
[2.498s] -- Symlinking: /home/legacy/trr_robot_ws/install/control_msgs/include/control_msgs/msg/detail/joint_trajectory_controller_state__builder.hpp
[2.506s] -- Symlinking: /home/legacy/trr_robot_ws/install/control_msgs/include/control_msgs/msg/detail/joint_trajectory_controller_state__struct.hpp
[2.515s] -- Symlinking: /home/legacy/trr_robot_ws/install/control_msgs/include/control_msgs/msg/detail/joint_trajectory_controller_state__traits.hpp
[2.523s] -- Symlinking: /home/legacy/trr_robot_ws/install/control_msgs/include/control_msgs/msg/detail/pid_state__builder.hpp
[2.532s] -- Symlinking: /home/legacy/trr_robot_ws/install/control_msgs/include/control_msgs/msg/detail/pid_state__struct.hpp
[2.540s] -- Symlinking: /home/legacy/trr_robot_ws/install/control_msgs/include/control_msgs/msg/detail/pid_state__traits.hpp
[2.548s] -- Symlinking: /home/legacy/trr_robot_ws/install/control_msgs/include/control_msgs/msg/dynamic_joint_state.hpp
[2.557s] -- Symlinking: /home/legacy/trr_robot_ws/install/control_msgs/include/control_msgs/msg/gripper_command.hpp
[2.566s] -- Symlinking: /home/legacy/trr_robot_ws/install/control_msgs/include/control_msgs/msg/interface_value.hpp
[2.574s] -- Symlinking: /home/legacy/trr_robot_ws/install/control_msgs/include/control_msgs/msg/joint_component_tolerance.hpp
[2.582s] -- Symlinking: /home/legacy/trr_robot_ws/install/control_msgs/include/control_msgs/msg/joint_controller_state.hpp
[2.590s] -- Symlinking: /home/legacy/trr_robot_ws/install/control_msgs/include/control_msgs/msg/joint_jog.hpp
[2.599s] -- Symlinking: /home/legacy/trr_robot_ws/install/control_msgs/include/control_msgs/msg/joint_tolerance.hpp
[2.607s] -- Symlinking: /home/legacy/trr_robot_ws/install/control_msgs/include/control_msgs/msg/joint_trajectory_controller_state.hpp
[2.616s] -- Symlinking: /home/legacy/trr_robot_ws/install/control_msgs/include/control_msgs/msg/pid_state.hpp
[2.625s] -- Symlinking: /home/legacy/trr_robot_ws/install/control_msgs/include/control_msgs/srv/detail/query_calibration_state__builder.hpp
[2.633s] -- Symlinking: /home/legacy/trr_robot_ws/install/control_msgs/include/control_msgs/srv/detail/query_calibration_state__struct.hpp
[2.642s] -- Symlinking: /home/legacy/trr_robot_ws/install/control_msgs/include/control_msgs/srv/detail/query_calibration_state__traits.hpp
[2.650s] -- Symlinking: /home/legacy/trr_robot_ws/install/control_msgs/include/control_msgs/srv/detail/query_trajectory_state__builder.hpp
[2.658s] -- Symlinking: /home/legacy/trr_robot_ws/install/control_msgs/include/control_msgs/srv/detail/query_trajectory_state__struct.hpp
[2.667s] -- Symlinking: /home/legacy/trr_robot_ws/install/control_msgs/include/control_msgs/srv/detail/query_trajectory_state__traits.hpp
[2.675s] -- Symlinking: /home/legacy/trr_robot_ws/install/control_msgs/include/control_msgs/srv/query_calibration_state.hpp
[2.684s] -- Symlinking: /home/legacy/trr_robot_ws/install/control_msgs/include/control_msgs/srv/query_trajectory_state.hpp
[2.692s] -- Symlinking: /home/legacy/trr_robot_ws/install/control_msgs/include/control_msgs/action/detail/follow_joint_trajectory__rosidl_typesupport_introspection_cpp.hpp
[2.700s] -- Symlinking: /home/legacy/trr_robot_ws/install/control_msgs/include/control_msgs/action/detail/gripper_command__rosidl_typesupport_introspection_cpp.hpp
[2.709s] -- Symlinking: /home/legacy/trr_robot_ws/install/control_msgs/include/control_msgs/action/detail/joint_trajectory__rosidl_typesupport_introspection_cpp.hpp
[2.717s] -- Symlinking: /home/legacy/trr_robot_ws/install/control_msgs/include/control_msgs/action/detail/point_head__rosidl_typesupport_introspection_cpp.hpp
[2.726s] -- Symlinking: /home/legacy/trr_robot_ws/install/control_msgs/include/control_msgs/action/detail/single_joint_position__rosidl_typesupport_introspection_cpp.hpp
[2.735s] -- Symlinking: /home/legacy/trr_robot_ws/install/control_msgs/include/control_msgs/msg/detail/dynamic_joint_state__rosidl_typesupport_introspection_cpp.hpp
[2.744s] -- Symlinking: /home/legacy/trr_robot_ws/install/control_msgs/include/control_msgs/msg/detail/gripper_command__rosidl_typesupport_introspection_cpp.hpp
[2.753s] -- Symlinking: /home/legacy/trr_robot_ws/install/control_msgs/include/control_msgs/msg/detail/interface_value__rosidl_typesupport_introspection_cpp.hpp
[2.762s] -- Symlinking: /home/legacy/trr_robot_ws/install/control_msgs/include/control_msgs/msg/detail/joint_component_tolerance__rosidl_typesupport_introspection_cpp.hpp
[2.770s] -- Symlinking: /home/legacy/trr_robot_ws/install/control_msgs/include/control_msgs/msg/detail/joint_controller_state__rosidl_typesupport_introspection_cpp.hpp
[2.778s] -- Symlinking: /home/legacy/trr_robot_ws/install/control_msgs/include/control_msgs/msg/detail/joint_jog__rosidl_typesupport_introspection_cpp.hpp
[2.786s] -- Symlinking: /home/legacy/trr_robot_ws/install/control_msgs/include/control_msgs/msg/detail/joint_tolerance__rosidl_typesupport_introspection_cpp.hpp
[2.794s] -- Symlinking: /home/legacy/trr_robot_ws/install/control_msgs/include/control_msgs/msg/detail/joint_trajectory_controller_state__rosidl_typesupport_introspection_cpp.hpp
[2.803s] -- Symlinking: /home/legacy/trr_robot_ws/install/control_msgs/include/control_msgs/msg/detail/pid_state__rosidl_typesupport_introspection_cpp.hpp
[2.811s] -- Symlinking: /home/legacy/trr_robot_ws/install/control_msgs/include/control_msgs/srv/detail/query_calibration_state__rosidl_typesupport_introspection_cpp.hpp
[2.820s] -- Symlinking: /home/legacy/trr_robot_ws/install/control_msgs/include/control_msgs/srv/detail/query_trajectory_state__rosidl_typesupport_introspection_cpp.hpp
[2.828s] -- Symlinking: /home/legacy/trr_robot_ws/install/control_msgs/share/control_msgs/environment/pythonpath.sh
[2.837s] -- Symlinking: /home/legacy/trr_robot_ws/install/control_msgs/share/control_msgs/environment/pythonpath.dsv
[2.845s] -- Symlinking: /home/legacy/trr_robot_ws/install/control_msgs/lib/python3.8/site-packages/control_msgs/__init__.py
[2.854s] -- Symlinking: /home/legacy/trr_robot_ws/install/control_msgs/lib/python3.8/site-packages/control_msgs/msg/__init__.py
[2.863s] -- Symlinking: /home/legacy/trr_robot_ws/install/control_msgs/lib/python3.8/site-packages/control_msgs/msg/_dynamic_joint_state.py
[2.872s] -- Symlinking: /home/legacy/trr_robot_ws/install/control_msgs/lib/python3.8/site-packages/control_msgs/msg/_gripper_command.py
[2.881s] -- Symlinking: /home/legacy/trr_robot_ws/install/control_msgs/lib/python3.8/site-packages/control_msgs/msg/_interface_value.py
[2.889s] -- Symlinking: /home/legacy/trr_robot_ws/install/control_msgs/lib/python3.8/site-packages/control_msgs/msg/_joint_component_tolerance.py
[2.898s] -- Symlinking: /home/legacy/trr_robot_ws/install/control_msgs/lib/python3.8/site-packages/control_msgs/msg/_joint_controller_state.py
[2.906s] -- Symlinking: /home/legacy/trr_robot_ws/install/control_msgs/lib/python3.8/site-packages/control_msgs/msg/_joint_jog.py
[2.915s] -- Symlinking: /home/legacy/trr_robot_ws/install/control_msgs/lib/python3.8/site-packages/control_msgs/msg/_joint_tolerance.py
[2.924s] -- Symlinking: /home/legacy/trr_robot_ws/install/control_msgs/lib/python3.8/site-packages/control_msgs/msg/_joint_trajectory_controller_state.py
[2.933s] -- Symlinking: /home/legacy/trr_robot_ws/install/control_msgs/lib/python3.8/site-packages/control_msgs/msg/_pid_state.py
[2.942s] -- Symlinking: /home/legacy/trr_robot_ws/install/control_msgs/lib/python3.8/site-packages/control_msgs/srv/__init__.py
[2.951s] -- Symlinking: /home/legacy/trr_robot_ws/install/control_msgs/lib/python3.8/site-packages/control_msgs/srv/_query_calibration_state.py
[2.959s] -- Symlinking: /home/legacy/trr_robot_ws/install/control_msgs/lib/python3.8/site-packages/control_msgs/srv/_query_trajectory_state.py
[2.969s] -- Symlinking: /home/legacy/trr_robot_ws/install/control_msgs/lib/python3.8/site-packages/control_msgs/action/__init__.py
[2.977s] -- Symlinking: /home/legacy/trr_robot_ws/install/control_msgs/lib/python3.8/site-packages/control_msgs/action/_follow_joint_trajectory.py
[2.986s] -- Symlinking: /home/legacy/trr_robot_ws/install/control_msgs/lib/python3.8/site-packages/control_msgs/action/_gripper_command.py
[2.994s] -- Symlinking: /home/legacy/trr_robot_ws/install/control_msgs/lib/python3.8/site-packages/control_msgs/action/_joint_trajectory.py
[3.003s] -- Symlinking: /home/legacy/trr_robot_ws/install/control_msgs/lib/python3.8/site-packages/control_msgs/action/_point_head.py
[3.012s] -- Symlinking: /home/legacy/trr_robot_ws/install/control_msgs/lib/python3.8/site-packages/control_msgs/action/_single_joint_position.py
[3.021s] -- Symlinking: /home/legacy/trr_robot_ws/install/control_msgs/lib/python3.8/site-packages/control_msgs/control_msgs_s__rosidl_typesupport_fastrtps_c.cpython-38-x86_64-linux-gnu.so
[3.030s] -- Symlinking: /home/legacy/trr_robot_ws/install/control_msgs/lib/python3.8/site-packages/control_msgs/control_msgs_s__rosidl_typesupport_introspection_c.cpython-38-x86_64-linux-gnu.so
[3.039s] -- Symlinking: /home/legacy/trr_robot_ws/install/control_msgs/lib/python3.8/site-packages/control_msgs/control_msgs_s__rosidl_typesupport_c.cpython-38-x86_64-linux-gnu.so
[3.048s] -- Symlinking: /home/legacy/trr_robot_ws/install/control_msgs/lib/libcontrol_msgs__python.so
[3.057s] -- Symlinking: /home/legacy/trr_robot_ws/install/control_msgs/share/control_msgs/msg/DynamicJointState.idl
[3.066s] -- Symlinking: /home/legacy/trr_robot_ws/install/control_msgs/share/control_msgs/msg/GripperCommand.idl
[3.075s] -- Symlinking: /home/legacy/trr_robot_ws/install/control_msgs/share/control_msgs/msg/InterfaceValue.idl
[3.084s] -- Symlinking: /home/legacy/trr_robot_ws/install/control_msgs/share/control_msgs/msg/JointComponentTolerance.idl
[3.093s] -- Symlinking: /home/legacy/trr_robot_ws/install/control_msgs/share/control_msgs/msg/JointControllerState.idl
[3.102s] -- Symlinking: /home/legacy/trr_robot_ws/install/control_msgs/share/control_msgs/msg/JointJog.idl
[3.110s] -- Symlinking: /home/legacy/trr_robot_ws/install/control_msgs/share/control_msgs/msg/JointTolerance.idl
[3.119s] -- Symlinking: /home/legacy/trr_robot_ws/install/control_msgs/share/control_msgs/msg/JointTrajectoryControllerState.idl
[3.127s] -- Symlinking: /home/legacy/trr_robot_ws/install/control_msgs/share/control_msgs/msg/PidState.idl
[3.136s] -- Symlinking: /home/legacy/trr_robot_ws/install/control_msgs/share/control_msgs/srv/QueryCalibrationState.idl
[3.145s] -- Symlinking: /home/legacy/trr_robot_ws/install/control_msgs/share/control_msgs/srv/QueryTrajectoryState.idl
[3.153s] -- Symlinking: /home/legacy/trr_robot_ws/install/control_msgs/share/control_msgs/action/FollowJointTrajectory.idl
[3.162s] -- Symlinking: /home/legacy/trr_robot_ws/install/control_msgs/share/control_msgs/action/GripperCommand.idl
[3.170s] -- Symlinking: /home/legacy/trr_robot_ws/install/control_msgs/share/control_msgs/action/JointTrajectory.idl
[3.178s] -- Symlinking: /home/legacy/trr_robot_ws/install/control_msgs/share/control_msgs/action/PointHead.idl
[3.186s] -- Symlinking: /home/legacy/trr_robot_ws/install/control_msgs/share/control_msgs/action/SingleJointPosition.idl
[3.195s] -- Symlinking: /home/legacy/trr_robot_ws/install/control_msgs/share/control_msgs/msg/DynamicJointState.msg
[3.205s] -- Symlinking: /home/legacy/trr_robot_ws/install/control_msgs/share/control_msgs/msg/GripperCommand.msg
[3.215s] -- Symlinking: /home/legacy/trr_robot_ws/install/control_msgs/share/control_msgs/msg/InterfaceValue.msg
[3.224s] -- Symlinking: /home/legacy/trr_robot_ws/install/control_msgs/share/control_msgs/msg/JointComponentTolerance.msg
[3.234s] -- Symlinking: /home/legacy/trr_robot_ws/install/control_msgs/share/control_msgs/msg/JointControllerState.msg
[3.243s] -- Symlinking: /home/legacy/trr_robot_ws/install/control_msgs/share/control_msgs/msg/JointJog.msg
[3.252s] -- Symlinking: /home/legacy/trr_robot_ws/install/control_msgs/share/control_msgs/msg/JointTolerance.msg
[3.262s] -- Symlinking: /home/legacy/trr_robot_ws/install/control_msgs/share/control_msgs/msg/JointTrajectoryControllerState.msg
[3.271s] -- Symlinking: /home/legacy/trr_robot_ws/install/control_msgs/share/control_msgs/msg/PidState.msg
[3.279s] -- Symlinking: /home/legacy/trr_robot_ws/install/control_msgs/share/control_msgs/srv/QueryCalibrationState.srv
[3.287s] -- Symlinking: /home/legacy/trr_robot_ws/install/control_msgs/share/control_msgs/srv/QueryCalibrationState_Request.msg
[3.296s] -- Symlinking: /home/legacy/trr_robot_ws/install/control_msgs/share/control_msgs/srv/QueryCalibrationState_Response.msg
[3.304s] -- Symlinking: /home/legacy/trr_robot_ws/install/control_msgs/share/control_msgs/srv/QueryTrajectoryState.srv
[3.313s] -- Symlinking: /home/legacy/trr_robot_ws/install/control_msgs/share/control_msgs/srv/QueryTrajectoryState_Request.msg
[3.322s] -- Symlinking: /home/legacy/trr_robot_ws/install/control_msgs/share/control_msgs/srv/QueryTrajectoryState_Response.msg
[3.331s] -- Symlinking: /home/legacy/trr_robot_ws/install/control_msgs/share/control_msgs/action/FollowJointTrajectory.action
[3.339s] -- Symlinking: /home/legacy/trr_robot_ws/install/control_msgs/share/control_msgs/action/GripperCommand.action
[3.348s] -- Symlinking: /home/legacy/trr_robot_ws/install/control_msgs/share/control_msgs/action/JointTrajectory.action
[3.357s] -- Symlinking: /home/legacy/trr_robot_ws/install/control_msgs/share/control_msgs/action/PointHead.action
[3.367s] -- Symlinking: /home/legacy/trr_robot_ws/install/control_msgs/share/control_msgs/action/SingleJointPosition.action
[3.376s] -- Symlinking: /home/legacy/trr_robot_ws/install/control_msgs/share/ament_index/resource_index/package_run_dependencies/control_msgs
[3.385s] -- Symlinking: /home/legacy/trr_robot_ws/install/control_msgs/share/ament_index/resource_index/parent_prefix_path/control_msgs
[3.394s] -- Symlinking: /home/legacy/trr_robot_ws/install/control_msgs/share/control_msgs/environment/ament_prefix_path.sh
[3.403s] -- Symlinking: /home/legacy/trr_robot_ws/install/control_msgs/share/control_msgs/environment/ament_prefix_path.dsv
[3.411s] -- Symlinking: /home/legacy/trr_robot_ws/install/control_msgs/share/control_msgs/environment/path.sh
[3.421s] -- Symlinking: /home/legacy/trr_robot_ws/install/control_msgs/share/control_msgs/environment/path.dsv
[3.431s] -- Symlinking: /home/legacy/trr_robot_ws/install/control_msgs/share/control_msgs/local_setup.bash
[3.439s] -- Symlinking: /home/legacy/trr_robot_ws/install/control_msgs/share/control_msgs/local_setup.sh
[3.448s] -- Symlinking: /home/legacy/trr_robot_ws/install/control_msgs/share/control_msgs/local_setup.zsh
[3.457s] -- Symlinking: /home/legacy/trr_robot_ws/install/control_msgs/share/control_msgs/local_setup.dsv
[3.465s] -- Symlinking: /home/legacy/trr_robot_ws/install/control_msgs/share/control_msgs/package.dsv
[3.474s] -- Symlinking: /home/legacy/trr_robot_ws/install/control_msgs/share/ament_index/resource_index/packages/control_msgs
[3.482s] -- Symlinking: /home/legacy/trr_robot_ws/install/control_msgs/share/control_msgs/cmake/rosidl_cmake-extras.cmake
[3.491s] -- Symlinking: /home/legacy/trr_robot_ws/install/control_msgs/share/control_msgs/cmake/ament_cmake_export_dependencies-extras.cmake
[3.500s] -- Symlinking: /home/legacy/trr_robot_ws/install/control_msgs/share/control_msgs/cmake/ament_cmake_export_libraries-extras.cmake
[3.508s] -- Symlinking: /home/legacy/trr_robot_ws/install/control_msgs/share/control_msgs/cmake/ament_cmake_export_targets-extras.cmake
[3.516s] -- Symlinking: /home/legacy/trr_robot_ws/install/control_msgs/share/control_msgs/cmake/ament_cmake_export_include_directories-extras.cmake
[3.526s] -- Symlinking: /home/legacy/trr_robot_ws/install/control_msgs/share/control_msgs/cmake/rosidl_cmake_export_typesupport_libraries-extras.cmake
[3.535s] -- Symlinking: /home/legacy/trr_robot_ws/install/control_msgs/share/control_msgs/cmake/rosidl_cmake_export_typesupport_targets-extras.cmake
[3.544s] -- Symlinking: /home/legacy/trr_robot_ws/install/control_msgs/share/control_msgs/cmake/control_msgsConfig.cmake
[3.553s] -- Symlinking: /home/legacy/trr_robot_ws/install/control_msgs/share/control_msgs/cmake/control_msgsConfig-version.cmake
[3.561s] -- Symlinking: /home/legacy/trr_robot_ws/install/control_msgs/share/control_msgs/package.xml
[3.570s] -- Installing: /home/legacy/trr_robot_ws/install/control_msgs/lib/libcontrol_msgs__rosidl_generator_c.so
[3.570s] -- Set runtime path of "/home/legacy/trr_robot_ws/install/control_msgs/lib/libcontrol_msgs__rosidl_generator_c.so" to ""
[3.570s] -- Installing: /home/legacy/trr_robot_ws/install/control_msgs/lib/libcontrol_msgs__rosidl_typesupport_introspection_c.so
[3.571s] -- Set runtime path of "/home/legacy/trr_robot_ws/install/control_msgs/lib/libcontrol_msgs__rosidl_typesupport_introspection_c.so" to ""
[3.571s] -- Installing: /home/legacy/trr_robot_ws/install/control_msgs/lib/libcontrol_msgs__rosidl_typesupport_c.so
[3.571s] -- Set runtime path of "/home/legacy/trr_robot_ws/install/control_msgs/lib/libcontrol_msgs__rosidl_typesupport_c.so" to ""
[3.572s] -- Installing: /home/legacy/trr_robot_ws/install/control_msgs/lib/libcontrol_msgs__rosidl_typesupport_introspection_cpp.so
[3.572s] -- Set runtime path of "/home/legacy/trr_robot_ws/install/control_msgs/lib/libcontrol_msgs__rosidl_typesupport_introspection_cpp.so" to ""
[3.572s] -- Installing: /home/legacy/trr_robot_ws/install/control_msgs/lib/libcontrol_msgs__rosidl_typesupport_cpp.so
[3.573s] -- Set runtime path of "/home/legacy/trr_robot_ws/install/control_msgs/lib/libcontrol_msgs__rosidl_typesupport_cpp.so" to ""
[3.605s] Compiling '/home/legacy/trr_robot_ws/install/control_msgs/lib/python3.8/site-packages/control_msgs/__init__.py'...
[3.608s] -- Installing: /home/legacy/trr_robot_ws/install/control_msgs/share/control_msgs/cmake/control_msgs__rosidl_generator_cExport.cmake
[3.608s] -- Installing: /home/legacy/trr_robot_ws/install/control_msgs/share/control_msgs/cmake/control_msgs__rosidl_generator_cExport-noconfig.cmake
[3.609s] -- Installing: /home/legacy/trr_robot_ws/install/control_msgs/share/control_msgs/cmake/control_msgs__rosidl_typesupport_introspection_cExport.cmake
[3.609s] -- Installing: /home/legacy/trr_robot_ws/install/control_msgs/share/control_msgs/cmake/control_msgs__rosidl_typesupport_introspection_cExport-noconfig.cmake
[3.609s] -- Installing: /home/legacy/trr_robot_ws/install/control_msgs/share/control_msgs/cmake/control_msgs__rosidl_typesupport_cExport.cmake
[3.609s] -- Installing: /home/legacy/trr_robot_ws/install/control_msgs/share/control_msgs/cmake/control_msgs__rosidl_typesupport_cExport-noconfig.cmake
[3.609s] -- Installing: /home/legacy/trr_robot_ws/install/control_msgs/share/control_msgs/cmake/control_msgs__rosidl_generator_cppExport.cmake
[3.609s] -- Installing: /home/legacy/trr_robot_ws/install/control_msgs/share/control_msgs/cmake/control_msgs__rosidl_typesupport_introspection_cppExport.cmake
[3.609s] -- Installing: /home/legacy/trr_robot_ws/install/control_msgs/share/control_msgs/cmake/control_msgs__rosidl_typesupport_introspection_cppExport-noconfig.cmake
[3.610s] -- Installing: /home/legacy/trr_robot_ws/install/control_msgs/share/control_msgs/cmake/control_msgs__rosidl_typesupport_cppExport.cmake
[3.610s] -- Installing: /home/legacy/trr_robot_ws/install/control_msgs/share/control_msgs/cmake/control_msgs__rosidl_typesupport_cppExport-noconfig.cmake
[3.613s] Invoked command in '/home/legacy/trr_robot_ws/build/control_msgs' returned '0': CMAKE_PREFIX_PATH=${CMAKE_PREFIX_PATH}:/home/legacy/trr_robot_ws/install/ros2controlcli:/home/legacy/trr_robot_ws/install/ros2_control_test_nodes:/home/legacy/trr_robot_ws/install/robot:/opt/ros/foxy /usr/bin/cmake --install /home/legacy/trr_robot_ws/build/control_msgs
