[0.275s] Invoking command in '/home/legacy/trr_robot_ws/build/robot': PYTHONPATH=/home/legacy/trr_robot_ws/install/robot/lib/python3.8/site-packages:${PYTHONPATH} /usr/bin/python3 setup.py develop --prefix /home/legacy/trr_robot_ws/install/robot --uninstall --editable --build-directory /home/legacy/trr_robot_ws/build/robot/build
[0.558s] running develop
[0.748s] Invoked command in '/home/legacy/trr_robot_ws/build/robot' returned '0': PYTHONPATH=/home/legacy/trr_robot_ws/install/robot/lib/python3.8/site-packages:${PYTHONPATH} /usr/bin/python3 setup.py develop --prefix /home/legacy/trr_robot_ws/install/robot --uninstall --editable --build-directory /home/legacy/trr_robot_ws/build/robot/build
[0.748s] Invoking command in '/home/legacy/trr_robot_ws/src/robot': PYTHONPATH=/home/legacy/trr_robot_ws/install/robot/lib/python3.8/site-packages:${PYTHONPATH} /usr/bin/python3 setup.py egg_info --egg-base ../../build/robot build --build-base /home/legacy/trr_robot_ws/build/robot/build install --prefix /home/legacy/trr_robot_ws/install/robot --record /home/legacy/trr_robot_ws/build/robot/install.log --single-version-externally-managed
[1.026s] running egg_info
[1.027s] writing ../../build/robot/robot.egg-info/PKG-INFO
[1.027s] writing dependency_links to ../../build/robot/robot.egg-info/dependency_links.txt
[1.027s] writing entry points to ../../build/robot/robot.egg-info/entry_points.txt
[1.027s] writing requirements to ../../build/robot/robot.egg-info/requires.txt
[1.027s] writing top-level names to ../../build/robot/robot.egg-info/top_level.txt
[1.073s] reading manifest file '../../build/robot/robot.egg-info/SOURCES.txt'
[1.074s] writing manifest file '../../build/robot/robot.egg-info/SOURCES.txt'
[1.074s] running build
[1.074s] running build_py
[1.074s] running install
[1.075s] running install_lib
[1.077s] running install_data
[1.078s] running install_egg_info
[1.080s] removing '/home/legacy/trr_robot_ws/install/robot/lib/python3.8/site-packages/robot-0.0.0-py3.8.egg-info' (and everything under it)
[1.080s] Copying ../../build/robot/robot.egg-info to /home/legacy/trr_robot_ws/install/robot/lib/python3.8/site-packages/robot-0.0.0-py3.8.egg-info
[1.082s] running install_scripts
[1.103s] Installing move_joints_gazebo script to /home/legacy/trr_robot_ws/install/robot/lib/robot
[1.103s] Installing state_publisher script to /home/legacy/trr_robot_ws/install/robot/lib/robot
[1.103s] writing list of installed files to '/home/legacy/trr_robot_ws/build/robot/install.log'
[1.129s] Invoked command in '/home/legacy/trr_robot_ws/src/robot' returned '0': PYTHONPATH=/home/legacy/trr_robot_ws/install/robot/lib/python3.8/site-packages:${PYTHONPATH} /usr/bin/python3 setup.py egg_info --egg-base ../../build/robot build --build-base /home/legacy/trr_robot_ws/build/robot/build install --prefix /home/legacy/trr_robot_ws/install/robot --record /home/legacy/trr_robot_ws/build/robot/install.log --single-version-externally-managed
