[0.047s] Invoking command in '/home/legacy/trr_robot_ws/build/angles': CMAKE_PREFIX_PATH=${CMAKE_PREFIX_PATH}:/home/legacy/trr_robot_ws/install/ros2controlcli:/home/legacy/trr_robot_ws/install/ros2_control_test_nodes:/home/legacy/trr_robot_ws/install/robot:/opt/ros/foxy /usr/bin/cmake --build /home/legacy/trr_robot_ws/build/angles -- -j8 -l8
[0.483s] Invoked command in '/home/legacy/trr_robot_ws/build/angles' returned '0': CMAKE_PREFIX_PATH=${CMAKE_PREFIX_PATH}:/home/legacy/trr_robot_ws/install/ros2controlcli:/home/legacy/trr_robot_ws/install/ros2_control_test_nodes:/home/legacy/trr_robot_ws/install/robot:/opt/ros/foxy /usr/bin/cmake --build /home/legacy/trr_robot_ws/build/angles -- -j8 -l8
[0.543s] Invoking command in '/home/legacy/trr_robot_ws/build/angles': CMAKE_PREFIX_PATH=${CMAKE_PREFIX_PATH}:/home/legacy/trr_robot_ws/install/ros2controlcli:/home/legacy/trr_robot_ws/install/ros2_control_test_nodes:/home/legacy/trr_robot_ws/install/robot:/opt/ros/foxy /usr/bin/cmake --install /home/legacy/trr_robot_ws/build/angles
[0.557s] -- Install configuration: ""
[0.558s] -- Execute custom install script
[0.558s] -- Up-to-date symlink: /home/legacy/trr_robot_ws/install/angles/share/ament_index/resource_index/package_run_dependencies/angles
[0.559s] -- Up-to-date symlink: /home/legacy/trr_robot_ws/install/angles/share/ament_index/resource_index/parent_prefix_path/angles
[0.559s] -- Up-to-date symlink: /home/legacy/trr_robot_ws/install/angles/share/angles/environment/ament_prefix_path.sh
[0.560s] -- Up-to-date symlink: /home/legacy/trr_robot_ws/install/angles/share/angles/environment/ament_prefix_path.dsv
[0.560s] -- Up-to-date symlink: /home/legacy/trr_robot_ws/install/angles/share/angles/environment/path.sh
[0.561s] -- Up-to-date symlink: /home/legacy/trr_robot_ws/install/angles/share/angles/environment/path.dsv
[0.563s] -- Up-to-date symlink: /home/legacy/trr_robot_ws/install/angles/share/angles/local_setup.bash
[0.564s] -- Up-to-date symlink: /home/legacy/trr_robot_ws/install/angles/share/angles/local_setup.sh
[0.566s] -- Up-to-date symlink: /home/legacy/trr_robot_ws/install/angles/share/angles/local_setup.zsh
[0.567s] -- Up-to-date symlink: /home/legacy/trr_robot_ws/install/angles/share/angles/local_setup.dsv
[0.567s] -- Up-to-date symlink: /home/legacy/trr_robot_ws/install/angles/share/angles/package.dsv
[0.568s] -- Up-to-date symlink: /home/legacy/trr_robot_ws/install/angles/share/ament_index/resource_index/packages/angles
[0.569s] -- Up-to-date symlink: /home/legacy/trr_robot_ws/install/angles/share/angles/cmake/ament_cmake_export_include_directories-extras.cmake
[0.570s] -- Up-to-date symlink: /home/legacy/trr_robot_ws/install/angles/share/angles/cmake/anglesConfig.cmake
[0.570s] -- Up-to-date symlink: /home/legacy/trr_robot_ws/install/angles/share/angles/cmake/anglesConfig-version.cmake
[0.571s] -- Up-to-date symlink: /home/legacy/trr_robot_ws/install/angles/share/angles/package.xml
[0.571s] -- Up-to-date: /home/legacy/trr_robot_ws/install/angles/include/angles/
[0.571s] -- Up-to-date: /home/legacy/trr_robot_ws/install/angles/include/angles//angles.h
[0.599s] Invoked command in '/home/legacy/trr_robot_ws/build/angles' returned '0': CMAKE_PREFIX_PATH=${CMAKE_PREFIX_PATH}:/home/legacy/trr_robot_ws/install/ros2controlcli:/home/legacy/trr_robot_ws/install/ros2_control_test_nodes:/home/legacy/trr_robot_ws/install/robot:/opt/ros/foxy /usr/bin/cmake --install /home/legacy/trr_robot_ws/build/angles
