[0.048s] Invoking command in '/home/legacy/trr_robot_ws/build/controller_manager_msgs': CMAKE_PREFIX_PATH=/opt/ros/foxy /usr/bin/cmake --build /home/legacy/trr_robot_ws/build/controller_manager_msgs -- -j8 -l8
[0.550s] [  0%] Built target controller_manager_msgs__cpp
[0.551s] [ 12%] Built target controller_manager_msgs__rosidl_generator_c
[0.551s] [ 24%] Built target controller_manager_msgs__rosidl_typesupport_introspection_c
[0.551s] [ 36%] Built target controller_manager_msgs__rosidl_typesupport_c
[0.552s] [ 56%] Built target controller_manager_msgs__rosidl_typesupport_cpp
[0.552s] [ 60%] Built target controller_manager_msgs__rosidl_typesupport_introspection_cpp
[0.552s] [ 72%] Built target controller_manager_msgs__rosidl_typesupport_fastrtps_cpp
[0.553s] [ 84%] Built target controller_manager_msgs__rosidl_typesupport_fastrtps_c
[0.553s] [ 84%] Built target controller_manager_msgs
[0.554s] [ 85%] Built target controller_manager_msgs__py
[0.555s] [ 96%] Built target controller_manager_msgs__python
[0.556s] [ 99%] Built target controller_manager_msgs__rosidl_typesupport_fastrtps_c__pyext
[0.557s] [ 99%] Built target controller_manager_msgs__rosidl_typesupport_introspection_c__pyext
[0.558s] [100%] Built target controller_manager_msgs__rosidl_typesupport_c__pyext
[0.560s] Invoked command in '/home/legacy/trr_robot_ws/build/controller_manager_msgs' returned '0': CMAKE_PREFIX_PATH=/opt/ros/foxy /usr/bin/cmake --build /home/legacy/trr_robot_ws/build/controller_manager_msgs -- -j8 -l8
[0.897s] Invoking command in '/home/legacy/trr_robot_ws/build/controller_manager_msgs': CMAKE_PREFIX_PATH=/opt/ros/foxy /usr/bin/cmake --install /home/legacy/trr_robot_ws/build/controller_manager_msgs
[0.918s] -- Install configuration: ""
[0.919s] -- Execute custom install script
[0.920s] -- Up-to-date symlink: /home/legacy/trr_robot_ws/install/controller_manager_msgs/share/ament_index/resource_index/rosidl_interfaces/controller_manager_msgs
[0.922s] -- Up-to-date symlink: /home/legacy/trr_robot_ws/install/controller_manager_msgs/include/controller_manager_msgs/msg/controller_state.h
[0.923s] -- Up-to-date symlink: /home/legacy/trr_robot_ws/install/controller_manager_msgs/include/controller_manager_msgs/msg/detail/controller_state__functions.h
[0.923s] -- Up-to-date symlink: /home/legacy/trr_robot_ws/install/controller_manager_msgs/include/controller_manager_msgs/msg/detail/controller_state__struct.h
[0.924s] -- Up-to-date symlink: /home/legacy/trr_robot_ws/install/controller_manager_msgs/include/controller_manager_msgs/msg/detail/controller_state__type_support.h
[0.925s] -- Up-to-date symlink: /home/legacy/trr_robot_ws/install/controller_manager_msgs/include/controller_manager_msgs/msg/detail/hardware_component_state__functions.h
[0.925s] -- Up-to-date symlink: /home/legacy/trr_robot_ws/install/controller_manager_msgs/include/controller_manager_msgs/msg/detail/hardware_component_state__struct.h
[0.925s] -- Up-to-date symlink: /home/legacy/trr_robot_ws/install/controller_manager_msgs/include/controller_manager_msgs/msg/detail/hardware_component_state__type_support.h
[0.926s] -- Up-to-date symlink: /home/legacy/trr_robot_ws/install/controller_manager_msgs/include/controller_manager_msgs/msg/detail/hardware_interface__functions.h
[0.926s] -- Up-to-date symlink: /home/legacy/trr_robot_ws/install/controller_manager_msgs/include/controller_manager_msgs/msg/detail/hardware_interface__struct.h
[0.927s] -- Up-to-date symlink: /home/legacy/trr_robot_ws/install/controller_manager_msgs/include/controller_manager_msgs/msg/detail/hardware_interface__type_support.h
[0.927s] -- Up-to-date symlink: /home/legacy/trr_robot_ws/install/controller_manager_msgs/include/controller_manager_msgs/msg/hardware_component_state.h
[0.927s] -- Up-to-date symlink: /home/legacy/trr_robot_ws/install/controller_manager_msgs/include/controller_manager_msgs/msg/hardware_interface.h
[0.928s] -- Up-to-date symlink: /home/legacy/trr_robot_ws/install/controller_manager_msgs/include/controller_manager_msgs/msg/rosidl_generator_c__visibility_control.h
[0.928s] -- Up-to-date symlink: /home/legacy/trr_robot_ws/install/controller_manager_msgs/include/controller_manager_msgs/srv/configure_controller.h
[0.929s] -- Up-to-date symlink: /home/legacy/trr_robot_ws/install/controller_manager_msgs/include/controller_manager_msgs/srv/configure_start_controller.h
[0.929s] -- Up-to-date symlink: /home/legacy/trr_robot_ws/install/controller_manager_msgs/include/controller_manager_msgs/srv/detail/configure_controller__functions.h
[0.929s] -- Up-to-date symlink: /home/legacy/trr_robot_ws/install/controller_manager_msgs/include/controller_manager_msgs/srv/detail/configure_controller__struct.h
[0.930s] -- Up-to-date symlink: /home/legacy/trr_robot_ws/install/controller_manager_msgs/include/controller_manager_msgs/srv/detail/configure_controller__type_support.h
[0.930s] -- Up-to-date symlink: /home/legacy/trr_robot_ws/install/controller_manager_msgs/include/controller_manager_msgs/srv/detail/configure_start_controller__functions.h
[0.931s] -- Up-to-date symlink: /home/legacy/trr_robot_ws/install/controller_manager_msgs/include/controller_manager_msgs/srv/detail/configure_start_controller__struct.h
[0.931s] -- Up-to-date symlink: /home/legacy/trr_robot_ws/install/controller_manager_msgs/include/controller_manager_msgs/srv/detail/configure_start_controller__type_support.h
[0.931s] -- Up-to-date symlink: /home/legacy/trr_robot_ws/install/controller_manager_msgs/include/controller_manager_msgs/srv/detail/list_controller_types__functions.h
[0.932s] -- Up-to-date symlink: /home/legacy/trr_robot_ws/install/controller_manager_msgs/include/controller_manager_msgs/srv/detail/list_controller_types__struct.h
[0.932s] -- Up-to-date symlink: /home/legacy/trr_robot_ws/install/controller_manager_msgs/include/controller_manager_msgs/srv/detail/list_controller_types__type_support.h
[0.932s] -- Up-to-date symlink: /home/legacy/trr_robot_ws/install/controller_manager_msgs/include/controller_manager_msgs/srv/detail/list_controllers__functions.h
[0.933s] -- Up-to-date symlink: /home/legacy/trr_robot_ws/install/controller_manager_msgs/include/controller_manager_msgs/srv/detail/list_controllers__struct.h
[0.933s] -- Up-to-date symlink: /home/legacy/trr_robot_ws/install/controller_manager_msgs/include/controller_manager_msgs/srv/detail/list_controllers__type_support.h
[0.934s] -- Up-to-date symlink: /home/legacy/trr_robot_ws/install/controller_manager_msgs/include/controller_manager_msgs/srv/detail/list_hardware_components__functions.h
[0.934s] -- Up-to-date symlink: /home/legacy/trr_robot_ws/install/controller_manager_msgs/include/controller_manager_msgs/srv/detail/list_hardware_components__struct.h
[0.934s] -- Up-to-date symlink: /home/legacy/trr_robot_ws/install/controller_manager_msgs/include/controller_manager_msgs/srv/detail/list_hardware_components__type_support.h
[0.934s] -- Up-to-date symlink: /home/legacy/trr_robot_ws/install/controller_manager_msgs/include/controller_manager_msgs/srv/detail/list_hardware_interfaces__functions.h
[0.935s] -- Up-to-date symlink: /home/legacy/trr_robot_ws/install/controller_manager_msgs/include/controller_manager_msgs/srv/detail/list_hardware_interfaces__struct.h
[0.935s] -- Up-to-date symlink: /home/legacy/trr_robot_ws/install/controller_manager_msgs/include/controller_manager_msgs/srv/detail/list_hardware_interfaces__type_support.h
[0.935s] -- Up-to-date symlink: /home/legacy/trr_robot_ws/install/controller_manager_msgs/include/controller_manager_msgs/srv/detail/load_configure_controller__functions.h
[0.936s] -- Up-to-date symlink: /home/legacy/trr_robot_ws/install/controller_manager_msgs/include/controller_manager_msgs/srv/detail/load_configure_controller__struct.h
[0.936s] -- Up-to-date symlink: /home/legacy/trr_robot_ws/install/controller_manager_msgs/include/controller_manager_msgs/srv/detail/load_configure_controller__type_support.h
[0.936s] -- Up-to-date symlink: /home/legacy/trr_robot_ws/install/controller_manager_msgs/include/controller_manager_msgs/srv/detail/load_controller__functions.h
[0.937s] -- Up-to-date symlink: /home/legacy/trr_robot_ws/install/controller_manager_msgs/include/controller_manager_msgs/srv/detail/load_controller__struct.h
[0.937s] -- Up-to-date symlink: /home/legacy/trr_robot_ws/install/controller_manager_msgs/include/controller_manager_msgs/srv/detail/load_controller__type_support.h
[0.937s] -- Up-to-date symlink: /home/legacy/trr_robot_ws/install/controller_manager_msgs/include/controller_manager_msgs/srv/detail/load_start_controller__functions.h
[0.938s] -- Up-to-date symlink: /home/legacy/trr_robot_ws/install/controller_manager_msgs/include/controller_manager_msgs/srv/detail/load_start_controller__struct.h
[0.938s] -- Up-to-date symlink: /home/legacy/trr_robot_ws/install/controller_manager_msgs/include/controller_manager_msgs/srv/detail/load_start_controller__type_support.h
[0.939s] -- Up-to-date symlink: /home/legacy/trr_robot_ws/install/controller_manager_msgs/include/controller_manager_msgs/srv/detail/reload_controller_libraries__functions.h
[0.939s] -- Up-to-date symlink: /home/legacy/trr_robot_ws/install/controller_manager_msgs/include/controller_manager_msgs/srv/detail/reload_controller_libraries__struct.h
[0.939s] -- Up-to-date symlink: /home/legacy/trr_robot_ws/install/controller_manager_msgs/include/controller_manager_msgs/srv/detail/reload_controller_libraries__type_support.h
[0.939s] -- Up-to-date symlink: /home/legacy/trr_robot_ws/install/controller_manager_msgs/include/controller_manager_msgs/srv/detail/set_hardware_component_state__functions.h
[0.940s] -- Up-to-date symlink: /home/legacy/trr_robot_ws/install/controller_manager_msgs/include/controller_manager_msgs/srv/detail/set_hardware_component_state__struct.h
[0.940s] -- Up-to-date symlink: /home/legacy/trr_robot_ws/install/controller_manager_msgs/include/controller_manager_msgs/srv/detail/set_hardware_component_state__type_support.h
[0.941s] -- Up-to-date symlink: /home/legacy/trr_robot_ws/install/controller_manager_msgs/include/controller_manager_msgs/srv/detail/switch_controller__functions.h
[0.941s] -- Up-to-date symlink: /home/legacy/trr_robot_ws/install/controller_manager_msgs/include/controller_manager_msgs/srv/detail/switch_controller__struct.h
[0.941s] -- Up-to-date symlink: /home/legacy/trr_robot_ws/install/controller_manager_msgs/include/controller_manager_msgs/srv/detail/switch_controller__type_support.h
[0.942s] -- Up-to-date symlink: /home/legacy/trr_robot_ws/install/controller_manager_msgs/include/controller_manager_msgs/srv/detail/unload_controller__functions.h
[0.942s] -- Up-to-date symlink: /home/legacy/trr_robot_ws/install/controller_manager_msgs/include/controller_manager_msgs/srv/detail/unload_controller__struct.h
[0.942s] -- Up-to-date symlink: /home/legacy/trr_robot_ws/install/controller_manager_msgs/include/controller_manager_msgs/srv/detail/unload_controller__type_support.h
[0.942s] -- Up-to-date symlink: /home/legacy/trr_robot_ws/install/controller_manager_msgs/include/controller_manager_msgs/srv/list_controller_types.h
[0.943s] -- Up-to-date symlink: /home/legacy/trr_robot_ws/install/controller_manager_msgs/include/controller_manager_msgs/srv/list_controllers.h
[0.943s] -- Up-to-date symlink: /home/legacy/trr_robot_ws/install/controller_manager_msgs/include/controller_manager_msgs/srv/list_hardware_components.h
[0.943s] -- Up-to-date symlink: /home/legacy/trr_robot_ws/install/controller_manager_msgs/include/controller_manager_msgs/srv/list_hardware_interfaces.h
[0.943s] -- Up-to-date symlink: /home/legacy/trr_robot_ws/install/controller_manager_msgs/include/controller_manager_msgs/srv/load_configure_controller.h
[0.944s] -- Up-to-date symlink: /home/legacy/trr_robot_ws/install/controller_manager_msgs/include/controller_manager_msgs/srv/load_controller.h
[0.944s] -- Up-to-date symlink: /home/legacy/trr_robot_ws/install/controller_manager_msgs/include/controller_manager_msgs/srv/load_start_controller.h
[0.944s] -- Up-to-date symlink: /home/legacy/trr_robot_ws/install/controller_manager_msgs/include/controller_manager_msgs/srv/reload_controller_libraries.h
[0.944s] -- Up-to-date symlink: /home/legacy/trr_robot_ws/install/controller_manager_msgs/include/controller_manager_msgs/srv/set_hardware_component_state.h
[0.944s] -- Up-to-date symlink: /home/legacy/trr_robot_ws/install/controller_manager_msgs/include/controller_manager_msgs/srv/switch_controller.h
[0.945s] -- Up-to-date symlink: /home/legacy/trr_robot_ws/install/controller_manager_msgs/include/controller_manager_msgs/srv/unload_controller.h
[0.945s] -- Up-to-date symlink: /home/legacy/trr_robot_ws/install/controller_manager_msgs/share/controller_manager_msgs/environment/library_path.sh
[0.945s] -- Up-to-date symlink: /home/legacy/trr_robot_ws/install/controller_manager_msgs/share/controller_manager_msgs/environment/library_path.dsv
[0.947s] -- Up-to-date symlink: /home/legacy/trr_robot_ws/install/controller_manager_msgs/include/controller_manager_msgs/msg/detail/controller_state__rosidl_typesupport_fastrtps_c.h
[0.947s] -- Up-to-date symlink: /home/legacy/trr_robot_ws/install/controller_manager_msgs/include/controller_manager_msgs/msg/detail/hardware_component_state__rosidl_typesupport_fastrtps_c.h
[0.947s] -- Up-to-date symlink: /home/legacy/trr_robot_ws/install/controller_manager_msgs/include/controller_manager_msgs/msg/detail/hardware_interface__rosidl_typesupport_fastrtps_c.h
[0.947s] -- Up-to-date symlink: /home/legacy/trr_robot_ws/install/controller_manager_msgs/include/controller_manager_msgs/msg/rosidl_typesupport_fastrtps_c__visibility_control.h
[0.947s] -- Up-to-date symlink: /home/legacy/trr_robot_ws/install/controller_manager_msgs/include/controller_manager_msgs/srv/detail/configure_controller__rosidl_typesupport_fastrtps_c.h
[0.947s] -- Up-to-date symlink: /home/legacy/trr_robot_ws/install/controller_manager_msgs/include/controller_manager_msgs/srv/detail/configure_start_controller__rosidl_typesupport_fastrtps_c.h
[0.948s] -- Up-to-date symlink: /home/legacy/trr_robot_ws/install/controller_manager_msgs/include/controller_manager_msgs/srv/detail/list_controller_types__rosidl_typesupport_fastrtps_c.h
[0.948s] -- Up-to-date symlink: /home/legacy/trr_robot_ws/install/controller_manager_msgs/include/controller_manager_msgs/srv/detail/list_controllers__rosidl_typesupport_fastrtps_c.h
[0.948s] -- Up-to-date symlink: /home/legacy/trr_robot_ws/install/controller_manager_msgs/include/controller_manager_msgs/srv/detail/list_hardware_components__rosidl_typesupport_fastrtps_c.h
[0.948s] -- Up-to-date symlink: /home/legacy/trr_robot_ws/install/controller_manager_msgs/include/controller_manager_msgs/srv/detail/list_hardware_interfaces__rosidl_typesupport_fastrtps_c.h
[0.948s] -- Up-to-date symlink: /home/legacy/trr_robot_ws/install/controller_manager_msgs/include/controller_manager_msgs/srv/detail/load_configure_controller__rosidl_typesupport_fastrtps_c.h
[0.949s] -- Up-to-date symlink: /home/legacy/trr_robot_ws/install/controller_manager_msgs/include/controller_manager_msgs/srv/detail/load_controller__rosidl_typesupport_fastrtps_c.h
[0.949s] -- Up-to-date symlink: /home/legacy/trr_robot_ws/install/controller_manager_msgs/include/controller_manager_msgs/srv/detail/load_start_controller__rosidl_typesupport_fastrtps_c.h
[0.949s] -- Up-to-date symlink: /home/legacy/trr_robot_ws/install/controller_manager_msgs/include/controller_manager_msgs/srv/detail/reload_controller_libraries__rosidl_typesupport_fastrtps_c.h
[0.949s] -- Up-to-date symlink: /home/legacy/trr_robot_ws/install/controller_manager_msgs/include/controller_manager_msgs/srv/detail/set_hardware_component_state__rosidl_typesupport_fastrtps_c.h
[0.949s] -- Up-to-date symlink: /home/legacy/trr_robot_ws/install/controller_manager_msgs/include/controller_manager_msgs/srv/detail/switch_controller__rosidl_typesupport_fastrtps_c.h
[0.950s] -- Up-to-date symlink: /home/legacy/trr_robot_ws/install/controller_manager_msgs/include/controller_manager_msgs/srv/detail/unload_controller__rosidl_typesupport_fastrtps_c.h
[0.950s] -- Up-to-date symlink: /home/legacy/trr_robot_ws/install/controller_manager_msgs/lib/libcontroller_manager_msgs__rosidl_typesupport_fastrtps_c.so
[0.951s] -- Up-to-date symlink: /home/legacy/trr_robot_ws/install/controller_manager_msgs/include/controller_manager_msgs/msg/detail/controller_state__rosidl_typesupport_fastrtps_cpp.hpp
[0.952s] -- Up-to-date symlink: /home/legacy/trr_robot_ws/install/controller_manager_msgs/include/controller_manager_msgs/msg/detail/hardware_component_state__rosidl_typesupport_fastrtps_cpp.hpp
[0.952s] -- Up-to-date symlink: /home/legacy/trr_robot_ws/install/controller_manager_msgs/include/controller_manager_msgs/msg/detail/hardware_interface__rosidl_typesupport_fastrtps_cpp.hpp
[0.952s] -- Up-to-date symlink: /home/legacy/trr_robot_ws/install/controller_manager_msgs/include/controller_manager_msgs/msg/rosidl_typesupport_fastrtps_cpp__visibility_control.h
[0.952s] -- Up-to-date symlink: /home/legacy/trr_robot_ws/install/controller_manager_msgs/include/controller_manager_msgs/srv/detail/configure_controller__rosidl_typesupport_fastrtps_cpp.hpp
[0.952s] -- Up-to-date symlink: /home/legacy/trr_robot_ws/install/controller_manager_msgs/include/controller_manager_msgs/srv/detail/configure_start_controller__rosidl_typesupport_fastrtps_cpp.hpp
[0.953s] -- Up-to-date symlink: /home/legacy/trr_robot_ws/install/controller_manager_msgs/include/controller_manager_msgs/srv/detail/list_controller_types__rosidl_typesupport_fastrtps_cpp.hpp
[0.953s] -- Up-to-date symlink: /home/legacy/trr_robot_ws/install/controller_manager_msgs/include/controller_manager_msgs/srv/detail/list_controllers__rosidl_typesupport_fastrtps_cpp.hpp
[0.953s] -- Up-to-date symlink: /home/legacy/trr_robot_ws/install/controller_manager_msgs/include/controller_manager_msgs/srv/detail/list_hardware_components__rosidl_typesupport_fastrtps_cpp.hpp
[0.953s] -- Up-to-date symlink: /home/legacy/trr_robot_ws/install/controller_manager_msgs/include/controller_manager_msgs/srv/detail/list_hardware_interfaces__rosidl_typesupport_fastrtps_cpp.hpp
[0.954s] -- Up-to-date symlink: /home/legacy/trr_robot_ws/install/controller_manager_msgs/include/controller_manager_msgs/srv/detail/load_configure_controller__rosidl_typesupport_fastrtps_cpp.hpp
[0.954s] -- Up-to-date symlink: /home/legacy/trr_robot_ws/install/controller_manager_msgs/include/controller_manager_msgs/srv/detail/load_controller__rosidl_typesupport_fastrtps_cpp.hpp
[0.954s] -- Up-to-date symlink: /home/legacy/trr_robot_ws/install/controller_manager_msgs/include/controller_manager_msgs/srv/detail/load_start_controller__rosidl_typesupport_fastrtps_cpp.hpp
[0.954s] -- Up-to-date symlink: /home/legacy/trr_robot_ws/install/controller_manager_msgs/include/controller_manager_msgs/srv/detail/reload_controller_libraries__rosidl_typesupport_fastrtps_cpp.hpp
[0.955s] -- Up-to-date symlink: /home/legacy/trr_robot_ws/install/controller_manager_msgs/include/controller_manager_msgs/srv/detail/set_hardware_component_state__rosidl_typesupport_fastrtps_cpp.hpp
[0.955s] -- Up-to-date symlink: /home/legacy/trr_robot_ws/install/controller_manager_msgs/include/controller_manager_msgs/srv/detail/switch_controller__rosidl_typesupport_fastrtps_cpp.hpp
[0.955s] -- Up-to-date symlink: /home/legacy/trr_robot_ws/install/controller_manager_msgs/include/controller_manager_msgs/srv/detail/unload_controller__rosidl_typesupport_fastrtps_cpp.hpp
[0.956s] -- Up-to-date symlink: /home/legacy/trr_robot_ws/install/controller_manager_msgs/lib/libcontroller_manager_msgs__rosidl_typesupport_fastrtps_cpp.so
[0.957s] -- Up-to-date symlink: /home/legacy/trr_robot_ws/install/controller_manager_msgs/include/controller_manager_msgs/msg/detail/controller_state__rosidl_typesupport_introspection_c.h
[0.957s] -- Up-to-date symlink: /home/legacy/trr_robot_ws/install/controller_manager_msgs/include/controller_manager_msgs/msg/detail/hardware_component_state__rosidl_typesupport_introspection_c.h
[0.957s] -- Up-to-date symlink: /home/legacy/trr_robot_ws/install/controller_manager_msgs/include/controller_manager_msgs/msg/detail/hardware_interface__rosidl_typesupport_introspection_c.h
[0.957s] -- Up-to-date symlink: /home/legacy/trr_robot_ws/install/controller_manager_msgs/include/controller_manager_msgs/msg/rosidl_typesupport_introspection_c__visibility_control.h
[0.957s] -- Up-to-date symlink: /home/legacy/trr_robot_ws/install/controller_manager_msgs/include/controller_manager_msgs/srv/detail/configure_controller__rosidl_typesupport_introspection_c.h
[0.958s] -- Up-to-date symlink: /home/legacy/trr_robot_ws/install/controller_manager_msgs/include/controller_manager_msgs/srv/detail/configure_start_controller__rosidl_typesupport_introspection_c.h
[0.958s] -- Up-to-date symlink: /home/legacy/trr_robot_ws/install/controller_manager_msgs/include/controller_manager_msgs/srv/detail/list_controller_types__rosidl_typesupport_introspection_c.h
[0.958s] -- Up-to-date symlink: /home/legacy/trr_robot_ws/install/controller_manager_msgs/include/controller_manager_msgs/srv/detail/list_controllers__rosidl_typesupport_introspection_c.h
[0.958s] -- Up-to-date symlink: /home/legacy/trr_robot_ws/install/controller_manager_msgs/include/controller_manager_msgs/srv/detail/list_hardware_components__rosidl_typesupport_introspection_c.h
[0.959s] -- Up-to-date symlink: /home/legacy/trr_robot_ws/install/controller_manager_msgs/include/controller_manager_msgs/srv/detail/list_hardware_interfaces__rosidl_typesupport_introspection_c.h
[0.959s] -- Up-to-date symlink: /home/legacy/trr_robot_ws/install/controller_manager_msgs/include/controller_manager_msgs/srv/detail/load_configure_controller__rosidl_typesupport_introspection_c.h
[0.959s] -- Up-to-date symlink: /home/legacy/trr_robot_ws/install/controller_manager_msgs/include/controller_manager_msgs/srv/detail/load_controller__rosidl_typesupport_introspection_c.h
[0.959s] -- Up-to-date symlink: /home/legacy/trr_robot_ws/install/controller_manager_msgs/include/controller_manager_msgs/srv/detail/load_start_controller__rosidl_typesupport_introspection_c.h
[0.959s] -- Up-to-date symlink: /home/legacy/trr_robot_ws/install/controller_manager_msgs/include/controller_manager_msgs/srv/detail/reload_controller_libraries__rosidl_typesupport_introspection_c.h
[0.960s] -- Up-to-date symlink: /home/legacy/trr_robot_ws/install/controller_manager_msgs/include/controller_manager_msgs/srv/detail/set_hardware_component_state__rosidl_typesupport_introspection_c.h
[0.960s] -- Up-to-date symlink: /home/legacy/trr_robot_ws/install/controller_manager_msgs/include/controller_manager_msgs/srv/detail/switch_controller__rosidl_typesupport_introspection_c.h
[0.960s] -- Up-to-date symlink: /home/legacy/trr_robot_ws/install/controller_manager_msgs/include/controller_manager_msgs/srv/detail/unload_controller__rosidl_typesupport_introspection_c.h
[0.961s] -- Up-to-date symlink: /home/legacy/trr_robot_ws/install/controller_manager_msgs/include/controller_manager_msgs/msg/controller_state.hpp
[0.961s] -- Up-to-date symlink: /home/legacy/trr_robot_ws/install/controller_manager_msgs/include/controller_manager_msgs/msg/detail/controller_state__builder.hpp
[0.962s] -- Up-to-date symlink: /home/legacy/trr_robot_ws/install/controller_manager_msgs/include/controller_manager_msgs/msg/detail/controller_state__struct.hpp
[0.962s] -- Up-to-date symlink: /home/legacy/trr_robot_ws/install/controller_manager_msgs/include/controller_manager_msgs/msg/detail/controller_state__traits.hpp
[0.962s] -- Up-to-date symlink: /home/legacy/trr_robot_ws/install/controller_manager_msgs/include/controller_manager_msgs/msg/detail/hardware_component_state__builder.hpp
[0.962s] -- Up-to-date symlink: /home/legacy/trr_robot_ws/install/controller_manager_msgs/include/controller_manager_msgs/msg/detail/hardware_component_state__struct.hpp
[0.962s] -- Up-to-date symlink: /home/legacy/trr_robot_ws/install/controller_manager_msgs/include/controller_manager_msgs/msg/detail/hardware_component_state__traits.hpp
[0.963s] -- Up-to-date symlink: /home/legacy/trr_robot_ws/install/controller_manager_msgs/include/controller_manager_msgs/msg/detail/hardware_interface__builder.hpp
[0.963s] -- Up-to-date symlink: /home/legacy/trr_robot_ws/install/controller_manager_msgs/include/controller_manager_msgs/msg/detail/hardware_interface__struct.hpp
[0.963s] -- Up-to-date symlink: /home/legacy/trr_robot_ws/install/controller_manager_msgs/include/controller_manager_msgs/msg/detail/hardware_interface__traits.hpp
[0.963s] -- Up-to-date symlink: /home/legacy/trr_robot_ws/install/controller_manager_msgs/include/controller_manager_msgs/msg/hardware_component_state.hpp
[0.963s] -- Up-to-date symlink: /home/legacy/trr_robot_ws/install/controller_manager_msgs/include/controller_manager_msgs/msg/hardware_interface.hpp
[0.964s] -- Up-to-date symlink: /home/legacy/trr_robot_ws/install/controller_manager_msgs/include/controller_manager_msgs/srv/configure_controller.hpp
[0.964s] -- Up-to-date symlink: /home/legacy/trr_robot_ws/install/controller_manager_msgs/include/controller_manager_msgs/srv/configure_start_controller.hpp
[0.964s] -- Up-to-date symlink: /home/legacy/trr_robot_ws/install/controller_manager_msgs/include/controller_manager_msgs/srv/detail/configure_controller__builder.hpp
[0.964s] -- Up-to-date symlink: /home/legacy/trr_robot_ws/install/controller_manager_msgs/include/controller_manager_msgs/srv/detail/configure_controller__struct.hpp
[0.965s] -- Up-to-date symlink: /home/legacy/trr_robot_ws/install/controller_manager_msgs/include/controller_manager_msgs/srv/detail/configure_controller__traits.hpp
[0.965s] -- Up-to-date symlink: /home/legacy/trr_robot_ws/install/controller_manager_msgs/include/controller_manager_msgs/srv/detail/configure_start_controller__builder.hpp
[0.965s] -- Up-to-date symlink: /home/legacy/trr_robot_ws/install/controller_manager_msgs/include/controller_manager_msgs/srv/detail/configure_start_controller__struct.hpp
[0.965s] -- Up-to-date symlink: /home/legacy/trr_robot_ws/install/controller_manager_msgs/include/controller_manager_msgs/srv/detail/configure_start_controller__traits.hpp
[0.965s] -- Up-to-date symlink: /home/legacy/trr_robot_ws/install/controller_manager_msgs/include/controller_manager_msgs/srv/detail/list_controller_types__builder.hpp
[0.966s] -- Up-to-date symlink: /home/legacy/trr_robot_ws/install/controller_manager_msgs/include/controller_manager_msgs/srv/detail/list_controller_types__struct.hpp
[0.966s] -- Up-to-date symlink: /home/legacy/trr_robot_ws/install/controller_manager_msgs/include/controller_manager_msgs/srv/detail/list_controller_types__traits.hpp
[0.966s] -- Up-to-date symlink: /home/legacy/trr_robot_ws/install/controller_manager_msgs/include/controller_manager_msgs/srv/detail/list_controllers__builder.hpp
[0.966s] -- Up-to-date symlink: /home/legacy/trr_robot_ws/install/controller_manager_msgs/include/controller_manager_msgs/srv/detail/list_controllers__struct.hpp
[0.967s] -- Up-to-date symlink: /home/legacy/trr_robot_ws/install/controller_manager_msgs/include/controller_manager_msgs/srv/detail/list_controllers__traits.hpp
[0.967s] -- Up-to-date symlink: /home/legacy/trr_robot_ws/install/controller_manager_msgs/include/controller_manager_msgs/srv/detail/list_hardware_components__builder.hpp
[0.967s] -- Up-to-date symlink: /home/legacy/trr_robot_ws/install/controller_manager_msgs/include/controller_manager_msgs/srv/detail/list_hardware_components__struct.hpp
[0.967s] -- Up-to-date symlink: /home/legacy/trr_robot_ws/install/controller_manager_msgs/include/controller_manager_msgs/srv/detail/list_hardware_components__traits.hpp
[0.967s] -- Up-to-date symlink: /home/legacy/trr_robot_ws/install/controller_manager_msgs/include/controller_manager_msgs/srv/detail/list_hardware_interfaces__builder.hpp
[0.967s] -- Up-to-date symlink: /home/legacy/trr_robot_ws/install/controller_manager_msgs/include/controller_manager_msgs/srv/detail/list_hardware_interfaces__struct.hpp
[0.968s] -- Up-to-date symlink: /home/legacy/trr_robot_ws/install/controller_manager_msgs/include/controller_manager_msgs/srv/detail/list_hardware_interfaces__traits.hpp
[0.969s] -- Up-to-date symlink: /home/legacy/trr_robot_ws/install/controller_manager_msgs/include/controller_manager_msgs/srv/detail/load_configure_controller__builder.hpp
[0.969s] -- Up-to-date symlink: /home/legacy/trr_robot_ws/install/controller_manager_msgs/include/controller_manager_msgs/srv/detail/load_configure_controller__struct.hpp
[0.972s] -- Up-to-date symlink: /home/legacy/trr_robot_ws/install/controller_manager_msgs/include/controller_manager_msgs/srv/detail/load_configure_controller__traits.hpp
[0.974s] -- Up-to-date symlink: /home/legacy/trr_robot_ws/install/controller_manager_msgs/include/controller_manager_msgs/srv/detail/load_controller__builder.hpp
[0.975s] -- Up-to-date symlink: /home/legacy/trr_robot_ws/install/controller_manager_msgs/include/controller_manager_msgs/srv/detail/load_controller__struct.hpp
[0.975s] -- Up-to-date symlink: /home/legacy/trr_robot_ws/install/controller_manager_msgs/include/controller_manager_msgs/srv/detail/load_controller__traits.hpp
[0.976s] -- Up-to-date symlink: /home/legacy/trr_robot_ws/install/controller_manager_msgs/include/controller_manager_msgs/srv/detail/load_start_controller__builder.hpp
[0.976s] -- Up-to-date symlink: /home/legacy/trr_robot_ws/install/controller_manager_msgs/include/controller_manager_msgs/srv/detail/load_start_controller__struct.hpp
[0.976s] -- Up-to-date symlink: /home/legacy/trr_robot_ws/install/controller_manager_msgs/include/controller_manager_msgs/srv/detail/load_start_controller__traits.hpp
[0.976s] -- Up-to-date symlink: /home/legacy/trr_robot_ws/install/controller_manager_msgs/include/controller_manager_msgs/srv/detail/reload_controller_libraries__builder.hpp
[0.976s] -- Up-to-date symlink: /home/legacy/trr_robot_ws/install/controller_manager_msgs/include/controller_manager_msgs/srv/detail/reload_controller_libraries__struct.hpp
[0.977s] -- Up-to-date symlink: /home/legacy/trr_robot_ws/install/controller_manager_msgs/include/controller_manager_msgs/srv/detail/reload_controller_libraries__traits.hpp
[0.977s] -- Up-to-date symlink: /home/legacy/trr_robot_ws/install/controller_manager_msgs/include/controller_manager_msgs/srv/detail/set_hardware_component_state__builder.hpp
[0.977s] -- Up-to-date symlink: /home/legacy/trr_robot_ws/install/controller_manager_msgs/include/controller_manager_msgs/srv/detail/set_hardware_component_state__struct.hpp
[0.977s] -- Up-to-date symlink: /home/legacy/trr_robot_ws/install/controller_manager_msgs/include/controller_manager_msgs/srv/detail/set_hardware_component_state__traits.hpp
[0.977s] -- Up-to-date symlink: /home/legacy/trr_robot_ws/install/controller_manager_msgs/include/controller_manager_msgs/srv/detail/switch_controller__builder.hpp
[0.978s] -- Up-to-date symlink: /home/legacy/trr_robot_ws/install/controller_manager_msgs/include/controller_manager_msgs/srv/detail/switch_controller__struct.hpp
[0.978s] -- Up-to-date symlink: /home/legacy/trr_robot_ws/install/controller_manager_msgs/include/controller_manager_msgs/srv/detail/switch_controller__traits.hpp
[0.978s] -- Up-to-date symlink: /home/legacy/trr_robot_ws/install/controller_manager_msgs/include/controller_manager_msgs/srv/detail/unload_controller__builder.hpp
[0.978s] -- Up-to-date symlink: /home/legacy/trr_robot_ws/install/controller_manager_msgs/include/controller_manager_msgs/srv/detail/unload_controller__struct.hpp
[0.978s] -- Up-to-date symlink: /home/legacy/trr_robot_ws/install/controller_manager_msgs/include/controller_manager_msgs/srv/detail/unload_controller__traits.hpp
[0.979s] -- Up-to-date symlink: /home/legacy/trr_robot_ws/install/controller_manager_msgs/include/controller_manager_msgs/srv/list_controller_types.hpp
[0.979s] -- Up-to-date symlink: /home/legacy/trr_robot_ws/install/controller_manager_msgs/include/controller_manager_msgs/srv/list_controllers.hpp
[0.979s] -- Up-to-date symlink: /home/legacy/trr_robot_ws/install/controller_manager_msgs/include/controller_manager_msgs/srv/list_hardware_components.hpp
[0.979s] -- Up-to-date symlink: /home/legacy/trr_robot_ws/install/controller_manager_msgs/include/controller_manager_msgs/srv/list_hardware_interfaces.hpp
[0.979s] -- Up-to-date symlink: /home/legacy/trr_robot_ws/install/controller_manager_msgs/include/controller_manager_msgs/srv/load_configure_controller.hpp
[0.980s] -- Up-to-date symlink: /home/legacy/trr_robot_ws/install/controller_manager_msgs/include/controller_manager_msgs/srv/load_controller.hpp
[0.980s] -- Up-to-date symlink: /home/legacy/trr_robot_ws/install/controller_manager_msgs/include/controller_manager_msgs/srv/load_start_controller.hpp
[0.980s] -- Up-to-date symlink: /home/legacy/trr_robot_ws/install/controller_manager_msgs/include/controller_manager_msgs/srv/reload_controller_libraries.hpp
[0.980s] -- Up-to-date symlink: /home/legacy/trr_robot_ws/install/controller_manager_msgs/include/controller_manager_msgs/srv/set_hardware_component_state.hpp
[0.980s] -- Up-to-date symlink: /home/legacy/trr_robot_ws/install/controller_manager_msgs/include/controller_manager_msgs/srv/switch_controller.hpp
[0.980s] -- Up-to-date symlink: /home/legacy/trr_robot_ws/install/controller_manager_msgs/include/controller_manager_msgs/srv/unload_controller.hpp
[0.981s] -- Up-to-date symlink: /home/legacy/trr_robot_ws/install/controller_manager_msgs/include/controller_manager_msgs/msg/detail/controller_state__rosidl_typesupport_introspection_cpp.hpp
[0.981s] -- Up-to-date symlink: /home/legacy/trr_robot_ws/install/controller_manager_msgs/include/controller_manager_msgs/msg/detail/hardware_component_state__rosidl_typesupport_introspection_cpp.hpp
[0.981s] -- Up-to-date symlink: /home/legacy/trr_robot_ws/install/controller_manager_msgs/include/controller_manager_msgs/msg/detail/hardware_interface__rosidl_typesupport_introspection_cpp.hpp
[0.981s] -- Up-to-date symlink: /home/legacy/trr_robot_ws/install/controller_manager_msgs/include/controller_manager_msgs/srv/detail/configure_controller__rosidl_typesupport_introspection_cpp.hpp
[0.981s] -- Up-to-date symlink: /home/legacy/trr_robot_ws/install/controller_manager_msgs/include/controller_manager_msgs/srv/detail/configure_start_controller__rosidl_typesupport_introspection_cpp.hpp
[0.982s] -- Up-to-date symlink: /home/legacy/trr_robot_ws/install/controller_manager_msgs/include/controller_manager_msgs/srv/detail/list_controller_types__rosidl_typesupport_introspection_cpp.hpp
[0.982s] -- Up-to-date symlink: /home/legacy/trr_robot_ws/install/controller_manager_msgs/include/controller_manager_msgs/srv/detail/list_controllers__rosidl_typesupport_introspection_cpp.hpp
[0.982s] -- Up-to-date symlink: /home/legacy/trr_robot_ws/install/controller_manager_msgs/include/controller_manager_msgs/srv/detail/list_hardware_components__rosidl_typesupport_introspection_cpp.hpp
[0.982s] -- Up-to-date symlink: /home/legacy/trr_robot_ws/install/controller_manager_msgs/include/controller_manager_msgs/srv/detail/list_hardware_interfaces__rosidl_typesupport_introspection_cpp.hpp
[0.982s] -- Up-to-date symlink: /home/legacy/trr_robot_ws/install/controller_manager_msgs/include/controller_manager_msgs/srv/detail/load_configure_controller__rosidl_typesupport_introspection_cpp.hpp
[0.983s] -- Up-to-date symlink: /home/legacy/trr_robot_ws/install/controller_manager_msgs/include/controller_manager_msgs/srv/detail/load_controller__rosidl_typesupport_introspection_cpp.hpp
[0.983s] -- Up-to-date symlink: /home/legacy/trr_robot_ws/install/controller_manager_msgs/include/controller_manager_msgs/srv/detail/load_start_controller__rosidl_typesupport_introspection_cpp.hpp
[0.983s] -- Up-to-date symlink: /home/legacy/trr_robot_ws/install/controller_manager_msgs/include/controller_manager_msgs/srv/detail/reload_controller_libraries__rosidl_typesupport_introspection_cpp.hpp
[0.983s] -- Up-to-date symlink: /home/legacy/trr_robot_ws/install/controller_manager_msgs/include/controller_manager_msgs/srv/detail/set_hardware_component_state__rosidl_typesupport_introspection_cpp.hpp
[0.983s] -- Up-to-date symlink: /home/legacy/trr_robot_ws/install/controller_manager_msgs/include/controller_manager_msgs/srv/detail/switch_controller__rosidl_typesupport_introspection_cpp.hpp
[0.984s] -- Up-to-date symlink: /home/legacy/trr_robot_ws/install/controller_manager_msgs/include/controller_manager_msgs/srv/detail/unload_controller__rosidl_typesupport_introspection_cpp.hpp
[0.984s] -- Up-to-date symlink: /home/legacy/trr_robot_ws/install/controller_manager_msgs/share/controller_manager_msgs/environment/pythonpath.sh
[0.984s] -- Up-to-date symlink: /home/legacy/trr_robot_ws/install/controller_manager_msgs/share/controller_manager_msgs/environment/pythonpath.dsv
[0.984s] -- Up-to-date symlink: /home/legacy/trr_robot_ws/install/controller_manager_msgs/lib/python3.8/site-packages/controller_manager_msgs/__init__.py
[0.984s] -- Up-to-date symlink: /home/legacy/trr_robot_ws/install/controller_manager_msgs/lib/python3.8/site-packages/controller_manager_msgs/msg/__init__.py
[0.984s] -- Up-to-date symlink: /home/legacy/trr_robot_ws/install/controller_manager_msgs/lib/python3.8/site-packages/controller_manager_msgs/msg/_controller_state.py
[0.985s] -- Up-to-date symlink: /home/legacy/trr_robot_ws/install/controller_manager_msgs/lib/python3.8/site-packages/controller_manager_msgs/msg/_hardware_component_state.py
[0.985s] -- Up-to-date symlink: /home/legacy/trr_robot_ws/install/controller_manager_msgs/lib/python3.8/site-packages/controller_manager_msgs/msg/_hardware_interface.py
[0.985s] -- Up-to-date symlink: /home/legacy/trr_robot_ws/install/controller_manager_msgs/lib/python3.8/site-packages/controller_manager_msgs/srv/__init__.py
[0.985s] -- Up-to-date symlink: /home/legacy/trr_robot_ws/install/controller_manager_msgs/lib/python3.8/site-packages/controller_manager_msgs/srv/_configure_controller.py
[0.986s] -- Up-to-date symlink: /home/legacy/trr_robot_ws/install/controller_manager_msgs/lib/python3.8/site-packages/controller_manager_msgs/srv/_configure_start_controller.py
[0.986s] -- Up-to-date symlink: /home/legacy/trr_robot_ws/install/controller_manager_msgs/lib/python3.8/site-packages/controller_manager_msgs/srv/_list_controller_types.py
[0.986s] -- Up-to-date symlink: /home/legacy/trr_robot_ws/install/controller_manager_msgs/lib/python3.8/site-packages/controller_manager_msgs/srv/_list_controllers.py
[0.986s] -- Up-to-date symlink: /home/legacy/trr_robot_ws/install/controller_manager_msgs/lib/python3.8/site-packages/controller_manager_msgs/srv/_list_hardware_components.py
[0.986s] -- Up-to-date symlink: /home/legacy/trr_robot_ws/install/controller_manager_msgs/lib/python3.8/site-packages/controller_manager_msgs/srv/_list_hardware_interfaces.py
[0.986s] -- Up-to-date symlink: /home/legacy/trr_robot_ws/install/controller_manager_msgs/lib/python3.8/site-packages/controller_manager_msgs/srv/_load_configure_controller.py
[0.986s] -- Up-to-date symlink: /home/legacy/trr_robot_ws/install/controller_manager_msgs/lib/python3.8/site-packages/controller_manager_msgs/srv/_load_controller.py
[0.987s] -- Up-to-date symlink: /home/legacy/trr_robot_ws/install/controller_manager_msgs/lib/python3.8/site-packages/controller_manager_msgs/srv/_load_start_controller.py
[0.987s] -- Up-to-date symlink: /home/legacy/trr_robot_ws/install/controller_manager_msgs/lib/python3.8/site-packages/controller_manager_msgs/srv/_reload_controller_libraries.py
[0.987s] -- Up-to-date symlink: /home/legacy/trr_robot_ws/install/controller_manager_msgs/lib/python3.8/site-packages/controller_manager_msgs/srv/_set_hardware_component_state.py
[0.987s] -- Up-to-date symlink: /home/legacy/trr_robot_ws/install/controller_manager_msgs/lib/python3.8/site-packages/controller_manager_msgs/srv/_switch_controller.py
[0.987s] -- Up-to-date symlink: /home/legacy/trr_robot_ws/install/controller_manager_msgs/lib/python3.8/site-packages/controller_manager_msgs/srv/_unload_controller.py
[0.987s] -- Up-to-date symlink: /home/legacy/trr_robot_ws/install/controller_manager_msgs/lib/python3.8/site-packages/controller_manager_msgs/controller_manager_msgs_s__rosidl_typesupport_fastrtps_c.cpython-38-x86_64-linux-gnu.so
[0.987s] -- Up-to-date symlink: /home/legacy/trr_robot_ws/install/controller_manager_msgs/lib/python3.8/site-packages/controller_manager_msgs/controller_manager_msgs_s__rosidl_typesupport_introspection_c.cpython-38-x86_64-linux-gnu.so
[0.987s] -- Up-to-date symlink: /home/legacy/trr_robot_ws/install/controller_manager_msgs/lib/python3.8/site-packages/controller_manager_msgs/controller_manager_msgs_s__rosidl_typesupport_c.cpython-38-x86_64-linux-gnu.so
[0.987s] -- Up-to-date symlink: /home/legacy/trr_robot_ws/install/controller_manager_msgs/lib/libcontroller_manager_msgs__python.so
[0.988s] -- Up-to-date symlink: /home/legacy/trr_robot_ws/install/controller_manager_msgs/share/controller_manager_msgs/msg/ControllerState.idl
[0.988s] -- Up-to-date symlink: /home/legacy/trr_robot_ws/install/controller_manager_msgs/share/controller_manager_msgs/msg/HardwareComponentState.idl
[0.988s] -- Up-to-date symlink: /home/legacy/trr_robot_ws/install/controller_manager_msgs/share/controller_manager_msgs/msg/HardwareInterface.idl
[0.988s] -- Up-to-date symlink: /home/legacy/trr_robot_ws/install/controller_manager_msgs/share/controller_manager_msgs/srv/ConfigureController.idl
[0.989s] -- Up-to-date symlink: /home/legacy/trr_robot_ws/install/controller_manager_msgs/share/controller_manager_msgs/srv/ConfigureStartController.idl
[0.989s] -- Up-to-date symlink: /home/legacy/trr_robot_ws/install/controller_manager_msgs/share/controller_manager_msgs/srv/ListControllers.idl
[0.989s] -- Up-to-date symlink: /home/legacy/trr_robot_ws/install/controller_manager_msgs/share/controller_manager_msgs/srv/ListControllerTypes.idl
[0.989s] -- Up-to-date symlink: /home/legacy/trr_robot_ws/install/controller_manager_msgs/share/controller_manager_msgs/srv/ListHardwareComponents.idl
[0.990s] -- Up-to-date symlink: /home/legacy/trr_robot_ws/install/controller_manager_msgs/share/controller_manager_msgs/srv/ListHardwareInterfaces.idl
[0.990s] -- Up-to-date symlink: /home/legacy/trr_robot_ws/install/controller_manager_msgs/share/controller_manager_msgs/srv/LoadConfigureController.idl
[0.990s] -- Up-to-date symlink: /home/legacy/trr_robot_ws/install/controller_manager_msgs/share/controller_manager_msgs/srv/LoadController.idl
[0.991s] -- Up-to-date symlink: /home/legacy/trr_robot_ws/install/controller_manager_msgs/share/controller_manager_msgs/srv/LoadStartController.idl
[0.991s] -- Up-to-date symlink: /home/legacy/trr_robot_ws/install/controller_manager_msgs/share/controller_manager_msgs/srv/ReloadControllerLibraries.idl
[0.991s] -- Up-to-date symlink: /home/legacy/trr_robot_ws/install/controller_manager_msgs/share/controller_manager_msgs/srv/SetHardwareComponentState.idl
[0.992s] -- Up-to-date symlink: /home/legacy/trr_robot_ws/install/controller_manager_msgs/share/controller_manager_msgs/srv/SwitchController.idl
[0.992s] -- Up-to-date symlink: /home/legacy/trr_robot_ws/install/controller_manager_msgs/share/controller_manager_msgs/srv/UnloadController.idl
[0.992s] -- Up-to-date symlink: /home/legacy/trr_robot_ws/install/controller_manager_msgs/share/controller_manager_msgs/msg/ControllerState.msg
[0.993s] -- Up-to-date symlink: /home/legacy/trr_robot_ws/install/controller_manager_msgs/share/controller_manager_msgs/msg/HardwareComponentState.msg
[0.993s] -- Up-to-date symlink: /home/legacy/trr_robot_ws/install/controller_manager_msgs/share/controller_manager_msgs/msg/HardwareInterface.msg
[0.993s] -- Up-to-date symlink: /home/legacy/trr_robot_ws/install/controller_manager_msgs/share/controller_manager_msgs/srv/ConfigureController.srv
[0.994s] -- Up-to-date symlink: /home/legacy/trr_robot_ws/install/controller_manager_msgs/share/controller_manager_msgs/srv/ConfigureController_Request.msg
[0.994s] -- Up-to-date symlink: /home/legacy/trr_robot_ws/install/controller_manager_msgs/share/controller_manager_msgs/srv/ConfigureController_Response.msg
[0.994s] -- Up-to-date symlink: /home/legacy/trr_robot_ws/install/controller_manager_msgs/share/controller_manager_msgs/srv/ConfigureStartController.srv
[0.994s] -- Up-to-date symlink: /home/legacy/trr_robot_ws/install/controller_manager_msgs/share/controller_manager_msgs/srv/ConfigureStartController_Request.msg
[0.995s] -- Up-to-date symlink: /home/legacy/trr_robot_ws/install/controller_manager_msgs/share/controller_manager_msgs/srv/ConfigureStartController_Response.msg
[0.995s] -- Up-to-date symlink: /home/legacy/trr_robot_ws/install/controller_manager_msgs/share/controller_manager_msgs/srv/ListControllers.srv
[0.996s] -- Up-to-date symlink: /home/legacy/trr_robot_ws/install/controller_manager_msgs/share/controller_manager_msgs/srv/ListControllers_Request.msg
[0.996s] -- Up-to-date symlink: /home/legacy/trr_robot_ws/install/controller_manager_msgs/share/controller_manager_msgs/srv/ListControllers_Response.msg
[0.996s] -- Up-to-date symlink: /home/legacy/trr_robot_ws/install/controller_manager_msgs/share/controller_manager_msgs/srv/ListControllerTypes.srv
[0.997s] -- Up-to-date symlink: /home/legacy/trr_robot_ws/install/controller_manager_msgs/share/controller_manager_msgs/srv/ListControllerTypes_Request.msg
[0.997s] -- Up-to-date symlink: /home/legacy/trr_robot_ws/install/controller_manager_msgs/share/controller_manager_msgs/srv/ListControllerTypes_Response.msg
[0.997s] -- Up-to-date symlink: /home/legacy/trr_robot_ws/install/controller_manager_msgs/share/controller_manager_msgs/srv/ListHardwareComponents.srv
[0.997s] -- Up-to-date symlink: /home/legacy/trr_robot_ws/install/controller_manager_msgs/share/controller_manager_msgs/srv/ListHardwareComponents_Request.msg
[0.998s] -- Up-to-date symlink: /home/legacy/trr_robot_ws/install/controller_manager_msgs/share/controller_manager_msgs/srv/ListHardwareComponents_Response.msg
[0.998s] -- Up-to-date symlink: /home/legacy/trr_robot_ws/install/controller_manager_msgs/share/controller_manager_msgs/srv/ListHardwareInterfaces.srv
[0.998s] -- Up-to-date symlink: /home/legacy/trr_robot_ws/install/controller_manager_msgs/share/controller_manager_msgs/srv/ListHardwareInterfaces_Request.msg
[0.999s] -- Up-to-date symlink: /home/legacy/trr_robot_ws/install/controller_manager_msgs/share/controller_manager_msgs/srv/ListHardwareInterfaces_Response.msg
[0.999s] -- Up-to-date symlink: /home/legacy/trr_robot_ws/install/controller_manager_msgs/share/controller_manager_msgs/srv/LoadConfigureController.srv
[0.999s] -- Up-to-date symlink: /home/legacy/trr_robot_ws/install/controller_manager_msgs/share/controller_manager_msgs/srv/LoadConfigureController_Request.msg
[1.000s] -- Up-to-date symlink: /home/legacy/trr_robot_ws/install/controller_manager_msgs/share/controller_manager_msgs/srv/LoadConfigureController_Response.msg
[1.000s] -- Up-to-date symlink: /home/legacy/trr_robot_ws/install/controller_manager_msgs/share/controller_manager_msgs/srv/LoadController.srv
[1.000s] -- Up-to-date symlink: /home/legacy/trr_robot_ws/install/controller_manager_msgs/share/controller_manager_msgs/srv/LoadController_Request.msg
[1.001s] -- Up-to-date symlink: /home/legacy/trr_robot_ws/install/controller_manager_msgs/share/controller_manager_msgs/srv/LoadController_Response.msg
[1.001s] -- Up-to-date symlink: /home/legacy/trr_robot_ws/install/controller_manager_msgs/share/controller_manager_msgs/srv/LoadStartController.srv
[1.001s] -- Up-to-date symlink: /home/legacy/trr_robot_ws/install/controller_manager_msgs/share/controller_manager_msgs/srv/LoadStartController_Request.msg
[1.002s] -- Up-to-date symlink: /home/legacy/trr_robot_ws/install/controller_manager_msgs/share/controller_manager_msgs/srv/LoadStartController_Response.msg
[1.002s] -- Up-to-date symlink: /home/legacy/trr_robot_ws/install/controller_manager_msgs/share/controller_manager_msgs/srv/ReloadControllerLibraries.srv
[1.002s] -- Up-to-date symlink: /home/legacy/trr_robot_ws/install/controller_manager_msgs/share/controller_manager_msgs/srv/ReloadControllerLibraries_Request.msg
[1.002s] -- Up-to-date symlink: /home/legacy/trr_robot_ws/install/controller_manager_msgs/share/controller_manager_msgs/srv/ReloadControllerLibraries_Response.msg
[1.003s] -- Up-to-date symlink: /home/legacy/trr_robot_ws/install/controller_manager_msgs/share/controller_manager_msgs/srv/SetHardwareComponentState.srv
[1.003s] -- Up-to-date symlink: /home/legacy/trr_robot_ws/install/controller_manager_msgs/share/controller_manager_msgs/srv/SetHardwareComponentState_Request.msg
[1.004s] -- Up-to-date symlink: /home/legacy/trr_robot_ws/install/controller_manager_msgs/share/controller_manager_msgs/srv/SetHardwareComponentState_Response.msg
[1.004s] -- Up-to-date symlink: /home/legacy/trr_robot_ws/install/controller_manager_msgs/share/controller_manager_msgs/srv/SwitchController.srv
[1.004s] -- Up-to-date symlink: /home/legacy/trr_robot_ws/install/controller_manager_msgs/share/controller_manager_msgs/srv/SwitchController_Request.msg
[1.005s] -- Up-to-date symlink: /home/legacy/trr_robot_ws/install/controller_manager_msgs/share/controller_manager_msgs/srv/SwitchController_Response.msg
[1.005s] -- Up-to-date symlink: /home/legacy/trr_robot_ws/install/controller_manager_msgs/share/controller_manager_msgs/srv/UnloadController.srv
[1.005s] -- Up-to-date symlink: /home/legacy/trr_robot_ws/install/controller_manager_msgs/share/controller_manager_msgs/srv/UnloadController_Request.msg
[1.006s] -- Up-to-date symlink: /home/legacy/trr_robot_ws/install/controller_manager_msgs/share/controller_manager_msgs/srv/UnloadController_Response.msg
[1.006s] -- Up-to-date symlink: /home/legacy/trr_robot_ws/install/controller_manager_msgs/share/ament_index/resource_index/package_run_dependencies/controller_manager_msgs
[1.006s] -- Up-to-date symlink: /home/legacy/trr_robot_ws/install/controller_manager_msgs/share/ament_index/resource_index/parent_prefix_path/controller_manager_msgs
[1.007s] -- Up-to-date symlink: /home/legacy/trr_robot_ws/install/controller_manager_msgs/share/controller_manager_msgs/environment/ament_prefix_path.sh
[1.007s] -- Up-to-date symlink: /home/legacy/trr_robot_ws/install/controller_manager_msgs/share/controller_manager_msgs/environment/ament_prefix_path.dsv
[1.007s] -- Up-to-date symlink: /home/legacy/trr_robot_ws/install/controller_manager_msgs/share/controller_manager_msgs/environment/path.sh
[1.008s] -- Up-to-date symlink: /home/legacy/trr_robot_ws/install/controller_manager_msgs/share/controller_manager_msgs/environment/path.dsv
[1.008s] -- Up-to-date symlink: /home/legacy/trr_robot_ws/install/controller_manager_msgs/share/controller_manager_msgs/local_setup.bash
[1.008s] -- Up-to-date symlink: /home/legacy/trr_robot_ws/install/controller_manager_msgs/share/controller_manager_msgs/local_setup.sh
[1.009s] -- Up-to-date symlink: /home/legacy/trr_robot_ws/install/controller_manager_msgs/share/controller_manager_msgs/local_setup.zsh
[1.009s] -- Up-to-date symlink: /home/legacy/trr_robot_ws/install/controller_manager_msgs/share/controller_manager_msgs/local_setup.dsv
[1.009s] -- Symlinking: /home/legacy/trr_robot_ws/install/controller_manager_msgs/share/controller_manager_msgs/package.dsv
[1.020s] -- Up-to-date symlink: /home/legacy/trr_robot_ws/install/controller_manager_msgs/share/ament_index/resource_index/packages/controller_manager_msgs
[1.021s] -- Up-to-date symlink: /home/legacy/trr_robot_ws/install/controller_manager_msgs/share/controller_manager_msgs/cmake/rosidl_cmake-extras.cmake
[1.021s] -- Up-to-date symlink: /home/legacy/trr_robot_ws/install/controller_manager_msgs/share/controller_manager_msgs/cmake/ament_cmake_export_dependencies-extras.cmake
[1.021s] -- Up-to-date symlink: /home/legacy/trr_robot_ws/install/controller_manager_msgs/share/controller_manager_msgs/cmake/ament_cmake_export_libraries-extras.cmake
[1.022s] -- Up-to-date symlink: /home/legacy/trr_robot_ws/install/controller_manager_msgs/share/controller_manager_msgs/cmake/ament_cmake_export_targets-extras.cmake
[1.022s] -- Up-to-date symlink: /home/legacy/trr_robot_ws/install/controller_manager_msgs/share/controller_manager_msgs/cmake/ament_cmake_export_include_directories-extras.cmake
[1.023s] -- Up-to-date symlink: /home/legacy/trr_robot_ws/install/controller_manager_msgs/share/controller_manager_msgs/cmake/rosidl_cmake_export_typesupport_libraries-extras.cmake
[1.023s] -- Up-to-date symlink: /home/legacy/trr_robot_ws/install/controller_manager_msgs/share/controller_manager_msgs/cmake/rosidl_cmake_export_typesupport_targets-extras.cmake
[1.024s] -- Up-to-date symlink: /home/legacy/trr_robot_ws/install/controller_manager_msgs/share/controller_manager_msgs/cmake/controller_manager_msgsConfig.cmake
[1.024s] -- Up-to-date symlink: /home/legacy/trr_robot_ws/install/controller_manager_msgs/share/controller_manager_msgs/cmake/controller_manager_msgsConfig-version.cmake
[1.024s] -- Up-to-date symlink: /home/legacy/trr_robot_ws/install/controller_manager_msgs/share/controller_manager_msgs/package.xml
[1.025s] -- Up-to-date: /home/legacy/trr_robot_ws/install/controller_manager_msgs/lib/libcontroller_manager_msgs__rosidl_generator_c.so
[1.025s] -- Up-to-date: /home/legacy/trr_robot_ws/install/controller_manager_msgs/lib/libcontroller_manager_msgs__rosidl_typesupport_introspection_c.so
[1.026s] -- Up-to-date: /home/legacy/trr_robot_ws/install/controller_manager_msgs/lib/libcontroller_manager_msgs__rosidl_typesupport_c.so
[1.027s] -- Up-to-date: /home/legacy/trr_robot_ws/install/controller_manager_msgs/lib/libcontroller_manager_msgs__rosidl_typesupport_introspection_cpp.so
[1.027s] -- Up-to-date: /home/legacy/trr_robot_ws/install/controller_manager_msgs/lib/libcontroller_manager_msgs__rosidl_typesupport_cpp.so
[1.066s] -- Up-to-date: /home/legacy/trr_robot_ws/install/controller_manager_msgs/share/controller_manager_msgs/cmake/controller_manager_msgs__rosidl_generator_cExport.cmake
[1.067s] -- Up-to-date: /home/legacy/trr_robot_ws/install/controller_manager_msgs/share/controller_manager_msgs/cmake/controller_manager_msgs__rosidl_generator_cExport-noconfig.cmake
[1.067s] -- Up-to-date: /home/legacy/trr_robot_ws/install/controller_manager_msgs/share/controller_manager_msgs/cmake/controller_manager_msgs__rosidl_typesupport_introspection_cExport.cmake
[1.067s] -- Up-to-date: /home/legacy/trr_robot_ws/install/controller_manager_msgs/share/controller_manager_msgs/cmake/controller_manager_msgs__rosidl_typesupport_introspection_cExport-noconfig.cmake
[1.068s] -- Up-to-date: /home/legacy/trr_robot_ws/install/controller_manager_msgs/share/controller_manager_msgs/cmake/controller_manager_msgs__rosidl_typesupport_cExport.cmake
[1.068s] -- Up-to-date: /home/legacy/trr_robot_ws/install/controller_manager_msgs/share/controller_manager_msgs/cmake/controller_manager_msgs__rosidl_typesupport_cExport-noconfig.cmake
[1.068s] -- Up-to-date: /home/legacy/trr_robot_ws/install/controller_manager_msgs/share/controller_manager_msgs/cmake/controller_manager_msgs__rosidl_generator_cppExport.cmake
[1.068s] -- Up-to-date: /home/legacy/trr_robot_ws/install/controller_manager_msgs/share/controller_manager_msgs/cmake/controller_manager_msgs__rosidl_typesupport_introspection_cppExport.cmake
[1.069s] -- Up-to-date: /home/legacy/trr_robot_ws/install/controller_manager_msgs/share/controller_manager_msgs/cmake/controller_manager_msgs__rosidl_typesupport_introspection_cppExport-noconfig.cmake
[1.069s] -- Up-to-date: /home/legacy/trr_robot_ws/install/controller_manager_msgs/share/controller_manager_msgs/cmake/controller_manager_msgs__rosidl_typesupport_cppExport.cmake
[1.069s] -- Up-to-date: /home/legacy/trr_robot_ws/install/controller_manager_msgs/share/controller_manager_msgs/cmake/controller_manager_msgs__rosidl_typesupport_cppExport-noconfig.cmake
[1.073s] Invoked command in '/home/legacy/trr_robot_ws/build/controller_manager_msgs' returned '0': CMAKE_PREFIX_PATH=/opt/ros/foxy /usr/bin/cmake --install /home/legacy/trr_robot_ws/build/controller_manager_msgs
