[0.028s] Invoking command in '/home/legacy/trr_robot_ws/build/ros2_control_demo_hardware': AMENT_PREFIX_PATH=/home/legacy/trr_robot_ws/install/hardware_interface:${AMENT_PREFIX_PATH} CMAKE_PREFIX_PATH=/home/legacy/trr_robot_ws/install/hardware_interface:/opt/ros/foxy LD_LIBRARY_PATH=/home/legacy/trr_robot_ws/install/hardware_interface/lib:${LD_LIBRARY_PATH} /usr/bin/cmake --build /home/legacy/trr_robot_ws/build/ros2_control_demo_hardware -- -j8 -l8
[0.146s] [100%] Built target ros2_control_demo_hardware
[0.158s] Invoked command in '/home/legacy/trr_robot_ws/build/ros2_control_demo_hardware' returned '0': AMENT_PREFIX_PATH=/home/legacy/trr_robot_ws/install/hardware_interface:${AMENT_PREFIX_PATH} CMAKE_PREFIX_PATH=/home/legacy/trr_robot_ws/install/hardware_interface:/opt/ros/foxy LD_LIBRARY_PATH=/home/legacy/trr_robot_ws/install/hardware_interface/lib:${LD_LIBRARY_PATH} /usr/bin/cmake --build /home/legacy/trr_robot_ws/build/ros2_control_demo_hardware -- -j8 -l8
[0.194s] Invoking command in '/home/legacy/trr_robot_ws/build/ros2_control_demo_hardware': AMENT_PREFIX_PATH=/home/legacy/trr_robot_ws/install/hardware_interface:${AMENT_PREFIX_PATH} CMAKE_PREFIX_PATH=/home/legacy/trr_robot_ws/install/hardware_interface:/opt/ros/foxy LD_LIBRARY_PATH=/home/legacy/trr_robot_ws/install/hardware_interface/lib:${LD_LIBRARY_PATH} /usr/bin/cmake --install /home/legacy/trr_robot_ws/build/ros2_control_demo_hardware
[0.203s] -- Install configuration: ""
[0.203s] -- Execute custom install script
[0.204s] -- Up-to-date symlink: /home/legacy/trr_robot_ws/install/ros2_control_demo_hardware/share/ros2_control_demo_hardware//ros2_control_demo_hardware.xml
[0.204s] -- Up-to-date symlink: /home/legacy/trr_robot_ws/install/ros2_control_demo_hardware/lib/libros2_control_demo_hardware.so
[0.205s] -- Up-to-date symlink: /home/legacy/trr_robot_ws/install/ros2_control_demo_hardware/include/ros2_control_demo_hardware/diffbot_system.hpp
[0.206s] -- Up-to-date symlink: /home/legacy/trr_robot_ws/install/ros2_control_demo_hardware/include/ros2_control_demo_hardware/external_rrbot_force_torque_sensor.hpp
[0.206s] -- Up-to-date symlink: /home/legacy/trr_robot_ws/install/ros2_control_demo_hardware/include/ros2_control_demo_hardware/rrbot_actuator.hpp
[0.206s] -- Up-to-date symlink: /home/legacy/trr_robot_ws/install/ros2_control_demo_hardware/include/ros2_control_demo_hardware/rrbot_system_multi_interface.hpp
[0.206s] -- Up-to-date symlink: /home/legacy/trr_robot_ws/install/ros2_control_demo_hardware/include/ros2_control_demo_hardware/rrbot_system_position_only.hpp
[0.207s] -- Up-to-date symlink: /home/legacy/trr_robot_ws/install/ros2_control_demo_hardware/include/ros2_control_demo_hardware/rrbot_system_with_sensor.hpp
[0.207s] -- Up-to-date symlink: /home/legacy/trr_robot_ws/install/ros2_control_demo_hardware/include/ros2_control_demo_hardware/visibility_control.h
[0.207s] -- Up-to-date symlink: /home/legacy/trr_robot_ws/install/ros2_control_demo_hardware/share/ros2_control_demo_hardware/environment/library_path.sh
[0.208s] -- Up-to-date symlink: /home/legacy/trr_robot_ws/install/ros2_control_demo_hardware/share/ros2_control_demo_hardware/environment/library_path.dsv
[0.208s] -- Up-to-date symlink: /home/legacy/trr_robot_ws/install/ros2_control_demo_hardware/share/ament_index/resource_index/package_run_dependencies/ros2_control_demo_hardware
[0.209s] -- Up-to-date symlink: /home/legacy/trr_robot_ws/install/ros2_control_demo_hardware/share/ament_index/resource_index/parent_prefix_path/ros2_control_demo_hardware
[0.209s] -- Up-to-date symlink: /home/legacy/trr_robot_ws/install/ros2_control_demo_hardware/share/ros2_control_demo_hardware/environment/ament_prefix_path.sh
[0.209s] -- Up-to-date symlink: /home/legacy/trr_robot_ws/install/ros2_control_demo_hardware/share/ros2_control_demo_hardware/environment/ament_prefix_path.dsv
[0.210s] -- Up-to-date symlink: /home/legacy/trr_robot_ws/install/ros2_control_demo_hardware/share/ros2_control_demo_hardware/environment/path.sh
[0.210s] -- Up-to-date symlink: /home/legacy/trr_robot_ws/install/ros2_control_demo_hardware/share/ros2_control_demo_hardware/environment/path.dsv
[0.210s] -- Up-to-date symlink: /home/legacy/trr_robot_ws/install/ros2_control_demo_hardware/share/ros2_control_demo_hardware/local_setup.bash
[0.212s] -- Up-to-date symlink: /home/legacy/trr_robot_ws/install/ros2_control_demo_hardware/share/ros2_control_demo_hardware/local_setup.sh
[0.212s] -- Up-to-date symlink: /home/legacy/trr_robot_ws/install/ros2_control_demo_hardware/share/ros2_control_demo_hardware/local_setup.zsh
[0.212s] -- Up-to-date symlink: /home/legacy/trr_robot_ws/install/ros2_control_demo_hardware/share/ros2_control_demo_hardware/local_setup.dsv
[0.213s] -- Symlinking: /home/legacy/trr_robot_ws/install/ros2_control_demo_hardware/share/ros2_control_demo_hardware/package.dsv
[0.220s] -- Up-to-date symlink: /home/legacy/trr_robot_ws/install/ros2_control_demo_hardware/share/ament_index/resource_index/packages/ros2_control_demo_hardware
[0.221s] -- Up-to-date symlink: /home/legacy/trr_robot_ws/install/ros2_control_demo_hardware/share/ament_index/resource_index/hardware_interface__pluginlib__plugin/ros2_control_demo_hardware
[0.221s] -- Up-to-date symlink: /home/legacy/trr_robot_ws/install/ros2_control_demo_hardware/share/ros2_control_demo_hardware/cmake/ament_cmake_export_include_directories-extras.cmake
[0.221s] -- Up-to-date symlink: /home/legacy/trr_robot_ws/install/ros2_control_demo_hardware/share/ros2_control_demo_hardware/cmake/ament_cmake_export_libraries-extras.cmake
[0.222s] -- Up-to-date symlink: /home/legacy/trr_robot_ws/install/ros2_control_demo_hardware/share/ros2_control_demo_hardware/cmake/ament_cmake_export_dependencies-extras.cmake
[0.222s] -- Up-to-date symlink: /home/legacy/trr_robot_ws/install/ros2_control_demo_hardware/share/ros2_control_demo_hardware/cmake/ros2_control_demo_hardwareConfig.cmake
[0.222s] -- Up-to-date symlink: /home/legacy/trr_robot_ws/install/ros2_control_demo_hardware/share/ros2_control_demo_hardware/cmake/ros2_control_demo_hardwareConfig-version.cmake
[0.223s] -- Up-to-date symlink: /home/legacy/trr_robot_ws/install/ros2_control_demo_hardware/share/ros2_control_demo_hardware/package.xml
[0.226s] Invoked command in '/home/legacy/trr_robot_ws/build/ros2_control_demo_hardware' returned '0': AMENT_PREFIX_PATH=/home/legacy/trr_robot_ws/install/hardware_interface:${AMENT_PREFIX_PATH} CMAKE_PREFIX_PATH=/home/legacy/trr_robot_ws/install/hardware_interface:/opt/ros/foxy LD_LIBRARY_PATH=/home/legacy/trr_robot_ws/install/hardware_interface/lib:${LD_LIBRARY_PATH} /usr/bin/cmake --install /home/legacy/trr_robot_ws/build/ros2_control_demo_hardware
