[0.249s] Invoking command in '/home/legacy/trr_robot_ws/build/robot': PYTHONPATH=/home/legacy/trr_robot_ws/install/robot/lib/python3.8/site-packages:${PYTHONPATH} /usr/bin/python3 setup.py develop --prefix /home/legacy/trr_robot_ws/install/robot --uninstall --editable --build-directory /home/legacy/trr_robot_ws/build/robot/build
[0.479s] running develop
[0.641s] Invoked command in '/home/legacy/trr_robot_ws/build/robot' returned '0': PYTHONPATH=/home/legacy/trr_robot_ws/install/robot/lib/python3.8/site-packages:${PYTHONPATH} /usr/bin/python3 setup.py develop --prefix /home/legacy/trr_robot_ws/install/robot --uninstall --editable --build-directory /home/legacy/trr_robot_ws/build/robot/build
[0.642s] Invoking command in '/home/legacy/trr_robot_ws/src/robot': PYTHONPATH=/home/legacy/trr_robot_ws/install/robot/lib/python3.8/site-packages:${PYTHONPATH} /usr/bin/python3 setup.py egg_info --egg-base ../../build/robot build --build-base /home/legacy/trr_robot_ws/build/robot/build install --prefix /home/legacy/trr_robot_ws/install/robot --record /home/legacy/trr_robot_ws/build/robot/install.log --single-version-externally-managed
[0.833s] running egg_info
[0.833s] writing ../../build/robot/robot.egg-info/PKG-INFO
[0.833s] writing dependency_links to ../../build/robot/robot.egg-info/dependency_links.txt
[0.833s] writing entry points to ../../build/robot/robot.egg-info/entry_points.txt
[0.834s] writing requirements to ../../build/robot/robot.egg-info/requires.txt
[0.834s] writing top-level names to ../../build/robot/robot.egg-info/top_level.txt
[0.865s] reading manifest file '../../build/robot/robot.egg-info/SOURCES.txt'
[0.866s] writing manifest file '../../build/robot/robot.egg-info/SOURCES.txt'
[0.866s] running build
[0.866s] running build_py
[0.866s] running install
[0.866s] running install_lib
[0.868s] running install_data
[0.868s] copying launch/gazebo_robot.launch.py -> /home/legacy/trr_robot_ws/install/robot/share/robot
[0.868s] running install_egg_info
[0.870s] removing '/home/legacy/trr_robot_ws/install/robot/lib/python3.8/site-packages/robot-0.0.0-py3.8.egg-info' (and everything under it)
[0.870s] Copying ../../build/robot/robot.egg-info to /home/legacy/trr_robot_ws/install/robot/lib/python3.8/site-packages/robot-0.0.0-py3.8.egg-info
[0.871s] running install_scripts
[0.885s] Installing move_joints_gazebo script to /home/legacy/trr_robot_ws/install/robot/lib/robot
[0.885s] Installing state_publisher script to /home/legacy/trr_robot_ws/install/robot/lib/robot
[0.886s] writing list of installed files to '/home/legacy/trr_robot_ws/build/robot/install.log'
[0.903s] Invoked command in '/home/legacy/trr_robot_ws/src/robot' returned '0': PYTHONPATH=/home/legacy/trr_robot_ws/install/robot/lib/python3.8/site-packages:${PYTHONPATH} /usr/bin/python3 setup.py egg_info --egg-base ../../build/robot build --build-base /home/legacy/trr_robot_ws/build/robot/build install --prefix /home/legacy/trr_robot_ws/install/robot --record /home/legacy/trr_robot_ws/build/robot/install.log --single-version-externally-managed
