[0.025s] Invoking command in '/home/legacy/trr_robot_ws/build/controller_interface': CMAKE_PREFIX_PATH=/home/legacy/trr_robot_ws/install/hardware_interface:/home/legacy/trr_robot_ws/install/rrbot_description:/home/legacy/trr_robot_ws/install/ros2_control_test_assets:/home/legacy/trr_robot_ws/install/ros2_control_demo_hardware:/home/legacy/trr_robot_ws/install/controller_interface:/home/legacy/trr_robot_ws/install/diffbot_description:/home/legacy/trr_robot_ws/install/controller_manager_msgs:/home/legacy/trr_robot_ws/install/ros2controlcli:/home/legacy/trr_robot_ws/install/ros2_control_test_nodes:/home/legacy/trr_robot_ws/install/robot:/opt/ros/foxy LD_LIBRARY_PATH=/home/legacy/trr_robot_ws/install/hardware_interface/lib:/home/legacy/trr_robot_ws/install/ros2_control_demo_hardware/lib:/home/legacy/trr_robot_ws/install/controller_interface/lib:/home/legacy/trr_robot_ws/install/controller_manager_msgs/lib:/usr/lib/x86_64-linux-gnu/gazebo-11/plugins:/opt/ros/foxy/opt/yaml_cpp_vendor/lib:/opt/ros/foxy/opt/rviz_ogre_vendor/lib:/opt/ros/foxy/lib/x86_64-linux-gnu:/opt/ros/foxy/lib /usr/bin/cmake /home/legacy/trr_robot_ws/src/ros2_control/controller_interface -DCMAKE_INSTALL_PREFIX=/home/legacy/trr_robot_ws/install/controller_interface
[0.041s] -- Found ament_cmake: 0.9.8 (/opt/ros/foxy/share/ament_cmake/cmake)
[0.076s] -- Using PYTHON_EXECUTABLE: /usr/bin/python3
[0.306s] -- Override CMake install command with custom implementation using symlinks instead of copying resources
[0.314s] -- Found hardware_interface: 1.2.0 (/home/legacy/trr_robot_ws/install/hardware_interface/share/hardware_interface/cmake)
[0.345s] -- Using all available rosidl_typesupport_c: rosidl_typesupport_fastrtps_c;rosidl_typesupport_introspection_c
[0.349s] -- Found rosidl_adapter: 1.2.1 (/opt/ros/foxy/share/rosidl_adapter/cmake)
[0.497s] -- Using all available rosidl_typesupport_cpp: rosidl_typesupport_fastrtps_cpp;rosidl_typesupport_introspection_cpp
[1.097s] -- Found rclcpp_lifecycle: 2.3.1 (/opt/ros/foxy/share/rclcpp_lifecycle/cmake)
[1.142s] -- Found rmw_implementation_cmake: 1.0.3 (/opt/ros/foxy/share/rmw_implementation_cmake/cmake)
[1.144s] -- Using RMW implementation 'rmw_fastrtps_cpp' as default
[1.350s] -- Found ament_cmake_gmock: 0.9.8 (/opt/ros/foxy/share/ament_cmake_gmock/cmake)
[1.351s] -- Found ament_lint_auto: 0.9.6 (/opt/ros/foxy/share/ament_lint_auto/cmake)
[1.352s] -- Found sensor_msgs: 2.0.4 (/opt/ros/foxy/share/sensor_msgs/cmake)
[1.536s] -- Found gmock sources under '/opt/ros/foxy/src/gmock_vendor': C++ tests using 'Google Mock' will be built
[1.538s] -- Found ament_cmake_gtest: 0.9.8 (/opt/ros/foxy/share/ament_cmake_gtest/cmake)
[1.539s] -- Found gtest sources under '/opt/ros/foxy/src/gtest_vendor': C++ tests using 'Google Test' will be built
[1.594s] -- Added test 'copyright' to check source files copyright and LICENSE
[1.596s] -- Added test 'cppcheck' to perform static code analysis on C / C++ code
[1.597s] -- Configured cppcheck include dirs: /home/legacy/trr_robot_ws/src/ros2_control/controller_interface/include
[1.597s] -- Configured cppcheck exclude dirs and/or files: 
[1.598s] -- Added test 'lint_cmake' to check CMake code style
[1.598s] -- Added test 'xmllint' to check XML markup files
[1.605s] -- Configuring done
[1.704s] -- Generating done
[1.707s] -- Build files have been written to: /home/legacy/trr_robot_ws/build/controller_interface
[1.720s] Invoked command in '/home/legacy/trr_robot_ws/build/controller_interface' returned '0': CMAKE_PREFIX_PATH=/home/legacy/trr_robot_ws/install/hardware_interface:/home/legacy/trr_robot_ws/install/rrbot_description:/home/legacy/trr_robot_ws/install/ros2_control_test_assets:/home/legacy/trr_robot_ws/install/ros2_control_demo_hardware:/home/legacy/trr_robot_ws/install/controller_interface:/home/legacy/trr_robot_ws/install/diffbot_description:/home/legacy/trr_robot_ws/install/controller_manager_msgs:/home/legacy/trr_robot_ws/install/ros2controlcli:/home/legacy/trr_robot_ws/install/ros2_control_test_nodes:/home/legacy/trr_robot_ws/install/robot:/opt/ros/foxy LD_LIBRARY_PATH=/home/legacy/trr_robot_ws/install/hardware_interface/lib:/home/legacy/trr_robot_ws/install/ros2_control_demo_hardware/lib:/home/legacy/trr_robot_ws/install/controller_interface/lib:/home/legacy/trr_robot_ws/install/controller_manager_msgs/lib:/usr/lib/x86_64-linux-gnu/gazebo-11/plugins:/opt/ros/foxy/opt/yaml_cpp_vendor/lib:/opt/ros/foxy/opt/rviz_ogre_vendor/lib:/opt/ros/foxy/lib/x86_64-linux-gnu:/opt/ros/foxy/lib /usr/bin/cmake /home/legacy/trr_robot_ws/src/ros2_control/controller_interface -DCMAKE_INSTALL_PREFIX=/home/legacy/trr_robot_ws/install/controller_interface
[1.722s] Invoking command in '/home/legacy/trr_robot_ws/build/controller_interface': CMAKE_PREFIX_PATH=/home/legacy/trr_robot_ws/install/hardware_interface:/home/legacy/trr_robot_ws/install/rrbot_description:/home/legacy/trr_robot_ws/install/ros2_control_test_assets:/home/legacy/trr_robot_ws/install/ros2_control_demo_hardware:/home/legacy/trr_robot_ws/install/controller_interface:/home/legacy/trr_robot_ws/install/diffbot_description:/home/legacy/trr_robot_ws/install/controller_manager_msgs:/home/legacy/trr_robot_ws/install/ros2controlcli:/home/legacy/trr_robot_ws/install/ros2_control_test_nodes:/home/legacy/trr_robot_ws/install/robot:/opt/ros/foxy LD_LIBRARY_PATH=/home/legacy/trr_robot_ws/install/hardware_interface/lib:/home/legacy/trr_robot_ws/install/ros2_control_demo_hardware/lib:/home/legacy/trr_robot_ws/install/controller_interface/lib:/home/legacy/trr_robot_ws/install/controller_manager_msgs/lib:/usr/lib/x86_64-linux-gnu/gazebo-11/plugins:/opt/ros/foxy/opt/yaml_cpp_vendor/lib:/opt/ros/foxy/opt/rviz_ogre_vendor/lib:/opt/ros/foxy/lib/x86_64-linux-gnu:/opt/ros/foxy/lib /usr/bin/cmake --build /home/legacy/trr_robot_ws/build/controller_interface -- -j8 -l8
[1.792s] [ 20%] Built target gmock
[1.793s] [ 33%] Built target gmock_main
[1.818s] [ 46%] Built target controller_interface
[1.836s] [ 60%] Built target test_imu_sensor
[1.836s] [ 73%] Built target test_semantic_component_interface
[1.840s] [ 86%] Built target test_force_torque_sensor
[1.861s] [100%] Built target test_controller_with_options
[1.873s] Invoked command in '/home/legacy/trr_robot_ws/build/controller_interface' returned '0': CMAKE_PREFIX_PATH=/home/legacy/trr_robot_ws/install/hardware_interface:/home/legacy/trr_robot_ws/install/rrbot_description:/home/legacy/trr_robot_ws/install/ros2_control_test_assets:/home/legacy/trr_robot_ws/install/ros2_control_demo_hardware:/home/legacy/trr_robot_ws/install/controller_interface:/home/legacy/trr_robot_ws/install/diffbot_description:/home/legacy/trr_robot_ws/install/controller_manager_msgs:/home/legacy/trr_robot_ws/install/ros2controlcli:/home/legacy/trr_robot_ws/install/ros2_control_test_nodes:/home/legacy/trr_robot_ws/install/robot:/opt/ros/foxy LD_LIBRARY_PATH=/home/legacy/trr_robot_ws/install/hardware_interface/lib:/home/legacy/trr_robot_ws/install/ros2_control_demo_hardware/lib:/home/legacy/trr_robot_ws/install/controller_interface/lib:/home/legacy/trr_robot_ws/install/controller_manager_msgs/lib:/usr/lib/x86_64-linux-gnu/gazebo-11/plugins:/opt/ros/foxy/opt/yaml_cpp_vendor/lib:/opt/ros/foxy/opt/rviz_ogre_vendor/lib:/opt/ros/foxy/lib/x86_64-linux-gnu:/opt/ros/foxy/lib /usr/bin/cmake --build /home/legacy/trr_robot_ws/build/controller_interface -- -j8 -l8
[1.916s] Invoking command in '/home/legacy/trr_robot_ws/build/controller_interface': CMAKE_PREFIX_PATH=/home/legacy/trr_robot_ws/install/hardware_interface:/home/legacy/trr_robot_ws/install/rrbot_description:/home/legacy/trr_robot_ws/install/ros2_control_test_assets:/home/legacy/trr_robot_ws/install/ros2_control_demo_hardware:/home/legacy/trr_robot_ws/install/controller_interface:/home/legacy/trr_robot_ws/install/diffbot_description:/home/legacy/trr_robot_ws/install/controller_manager_msgs:/home/legacy/trr_robot_ws/install/ros2controlcli:/home/legacy/trr_robot_ws/install/ros2_control_test_nodes:/home/legacy/trr_robot_ws/install/robot:/opt/ros/foxy LD_LIBRARY_PATH=/home/legacy/trr_robot_ws/install/hardware_interface/lib:/home/legacy/trr_robot_ws/install/ros2_control_demo_hardware/lib:/home/legacy/trr_robot_ws/install/controller_interface/lib:/home/legacy/trr_robot_ws/install/controller_manager_msgs/lib:/usr/lib/x86_64-linux-gnu/gazebo-11/plugins:/opt/ros/foxy/opt/yaml_cpp_vendor/lib:/opt/ros/foxy/opt/rviz_ogre_vendor/lib:/opt/ros/foxy/lib/x86_64-linux-gnu:/opt/ros/foxy/lib /usr/bin/cmake --install /home/legacy/trr_robot_ws/build/controller_interface
[1.925s] -- Install configuration: ""
[1.925s] -- Execute custom install script
[1.926s] -- Up-to-date symlink: /home/legacy/trr_robot_ws/install/controller_interface/include/controller_interface/controller_interface.hpp
[1.926s] -- Up-to-date symlink: /home/legacy/trr_robot_ws/install/controller_interface/include/controller_interface/helpers.hpp
[1.927s] -- Up-to-date symlink: /home/legacy/trr_robot_ws/install/controller_interface/include/controller_interface/visibility_control.h
[1.927s] -- Up-to-date symlink: /home/legacy/trr_robot_ws/install/controller_interface/include/semantic_components/force_torque_sensor.hpp
[1.927s] -- Up-to-date symlink: /home/legacy/trr_robot_ws/install/controller_interface/include/semantic_components/imu_sensor.hpp
[1.927s] -- Up-to-date symlink: /home/legacy/trr_robot_ws/install/controller_interface/include/semantic_components/semantic_component_interface.hpp
[1.928s] -- Up-to-date symlink: /home/legacy/trr_robot_ws/install/controller_interface/lib/libcontroller_interface.so
[1.928s] -- Up-to-date symlink: /home/legacy/trr_robot_ws/install/controller_interface/share/controller_interface/environment/library_path.sh
[1.929s] -- Up-to-date symlink: /home/legacy/trr_robot_ws/install/controller_interface/share/controller_interface/environment/library_path.dsv
[1.929s] -- Up-to-date symlink: /home/legacy/trr_robot_ws/install/controller_interface/share/ament_index/resource_index/package_run_dependencies/controller_interface
[1.929s] -- Up-to-date symlink: /home/legacy/trr_robot_ws/install/controller_interface/share/ament_index/resource_index/parent_prefix_path/controller_interface
[1.930s] -- Up-to-date symlink: /home/legacy/trr_robot_ws/install/controller_interface/share/controller_interface/environment/ament_prefix_path.sh
[1.930s] -- Up-to-date symlink: /home/legacy/trr_robot_ws/install/controller_interface/share/controller_interface/environment/ament_prefix_path.dsv
[1.931s] -- Up-to-date symlink: /home/legacy/trr_robot_ws/install/controller_interface/share/controller_interface/environment/path.sh
[1.931s] -- Up-to-date symlink: /home/legacy/trr_robot_ws/install/controller_interface/share/controller_interface/environment/path.dsv
[1.932s] -- Up-to-date symlink: /home/legacy/trr_robot_ws/install/controller_interface/share/controller_interface/local_setup.bash
[1.932s] -- Up-to-date symlink: /home/legacy/trr_robot_ws/install/controller_interface/share/controller_interface/local_setup.sh
[1.932s] -- Up-to-date symlink: /home/legacy/trr_robot_ws/install/controller_interface/share/controller_interface/local_setup.zsh
[1.933s] -- Up-to-date symlink: /home/legacy/trr_robot_ws/install/controller_interface/share/controller_interface/local_setup.dsv
[1.933s] -- Symlinking: /home/legacy/trr_robot_ws/install/controller_interface/share/controller_interface/package.dsv
[1.943s] -- Up-to-date symlink: /home/legacy/trr_robot_ws/install/controller_interface/share/ament_index/resource_index/packages/controller_interface
[1.943s] -- Up-to-date symlink: /home/legacy/trr_robot_ws/install/controller_interface/share/controller_interface/cmake/ament_cmake_export_dependencies-extras.cmake
[1.943s] -- Up-to-date symlink: /home/legacy/trr_robot_ws/install/controller_interface/share/controller_interface/cmake/ament_cmake_export_include_directories-extras.cmake
[1.944s] -- Up-to-date symlink: /home/legacy/trr_robot_ws/install/controller_interface/share/controller_interface/cmake/ament_cmake_export_libraries-extras.cmake
[1.944s] -- Up-to-date symlink: /home/legacy/trr_robot_ws/install/controller_interface/share/controller_interface/cmake/controller_interfaceConfig.cmake
[1.944s] -- Up-to-date symlink: /home/legacy/trr_robot_ws/install/controller_interface/share/controller_interface/cmake/controller_interfaceConfig-version.cmake
[1.944s] -- Up-to-date symlink: /home/legacy/trr_robot_ws/install/controller_interface/share/controller_interface/package.xml
[1.948s] Invoked command in '/home/legacy/trr_robot_ws/build/controller_interface' returned '0': CMAKE_PREFIX_PATH=/home/legacy/trr_robot_ws/install/hardware_interface:/home/legacy/trr_robot_ws/install/rrbot_description:/home/legacy/trr_robot_ws/install/ros2_control_test_assets:/home/legacy/trr_robot_ws/install/ros2_control_demo_hardware:/home/legacy/trr_robot_ws/install/controller_interface:/home/legacy/trr_robot_ws/install/diffbot_description:/home/legacy/trr_robot_ws/install/controller_manager_msgs:/home/legacy/trr_robot_ws/install/ros2controlcli:/home/legacy/trr_robot_ws/install/ros2_control_test_nodes:/home/legacy/trr_robot_ws/install/robot:/opt/ros/foxy LD_LIBRARY_PATH=/home/legacy/trr_robot_ws/install/hardware_interface/lib:/home/legacy/trr_robot_ws/install/ros2_control_demo_hardware/lib:/home/legacy/trr_robot_ws/install/controller_interface/lib:/home/legacy/trr_robot_ws/install/controller_manager_msgs/lib:/usr/lib/x86_64-linux-gnu/gazebo-11/plugins:/opt/ros/foxy/opt/yaml_cpp_vendor/lib:/opt/ros/foxy/opt/rviz_ogre_vendor/lib:/opt/ros/foxy/lib/x86_64-linux-gnu:/opt/ros/foxy/lib /usr/bin/cmake --install /home/legacy/trr_robot_ws/build/controller_interface
