[0.027s] Invoking command in '/home/legacy/trr_robot_ws/build/hardware_interface': CMAKE_PREFIX_PATH=/home/legacy/trr_robot_ws/install/ros2_control_test_assets:/home/legacy/trr_robot_ws/install/rrbot_description:/home/legacy/trr_robot_ws/install/ros2_control_demo_hardware:/home/legacy/trr_robot_ws/install/controller_interface:/home/legacy/trr_robot_ws/install/hardware_interface:/home/legacy/trr_robot_ws/install/diffbot_description:/home/legacy/trr_robot_ws/install/controller_manager_msgs:/home/legacy/trr_robot_ws/install/ros2controlcli:/home/legacy/trr_robot_ws/install/ros2_control_test_nodes:/home/legacy/trr_robot_ws/install/robot:/opt/ros/foxy /usr/bin/cmake /home/legacy/trr_robot_ws/src/ros2_control/hardware_interface -DCMAKE_INSTALL_PREFIX=/home/legacy/trr_robot_ws/install/hardware_interface
[0.050s] -- Found ament_cmake: 0.9.8 (/opt/ros/foxy/share/ament_cmake/cmake)
[0.087s] -- Using PYTHON_EXECUTABLE: /usr/bin/python3
[0.335s] -- Override CMake install command with custom implementation using symlinks instead of copying resources
[0.347s] -- Found control_msgs: 2.5.1 (/opt/ros/foxy/share/control_msgs/cmake)
[0.382s] -- Using all available rosidl_typesupport_c: rosidl_typesupport_fastrtps_c;rosidl_typesupport_introspection_c
[0.387s] -- Found rosidl_adapter: 1.2.1 (/opt/ros/foxy/share/rosidl_adapter/cmake)
[0.565s] -- Using all available rosidl_typesupport_cpp: rosidl_typesupport_fastrtps_cpp;rosidl_typesupport_introspection_cpp
[1.152s] -- Found pluginlib: 2.5.3 (/opt/ros/foxy/share/pluginlib/cmake)
[1.179s] -- Found rclcpp_lifecycle: 2.3.1 (/opt/ros/foxy/share/rclcpp_lifecycle/cmake)
[1.223s] -- Found rmw_implementation_cmake: 1.0.3 (/opt/ros/foxy/share/rmw_implementation_cmake/cmake)
[1.225s] -- Using RMW implementation 'rmw_fastrtps_cpp' as default
[1.432s] -- Found ament_lint_auto: 0.9.6 (/opt/ros/foxy/share/ament_lint_auto/cmake)
[1.507s] -- Found gmock sources under '/opt/ros/foxy/src/gmock_vendor': C++ tests using 'Google Mock' will be built
[1.509s] -- Found ament_cmake_gtest: 0.9.8 (/opt/ros/foxy/share/ament_cmake_gtest/cmake)
[1.510s] -- Found gtest sources under '/opt/ros/foxy/src/gtest_vendor': C++ tests using 'Google Test' will be built
[1.533s] -- Added test 'copyright' to check source files copyright and LICENSE
[1.536s] -- Added test 'cppcheck' to perform static code analysis on C / C++ code
[1.536s] -- Configured cppcheck include dirs: /home/legacy/trr_robot_ws/src/ros2_control/hardware_interface/include
[1.537s] -- Configured cppcheck exclude dirs and/or files: 
[1.538s] -- Added test 'lint_cmake' to check CMake code style
[1.539s] -- Added test 'xmllint' to check XML markup files
[1.545s] -- Configuring done
[1.613s] -- Generating done
[1.617s] -- Build files have been written to: /home/legacy/trr_robot_ws/build/hardware_interface
[1.626s] Invoked command in '/home/legacy/trr_robot_ws/build/hardware_interface' returned '0': CMAKE_PREFIX_PATH=/home/legacy/trr_robot_ws/install/ros2_control_test_assets:/home/legacy/trr_robot_ws/install/rrbot_description:/home/legacy/trr_robot_ws/install/ros2_control_demo_hardware:/home/legacy/trr_robot_ws/install/controller_interface:/home/legacy/trr_robot_ws/install/hardware_interface:/home/legacy/trr_robot_ws/install/diffbot_description:/home/legacy/trr_robot_ws/install/controller_manager_msgs:/home/legacy/trr_robot_ws/install/ros2controlcli:/home/legacy/trr_robot_ws/install/ros2_control_test_nodes:/home/legacy/trr_robot_ws/install/robot:/opt/ros/foxy /usr/bin/cmake /home/legacy/trr_robot_ws/src/ros2_control/hardware_interface -DCMAKE_INSTALL_PREFIX=/home/legacy/trr_robot_ws/install/hardware_interface
[1.629s] Invoking command in '/home/legacy/trr_robot_ws/build/hardware_interface': CMAKE_PREFIX_PATH=/home/legacy/trr_robot_ws/install/ros2_control_test_assets:/home/legacy/trr_robot_ws/install/rrbot_description:/home/legacy/trr_robot_ws/install/ros2_control_demo_hardware:/home/legacy/trr_robot_ws/install/controller_interface:/home/legacy/trr_robot_ws/install/hardware_interface:/home/legacy/trr_robot_ws/install/diffbot_description:/home/legacy/trr_robot_ws/install/controller_manager_msgs:/home/legacy/trr_robot_ws/install/ros2controlcli:/home/legacy/trr_robot_ws/install/ros2_control_test_nodes:/home/legacy/trr_robot_ws/install/robot:/opt/ros/foxy /usr/bin/cmake --build /home/legacy/trr_robot_ws/build/hardware_interface -- -j8 -l8
[1.689s] [ 14%] Built target gmock_main
[1.690s] [ 14%] Built target gmock
[1.700s] [ 32%] Built target hardware_interface
[1.731s] [ 38%] Built target test_macros
[1.749s] [ 44%] Built target test_joint_handle
[1.750s] [ 50%] Built target test_component_parser
[1.750s] [ 55%] Built target fake_components
[1.758s] [ 61%] Built target test_generic_system
[1.758s] [ 67%] Built target test_component_interfaces
[1.761s] [ 82%] Built target test_hardware_components
[1.766s] [ 94%] Built target test_components
[1.778s] [100%] Built target test_resource_manager
[1.791s] Invoked command in '/home/legacy/trr_robot_ws/build/hardware_interface' returned '0': CMAKE_PREFIX_PATH=/home/legacy/trr_robot_ws/install/ros2_control_test_assets:/home/legacy/trr_robot_ws/install/rrbot_description:/home/legacy/trr_robot_ws/install/ros2_control_demo_hardware:/home/legacy/trr_robot_ws/install/controller_interface:/home/legacy/trr_robot_ws/install/hardware_interface:/home/legacy/trr_robot_ws/install/diffbot_description:/home/legacy/trr_robot_ws/install/controller_manager_msgs:/home/legacy/trr_robot_ws/install/ros2controlcli:/home/legacy/trr_robot_ws/install/ros2_control_test_nodes:/home/legacy/trr_robot_ws/install/robot:/opt/ros/foxy /usr/bin/cmake --build /home/legacy/trr_robot_ws/build/hardware_interface -- -j8 -l8
[1.854s] Invoking command in '/home/legacy/trr_robot_ws/build/hardware_interface': CMAKE_PREFIX_PATH=/home/legacy/trr_robot_ws/install/ros2_control_test_assets:/home/legacy/trr_robot_ws/install/rrbot_description:/home/legacy/trr_robot_ws/install/ros2_control_demo_hardware:/home/legacy/trr_robot_ws/install/controller_interface:/home/legacy/trr_robot_ws/install/hardware_interface:/home/legacy/trr_robot_ws/install/diffbot_description:/home/legacy/trr_robot_ws/install/controller_manager_msgs:/home/legacy/trr_robot_ws/install/ros2controlcli:/home/legacy/trr_robot_ws/install/ros2_control_test_nodes:/home/legacy/trr_robot_ws/install/robot:/opt/ros/foxy /usr/bin/cmake --install /home/legacy/trr_robot_ws/build/hardware_interface
[1.862s] -- Install configuration: ""
[1.862s] -- Execute custom install script
[1.863s] -- Up-to-date symlink: /home/legacy/trr_robot_ws/install/hardware_interface/share/hardware_interface//fake_components_plugin_description.xml
[1.863s] -- Up-to-date symlink: /home/legacy/trr_robot_ws/install/hardware_interface/include/fake_components/generic_system.hpp
[1.863s] -- Up-to-date symlink: /home/legacy/trr_robot_ws/install/hardware_interface/include/fake_components/visibility_control.h
[1.863s] -- Up-to-date symlink: /home/legacy/trr_robot_ws/install/hardware_interface/include/hardware_interface/actuator.hpp
[1.864s] -- Up-to-date symlink: /home/legacy/trr_robot_ws/install/hardware_interface/include/hardware_interface/actuator_interface.hpp
[1.864s] -- Up-to-date symlink: /home/legacy/trr_robot_ws/install/hardware_interface/include/hardware_interface/component_parser.hpp
[1.864s] -- Up-to-date symlink: /home/legacy/trr_robot_ws/install/hardware_interface/include/hardware_interface/controller_info.hpp
[1.864s] -- Up-to-date symlink: /home/legacy/trr_robot_ws/install/hardware_interface/include/hardware_interface/handle.hpp
[1.864s] -- Up-to-date symlink: /home/legacy/trr_robot_ws/install/hardware_interface/include/hardware_interface/hardware_info.hpp
[1.865s] -- Up-to-date symlink: /home/legacy/trr_robot_ws/install/hardware_interface/include/hardware_interface/loaned_command_interface.hpp
[1.865s] -- Up-to-date symlink: /home/legacy/trr_robot_ws/install/hardware_interface/include/hardware_interface/loaned_state_interface.hpp
[1.865s] -- Up-to-date symlink: /home/legacy/trr_robot_ws/install/hardware_interface/include/hardware_interface/macros.hpp
[1.865s] -- Up-to-date symlink: /home/legacy/trr_robot_ws/install/hardware_interface/include/hardware_interface/resource_manager.hpp
[1.865s] -- Up-to-date symlink: /home/legacy/trr_robot_ws/install/hardware_interface/include/hardware_interface/sensor.hpp
[1.865s] -- Up-to-date symlink: /home/legacy/trr_robot_ws/install/hardware_interface/include/hardware_interface/sensor_interface.hpp
[1.865s] -- Up-to-date symlink: /home/legacy/trr_robot_ws/install/hardware_interface/include/hardware_interface/system.hpp
[1.866s] -- Up-to-date symlink: /home/legacy/trr_robot_ws/install/hardware_interface/include/hardware_interface/system_interface.hpp
[1.866s] -- Up-to-date symlink: /home/legacy/trr_robot_ws/install/hardware_interface/include/hardware_interface/types/hardware_interface_return_values.hpp
[1.866s] -- Up-to-date symlink: /home/legacy/trr_robot_ws/install/hardware_interface/include/hardware_interface/types/hardware_interface_type_values.hpp
[1.866s] -- Up-to-date symlink: /home/legacy/trr_robot_ws/install/hardware_interface/include/hardware_interface/types/lifecycle_state_names.hpp
[1.866s] -- Up-to-date symlink: /home/legacy/trr_robot_ws/install/hardware_interface/include/hardware_interface/visibility_control.h
[1.867s] -- Up-to-date symlink: /home/legacy/trr_robot_ws/install/hardware_interface/lib/libfake_components.so
[1.867s] -- Up-to-date symlink: /home/legacy/trr_robot_ws/install/hardware_interface/lib/libhardware_interface.so
[1.867s] -- Up-to-date symlink: /home/legacy/trr_robot_ws/install/hardware_interface/lib/libtest_components.so
[1.868s] -- Up-to-date symlink: /home/legacy/trr_robot_ws/install/hardware_interface/share/hardware_interface/test/test_components/test_components.xml
[1.868s] -- Up-to-date symlink: /home/legacy/trr_robot_ws/install/hardware_interface/lib/libtest_hardware_components.so
[1.868s] -- Up-to-date symlink: /home/legacy/trr_robot_ws/install/hardware_interface/share/hardware_interface/test/test_hardware_components/test_hardware_components.xml
[1.869s] -- Up-to-date symlink: /home/legacy/trr_robot_ws/install/hardware_interface/share/hardware_interface/environment/library_path.sh
[1.869s] -- Up-to-date symlink: /home/legacy/trr_robot_ws/install/hardware_interface/share/hardware_interface/environment/library_path.dsv
[1.869s] -- Up-to-date symlink: /home/legacy/trr_robot_ws/install/hardware_interface/share/ament_index/resource_index/package_run_dependencies/hardware_interface
[1.869s] -- Up-to-date symlink: /home/legacy/trr_robot_ws/install/hardware_interface/share/ament_index/resource_index/parent_prefix_path/hardware_interface
[1.870s] -- Up-to-date symlink: /home/legacy/trr_robot_ws/install/hardware_interface/share/hardware_interface/environment/ament_prefix_path.sh
[1.870s] -- Up-to-date symlink: /home/legacy/trr_robot_ws/install/hardware_interface/share/hardware_interface/environment/ament_prefix_path.dsv
[1.870s] -- Up-to-date symlink: /home/legacy/trr_robot_ws/install/hardware_interface/share/hardware_interface/environment/path.sh
[1.870s] -- Up-to-date symlink: /home/legacy/trr_robot_ws/install/hardware_interface/share/hardware_interface/environment/path.dsv
[1.871s] -- Up-to-date symlink: /home/legacy/trr_robot_ws/install/hardware_interface/share/hardware_interface/local_setup.bash
[1.871s] -- Up-to-date symlink: /home/legacy/trr_robot_ws/install/hardware_interface/share/hardware_interface/local_setup.sh
[1.871s] -- Up-to-date symlink: /home/legacy/trr_robot_ws/install/hardware_interface/share/hardware_interface/local_setup.zsh
[1.871s] -- Up-to-date symlink: /home/legacy/trr_robot_ws/install/hardware_interface/share/hardware_interface/local_setup.dsv
[1.871s] -- Symlinking: /home/legacy/trr_robot_ws/install/hardware_interface/share/hardware_interface/package.dsv
[1.881s] -- Up-to-date symlink: /home/legacy/trr_robot_ws/install/hardware_interface/share/ament_index/resource_index/packages/hardware_interface
[1.881s] -- Up-to-date symlink: /home/legacy/trr_robot_ws/install/hardware_interface/share/ament_index/resource_index/hardware_interface__pluginlib__plugin/hardware_interface
[1.881s] -- Up-to-date symlink: /home/legacy/trr_robot_ws/install/hardware_interface/share/hardware_interface/cmake/ament_cmake_export_include_directories-extras.cmake
[1.882s] -- Up-to-date symlink: /home/legacy/trr_robot_ws/install/hardware_interface/share/hardware_interface/cmake/ament_cmake_export_libraries-extras.cmake
[1.882s] -- Up-to-date symlink: /home/legacy/trr_robot_ws/install/hardware_interface/share/hardware_interface/cmake/ament_cmake_export_dependencies-extras.cmake
[1.882s] -- Up-to-date symlink: /home/legacy/trr_robot_ws/install/hardware_interface/share/hardware_interface/cmake/hardware_interfaceConfig.cmake
[1.882s] -- Up-to-date symlink: /home/legacy/trr_robot_ws/install/hardware_interface/share/hardware_interface/cmake/hardware_interfaceConfig-version.cmake
[1.883s] -- Up-to-date symlink: /home/legacy/trr_robot_ws/install/hardware_interface/share/hardware_interface/package.xml
[1.886s] Invoked command in '/home/legacy/trr_robot_ws/build/hardware_interface' returned '0': CMAKE_PREFIX_PATH=/home/legacy/trr_robot_ws/install/ros2_control_test_assets:/home/legacy/trr_robot_ws/install/rrbot_description:/home/legacy/trr_robot_ws/install/ros2_control_demo_hardware:/home/legacy/trr_robot_ws/install/controller_interface:/home/legacy/trr_robot_ws/install/hardware_interface:/home/legacy/trr_robot_ws/install/diffbot_description:/home/legacy/trr_robot_ws/install/controller_manager_msgs:/home/legacy/trr_robot_ws/install/ros2controlcli:/home/legacy/trr_robot_ws/install/ros2_control_test_nodes:/home/legacy/trr_robot_ws/install/robot:/opt/ros/foxy /usr/bin/cmake --install /home/legacy/trr_robot_ws/build/hardware_interface
