[0.204s] Invoking command in '/home/legacy/trr_robot_ws/src/robot': PYTHONPATH=/home/legacy/trr_robot_ws/install/robot/lib/python3.8/site-packages:${PYTHONPATH} /usr/bin/python3 setup.py egg_info --egg-base ../../build/robot build --build-base /home/legacy/trr_robot_ws/build/robot/build install --prefix /home/legacy/trr_robot_ws/install/robot --record /home/legacy/trr_robot_ws/build/robot/install.log --single-version-externally-managed
[0.381s] running egg_info
[0.381s] writing ../../build/robot/robot.egg-info/PKG-INFO
[0.381s] writing dependency_links to ../../build/robot/robot.egg-info/dependency_links.txt
[0.382s] writing entry points to ../../build/robot/robot.egg-info/entry_points.txt
[0.382s] writing requirements to ../../build/robot/robot.egg-info/requires.txt
[0.382s] writing top-level names to ../../build/robot/robot.egg-info/top_level.txt
[0.409s] reading manifest file '../../build/robot/robot.egg-info/SOURCES.txt'
[0.409s] writing manifest file '../../build/robot/robot.egg-info/SOURCES.txt'
[0.409s] running build
[0.409s] running build_py
[0.410s] running install
[0.410s] running install_lib
[0.411s] running install_data
[0.411s] copying launch/display.launch.py -> /home/legacy/trr_robot_ws/install/robot/share/robot
[0.412s] running install_egg_info
[0.413s] removing '/home/legacy/trr_robot_ws/install/robot/lib/python3.8/site-packages/robot-0.0.0-py3.8.egg-info' (and everything under it)
[0.413s] Copying ../../build/robot/robot.egg-info to /home/legacy/trr_robot_ws/install/robot/lib/python3.8/site-packages/robot-0.0.0-py3.8.egg-info
[0.414s] running install_scripts
[0.427s] writing list of installed files to '/home/legacy/trr_robot_ws/build/robot/install.log'
[0.444s] Invoked command in '/home/legacy/trr_robot_ws/src/robot' returned '0': PYTHONPATH=/home/legacy/trr_robot_ws/install/robot/lib/python3.8/site-packages:${PYTHONPATH} /usr/bin/python3 setup.py egg_info --egg-base ../../build/robot build --build-base /home/legacy/trr_robot_ws/build/robot/build install --prefix /home/legacy/trr_robot_ws/install/robot --record /home/legacy/trr_robot_ws/build/robot/install.log --single-version-externally-managed
