[0.227s] Invoking command in '/home/legacy/trr_robot_ws/build/robot': PYTHONPATH=/home/legacy/trr_robot_ws/install/robot/lib/python3.8/site-packages:${PYTHONPATH} /usr/bin/python3 setup.py develop --prefix /home/legacy/trr_robot_ws/install/robot --uninstall --editable --build-directory /home/legacy/trr_robot_ws/build/robot/build
[0.444s] running develop
[0.592s] Invoked command in '/home/legacy/trr_robot_ws/build/robot' returned '0': PYTHONPATH=/home/legacy/trr_robot_ws/install/robot/lib/python3.8/site-packages:${PYTHONPATH} /usr/bin/python3 setup.py develop --prefix /home/legacy/trr_robot_ws/install/robot --uninstall --editable --build-directory /home/legacy/trr_robot_ws/build/robot/build
[0.593s] Invoking command in '/home/legacy/trr_robot_ws/src/robot': PYTHONPATH=/home/legacy/trr_robot_ws/install/robot/lib/python3.8/site-packages:${PYTHONPATH} /usr/bin/python3 setup.py egg_info --egg-base ../../build/robot build --build-base /home/legacy/trr_robot_ws/build/robot/build install --prefix /home/legacy/trr_robot_ws/install/robot --record /home/legacy/trr_robot_ws/build/robot/install.log --single-version-externally-managed
[0.822s] running egg_info
[0.822s] writing ../../build/robot/robot.egg-info/PKG-INFO
[0.822s] writing dependency_links to ../../build/robot/robot.egg-info/dependency_links.txt
[0.822s] writing entry points to ../../build/robot/robot.egg-info/entry_points.txt
[0.823s] writing requirements to ../../build/robot/robot.egg-info/requires.txt
[0.823s] writing top-level names to ../../build/robot/robot.egg-info/top_level.txt
[0.860s] reading manifest file '../../build/robot/robot.egg-info/SOURCES.txt'
[0.861s] writing manifest file '../../build/robot/robot.egg-info/SOURCES.txt'
[0.861s] running build
[0.861s] running build_py
[0.861s] running install
[0.862s] running install_lib
[0.863s] running install_data
[0.864s] running install_egg_info
[0.865s] removing '/home/legacy/trr_robot_ws/install/robot/lib/python3.8/site-packages/robot-0.0.0-py3.8.egg-info' (and everything under it)
[0.865s] Copying ../../build/robot/robot.egg-info to /home/legacy/trr_robot_ws/install/robot/lib/python3.8/site-packages/robot-0.0.0-py3.8.egg-info
[0.866s] running install_scripts
[0.884s] Installing move_joints_gazebo script to /home/legacy/trr_robot_ws/install/robot/lib/robot
[0.884s] Installing state_publisher script to /home/legacy/trr_robot_ws/install/robot/lib/robot
[0.884s] writing list of installed files to '/home/legacy/trr_robot_ws/build/robot/install.log'
[0.902s] Invoked command in '/home/legacy/trr_robot_ws/src/robot' returned '0': PYTHONPATH=/home/legacy/trr_robot_ws/install/robot/lib/python3.8/site-packages:${PYTHONPATH} /usr/bin/python3 setup.py egg_info --egg-base ../../build/robot build --build-base /home/legacy/trr_robot_ws/build/robot/build install --prefix /home/legacy/trr_robot_ws/install/robot --record /home/legacy/trr_robot_ws/build/robot/install.log --single-version-externally-managed
