[0.018s] Invoking command in '/home/legacy/trr_robot_ws/build/controller_manager': AMENT_PREFIX_PATH=/home/legacy/trr_robot_ws/install/controller_interface:/home/legacy/trr_robot_ws/install/hardware_interface:/home/legacy/trr_robot_ws/install/ros2_control_test_assets:/home/legacy/trr_robot_ws/install/controller_manager_msgs:${AMENT_PREFIX_PATH} CMAKE_PREFIX_PATH=/home/legacy/trr_robot_ws/install/controller_interface:/home/legacy/trr_robot_ws/install/hardware_interface:/home/legacy/trr_robot_ws/install/ros2_control_test_assets:/home/legacy/trr_robot_ws/install/controller_manager_msgs:/opt/ros/foxy LD_LIBRARY_PATH=/home/legacy/trr_robot_ws/install/controller_interface/lib:/home/legacy/trr_robot_ws/install/hardware_interface/lib:/home/legacy/trr_robot_ws/install/controller_manager_msgs/lib:${LD_LIBRARY_PATH} PYTHONPATH=/home/legacy/trr_robot_ws/install/controller_manager_msgs/lib/python3.8/site-packages:${PYTHONPATH} /usr/bin/cmake /home/legacy/trr_robot_ws/src/ros2_control/controller_manager -DCMAKE_INSTALL_PREFIX=/home/legacy/trr_robot_ws/install/controller_manager
[0.087s] -- The C compiler identification is GNU 9.3.0
[0.157s] -- The CXX compiler identification is GNU 9.3.0
[0.162s] -- Check for working C compiler: /usr/bin/cc
[0.242s] -- Check for working C compiler: /usr/bin/cc -- works
[0.243s] -- Detecting C compiler ABI info
[0.322s] -- Detecting C compiler ABI info - done
[0.336s] -- Detecting C compile features
[0.336s] -- Detecting C compile features - done
[0.339s] -- Check for working CXX compiler: /usr/bin/c++
[0.434s] -- Check for working CXX compiler: /usr/bin/c++ -- works
[0.435s] -- Detecting CXX compiler ABI info
[0.531s] -- Detecting CXX compiler ABI info - done
[0.544s] -- Detecting CXX compile features
[0.545s] -- Detecting CXX compile features - done
[0.548s] -- Found ament_cmake: 0.9.8 (/opt/ros/foxy/share/ament_cmake/cmake)
[0.575s] -- Found PythonInterp: /usr/bin/python3 (found suitable version "3.8.10", minimum required is "3") 
[0.575s] -- Using PYTHON_EXECUTABLE: /usr/bin/python3
[0.819s] -- Found ament_index_cpp: 1.1.0 (/opt/ros/foxy/share/ament_index_cpp/cmake)
[0.822s] -- Found controller_interface: 1.2.0 (/home/legacy/trr_robot_ws/install/controller_interface/share/controller_interface/cmake)
[0.866s] -- Using all available rosidl_typesupport_c: rosidl_typesupport_fastrtps_c;rosidl_typesupport_introspection_c
[0.874s] -- Found rosidl_adapter: 1.2.1 (/opt/ros/foxy/share/rosidl_adapter/cmake)
[0.944s] -- Found OpenSSL: /home/linuxbrew/.linuxbrew/Cellar/openssl@1.1/1.1.1k/lib/libcrypto.so (found version "1.1.1k")  
[0.980s] -- Found FastRTPS: /opt/ros/foxy/include  
[1.078s] -- Using all available rosidl_typesupport_cpp: rosidl_typesupport_fastrtps_cpp;rosidl_typesupport_introspection_cpp
[1.650s] -- Found rmw_implementation_cmake: 1.0.3 (/opt/ros/foxy/share/rmw_implementation_cmake/cmake)
[1.651s] -- Using RMW implementation 'rmw_fastrtps_cpp' as default
[1.652s] -- Looking for pthread.h
[1.722s] -- Looking for pthread.h - found
[1.722s] -- Performing Test CMAKE_HAVE_LIBC_PTHREAD
[1.799s] -- Performing Test CMAKE_HAVE_LIBC_PTHREAD - Failed
[1.799s] -- Looking for pthread_create in pthreads
[1.859s] -- Looking for pthread_create in pthreads - not found
[1.859s] -- Looking for pthread_create in pthread
[1.935s] -- Looking for pthread_create in pthread - found
[1.937s] -- Found Threads: TRUE  
[2.201s] -- Found controller_manager_msgs: 1.2.0 (/home/legacy/trr_robot_ws/install/controller_manager_msgs/share/controller_manager_msgs/cmake)
[2.310s] -- Found ament_cmake_gmock: 0.9.8 (/opt/ros/foxy/share/ament_cmake_gmock/cmake)
[2.311s] -- Found ament_cmake_gtest: 0.9.8 (/opt/ros/foxy/share/ament_cmake_gtest/cmake)
[2.314s] -- Found ament_lint_auto: 0.9.6 (/opt/ros/foxy/share/ament_lint_auto/cmake)
[2.315s] -- Found ros2_control_test_assets: 1.2.0 (/home/legacy/trr_robot_ws/install/ros2_control_test_assets/share/ros2_control_test_assets/cmake)
[2.386s] -- Found gmock sources under '/opt/ros/foxy/src/gmock_vendor': C++ tests using 'Google Mock' will be built
[2.390s] -- Found gtest sources under '/opt/ros/foxy/src/gtest_vendor': C++ tests using 'Google Test' will be built
[2.427s] -- Added test 'copyright' to check source files copyright and LICENSE
[2.429s] -- Added test 'cppcheck' to perform static code analysis on C / C++ code
[2.430s] -- Configured cppcheck include dirs: /home/legacy/trr_robot_ws/src/ros2_control/controller_manager/include
[2.430s] -- Configured cppcheck exclude dirs and/or files: 
[2.430s] -- Added test 'flake8' to check Python code syntax and style conventions
[2.431s] -- Added test 'lint_cmake' to check CMake code style
[2.432s] -- Added test 'pep257' to check Python code against some of the style conventions in PEP 257
[2.433s] -- Added test 'xmllint' to check XML markup files
[2.438s] -- Configuring done
[2.619s] -- Generating done
[2.621s] -- Build files have been written to: /home/legacy/trr_robot_ws/build/controller_manager
