[0.019s] Invoking command in '/home/legacy/trr_robot_ws/build/controller_interface': AMENT_PREFIX_PATH=/home/legacy/trr_robot_ws/install/hardware_interface:${AMENT_PREFIX_PATH} CMAKE_PREFIX_PATH=/home/legacy/trr_robot_ws/install/hardware_interface:/opt/ros/foxy LD_LIBRARY_PATH=/home/legacy/trr_robot_ws/install/hardware_interface/lib:${LD_LIBRARY_PATH} /usr/bin/cmake --build /home/legacy/trr_robot_ws/build/controller_interface -- -j8 -l8
[0.109s] [ 20%] Built target gmock
[0.109s] [ 33%] Built target gmock_main
[0.132s] [ 46%] Built target controller_interface
[0.182s] [ 60%] Built target test_semantic_component_interface
[0.188s] [ 73%] Built target test_force_torque_sensor
[0.188s] [ 86%] Built target test_imu_sensor
[0.206s] [100%] Built target test_controller_with_options
[0.222s] Invoked command in '/home/legacy/trr_robot_ws/build/controller_interface' returned '0': AMENT_PREFIX_PATH=/home/legacy/trr_robot_ws/install/hardware_interface:${AMENT_PREFIX_PATH} CMAKE_PREFIX_PATH=/home/legacy/trr_robot_ws/install/hardware_interface:/opt/ros/foxy LD_LIBRARY_PATH=/home/legacy/trr_robot_ws/install/hardware_interface/lib:${LD_LIBRARY_PATH} /usr/bin/cmake --build /home/legacy/trr_robot_ws/build/controller_interface -- -j8 -l8
[0.269s] Invoking command in '/home/legacy/trr_robot_ws/build/controller_interface': AMENT_PREFIX_PATH=/home/legacy/trr_robot_ws/install/hardware_interface:${AMENT_PREFIX_PATH} CMAKE_PREFIX_PATH=/home/legacy/trr_robot_ws/install/hardware_interface:/opt/ros/foxy LD_LIBRARY_PATH=/home/legacy/trr_robot_ws/install/hardware_interface/lib:${LD_LIBRARY_PATH} /usr/bin/cmake --install /home/legacy/trr_robot_ws/build/controller_interface
[0.282s] -- Install configuration: ""
[0.283s] -- Installing: /home/legacy/trr_robot_ws/install/controller_interface/include
[0.283s] -- Installing: /home/legacy/trr_robot_ws/install/controller_interface/include/semantic_components
[0.283s] -- Installing: /home/legacy/trr_robot_ws/install/controller_interface/include/semantic_components/force_torque_sensor.hpp
[0.284s] -- Installing: /home/legacy/trr_robot_ws/install/controller_interface/include/semantic_components/imu_sensor.hpp
[0.284s] -- Installing: /home/legacy/trr_robot_ws/install/controller_interface/include/semantic_components/semantic_component_interface.hpp
[0.284s] -- Installing: /home/legacy/trr_robot_ws/install/controller_interface/include/controller_interface
[0.284s] -- Installing: /home/legacy/trr_robot_ws/install/controller_interface/include/controller_interface/helpers.hpp
[0.284s] -- Installing: /home/legacy/trr_robot_ws/install/controller_interface/include/controller_interface/controller_interface.hpp
[0.285s] -- Installing: /home/legacy/trr_robot_ws/install/controller_interface/include/controller_interface/visibility_control.h
[0.285s] -- Installing: /home/legacy/trr_robot_ws/install/controller_interface/lib/libcontroller_interface.so
[0.285s] -- Set runtime path of "/home/legacy/trr_robot_ws/install/controller_interface/lib/libcontroller_interface.so" to ""
[0.285s] -- Installing: /home/legacy/trr_robot_ws/install/controller_interface/share/controller_interface/environment/library_path.sh
[0.286s] -- Installing: /home/legacy/trr_robot_ws/install/controller_interface/share/controller_interface/environment/library_path.dsv
[0.286s] -- Installing: /home/legacy/trr_robot_ws/install/controller_interface/share/ament_index/resource_index/package_run_dependencies/controller_interface
[0.286s] -- Installing: /home/legacy/trr_robot_ws/install/controller_interface/share/ament_index/resource_index/parent_prefix_path/controller_interface
[0.286s] -- Installing: /home/legacy/trr_robot_ws/install/controller_interface/share/controller_interface/environment/ament_prefix_path.sh
[0.287s] -- Installing: /home/legacy/trr_robot_ws/install/controller_interface/share/controller_interface/environment/ament_prefix_path.dsv
[0.287s] -- Installing: /home/legacy/trr_robot_ws/install/controller_interface/share/controller_interface/environment/path.sh
[0.287s] -- Installing: /home/legacy/trr_robot_ws/install/controller_interface/share/controller_interface/environment/path.dsv
[0.288s] -- Installing: /home/legacy/trr_robot_ws/install/controller_interface/share/controller_interface/local_setup.bash
[0.288s] -- Installing: /home/legacy/trr_robot_ws/install/controller_interface/share/controller_interface/local_setup.sh
[0.288s] -- Installing: /home/legacy/trr_robot_ws/install/controller_interface/share/controller_interface/local_setup.zsh
[0.288s] -- Installing: /home/legacy/trr_robot_ws/install/controller_interface/share/controller_interface/local_setup.dsv
[0.289s] -- Installing: /home/legacy/trr_robot_ws/install/controller_interface/share/controller_interface/package.dsv
[0.289s] -- Installing: /home/legacy/trr_robot_ws/install/controller_interface/share/ament_index/resource_index/packages/controller_interface
[0.289s] -- Installing: /home/legacy/trr_robot_ws/install/controller_interface/share/controller_interface/cmake/ament_cmake_export_dependencies-extras.cmake
[0.290s] -- Installing: /home/legacy/trr_robot_ws/install/controller_interface/share/controller_interface/cmake/ament_cmake_export_include_directories-extras.cmake
[0.290s] -- Installing: /home/legacy/trr_robot_ws/install/controller_interface/share/controller_interface/cmake/ament_cmake_export_libraries-extras.cmake
[0.290s] -- Installing: /home/legacy/trr_robot_ws/install/controller_interface/share/controller_interface/cmake/controller_interfaceConfig.cmake
[0.290s] -- Installing: /home/legacy/trr_robot_ws/install/controller_interface/share/controller_interface/cmake/controller_interfaceConfig-version.cmake
[0.291s] -- Installing: /home/legacy/trr_robot_ws/install/controller_interface/share/controller_interface/package.xml
[0.296s] Invoked command in '/home/legacy/trr_robot_ws/build/controller_interface' returned '0': AMENT_PREFIX_PATH=/home/legacy/trr_robot_ws/install/hardware_interface:${AMENT_PREFIX_PATH} CMAKE_PREFIX_PATH=/home/legacy/trr_robot_ws/install/hardware_interface:/opt/ros/foxy LD_LIBRARY_PATH=/home/legacy/trr_robot_ws/install/hardware_interface/lib:${LD_LIBRARY_PATH} /usr/bin/cmake --install /home/legacy/trr_robot_ws/build/controller_interface
