[35m[1mScanning dependencies of target gmock[0m
[35m[1mScanning dependencies of target realtime_tools[0m
[35m[1mScanning dependencies of target gmock_main[0m
[  5%] [32mBuilding CXX object CMakeFiles/realtime_tools.dir/src/realtime_clock.cpp.o[0m
[ 11%] [32mBuilding CXX object gmock/CMakeFiles/gmock_main.dir/src/gmock_main.cc.o[0m
[ 17%] [32mBuilding CXX object gmock/CMakeFiles/gmock.dir/opt/ros/foxy/src/gtest_vendor/src/gtest-all.cc.o[0m
[ 23%] [32mBuilding CXX object gmock/CMakeFiles/gmock.dir/src/gmock-all.cc.o[0m
[ 29%] [32m[1mLinking CXX static library librealtime_tools.a[0m
[ 29%] Built target realtime_tools
[ 35%] [32m[1mLinking CXX static library libgmock_main.a[0m
[ 35%] Built target gmock_main
[ 41%] [32m[1mLinking CXX static library libgmock.a[0m
[ 41%] Built target gmock
[35m[1mScanning dependencies of target realtime_buffer_tests[0m
[35m[1mScanning dependencies of target realtime_clock_tests[0m
[35m[1mScanning dependencies of target realtime_publisher_tests[0m
[35m[1mScanning dependencies of target realtime_box_tests[0m
[35m[1mScanning dependencies of target realtime_server_goal_handle_tests[0m
[ 47%] [32mBuilding CXX object CMakeFiles/realtime_clock_tests.dir/test/realtime_clock_tests.cpp.o[0m
[ 52%] [32mBuilding CXX object CMakeFiles/realtime_buffer_tests.dir/test/realtime_buffer_tests.cpp.o[0m
[ 58%] [32mBuilding CXX object CMakeFiles/realtime_box_tests.dir/test/realtime_box_tests.cpp.o[0m
[ 64%] [32mBuilding CXX object CMakeFiles/realtime_server_goal_handle_tests.dir/test/realtime_server_goal_handle_tests.cpp.o[0m
[ 70%] [32mBuilding CXX object CMakeFiles/realtime_publisher_tests.dir/test/realtime_publisher_tests.cpp.o[0m
[ 76%] [32m[1mLinking CXX executable realtime_box_tests[0m
[ 82%] [32m[1mLinking CXX executable realtime_clock_tests[0m
[ 88%] [32m[1mLinking CXX executable realtime_buffer_tests[0m
[ 88%] Built target realtime_box_tests
[ 88%] Built target realtime_clock_tests
[ 88%] Built target realtime_buffer_tests
[ 94%] [32m[1mLinking CXX executable realtime_server_goal_handle_tests[0m
[ 94%] Built target realtime_server_goal_handle_tests
[100%] [32m[1mLinking CXX executable realtime_publisher_tests[0m
[100%] Built target realtime_publisher_tests
