[0.049s] Invoking command in '/home/legacy/trr_robot_ws/build/realtime_tools': CMAKE_PREFIX_PATH=${CMAKE_PREFIX_PATH}:/home/legacy/trr_robot_ws/install/ros2controlcli:/home/legacy/trr_robot_ws/install/ros2_control_test_nodes:/home/legacy/trr_robot_ws/install/robot:/opt/ros/foxy /usr/bin/cmake --build /home/legacy/trr_robot_ws/build/realtime_tools -- -j8 -l8
[0.596s] [35m[1mScanning dependencies of target gmock[0m
[0.596s] [35m[1mScanning dependencies of target realtime_tools[0m
[0.596s] [35m[1mScanning dependencies of target gmock_main[0m
[0.596s] [  5%] [32mBuilding CXX object CMakeFiles/realtime_tools.dir/src/realtime_clock.cpp.o[0m
[0.596s] [ 11%] [32mBuilding CXX object gmock/CMakeFiles/gmock_main.dir/src/gmock_main.cc.o[0m
[0.597s] [ 17%] [32mBuilding CXX object gmock/CMakeFiles/gmock.dir/opt/ros/foxy/src/gtest_vendor/src/gtest-all.cc.o[0m
[0.597s] [ 23%] [32mBuilding CXX object gmock/CMakeFiles/gmock.dir/src/gmock-all.cc.o[0m
[1.632s] [ 29%] [32m[1mLinking CXX static library librealtime_tools.a[0m
[1.710s] [ 29%] Built target realtime_tools
[1.977s] [ 35%] [32m[1mLinking CXX static library libgmock_main.a[0m
[2.023s] [ 35%] Built target gmock_main
[5.140s] [ 41%] [32m[1mLinking CXX static library libgmock.a[0m
[5.235s] [ 41%] Built target gmock
[5.255s] [35m[1mScanning dependencies of target realtime_buffer_tests[0m
[5.267s] [35m[1mScanning dependencies of target realtime_clock_tests[0m
[5.276s] [35m[1mScanning dependencies of target realtime_publisher_tests[0m
[5.284s] [35m[1mScanning dependencies of target realtime_box_tests[0m
[5.294s] [35m[1mScanning dependencies of target realtime_server_goal_handle_tests[0m
[5.328s] [ 47%] [32mBuilding CXX object CMakeFiles/realtime_clock_tests.dir/test/realtime_clock_tests.cpp.o[0m
[5.338s] [ 52%] [32mBuilding CXX object CMakeFiles/realtime_buffer_tests.dir/test/realtime_buffer_tests.cpp.o[0m
[5.360s] [ 58%] [32mBuilding CXX object CMakeFiles/realtime_box_tests.dir/test/realtime_box_tests.cpp.o[0m
[5.485s] [ 64%] [32mBuilding CXX object CMakeFiles/realtime_server_goal_handle_tests.dir/test/realtime_server_goal_handle_tests.cpp.o[0m
[5.497s] [ 70%] [32mBuilding CXX object CMakeFiles/realtime_publisher_tests.dir/test/realtime_publisher_tests.cpp.o[0m
[8.232s] [ 76%] [32m[1mLinking CXX executable realtime_box_tests[0m
[8.339s] [ 82%] [32m[1mLinking CXX executable realtime_clock_tests[0m
[8.876s] [ 88%] [32m[1mLinking CXX executable realtime_buffer_tests[0m
[8.999s] [ 88%] Built target realtime_box_tests
[9.246s] [ 88%] Built target realtime_clock_tests
[9.613s] [ 88%] Built target realtime_buffer_tests
[17.412s] [ 94%] [32m[1mLinking CXX executable realtime_server_goal_handle_tests[0m
[18.287s] [ 94%] Built target realtime_server_goal_handle_tests
[18.426s] [100%] [32m[1mLinking CXX executable realtime_publisher_tests[0m
[19.068s] [100%] Built target realtime_publisher_tests
