[0.282s] Invoking command in '/home/legacy/trr_robot_ws/build/robot': PYTHONPATH=/home/legacy/trr_robot_ws/install/robot/lib/python3.8/site-packages:${PYTHONPATH} /usr/bin/python3 setup.py develop --prefix /home/legacy/trr_robot_ws/install/robot --uninstall --editable --build-directory /home/legacy/trr_robot_ws/build/robot/build
[0.547s] running develop
[0.732s] Invoked command in '/home/legacy/trr_robot_ws/build/robot' returned '0': PYTHONPATH=/home/legacy/trr_robot_ws/install/robot/lib/python3.8/site-packages:${PYTHONPATH} /usr/bin/python3 setup.py develop --prefix /home/legacy/trr_robot_ws/install/robot --uninstall --editable --build-directory /home/legacy/trr_robot_ws/build/robot/build
[0.733s] Invoking command in '/home/legacy/trr_robot_ws/src/robot': PYTHONPATH=/home/legacy/trr_robot_ws/install/robot/lib/python3.8/site-packages:${PYTHONPATH} /usr/bin/python3 setup.py egg_info --egg-base ../../build/robot build --build-base /home/legacy/trr_robot_ws/build/robot/build install --prefix /home/legacy/trr_robot_ws/install/robot --record /home/legacy/trr_robot_ws/build/robot/install.log --single-version-externally-managed
[0.980s] running egg_info
[0.980s] writing ../../build/robot/robot.egg-info/PKG-INFO
[0.981s] writing dependency_links to ../../build/robot/robot.egg-info/dependency_links.txt
[0.981s] writing entry points to ../../build/robot/robot.egg-info/entry_points.txt
[0.981s] writing requirements to ../../build/robot/robot.egg-info/requires.txt
[0.981s] writing top-level names to ../../build/robot/robot.egg-info/top_level.txt
[1.020s] reading manifest file '../../build/robot/robot.egg-info/SOURCES.txt'
[1.021s] writing manifest file '../../build/robot/robot.egg-info/SOURCES.txt'
[1.021s] running build
[1.021s] running build_py
[1.022s] running install
[1.022s] running install_lib
[1.024s] running install_data
[1.025s] copying urdf/trr.urdf.xml -> /home/legacy/trr_robot_ws/install/robot/share/robot
[1.025s] running install_egg_info
[1.027s] removing '/home/legacy/trr_robot_ws/install/robot/lib/python3.8/site-packages/robot-0.0.0-py3.8.egg-info' (and everything under it)
[1.027s] Copying ../../build/robot/robot.egg-info to /home/legacy/trr_robot_ws/install/robot/lib/python3.8/site-packages/robot-0.0.0-py3.8.egg-info
[1.028s] running install_scripts
[1.049s] Installing move_joints_gazebo script to /home/legacy/trr_robot_ws/install/robot/lib/robot
[1.050s] Installing state_publisher script to /home/legacy/trr_robot_ws/install/robot/lib/robot
[1.050s] writing list of installed files to '/home/legacy/trr_robot_ws/build/robot/install.log'
[1.072s] Invoked command in '/home/legacy/trr_robot_ws/src/robot' returned '0': PYTHONPATH=/home/legacy/trr_robot_ws/install/robot/lib/python3.8/site-packages:${PYTHONPATH} /usr/bin/python3 setup.py egg_info --egg-base ../../build/robot build --build-base /home/legacy/trr_robot_ws/build/robot/build install --prefix /home/legacy/trr_robot_ws/install/robot --record /home/legacy/trr_robot_ws/build/robot/install.log --single-version-externally-managed
