[0.208s] Invoking command in '/home/legacy/trr_robot_ws/src/robot': PYTHONPATH=/home/legacy/trr_robot_ws/install/robot/lib/python3.8/site-packages:${PYTHONPATH} /usr/bin/python3 setup.py egg_info --egg-base ../../build/robot build --build-base /home/legacy/trr_robot_ws/build/robot/build install --prefix /home/legacy/trr_robot_ws/install/robot --record /home/legacy/trr_robot_ws/build/robot/install.log --single-version-externally-managed
[0.385s] running egg_info
[0.385s] writing ../../build/robot/robot.egg-info/PKG-INFO
[0.385s] writing dependency_links to ../../build/robot/robot.egg-info/dependency_links.txt
[0.385s] writing entry points to ../../build/robot/robot.egg-info/entry_points.txt
[0.385s] writing requirements to ../../build/robot/robot.egg-info/requires.txt
[0.385s] writing top-level names to ../../build/robot/robot.egg-info/top_level.txt
[0.413s] reading manifest file '../../build/robot/robot.egg-info/SOURCES.txt'
[0.413s] writing manifest file '../../build/robot/robot.egg-info/SOURCES.txt'
[0.413s] running build
[0.414s] running build_py
[0.414s] running install
[0.414s] running install_lib
[0.415s] running install_data
[0.416s] running install_egg_info
[0.417s] removing '/home/legacy/trr_robot_ws/install/robot/lib/python3.8/site-packages/robot-0.0.0-py3.8.egg-info' (and everything under it)
[0.417s] Copying ../../build/robot/robot.egg-info to /home/legacy/trr_robot_ws/install/robot/lib/python3.8/site-packages/robot-0.0.0-py3.8.egg-info
[0.418s] running install_scripts
[0.431s] Installing state_publisher script to /home/legacy/trr_robot_ws/install/robot/lib/robot
[0.432s] writing list of installed files to '/home/legacy/trr_robot_ws/build/robot/install.log'
[0.448s] Invoked command in '/home/legacy/trr_robot_ws/src/robot' returned '0': PYTHONPATH=/home/legacy/trr_robot_ws/install/robot/lib/python3.8/site-packages:${PYTHONPATH} /usr/bin/python3 setup.py egg_info --egg-base ../../build/robot build --build-base /home/legacy/trr_robot_ws/build/robot/build install --prefix /home/legacy/trr_robot_ws/install/robot --record /home/legacy/trr_robot_ws/build/robot/install.log --single-version-externally-managed
