[0.023s] Invoking command in '/home/legacy/trr_robot_ws/build/controller_interface': AMENT_PREFIX_PATH=/home/legacy/trr_robot_ws/install/hardware_interface:${AMENT_PREFIX_PATH} CMAKE_PREFIX_PATH=/home/legacy/trr_robot_ws/install/hardware_interface:/opt/ros/foxy LD_LIBRARY_PATH=/home/legacy/trr_robot_ws/install/hardware_interface/lib:${LD_LIBRARY_PATH} /usr/bin/cmake /home/legacy/trr_robot_ws/src/ros2_control/controller_interface -DCMAKE_INSTALL_PREFIX=/home/legacy/trr_robot_ws/install/controller_interface
[0.044s] -- Found ament_cmake: 0.9.8 (/opt/ros/foxy/share/ament_cmake/cmake)
[0.074s] -- Using PYTHON_EXECUTABLE: /usr/bin/python3
[0.326s] -- Override CMake install command with custom implementation using symlinks instead of copying resources
[0.336s] -- Found hardware_interface: 1.2.0 (/home/legacy/trr_robot_ws/install/hardware_interface/share/hardware_interface/cmake)
[0.370s] -- Using all available rosidl_typesupport_c: rosidl_typesupport_fastrtps_c;rosidl_typesupport_introspection_c
[0.374s] -- Found rosidl_adapter: 1.2.1 (/opt/ros/foxy/share/rosidl_adapter/cmake)
[0.548s] -- Using all available rosidl_typesupport_cpp: rosidl_typesupport_fastrtps_cpp;rosidl_typesupport_introspection_cpp
[1.286s] -- Found rclcpp_lifecycle: 2.3.1 (/opt/ros/foxy/share/rclcpp_lifecycle/cmake)
[1.341s] -- Found rmw_implementation_cmake: 1.0.3 (/opt/ros/foxy/share/rmw_implementation_cmake/cmake)
[1.344s] -- Using RMW implementation 'rmw_fastrtps_cpp' as default
[1.603s] -- Found ament_cmake_gmock: 0.9.8 (/opt/ros/foxy/share/ament_cmake_gmock/cmake)
[1.603s] -- Found ament_lint_auto: 0.9.6 (/opt/ros/foxy/share/ament_lint_auto/cmake)
[1.605s] -- Found sensor_msgs: 2.0.4 (/opt/ros/foxy/share/sensor_msgs/cmake)
[1.809s] -- Found gmock sources under '/opt/ros/foxy/src/gmock_vendor': C++ tests using 'Google Mock' will be built
[1.812s] -- Found ament_cmake_gtest: 0.9.8 (/opt/ros/foxy/share/ament_cmake_gtest/cmake)
[1.813s] -- Found gtest sources under '/opt/ros/foxy/src/gtest_vendor': C++ tests using 'Google Test' will be built
[1.875s] -- Added test 'copyright' to check source files copyright and LICENSE
[1.876s] -- Added test 'cppcheck' to perform static code analysis on C / C++ code
[1.877s] -- Configured cppcheck include dirs: /home/legacy/trr_robot_ws/src/ros2_control/controller_interface/include
[1.877s] -- Configured cppcheck exclude dirs and/or files: 
[1.878s] -- Added test 'lint_cmake' to check CMake code style
[1.879s] -- Added test 'xmllint' to check XML markup files
[1.888s] -- Configuring done
[2.006s] -- Generating done
[2.010s] -- Build files have been written to: /home/legacy/trr_robot_ws/build/controller_interface
[2.019s] Invoked command in '/home/legacy/trr_robot_ws/build/controller_interface' returned '0': AMENT_PREFIX_PATH=/home/legacy/trr_robot_ws/install/hardware_interface:${AMENT_PREFIX_PATH} CMAKE_PREFIX_PATH=/home/legacy/trr_robot_ws/install/hardware_interface:/opt/ros/foxy LD_LIBRARY_PATH=/home/legacy/trr_robot_ws/install/hardware_interface/lib:${LD_LIBRARY_PATH} /usr/bin/cmake /home/legacy/trr_robot_ws/src/ros2_control/controller_interface -DCMAKE_INSTALL_PREFIX=/home/legacy/trr_robot_ws/install/controller_interface
[2.024s] Invoking command in '/home/legacy/trr_robot_ws/build/controller_interface': AMENT_PREFIX_PATH=/home/legacy/trr_robot_ws/install/hardware_interface:${AMENT_PREFIX_PATH} CMAKE_PREFIX_PATH=/home/legacy/trr_robot_ws/install/hardware_interface:/opt/ros/foxy LD_LIBRARY_PATH=/home/legacy/trr_robot_ws/install/hardware_interface/lib:${LD_LIBRARY_PATH} /usr/bin/cmake --build /home/legacy/trr_robot_ws/build/controller_interface -- -j8 -l8
[2.095s] [ 26%] Built target gmock_main
[2.095s] [ 33%] Built target gmock
[2.115s] [ 46%] Built target controller_interface
[2.137s] [ 60%] Built target test_force_torque_sensor
[2.139s] [ 73%] Built target test_semantic_component_interface
[2.149s] [ 86%] Built target test_imu_sensor
[2.166s] [100%] Built target test_controller_with_options
[2.178s] Invoked command in '/home/legacy/trr_robot_ws/build/controller_interface' returned '0': AMENT_PREFIX_PATH=/home/legacy/trr_robot_ws/install/hardware_interface:${AMENT_PREFIX_PATH} CMAKE_PREFIX_PATH=/home/legacy/trr_robot_ws/install/hardware_interface:/opt/ros/foxy LD_LIBRARY_PATH=/home/legacy/trr_robot_ws/install/hardware_interface/lib:${LD_LIBRARY_PATH} /usr/bin/cmake --build /home/legacy/trr_robot_ws/build/controller_interface -- -j8 -l8
[2.219s] Invoking command in '/home/legacy/trr_robot_ws/build/controller_interface': AMENT_PREFIX_PATH=/home/legacy/trr_robot_ws/install/hardware_interface:${AMENT_PREFIX_PATH} CMAKE_PREFIX_PATH=/home/legacy/trr_robot_ws/install/hardware_interface:/opt/ros/foxy LD_LIBRARY_PATH=/home/legacy/trr_robot_ws/install/hardware_interface/lib:${LD_LIBRARY_PATH} /usr/bin/cmake --install /home/legacy/trr_robot_ws/build/controller_interface
[2.228s] -- Install configuration: ""
[2.228s] -- Execute custom install script
[2.229s] -- Up-to-date symlink: /home/legacy/trr_robot_ws/install/controller_interface/include/controller_interface/controller_interface.hpp
[2.230s] -- Up-to-date symlink: /home/legacy/trr_robot_ws/install/controller_interface/include/controller_interface/helpers.hpp
[2.230s] -- Up-to-date symlink: /home/legacy/trr_robot_ws/install/controller_interface/include/controller_interface/visibility_control.h
[2.230s] -- Up-to-date symlink: /home/legacy/trr_robot_ws/install/controller_interface/include/semantic_components/force_torque_sensor.hpp
[2.230s] -- Up-to-date symlink: /home/legacy/trr_robot_ws/install/controller_interface/include/semantic_components/imu_sensor.hpp
[2.230s] -- Up-to-date symlink: /home/legacy/trr_robot_ws/install/controller_interface/include/semantic_components/semantic_component_interface.hpp
[2.231s] -- Up-to-date symlink: /home/legacy/trr_robot_ws/install/controller_interface/lib/libcontroller_interface.so
[2.231s] -- Up-to-date symlink: /home/legacy/trr_robot_ws/install/controller_interface/share/controller_interface/environment/library_path.sh
[2.231s] -- Up-to-date symlink: /home/legacy/trr_robot_ws/install/controller_interface/share/controller_interface/environment/library_path.dsv
[2.232s] -- Up-to-date symlink: /home/legacy/trr_robot_ws/install/controller_interface/share/ament_index/resource_index/package_run_dependencies/controller_interface
[2.232s] -- Up-to-date symlink: /home/legacy/trr_robot_ws/install/controller_interface/share/ament_index/resource_index/parent_prefix_path/controller_interface
[2.232s] -- Up-to-date symlink: /home/legacy/trr_robot_ws/install/controller_interface/share/controller_interface/environment/ament_prefix_path.sh
[2.233s] -- Up-to-date symlink: /home/legacy/trr_robot_ws/install/controller_interface/share/controller_interface/environment/ament_prefix_path.dsv
[2.233s] -- Up-to-date symlink: /home/legacy/trr_robot_ws/install/controller_interface/share/controller_interface/environment/path.sh
[2.234s] -- Up-to-date symlink: /home/legacy/trr_robot_ws/install/controller_interface/share/controller_interface/environment/path.dsv
[2.234s] -- Up-to-date symlink: /home/legacy/trr_robot_ws/install/controller_interface/share/controller_interface/local_setup.bash
[2.234s] -- Up-to-date symlink: /home/legacy/trr_robot_ws/install/controller_interface/share/controller_interface/local_setup.sh
[2.235s] -- Up-to-date symlink: /home/legacy/trr_robot_ws/install/controller_interface/share/controller_interface/local_setup.zsh
[2.235s] -- Up-to-date symlink: /home/legacy/trr_robot_ws/install/controller_interface/share/controller_interface/local_setup.dsv
[2.235s] -- Symlinking: /home/legacy/trr_robot_ws/install/controller_interface/share/controller_interface/package.dsv
[2.246s] -- Up-to-date symlink: /home/legacy/trr_robot_ws/install/controller_interface/share/ament_index/resource_index/packages/controller_interface
[2.247s] -- Up-to-date symlink: /home/legacy/trr_robot_ws/install/controller_interface/share/controller_interface/cmake/ament_cmake_export_dependencies-extras.cmake
[2.247s] -- Up-to-date symlink: /home/legacy/trr_robot_ws/install/controller_interface/share/controller_interface/cmake/ament_cmake_export_include_directories-extras.cmake
[2.247s] -- Up-to-date symlink: /home/legacy/trr_robot_ws/install/controller_interface/share/controller_interface/cmake/ament_cmake_export_libraries-extras.cmake
[2.248s] -- Up-to-date symlink: /home/legacy/trr_robot_ws/install/controller_interface/share/controller_interface/cmake/controller_interfaceConfig.cmake
[2.248s] -- Up-to-date symlink: /home/legacy/trr_robot_ws/install/controller_interface/share/controller_interface/cmake/controller_interfaceConfig-version.cmake
[2.248s] -- Up-to-date symlink: /home/legacy/trr_robot_ws/install/controller_interface/share/controller_interface/package.xml
[2.252s] Invoked command in '/home/legacy/trr_robot_ws/build/controller_interface' returned '0': AMENT_PREFIX_PATH=/home/legacy/trr_robot_ws/install/hardware_interface:${AMENT_PREFIX_PATH} CMAKE_PREFIX_PATH=/home/legacy/trr_robot_ws/install/hardware_interface:/opt/ros/foxy LD_LIBRARY_PATH=/home/legacy/trr_robot_ws/install/hardware_interface/lib:${LD_LIBRARY_PATH} /usr/bin/cmake --install /home/legacy/trr_robot_ws/build/controller_interface
