[0.013s] Invoking command in '/home/legacy/trr_robot_ws/build/controller_interface': AMENT_PREFIX_PATH=/home/legacy/trr_robot_ws/install/hardware_interface:${AMENT_PREFIX_PATH} CMAKE_PREFIX_PATH=/home/legacy/trr_robot_ws/install/hardware_interface:/opt/ros/foxy LD_LIBRARY_PATH=/home/legacy/trr_robot_ws/install/hardware_interface/lib:${LD_LIBRARY_PATH} /usr/bin/cmake --build /home/legacy/trr_robot_ws/build/controller_interface -- -j8 -l8
[0.086s] [ 20%] Built target gmock
[0.087s] [ 33%] Built target gmock_main
[0.104s] [ 46%] Built target controller_interface
[0.132s] [ 60%] Built target test_force_torque_sensor
[0.134s] [ 73%] Built target test_semantic_component_interface
[0.138s] [ 86%] Built target test_imu_sensor
[0.157s] [100%] Built target test_controller_with_options
[0.170s] Invoked command in '/home/legacy/trr_robot_ws/build/controller_interface' returned '0': AMENT_PREFIX_PATH=/home/legacy/trr_robot_ws/install/hardware_interface:${AMENT_PREFIX_PATH} CMAKE_PREFIX_PATH=/home/legacy/trr_robot_ws/install/hardware_interface:/opt/ros/foxy LD_LIBRARY_PATH=/home/legacy/trr_robot_ws/install/hardware_interface/lib:${LD_LIBRARY_PATH} /usr/bin/cmake --build /home/legacy/trr_robot_ws/build/controller_interface -- -j8 -l8
[0.212s] Invoking command in '/home/legacy/trr_robot_ws/build/controller_interface': AMENT_PREFIX_PATH=/home/legacy/trr_robot_ws/install/hardware_interface:${AMENT_PREFIX_PATH} CMAKE_PREFIX_PATH=/home/legacy/trr_robot_ws/install/hardware_interface:/opt/ros/foxy LD_LIBRARY_PATH=/home/legacy/trr_robot_ws/install/hardware_interface/lib:${LD_LIBRARY_PATH} /usr/bin/cmake --install /home/legacy/trr_robot_ws/build/controller_interface
[0.222s] -- Install configuration: ""
[0.223s] -- Up-to-date: /home/legacy/trr_robot_ws/install/controller_interface/include
[0.223s] -- Up-to-date: /home/legacy/trr_robot_ws/install/controller_interface/include/semantic_components
[0.223s] -- Up-to-date: /home/legacy/trr_robot_ws/install/controller_interface/include/semantic_components/force_torque_sensor.hpp
[0.223s] -- Up-to-date: /home/legacy/trr_robot_ws/install/controller_interface/include/semantic_components/imu_sensor.hpp
[0.223s] -- Up-to-date: /home/legacy/trr_robot_ws/install/controller_interface/include/semantic_components/semantic_component_interface.hpp
[0.224s] -- Up-to-date: /home/legacy/trr_robot_ws/install/controller_interface/include/controller_interface
[0.224s] -- Up-to-date: /home/legacy/trr_robot_ws/install/controller_interface/include/controller_interface/helpers.hpp
[0.224s] -- Up-to-date: /home/legacy/trr_robot_ws/install/controller_interface/include/controller_interface/controller_interface.hpp
[0.224s] -- Up-to-date: /home/legacy/trr_robot_ws/install/controller_interface/include/controller_interface/visibility_control.h
[0.224s] -- Up-to-date: /home/legacy/trr_robot_ws/install/controller_interface/lib/libcontroller_interface.so
[0.225s] -- Up-to-date: /home/legacy/trr_robot_ws/install/controller_interface/share/controller_interface/environment/library_path.sh
[0.225s] -- Up-to-date: /home/legacy/trr_robot_ws/install/controller_interface/share/controller_interface/environment/library_path.dsv
[0.225s] -- Up-to-date: /home/legacy/trr_robot_ws/install/controller_interface/share/ament_index/resource_index/package_run_dependencies/controller_interface
[0.225s] -- Up-to-date: /home/legacy/trr_robot_ws/install/controller_interface/share/ament_index/resource_index/parent_prefix_path/controller_interface
[0.225s] -- Up-to-date: /home/legacy/trr_robot_ws/install/controller_interface/share/controller_interface/environment/ament_prefix_path.sh
[0.225s] -- Up-to-date: /home/legacy/trr_robot_ws/install/controller_interface/share/controller_interface/environment/ament_prefix_path.dsv
[0.225s] -- Up-to-date: /home/legacy/trr_robot_ws/install/controller_interface/share/controller_interface/environment/path.sh
[0.225s] -- Up-to-date: /home/legacy/trr_robot_ws/install/controller_interface/share/controller_interface/environment/path.dsv
[0.225s] -- Up-to-date: /home/legacy/trr_robot_ws/install/controller_interface/share/controller_interface/local_setup.bash
[0.225s] -- Up-to-date: /home/legacy/trr_robot_ws/install/controller_interface/share/controller_interface/local_setup.sh
[0.226s] -- Up-to-date: /home/legacy/trr_robot_ws/install/controller_interface/share/controller_interface/local_setup.zsh
[0.226s] -- Up-to-date: /home/legacy/trr_robot_ws/install/controller_interface/share/controller_interface/local_setup.dsv
[0.226s] -- Installing: /home/legacy/trr_robot_ws/install/controller_interface/share/controller_interface/package.dsv
[0.226s] -- Up-to-date: /home/legacy/trr_robot_ws/install/controller_interface/share/ament_index/resource_index/packages/controller_interface
[0.226s] -- Up-to-date: /home/legacy/trr_robot_ws/install/controller_interface/share/controller_interface/cmake/ament_cmake_export_dependencies-extras.cmake
[0.229s] -- Up-to-date: /home/legacy/trr_robot_ws/install/controller_interface/share/controller_interface/cmake/ament_cmake_export_include_directories-extras.cmake
[0.229s] -- Up-to-date: /home/legacy/trr_robot_ws/install/controller_interface/share/controller_interface/cmake/ament_cmake_export_libraries-extras.cmake
[0.229s] -- Up-to-date: /home/legacy/trr_robot_ws/install/controller_interface/share/controller_interface/cmake/controller_interfaceConfig.cmake
[0.229s] -- Up-to-date: /home/legacy/trr_robot_ws/install/controller_interface/share/controller_interface/cmake/controller_interfaceConfig-version.cmake
[0.229s] -- Up-to-date: /home/legacy/trr_robot_ws/install/controller_interface/share/controller_interface/package.xml
[0.230s] Invoked command in '/home/legacy/trr_robot_ws/build/controller_interface' returned '0': AMENT_PREFIX_PATH=/home/legacy/trr_robot_ws/install/hardware_interface:${AMENT_PREFIX_PATH} CMAKE_PREFIX_PATH=/home/legacy/trr_robot_ws/install/hardware_interface:/opt/ros/foxy LD_LIBRARY_PATH=/home/legacy/trr_robot_ws/install/hardware_interface/lib:${LD_LIBRARY_PATH} /usr/bin/cmake --install /home/legacy/trr_robot_ws/build/controller_interface
