[0.054s] Invoking command in '/home/legacy/trr_robot_ws/build/diffbot_description': CMAKE_PREFIX_PATH=/opt/ros/foxy /usr/bin/cmake --build /home/legacy/trr_robot_ws/build/diffbot_description -- -j8 -l8
[0.623s] Invoked command in '/home/legacy/trr_robot_ws/build/diffbot_description' returned '0': CMAKE_PREFIX_PATH=/opt/ros/foxy /usr/bin/cmake --build /home/legacy/trr_robot_ws/build/diffbot_description -- -j8 -l8
[0.680s] Invoking command in '/home/legacy/trr_robot_ws/build/diffbot_description': CMAKE_PREFIX_PATH=/opt/ros/foxy /usr/bin/cmake --install /home/legacy/trr_robot_ws/build/diffbot_description
[0.699s] -- Install configuration: ""
[0.700s] -- Execute custom install script
[0.702s] -- Up-to-date symlink: /home/legacy/trr_robot_ws/install/diffbot_description/share/diffbot_description/config/diffbot.rviz
[0.702s] -- Up-to-date symlink: /home/legacy/trr_robot_ws/install/diffbot_description/share/diffbot_description/config/diffbot_view.rviz
[0.703s] -- Up-to-date symlink: /home/legacy/trr_robot_ws/install/diffbot_description/share/diffbot_description/gazebo/diffbot.gazebo.xacro
[0.704s] -- Up-to-date symlink: /home/legacy/trr_robot_ws/install/diffbot_description/share/diffbot_description/gazebo/diffbot.materials.xacro
[0.705s] -- Up-to-date symlink: /home/legacy/trr_robot_ws/install/diffbot_description/share/diffbot_description/launch/view_robot.launch.py
[0.706s] -- Up-to-date symlink: /home/legacy/trr_robot_ws/install/diffbot_description/share/diffbot_description/ros2_control/diffbot.ros2_control.xacro
[0.707s] -- Up-to-date symlink: /home/legacy/trr_robot_ws/install/diffbot_description/share/diffbot_description/ros2_control/diffbot_system.ros2_control.xacro
[0.708s] -- Up-to-date symlink: /home/legacy/trr_robot_ws/install/diffbot_description/share/diffbot_description/urdf/diffbot.urdf.xacro
[0.708s] -- Up-to-date symlink: /home/legacy/trr_robot_ws/install/diffbot_description/share/diffbot_description/urdf/diffbot_description.urdf.xacro
[0.709s] -- Up-to-date symlink: /home/legacy/trr_robot_ws/install/diffbot_description/share/diffbot_description/urdf/diffbot_system.urdf.xacro
[0.710s] -- Up-to-date symlink: /home/legacy/trr_robot_ws/install/diffbot_description/share/ament_index/resource_index/package_run_dependencies/diffbot_description
[0.711s] -- Up-to-date symlink: /home/legacy/trr_robot_ws/install/diffbot_description/share/ament_index/resource_index/parent_prefix_path/diffbot_description
[0.712s] -- Up-to-date symlink: /home/legacy/trr_robot_ws/install/diffbot_description/share/diffbot_description/environment/ament_prefix_path.sh
[0.713s] -- Up-to-date symlink: /home/legacy/trr_robot_ws/install/diffbot_description/share/diffbot_description/environment/ament_prefix_path.dsv
[0.714s] -- Up-to-date symlink: /home/legacy/trr_robot_ws/install/diffbot_description/share/diffbot_description/environment/path.sh
[0.714s] -- Up-to-date symlink: /home/legacy/trr_robot_ws/install/diffbot_description/share/diffbot_description/environment/path.dsv
[0.715s] -- Up-to-date symlink: /home/legacy/trr_robot_ws/install/diffbot_description/share/diffbot_description/local_setup.bash
[0.717s] -- Up-to-date symlink: /home/legacy/trr_robot_ws/install/diffbot_description/share/diffbot_description/local_setup.sh
[0.718s] -- Up-to-date symlink: /home/legacy/trr_robot_ws/install/diffbot_description/share/diffbot_description/local_setup.zsh
[0.718s] -- Up-to-date symlink: /home/legacy/trr_robot_ws/install/diffbot_description/share/diffbot_description/local_setup.dsv
[0.719s] -- Symlinking: /home/legacy/trr_robot_ws/install/diffbot_description/share/diffbot_description/package.dsv
[0.740s] -- Up-to-date symlink: /home/legacy/trr_robot_ws/install/diffbot_description/share/ament_index/resource_index/packages/diffbot_description
[0.741s] -- Up-to-date symlink: /home/legacy/trr_robot_ws/install/diffbot_description/share/diffbot_description/cmake/diffbot_descriptionConfig.cmake
[0.741s] -- Up-to-date symlink: /home/legacy/trr_robot_ws/install/diffbot_description/share/diffbot_description/cmake/diffbot_descriptionConfig-version.cmake
[0.742s] -- Up-to-date symlink: /home/legacy/trr_robot_ws/install/diffbot_description/share/diffbot_description/package.xml
[0.802s] Invoked command in '/home/legacy/trr_robot_ws/build/diffbot_description' returned '0': CMAKE_PREFIX_PATH=/opt/ros/foxy /usr/bin/cmake --install /home/legacy/trr_robot_ws/build/diffbot_description
